{
"/home/travis/build/node-gh/gh/lib/base.js":{"path":"/home/travis/build/node-gh/gh/lib/base.js","s":{"1":1,"2":1,"3":0,"4":1,"5":0,"6":0,"7":1,"8":1,"9":0,"10":0,"11":0,"12":0,"13":0,"14":0,"15":1,"16":0,"17":0,"18":0,"19":0,"20":0,"21":0,"22":1,"23":0,"24":1,"25":0,"26":0,"27":0,"28":0,"29":0,"30":1,"31":0,"32":0,"33":1,"34":0,"35":1,"36":1},"b":{"1":[0,0],"2":[0,0],"3":[0,0],"4":[0,0],"5":[0,0],"6":[0,0],"7":[0,0]},"f":{"1":0,"2":0,"3":0,"4":0,"5":0,"6":0,"7":0,"8":0,"9":0,"10":0,"11":0},"fnMap":{"1":{"name":"(anonymous_1)","line":21,"loc":{"start":{"line":21,"column":16},"end":{"line":21,"column":29}}},"2":{"name":"(anonymous_2)","line":27,"loc":{"start":{"line":27,"column":15},"end":{"line":27,"column":27}}},"3":{"name":"(anonymous_3)","line":39,"loc":{"start":{"line":39,"column":28},"end":{"line":39,"column":48}}},"4":{"name":"async","line":40,"loc":{"start":{"line":40,"column":4},"end":{"line":40,"column":30}}},"5":{"name":"(anonymous_5)","line":50,"loc":{"start":{"line":50,"column":33},"end":{"line":50,"column":51}}},"6":{"name":"(anonymous_6)","line":56,"loc":{"start":{"line":56,"column":24},"end":{"line":56,"column":39}}},"7":{"name":"(anonymous_7)","line":72,"loc":{"start":{"line":72,"column":23},"end":{"line":72,"column":35}}},"8":{"name":"(anonymous_8)","line":76,"loc":{"start":{"line":76,"column":24},"end":{"line":76,"column":43}}},"9":{"name":"(anonymous_9)","line":86,"loc":{"start":{"line":86,"column":15},"end":{"line":86,"column":48}}},"10":{"name":"(anonymous_10)","line":87,"loc":{"start":{"line":87,"column":43},"end":{"line":87,"column":59}}},"11":{"name":"(anonymous_11)","line":92,"loc":{"start":{"line":92,"column":18},"end":{"line":92,"column":30}}}},"statementMap":{"1":{"start":{"line":12,"column":0},"end":{"line":17,"column":48}},"2":{"start":{"line":21,"column":0},"end":{"line":23,"column":2}},"3":{"start":{"line":22,"column":4},"end":{"line":22,"column":41}},"4":{"start":{"line":27,"column":0},"end":{"line":37,"column":2}},"5":{"start":{"line":28,"column":4},"end":{"line":28,"column":37}},"6":{"start":{"line":30,"column":4},"end":{"line":36,"column":7}},"7":{"start":{"line":39,"column":0},"end":{"line":54,"column":2}},"8":{"start":{"line":40,"column":4},"end":{"line":46,"column":5}},"9":{"start":{"line":41,"column":8},"end":{"line":43,"column":9}},"10":{"start":{"line":42,"column":12},"end":{"line":42,"column":22}},"11":{"start":{"line":45,"column":8},"end":{"line":45,"column":35}},"12":{"start":{"line":48,"column":4},"end":{"line":48,"column":67}},"13":{"start":{"line":50,"column":4},"end":{"line":53,"column":7}},"14":{"start":{"line":51,"column":8},"end":{"line":52,"column":80}},"15":{"start":{"line":56,"column":0},"end":{"line":70,"column":2}},"16":{"start":{"line":57,"column":4},"end":{"line":59,"column":26}},"17":{"start":{"line":61,"column":4},"end":{"line":69,"column":5}},"18":{"start":{"line":62,"column":8},"end":{"line":62,"column":33}},"19":{"start":{"line":64,"column":8},"end":{"line":64,"column":79}},"20":{"start":{"line":66,"column":8},"end":{"line":66,"column":29}},"21":{"start":{"line":68,"column":8},"end":{"line":68,"column":26}},"22":{"start":{"line":72,"column":0},"end":{"line":74,"column":2}},"23":{"start":{"line":73,"column":4},"end":{"line":73,"column":53}},"24":{"start":{"line":76,"column":0},"end":{"line":84,"column":2}},"25":{"start":{"line":77,"column":4},"end":{"line":77,"column":37}},"26":{"start":{"line":79,"column":4},"end":{"line":83,"column":5}},"27":{"start":{"line":80,"column":8},"end":{"line":80,"column":63}},"28":{"start":{"line":81,"column":8},"end":{"line":81,"column":72}},"29":{"start":{"line":82,"column":8},"end":{"line":82,"column":66}},"30":{"start":{"line":86,"column":0},"end":{"line":90,"column":2}},"31":{"start":{"line":87,"column":4},"end":{"line":89,"column":7}},"32":{"start":{"line":88,"column":8},"end":{"line":88,"column":48}},"33":{"start":{"line":92,"column":0},"end":{"line":94,"column":2}},"34":{"start":{"line":93,"column":4},"end":{"line":93,"column":43}},"35":{"start":{"line":97,"column":0},"end":{"line":97,"column":38}},"36":{"start":{"line":98,"column":0},"end":{"line":98,"column":54}}},"branchMap":{"1":{"line":41,"type":"if","locations":[{"start":{"line":41,"column":8},"end":{"line":41,"column":8}},{"start":{"line":41,"column":8},"end":{"line":41,"column":8}}]},"2":{"line":61,"type":"if","locations":[{"start":{"line":61,"column":4},"end":{"line":61,"column":4}},{"start":{"line":61,"column":4},"end":{"line":61,"column":4}}]},"3":{"line":79,"type":"if","locations":[{"start":{"line":79,"column":4},"end":{"line":79,"column":4}},{"start":{"line":79,"column":4},"end":{"line":79,"column":4}}]},"4":{"line":80,"type":"binary-expr","locations":[{"start":{"line":80,"column":22},"end":{"line":80,"column":47}},{"start":{"line":80,"column":51},"end":{"line":80,"column":62}}]},"5":{"line":81,"type":"binary-expr","locations":[{"start":{"line":81,"column":25},"end":{"line":81,"column":53}},{"start":{"line":81,"column":57},"end":{"line":81,"column":71}}]},"6":{"line":82,"type":"binary-expr","locations":[{"start":{"line":82,"column":23},"end":{"line":82,"column":49}},{"start":{"line":82,"column":53},"end":{"line":82,"column":65}}]},"7":{"line":88,"type":"binary-expr","locations":[{"start":{"line":88,"column":16},"end":{"line":88,"column":27}},{"start":{"line":88,"column":31},"end":{"line":88,"column":35}}]}},"l":{"12":1,"21":1,"22":0,"27":1,"28":0,"30":0,"39":1,"40":1,"41":0,"42":0,"45":0,"48":0,"50":0,"51":0,"56":1,"57":0,"61":0,"62":0,"64":0,"66":0,"68":0,"72":1,"73":0,"76":1,"77":0,"79":0,"80":0,"81":0,"82":0,"86":1,"87":0,"88":0,"92":1,"93":0,"97":1,"98":1}},
"/home/travis/build/node-gh/gh/lib/cmd-anonymizer.js":{"path":"/home/travis/build/node-gh/gh/lib/cmd-anonymizer.js","s":{"1":1,"2":0,"3":0,"4":0,"5":0,"6":0,"7":1,"8":0,"9":1,"10":0,"11":0,"12":1,"13":0,"14":0,"15":0,"16":0,"17":1,"18":0,"19":0,"20":0,"21":0,"22":0,"23":0,"24":0,"25":0,"26":0,"27":0,"28":0,"29":0,"30":0,"31":0,"32":0,"33":0,"34":0,"35":0,"36":0,"37":0,"38":0,"39":0,"40":0,"41":1,"42":0,"43":0,"44":0,"45":1,"46":0,"47":1},"b":{"1":[0,0,0,0,0,0],"2":[0,0],"3":[0,0],"4":[0,0],"5":[0,0],"6":[0,0],"7":[0,0],"8":[0,0],"9":[0,0],"10":[0,0],"11":[0,0,0]},"f":{"1":0,"2":0,"3":0,"4":0,"5":0,"6":0,"7":0,"8":0},"fnMap":{"1":{"name":"CmdAnonymizer","line":12,"loc":{"start":{"line":12,"column":0},"end":{"line":12,"column":50}}},"2":{"name":"(anonymous_2)","line":20,"loc":{"start":{"line":20,"column":42},"end":{"line":20,"column":58}}},"3":{"name":"(anonymous_3)","line":24,"loc":{"start":{"line":24,"column":40},"end":{"line":24,"column":65}}},"4":{"name":"(anonymous_4)","line":33,"loc":{"start":{"line":33,"column":43},"end":{"line":33,"column":69}}},"5":{"name":"(anonymous_5)","line":38,"loc":{"start":{"line":38,"column":24},"end":{"line":38,"column":40}}},"6":{"name":"(anonymous_6)","line":43,"loc":{"start":{"line":43,"column":35},"end":{"line":43,"column":51}}},"7":{"name":"(anonymous_7)","line":82,"loc":{"start":{"line":82,"column":34},"end":{"line":82,"column":49}}},"8":{"name":"(anonymous_8)","line":92,"loc":{"start":{"line":92,"column":42},"end":{"line":92,"column":57}}}},"statementMap":{"1":{"start":{"line":12,"column":0},"end":{"line":18,"column":1}},"2":{"start":{"line":13,"column":4},"end":{"line":13,"column":21}},"3":{"start":{"line":14,"column":4},"end":{"line":14,"column":22}},"4":{"start":{"line":15,"column":4},"end":{"line":15,"column":31}},"5":{"start":{"line":16,"column":4},"end":{"line":16,"column":42}},"6":{"start":{"line":17,"column":4},"end":{"line":17,"column":48}},"7":{"start":{"line":20,"column":0},"end":{"line":22,"column":2}},"8":{"start":{"line":21,"column":4},"end":{"line":21,"column":38}},"9":{"start":{"line":24,"column":0},"end":{"line":31,"column":2}},"10":{"start":{"line":25,"column":4},"end":{"line":26,"column":37}},"11":{"start":{"line":28,"column":4},"end":{"line":30,"column":58}},"12":{"start":{"line":33,"column":0},"end":{"line":41,"column":2}},"13":{"start":{"line":34,"column":4},"end":{"line":36,"column":5}},"14":{"start":{"line":35,"column":8},"end":{"line":35,"column":50}},"15":{"start":{"line":38,"column":4},"end":{"line":40,"column":13}},"16":{"start":{"line":39,"column":8},"end":{"line":39,"column":69}},"17":{"start":{"line":43,"column":0},"end":{"line":80,"column":2}},"18":{"start":{"line":44,"column":4},"end":{"line":45,"column":44}},"19":{"start":{"line":47,"column":4},"end":{"line":51,"column":5}},"20":{"start":{"line":48,"column":8},"end":{"line":48,"column":32}},"21":{"start":{"line":49,"column":8},"end":{"line":49,"column":24}},"22":{"start":{"line":50,"column":8},"end":{"line":50,"column":15}},"23":{"start":{"line":53,"column":4},"end":{"line":57,"column":5}},"24":{"start":{"line":54,"column":8},"end":{"line":54,"column":32}},"25":{"start":{"line":55,"column":8},"end":{"line":55,"column":41}},"26":{"start":{"line":56,"column":8},"end":{"line":56,"column":15}},"27":{"start":{"line":59,"column":4},"end":{"line":63,"column":5}},"28":{"start":{"line":60,"column":8},"end":{"line":60,"column":32}},"29":{"start":{"line":61,"column":8},"end":{"line":61,"column":24}},"30":{"start":{"line":62,"column":8},"end":{"line":62,"column":15}},"31":{"start":{"line":65,"column":4},"end":{"line":69,"column":5}},"32":{"start":{"line":66,"column":8},"end":{"line":66,"column":32}},"33":{"start":{"line":67,"column":8},"end":{"line":67,"column":30}},"34":{"start":{"line":68,"column":8},"end":{"line":68,"column":15}},"35":{"start":{"line":71,"column":4},"end":{"line":76,"column":5}},"36":{"start":{"line":73,"column":8},"end":{"line":73,"column":32}},"37":{"start":{"line":74,"column":8},"end":{"line":74,"column":30}},"38":{"start":{"line":75,"column":8},"end":{"line":75,"column":15}},"39":{"start":{"line":78,"column":4},"end":{"line":78,"column":38}},"40":{"start":{"line":79,"column":4},"end":{"line":79,"column":26}},"41":{"start":{"line":82,"column":0},"end":{"line":90,"column":2}},"42":{"start":{"line":85,"column":4},"end":{"line":85,"column":35}},"43":{"start":{"line":87,"column":4},"end":{"line":87,"column":37}},"44":{"start":{"line":89,"column":4},"end":{"line":89,"column":24}},"45":{"start":{"line":92,"column":0},"end":{"line":94,"column":2}},"46":{"start":{"line":93,"column":4},"end":{"line":93,"column":39}},"47":{"start":{"line":96,"column":0},"end":{"line":96,"column":31}}},"branchMap":{"1":{"line":28,"type":"binary-expr","locations":[{"start":{"line":28,"column":13},"end":{"line":28,"column":36}},{"start":{"line":28,"column":40},"end":{"line":28,"column":68}},{"start":{"line":29,"column":9},"end":{"line":29,"column":27}},{"start":{"line":29,"column":31},"end":{"line":29,"column":75}},{"start":{"line":30,"column":9},"end":{"line":30,"column":35}},{"start":{"line":30,"column":39},"end":{"line":30,"column":55}}]},"2":{"line":34,"type":"if","locations":[{"start":{"line":34,"column":4},"end":{"line":34,"column":4}},{"start":{"line":34,"column":4},"end":{"line":34,"column":4}}]},"3":{"line":47,"type":"if","locations":[{"start":{"line":47,"column":4},"end":{"line":47,"column":4}},{"start":{"line":47,"column":4},"end":{"line":47,"column":4}}]},"4":{"line":53,"type":"if","locations":[{"start":{"line":53,"column":4},"end":{"line":53,"column":4}},{"start":{"line":53,"column":4},"end":{"line":53,"column":4}}]},"5":{"line":53,"type":"binary-expr","locations":[{"start":{"line":53,"column":8},"end":{"line":53,"column":23}},{"start":{"line":53,"column":27},"end":{"line":53,"column":47}}]},"6":{"line":59,"type":"if","locations":[{"start":{"line":59,"column":4},"end":{"line":59,"column":4}},{"start":{"line":59,"column":4},"end":{"line":59,"column":4}}]},"7":{"line":59,"type":"binary-expr","locations":[{"start":{"line":59,"column":8},"end":{"line":59,"column":20}},{"start":{"line":59,"column":24},"end":{"line":59,"column":41}}]},"8":{"line":65,"type":"if","locations":[{"start":{"line":65,"column":4},"end":{"line":65,"column":4}},{"start":{"line":65,"column":4},"end":{"line":65,"column":4}}]},"9":{"line":65,"type":"binary-expr","locations":[{"start":{"line":65,"column":8},"end":{"line":65,"column":20}},{"start":{"line":65,"column":24},"end":{"line":65,"column":62}}]},"10":{"line":71,"type":"if","locations":[{"start":{"line":71,"column":4},"end":{"line":71,"column":4}},{"start":{"line":71,"column":4},"end":{"line":71,"column":4}}]},"11":{"line":71,"type":"binary-expr","locations":[{"start":{"line":71,"column":8},"end":{"line":71,"column":20}},{"start":{"line":71,"column":24},"end":{"line":71,"column":64}},{"start":{"line":72,"column":8},"end":{"line":72,"column":52}}]}},"l":{"12":1,"13":0,"14":0,"15":0,"16":0,"17":0,"20":1,"21":0,"24":1,"25":0,"28":0,"33":1,"34":0,"35":0,"38":0,"39":0,"43":1,"44":0,"47":0,"48":0,"49":0,"50":0,"53":0,"54":0,"55":0,"56":0,"59":0,"60":0,"61":0,"62":0,"65":0,"66":0,"67":0,"68":0,"71":0,"73":0,"74":0,"75":0,"78":0,"79":0,"82":1,"85":0,"87":0,"89":0,"92":1,"93":0,"96":1}},
"/home/travis/build/node-gh/gh/lib/cmd.js":{"path":"/home/travis/build/node-gh/gh/lib/cmd.js","s":{"1":0,"2":0,"3":1,"4":0,"5":0,"6":0,"7":0,"8":1,"9":0,"10":0,"11":0,"12":0,"13":0,"14":1,"15":0,"16":0,"17":0,"18":0,"19":0,"20":0,"21":0,"22":0,"23":0,"24":0,"25":0,"26":0,"27":0,"28":0,"29":1,"30":0,"31":0,"32":0,"33":0,"34":0,"35":0,"36":0,"37":0,"38":0,"39":0,"40":0,"41":0,"42":0,"43":0,"44":0,"45":0,"46":0,"47":0,"48":0,"49":0,"50":0,"51":0,"52":0,"53":0,"54":0,"55":0,"56":0,"57":0,"58":0,"59":0,"60":0,"61":0,"62":0,"63":0,"64":0,"65":0,"66":0,"67":0,"68":0,"69":0,"70":0,"71":0,"72":0,"73":0,"74":0,"75":0,"76":0,"77":0,"78":0,"79":0,"80":0,"81":0,"82":0,"83":0,"84":0,"85":0,"86":0,"87":0,"88":0,"89":0,"90":0,"91":0,"92":0,"93":0,"94":0,"95":0,"96":0,"97":0,"98":0,"99":0,"100":0,"101":0},"b":{"1":[0,0],"2":[0,0],"3":[0,0],"4":[0,0],"5":[0,0],"6":[0,0],"7":[0,0],"8":[0,0],"9":[0,0],"10":[0,0],"11":[0,0,0],"12":[0,0],"13":[0,0],"14":[0,0],"15":[0,0],"16":[0,0],"17":[0,0],"18":[0,0],"19":[0,0],"20":[0,0],"21":[0,0],"22":[0,0],"23":[0,0],"24":[0,0],"25":[0,0]},"f":{"1":0,"2":0,"3":0,"4":0,"5":0,"6":0,"7":0,"8":0,"9":0,"10":0,"11":0,"12":0,"13":0},"fnMap":{"1":{"name":"hasCommandInOptions","line":30,"loc":{"start":{"line":30,"column":0},"end":{"line":30,"column":48}}},"2":{"name":"(anonymous_2)","line":32,"loc":{"start":{"line":32,"column":29},"end":{"line":32,"column":42}}},"3":{"name":"invokePayload","line":41,"loc":{"start":{"line":41,"column":0},"end":{"line":41,"column":57}}},"4":{"name":"findCommand","line":51,"loc":{"start":{"line":51,"column":0},"end":{"line":51,"column":27}}},"5":{"name":"(anonymous_5)","line":65,"loc":{"start":{"line":65,"column":27},"end":{"line":65,"column":43}}},"6":{"name":"loadCommand","line":81,"loc":{"start":{"line":81,"column":0},"end":{"line":81,"column":27}}},"7":{"name":"(anonymous_7)","line":104,"loc":{"start":{"line":104,"column":16},"end":{"line":104,"column":28}}},"8":{"name":"(anonymous_8)","line":113,"loc":{"start":{"line":113,"column":20},"end":{"line":113,"column":40}}},"9":{"name":"(anonymous_9)","line":121,"loc":{"start":{"line":121,"column":36},"end":{"line":121,"column":48}}},"10":{"name":"(anonymous_10)","line":126,"loc":{"start":{"line":126,"column":20},"end":{"line":126,"column":40}}},"11":{"name":"(anonymous_11)","line":166,"loc":{"start":{"line":166,"column":29},"end":{"line":166,"column":41}}},"12":{"name":"(anonymous_12)","line":197,"loc":{"start":{"line":197,"column":32},"end":{"line":197,"column":49}}},"13":{"name":"(anonymous_13)","line":213,"loc":{"start":{"line":213,"column":14},"end":{"line":213,"column":26}}}},"statementMap":{"1":{"start":{"line":14,"column":0},"end":{"line":14,"column":26}},"2":{"start":{"line":16,"column":0},"end":{"line":26,"column":33}},"3":{"start":{"line":30,"column":0},"end":{"line":38,"column":1}},"4":{"start":{"line":31,"column":4},"end":{"line":35,"column":5}},"5":{"start":{"line":32,"column":8},"end":{"line":34,"column":11}},"6":{"start":{"line":33,"column":12},"end":{"line":33,"column":44}},"7":{"start":{"line":37,"column":4},"end":{"line":37,"column":17}},"8":{"start":{"line":41,"column":0},"end":{"line":49,"column":1}},"9":{"start":{"line":42,"column":4},"end":{"line":42,"column":16}},"10":{"start":{"line":44,"column":4},"end":{"line":48,"column":5}},"11":{"start":{"line":45,"column":8},"end":{"line":45,"column":34}},"12":{"start":{"line":46,"column":8},"end":{"line":46,"column":24}},"13":{"start":{"line":47,"column":8},"end":{"line":47,"column":50}},"14":{"start":{"line":51,"column":0},"end":{"line":79,"column":1}},"15":{"start":{"line":52,"column":4},"end":{"line":55,"column":20}},"16":{"start":{"line":57,"column":4},"end":{"line":57,"column":46}},"17":{"start":{"line":58,"column":4},"end":{"line":58,"column":54}},"18":{"start":{"line":60,"column":4},"end":{"line":76,"column":5}},"19":{"start":{"line":61,"column":8},"end":{"line":61,"column":44}},"20":{"start":{"line":64,"column":8},"end":{"line":64,"column":55}},"21":{"start":{"line":65,"column":8},"end":{"line":75,"column":11}},"22":{"start":{"line":66,"column":12},"end":{"line":66,"column":54}},"23":{"start":{"line":67,"column":12},"end":{"line":67,"column":48}},"24":{"start":{"line":69,"column":12},"end":{"line":71,"column":13}},"25":{"start":{"line":70,"column":16},"end":{"line":70,"column":29}},"26":{"start":{"line":73,"column":12},"end":{"line":73,"column":27}},"27":{"start":{"line":74,"column":12},"end":{"line":74,"column":24}},"28":{"start":{"line":78,"column":4},"end":{"line":78,"column":19}},"29":{"start":{"line":81,"column":0},"end":{"line":102,"column":1}},"30":{"start":{"line":82,"column":4},"end":{"line":83,"column":15}},"31":{"start":{"line":86,"column":4},"end":{"line":99,"column":5}},"32":{"start":{"line":87,"column":8},"end":{"line":92,"column":9}},"33":{"start":{"line":88,"column":12},"end":{"line":88,"column":45}},"34":{"start":{"line":91,"column":12},"end":{"line":91,"column":24}},"35":{"start":{"line":94,"column":8},"end":{"line":94,"column":30}},"36":{"start":{"line":98,"column":8},"end":{"line":98,"column":41}},"37":{"start":{"line":101,"column":4},"end":{"line":101,"column":19}},"38":{"start":{"line":104,"column":0},"end":{"line":211,"column":2}},"39":{"start":{"line":105,"column":4},"end":{"line":111,"column":36}},"40":{"start":{"line":113,"column":4},"end":{"line":124,"column":7}},"41":{"start":{"line":114,"column":8},"end":{"line":114,"column":28}},"42":{"start":{"line":116,"column":8},"end":{"line":119,"column":9}},"43":{"start":{"line":117,"column":12},"end":{"line":117,"column":23}},"44":{"start":{"line":118,"column":12},"end":{"line":118,"column":19}},"45":{"start":{"line":121,"column":8},"end":{"line":123,"column":11}},"46":{"start":{"line":122,"column":12},"end":{"line":122,"column":23}},"47":{"start":{"line":126,"column":4},"end":{"line":164,"column":7}},"48":{"start":{"line":127,"column":8},"end":{"line":127,"column":31}},"49":{"start":{"line":129,"column":8},"end":{"line":136,"column":9}},"50":{"start":{"line":130,"column":12},"end":{"line":130,"column":31}},"51":{"start":{"line":132,"column":13},"end":{"line":136,"column":9}},"52":{"start":{"line":135,"column":12},"end":{"line":135,"column":28}},"53":{"start":{"line":138,"column":8},"end":{"line":138,"column":38}},"54":{"start":{"line":140,"column":8},"end":{"line":144,"column":9}},"55":{"start":{"line":141,"column":12},"end":{"line":141,"column":41}},"56":{"start":{"line":142,"column":12},"end":{"line":142,"column":46}},"57":{"start":{"line":143,"column":12},"end":{"line":143,"column":19}},"58":{"start":{"line":146,"column":8},"end":{"line":148,"column":57}},"59":{"start":{"line":150,"column":8},"end":{"line":150,"column":46}},"60":{"start":{"line":152,"column":8},"end":{"line":152,"column":37}},"61":{"start":{"line":153,"column":8},"end":{"line":153,"column":37}},"62":{"start":{"line":155,"column":8},"end":{"line":155,"column":55}},"63":{"start":{"line":156,"column":8},"end":{"line":156,"column":65}},"64":{"start":{"line":158,"column":8},"end":{"line":163,"column":9}},"65":{"start":{"line":159,"column":12},"end":{"line":159,"column":23}},"66":{"start":{"line":162,"column":12},"end":{"line":162,"column":33}},"67":{"start":{"line":166,"column":4},"end":{"line":210,"column":7}},"68":{"start":{"line":167,"column":8},"end":{"line":168,"column":57}},"69":{"start":{"line":170,"column":8},"end":{"line":170,"column":27}},"70":{"start":{"line":171,"column":8},"end":{"line":171,"column":56}},"71":{"start":{"line":172,"column":8},"end":{"line":172,"column":58}},"72":{"start":{"line":173,"column":8},"end":{"line":173,"column":44}},"73":{"start":{"line":174,"column":8},"end":{"line":174,"column":65}},"74":{"start":{"line":176,"column":8},"end":{"line":183,"column":9}},"75":{"start":{"line":177,"column":12},"end":{"line":182,"column":13}},"76":{"start":{"line":178,"column":16},"end":{"line":178,"column":50}},"77":{"start":{"line":181,"column":16},"end":{"line":181,"column":72}},"78":{"start":{"line":185,"column":8},"end":{"line":185,"column":75}},"79":{"start":{"line":186,"column":8},"end":{"line":186,"column":80}},"80":{"start":{"line":188,"column":8},"end":{"line":188,"column":36}},"81":{"start":{"line":189,"column":8},"end":{"line":189,"column":49}},"82":{"start":{"line":190,"column":8},"end":{"line":190,"column":59}},"83":{"start":{"line":195,"column":8},"end":{"line":195,"column":60}},"84":{"start":{"line":197,"column":8},"end":{"line":209,"column":11}},"85":{"start":{"line":198,"column":12},"end":{"line":198,"column":42}},"86":{"start":{"line":202,"column":12},"end":{"line":202,"column":39}},"87":{"start":{"line":204,"column":12},"end":{"line":204,"column":60}},"88":{"start":{"line":206,"column":12},"end":{"line":206,"column":39}},"89":{"start":{"line":208,"column":12},"end":{"line":208,"column":73}},"90":{"start":{"line":213,"column":0},"end":{"line":235,"column":2}},"91":{"start":{"line":214,"column":4},"end":{"line":216,"column":5}},"92":{"start":{"line":215,"column":8},"end":{"line":215,"column":37}},"93":{"start":{"line":218,"column":4},"end":{"line":218,"column":16}},"94":{"start":{"line":219,"column":4},"end":{"line":219,"column":24}},"95":{"start":{"line":222,"column":4},"end":{"line":224,"column":5}},"96":{"start":{"line":223,"column":8},"end":{"line":223,"column":43}},"97":{"start":{"line":226,"column":4},"end":{"line":233,"column":5}},"98":{"start":{"line":227,"column":8},"end":{"line":227,"column":58}},"99":{"start":{"line":229,"column":8},"end":{"line":229,"column":21}},"100":{"start":{"line":231,"column":8},"end":{"line":231,"column":31}},"101":{"start":{"line":232,"column":8},"end":{"line":232,"column":36}}},"branchMap":{"1":{"line":31,"type":"if","locations":[{"start":{"line":31,"column":4},"end":{"line":31,"column":4}},{"start":{"line":31,"column":4},"end":{"line":31,"column":4}}]},"2":{"line":44,"type":"if","locations":[{"start":{"line":44,"column":4},"end":{"line":44,"column":4}},{"start":{"line":44,"column":4},"end":{"line":44,"column":4}}]},"3":{"line":44,"type":"binary-expr","locations":[{"start":{"line":44,"column":8},"end":{"line":44,"column":31}},{"start":{"line":44,"column":35},"end":{"line":44,"column":90}}]},"4":{"line":60,"type":"if","locations":[{"start":{"line":60,"column":4},"end":{"line":60,"column":4}},{"start":{"line":60,"column":4},"end":{"line":60,"column":4}}]},"5":{"line":69,"type":"if","locations":[{"start":{"line":69,"column":12},"end":{"line":69,"column":12}},{"start":{"line":69,"column":12},"end":{"line":69,"column":12}}]},"6":{"line":86,"type":"if","locations":[{"start":{"line":86,"column":4},"end":{"line":86,"column":4}},{"start":{"line":86,"column":4},"end":{"line":86,"column":4}}]},"7":{"line":116,"type":"if","locations":[{"start":{"line":116,"column":8},"end":{"line":116,"column":8}},{"start":{"line":116,"column":8},"end":{"line":116,"column":8}}]},"8":{"line":129,"type":"if","locations":[{"start":{"line":129,"column":8},"end":{"line":129,"column":8}},{"start":{"line":129,"column":8},"end":{"line":129,"column":8}}]},"9":{"line":129,"type":"binary-expr","locations":[{"start":{"line":129,"column":12},"end":{"line":129,"column":37}},{"start":{"line":129,"column":41},"end":{"line":129,"column":59}}]},"10":{"line":132,"type":"if","locations":[{"start":{"line":132,"column":13},"end":{"line":132,"column":13}},{"start":{"line":132,"column":13},"end":{"line":132,"column":13}}]},"11":{"line":132,"type":"binary-expr","locations":[{"start":{"line":132,"column":17},"end":{"line":132,"column":31}},{"start":{"line":133,"column":13},"end":{"line":133,"column":38}},{"start":{"line":134,"column":13},"end":{"line":134,"column":42}}]},"12":{"line":140,"type":"if","locations":[{"start":{"line":140,"column":8},"end":{"line":140,"column":8}},{"start":{"line":140,"column":8},"end":{"line":140,"column":8}}]},"13":{"line":155,"type":"binary-expr","locations":[{"start":{"line":155,"column":25},"end":{"line":155,"column":39}},{"start":{"line":155,"column":43},"end":{"line":155,"column":54}}]},"14":{"line":156,"type":"binary-expr","locations":[{"start":{"line":156,"column":25},"end":{"line":156,"column":39}},{"start":{"line":156,"column":43},"end":{"line":156,"column":64}}]},"15":{"line":158,"type":"if","locations":[{"start":{"line":158,"column":8},"end":{"line":158,"column":8}},{"start":{"line":158,"column":8},"end":{"line":158,"column":8}}]},"16":{"line":176,"type":"if","locations":[{"start":{"line":176,"column":8},"end":{"line":176,"column":8}},{"start":{"line":176,"column":8},"end":{"line":176,"column":8}}]},"17":{"line":177,"type":"if","locations":[{"start":{"line":177,"column":12},"end":{"line":177,"column":12}},{"start":{"line":177,"column":12},"end":{"line":177,"column":12}}]},"18":{"line":177,"type":"binary-expr","locations":[{"start":{"line":177,"column":16},"end":{"line":177,"column":28}},{"start":{"line":177,"column":32},"end":{"line":177,"column":43}}]},"19":{"line":181,"type":"binary-expr","locations":[{"start":{"line":181,"column":31},"end":{"line":181,"column":49}},{"start":{"line":181,"column":53},"end":{"line":181,"column":71}}]},"20":{"line":185,"type":"binary-expr","locations":[{"start":{"line":185,"column":23},"end":{"line":185,"column":35}},{"start":{"line":185,"column":39},"end":{"line":185,"column":74}}]},"21":{"line":186,"type":"binary-expr","locations":[{"start":{"line":186,"column":32},"end":{"line":186,"column":53}},{"start":{"line":186,"column":57},"end":{"line":186,"column":79}}]},"22":{"line":195,"type":"binary-expr","locations":[{"start":{"line":195,"column":26},"end":{"line":195,"column":44}},{"start":{"line":195,"column":48},"end":{"line":195,"column":59}}]},"23":{"line":214,"type":"if","locations":[{"start":{"line":214,"column":4},"end":{"line":214,"column":4}},{"start":{"line":214,"column":4},"end":{"line":214,"column":4}}]},"24":{"line":222,"type":"if","locations":[{"start":{"line":222,"column":4},"end":{"line":222,"column":4}},{"start":{"line":222,"column":4},"end":{"line":222,"column":4}}]},"25":{"line":232,"type":"binary-expr","locations":[{"start":{"line":232,"column":22},"end":{"line":232,"column":29}},{"start":{"line":232,"column":33},"end":{"line":232,"column":34}}]}},"l":{"14":0,"16":0,"30":1,"31":0,"32":0,"33":0,"37":0,"41":1,"42":0,"44":0,"45":0,"46":0,"47":0,"51":1,"52":0,"57":0,"58":0,"60":0,"61":0,"64":0,"65":0,"66":0,"67":0,"69":0,"70":0,"73":0,"74":0,"78":0,"81":1,"82":0,"86":0,"87":0,"88":0,"91":0,"94":0,"98":0,"101":0,"104":0,"105":0,"113":0,"114":0,"116":0,"117":0,"118":0,"121":0,"122":0,"126":0,"127":0,"129":0,"130":0,"132":0,"135":0,"138":0,"140":0,"141":0,"142":0,"143":0,"146":0,"150":0,"152":0,"153":0,"155":0,"156":0,"158":0,"159":0,"162":0,"166":0,"167":0,"170":0,"171":0,"172":0,"173":0,"174":0,"176":0,"177":0,"178":0,"181":0,"185":0,"186":0,"188":0,"189":0,"190":0,"195":0,"197":0,"198":0,"202":0,"204":0,"206":0,"208":0,"213":0,"214":0,"215":0,"218":0,"219":0,"222":0,"223":0,"226":0,"227":0,"229":0,"231":0,"232":0}},
"/home/travis/build/node-gh/gh/lib/configs.js":{"path":"/home/travis/build/node-gh/gh/lib/configs.js","s":{"1":1,"2":1,"3":1,"4":1,"5":1,"6":1,"7":1,"8":1,"9":0,"10":1,"11":1,"12":6,"13":1,"14":3,"15":3,"16":3,"17":0,"18":0,"19":0,"20":0,"21":0,"22":3,"23":3,"24":0,"25":3,"26":1,"27":4,"28":4,"29":3,"30":3,"31":4,"32":4,"33":3,"34":4,"35":3,"36":4,"37":1,"38":4,"39":4,"40":4,"41":1,"42":4,"43":4,"44":4,"45":57,"46":4,"47":1,"48":0,"49":4,"50":1,"51":5,"52":1,"53":3,"54":1,"55":0,"56":0,"57":0,"58":0,"59":1,"60":1,"61":1,"62":1,"63":1,"64":1,"65":1,"66":1,"67":1,"68":1,"69":1,"70":1,"71":1,"72":2,"73":2,"74":1,"75":0,"76":0,"77":0,"78":0,"79":1,"80":0,"81":0,"82":0,"83":0,"84":0,"85":0,"86":0,"87":0,"88":0,"89":0,"90":1,"91":1,"92":1,"93":0,"94":1,"95":1,"96":1,"97":0,"98":0,"99":1,"100":1,"101":1,"102":1,"103":1,"104":1,"105":0,"106":0,"107":1,"108":0,"109":1,"110":0,"111":1,"112":0,"113":0,"114":0,"115":1},"b":{"1":[1,0],"2":[1,0],"3":[0,3],"4":[3,3],"5":[3,1],"6":[3,1],"7":[0,3],"8":[3,1],"9":[0,3],"10":[1,3],"11":[1,3],"12":[1,1],"13":[1,0],"14":[0,0],"15":[0,0],"16":[0,0],"17":[0,1],"18":[1,0],"19":[0,0],"20":[0,0]},"f":{"1":1,"2":6,"3":3,"4":0,"5":0,"6":4,"7":4,"8":57,"9":0,"10":5,"11":3,"12":0,"13":1,"14":1,"15":2,"16":0,"17":0,"18":0,"19":1,"20":1,"21":1,"22":0,"23":0,"24":0,"25":0},"fnMap":{"1":{"name":"(anonymous_1)","line":24,"loc":{"start":{"line":24,"column":35},"end":{"line":24,"column":47}}},"2":{"name":"(anonymous_2)","line":43,"loc":{"start":{"line":43,"column":26},"end":{"line":43,"column":38}}},"3":{"name":"getConfig","line":47,"loc":{"start":{"line":47,"column":0},"end":{"line":47,"column":31}}},"4":{"name":"(anonymous_4)","line":55,"loc":{"start":{"line":55,"column":42},"end":{"line":55,"column":57}}},"5":{"name":"(anonymous_5)","line":59,"loc":{"start":{"line":59,"column":43},"end":{"line":59,"column":58}}},"6":{"name":"(anonymous_6)","line":76,"loc":{"start":{"line":76,"column":20},"end":{"line":76,"column":42}}},"7":{"name":"(anonymous_7)","line":97,"loc":{"start":{"line":97,"column":26},"end":{"line":97,"column":48}}},"8":{"name":"(anonymous_8)","line":111,"loc":{"start":{"line":111,"column":36},"end":{"line":111,"column":51}}},"9":{"name":"(anonymous_9)","line":116,"loc":{"start":{"line":116,"column":37},"end":{"line":116,"column":55}}},"10":{"name":"(anonymous_10)","line":124,"loc":{"start":{"line":124,"column":30},"end":{"line":124,"column":42}}},"11":{"name":"(anonymous_11)","line":128,"loc":{"start":{"line":128,"column":31},"end":{"line":128,"column":43}}},"12":{"name":"(anonymous_12)","line":132,"loc":{"start":{"line":132,"column":29},"end":{"line":132,"column":44}}},"13":{"name":"(anonymous_13)","line":141,"loc":{"start":{"line":141,"column":29},"end":{"line":141,"column":41}}},"14":{"name":"(anonymous_14)","line":148,"loc":{"start":{"line":148,"column":28},"end":{"line":148,"column":55}}},"15":{"name":"(anonymous_15)","line":167,"loc":{"start":{"line":167,"column":25},"end":{"line":167,"column":49}}},"16":{"name":"(anonymous_16)","line":175,"loc":{"start":{"line":175,"column":39},"end":{"line":175,"column":62}}},"17":{"name":"(anonymous_17)","line":185,"loc":{"start":{"line":185,"column":26},"end":{"line":185,"column":52}}},"18":{"name":"(anonymous_18)","line":200,"loc":{"start":{"line":200,"column":40},"end":{"line":200,"column":55}}},"19":{"name":"getPlugins","line":213,"loc":{"start":{"line":213,"column":0},"end":{"line":213,"column":22}}},"20":{"name":"(anonymous_20)","line":221,"loc":{"start":{"line":221,"column":53},"end":{"line":221,"column":71}}},"21":{"name":"(anonymous_21)","line":234,"loc":{"start":{"line":234,"column":21},"end":{"line":234,"column":33}}},"22":{"name":"(anonymous_22)","line":242,"loc":{"start":{"line":242,"column":20},"end":{"line":242,"column":38}}},"23":{"name":"(anonymous_23)","line":248,"loc":{"start":{"line":248,"column":24},"end":{"line":248,"column":42}}},"24":{"name":"(anonymous_24)","line":252,"loc":{"start":{"line":252,"column":28},"end":{"line":252,"column":46}}},"25":{"name":"(anonymous_25)","line":256,"loc":{"start":{"line":256,"column":26},"end":{"line":256,"column":44}}}},"statementMap":{"1":{"start":{"line":12,"column":0},"end":{"line":20,"column":38}},"2":{"start":{"line":24,"column":0},"end":{"line":41,"column":2}},"3":{"start":{"line":25,"column":4},"end":{"line":26,"column":53}},"4":{"start":{"line":28,"column":4},"end":{"line":38,"column":5}},"5":{"start":{"line":29,"column":8},"end":{"line":29,"column":55}},"6":{"start":{"line":31,"column":8},"end":{"line":37,"column":9}},"7":{"start":{"line":32,"column":12},"end":{"line":32,"column":33}},"8":{"start":{"line":33,"column":12},"end":{"line":33,"column":62}},"9":{"start":{"line":36,"column":12},"end":{"line":36,"column":66}},"10":{"start":{"line":40,"column":4},"end":{"line":40,"column":16}},"11":{"start":{"line":43,"column":0},"end":{"line":45,"column":2}},"12":{"start":{"line":44,"column":4},"end":{"line":44,"column":32}},"13":{"start":{"line":47,"column":0},"end":{"line":74,"column":1}},"14":{"start":{"line":48,"column":4},"end":{"line":50,"column":20}},"15":{"start":{"line":52,"column":4},"end":{"line":73,"column":5}},"16":{"start":{"line":53,"column":8},"end":{"line":53,"column":84}},"17":{"start":{"line":55,"column":8},"end":{"line":57,"column":11}},"18":{"start":{"line":56,"column":12},"end":{"line":56,"column":44}},"19":{"start":{"line":59,"column":8},"end":{"line":61,"column":11}},"20":{"start":{"line":60,"column":12},"end":{"line":60,"column":45}},"21":{"start":{"line":63,"column":8},"end":{"line":63,"column":22}},"22":{"start":{"line":66,"column":8},"end":{"line":66,"column":32}},"23":{"start":{"line":68,"column":8},"end":{"line":70,"column":9}},"24":{"start":{"line":69,"column":12},"end":{"line":69,"column":20}},"25":{"start":{"line":72,"column":8},"end":{"line":72,"column":28}},"26":{"start":{"line":76,"column":0},"end":{"line":95,"column":2}},"27":{"start":{"line":77,"column":4},"end":{"line":77,"column":35}},"28":{"start":{"line":79,"column":4},"end":{"line":82,"column":5}},"29":{"start":{"line":80,"column":8},"end":{"line":80,"column":39}},"30":{"start":{"line":81,"column":8},"end":{"line":81,"column":35}},"31":{"start":{"line":84,"column":4},"end":{"line":85,"column":63}},"32":{"start":{"line":87,"column":4},"end":{"line":89,"column":5}},"33":{"start":{"line":88,"column":8},"end":{"line":88,"column":95}},"34":{"start":{"line":90,"column":4},"end":{"line":92,"column":5}},"35":{"start":{"line":91,"column":8},"end":{"line":91,"column":115}},"36":{"start":{"line":94,"column":4},"end":{"line":94,"column":18}},"37":{"start":{"line":97,"column":0},"end":{"line":122,"column":2}},"38":{"start":{"line":98,"column":4},"end":{"line":100,"column":19}},"39":{"start":{"line":102,"column":4},"end":{"line":102,"column":43}},"40":{"start":{"line":104,"column":4},"end":{"line":106,"column":5}},"41":{"start":{"line":105,"column":8},"end":{"line":105,"column":37}},"42":{"start":{"line":108,"column":4},"end":{"line":108,"column":72}},"43":{"start":{"line":109,"column":4},"end":{"line":109,"column":57}},"44":{"start":{"line":111,"column":4},"end":{"line":113,"column":7}},"45":{"start":{"line":112,"column":8},"end":{"line":112,"column":38}},"46":{"start":{"line":115,"column":4},"end":{"line":119,"column":5}},"47":{"start":{"line":116,"column":8},"end":{"line":118,"column":11}},"48":{"start":{"line":117,"column":12},"end":{"line":117,"column":52}},"49":{"start":{"line":121,"column":4},"end":{"line":121,"column":18}},"50":{"start":{"line":124,"column":0},"end":{"line":126,"column":2}},"51":{"start":{"line":125,"column":4},"end":{"line":125,"column":58}},"52":{"start":{"line":128,"column":0},"end":{"line":130,"column":2}},"53":{"start":{"line":129,"column":4},"end":{"line":129,"column":48}},"54":{"start":{"line":132,"column":0},"end":{"line":139,"column":2}},"55":{"start":{"line":133,"column":4},"end":{"line":133,"column":43}},"56":{"start":{"line":135,"column":4},"end":{"line":135,"column":23}},"57":{"start":{"line":137,"column":4},"end":{"line":137,"column":62}},"58":{"start":{"line":138,"column":4},"end":{"line":138,"column":15}},"59":{"start":{"line":141,"column":0},"end":{"line":146,"column":2}},"60":{"start":{"line":142,"column":4},"end":{"line":144,"column":6}},"61":{"start":{"line":145,"column":4},"end":{"line":145,"column":15}},"62":{"start":{"line":148,"column":0},"end":{"line":165,"column":2}},"63":{"start":{"line":149,"column":4},"end":{"line":153,"column":16}},"64":{"start":{"line":155,"column":4},"end":{"line":155,"column":31}},"65":{"start":{"line":156,"column":4},"end":{"line":156,"column":20}},"66":{"start":{"line":158,"column":4},"end":{"line":161,"column":5}},"67":{"start":{"line":159,"column":8},"end":{"line":159,"column":78}},"68":{"start":{"line":160,"column":8},"end":{"line":160,"column":33}},"69":{"start":{"line":163,"column":4},"end":{"line":163,"column":62}},"70":{"start":{"line":164,"column":4},"end":{"line":164,"column":15}},"71":{"start":{"line":167,"column":0},"end":{"line":173,"column":2}},"72":{"start":{"line":168,"column":4},"end":{"line":170,"column":6}},"73":{"start":{"line":172,"column":4},"end":{"line":172,"column":69}},"74":{"start":{"line":175,"column":0},"end":{"line":181,"column":2}},"75":{"start":{"line":176,"column":4},"end":{"line":176,"column":47}},"76":{"start":{"line":178,"column":4},"end":{"line":178,"column":51}},"77":{"start":{"line":179,"column":4},"end":{"line":179,"column":53}},"78":{"start":{"line":180,"column":4},"end":{"line":180,"column":56}},"79":{"start":{"line":185,"column":0},"end":{"line":211,"column":2}},"80":{"start":{"line":186,"column":4},"end":{"line":187,"column":19}},"81":{"start":{"line":189,"column":4},"end":{"line":210,"column":5}},"82":{"start":{"line":192,"column":8},"end":{"line":192,"column":80}},"83":{"start":{"line":194,"column":8},"end":{"line":195,"column":83}},"84":{"start":{"line":198,"column":8},"end":{"line":198,"column":50}},"85":{"start":{"line":200,"column":8},"end":{"line":202,"column":11}},"86":{"start":{"line":201,"column":12},"end":{"line":201,"column":48}},"87":{"start":{"line":204,"column":8},"end":{"line":204,"column":46}},"88":{"start":{"line":207,"column":8},"end":{"line":209,"column":9}},"89":{"start":{"line":208,"column":12},"end":{"line":208,"column":20}},"90":{"start":{"line":213,"column":0},"end":{"line":232,"column":1}},"91":{"start":{"line":214,"column":4},"end":{"line":214,"column":57}},"92":{"start":{"line":216,"column":4},"end":{"line":218,"column":5}},"93":{"start":{"line":217,"column":8},"end":{"line":217,"column":18}},"94":{"start":{"line":220,"column":4},"end":{"line":231,"column":5}},"95":{"start":{"line":221,"column":8},"end":{"line":223,"column":11}},"96":{"start":{"line":222,"column":12},"end":{"line":222,"column":52}},"97":{"start":{"line":226,"column":8},"end":{"line":226,"column":21}},"98":{"start":{"line":227,"column":8},"end":{"line":227,"column":54}},"99":{"start":{"line":230,"column":8},"end":{"line":230,"column":23}},"100":{"start":{"line":234,"column":0},"end":{"line":240,"column":2}},"101":{"start":{"line":235,"column":4},"end":{"line":237,"column":5}},"102":{"start":{"line":236,"column":8},"end":{"line":236,"column":31}},"103":{"start":{"line":239,"column":4},"end":{"line":239,"column":19}},"104":{"start":{"line":242,"column":0},"end":{"line":246,"column":2}},"105":{"start":{"line":243,"column":4},"end":{"line":243,"column":47}},"106":{"start":{"line":245,"column":4},"end":{"line":245,"column":58}},"107":{"start":{"line":248,"column":0},"end":{"line":250,"column":2}},"108":{"start":{"line":249,"column":4},"end":{"line":249,"column":47}},"109":{"start":{"line":252,"column":0},"end":{"line":254,"column":2}},"110":{"start":{"line":253,"column":4},"end":{"line":253,"column":47}},"111":{"start":{"line":256,"column":0},"end":{"line":262,"column":2}},"112":{"start":{"line":257,"column":4},"end":{"line":259,"column":5}},"113":{"start":{"line":258,"column":8},"end":{"line":258,"column":20}},"114":{"start":{"line":261,"column":4},"end":{"line":261,"column":17}},"115":{"start":{"line":264,"column":0},"end":{"line":264,"column":44}}},"branchMap":{"1":{"line":28,"type":"if","locations":[{"start":{"line":28,"column":4},"end":{"line":28,"column":4}},{"start":{"line":28,"column":4},"end":{"line":28,"column":4}}]},"2":{"line":31,"type":"if","locations":[{"start":{"line":31,"column":8},"end":{"line":31,"column":8}},{"start":{"line":31,"column":8},"end":{"line":31,"column":8}}]},"3":{"line":68,"type":"if","locations":[{"start":{"line":68,"column":8},"end":{"line":68,"column":8}},{"start":{"line":68,"column":8},"end":{"line":68,"column":8}}]},"4":{"line":68,"type":"binary-expr","locations":[{"start":{"line":68,"column":12},"end":{"line":68,"column":41}},{"start":{"line":68,"column":45},"end":{"line":68,"column":64}}]},"5":{"line":79,"type":"if","locations":[{"start":{"line":79,"column":4},"end":{"line":79,"column":4}},{"start":{"line":79,"column":4},"end":{"line":79,"column":4}}]},"6":{"line":87,"type":"if","locations":[{"start":{"line":87,"column":4},"end":{"line":87,"column":4}},{"start":{"line":87,"column":4},"end":{"line":87,"column":4}}]},"7":{"line":88,"type":"cond-expr","locations":[{"start":{"line":88,"column":57},"end":{"line":88,"column":72}},{"start":{"line":88,"column":75},"end":{"line":88,"column":87}}]},"8":{"line":90,"type":"if","locations":[{"start":{"line":90,"column":4},"end":{"line":90,"column":4}},{"start":{"line":90,"column":4},"end":{"line":90,"column":4}}]},"9":{"line":91,"type":"cond-expr","locations":[{"start":{"line":91,"column":62},"end":{"line":91,"column":87}},{"start":{"line":91,"column":90},"end":{"line":91,"column":107}}]},"10":{"line":104,"type":"if","locations":[{"start":{"line":104,"column":4},"end":{"line":104,"column":4}},{"start":{"line":104,"column":4},"end":{"line":104,"column":4}}]},"11":{"line":115,"type":"if","locations":[{"start":{"line":115,"column":4},"end":{"line":115,"column":4}},{"start":{"line":115,"column":4},"end":{"line":115,"column":4}}]},"12":{"line":159,"type":"binary-expr","locations":[{"start":{"line":159,"column":26},"end":{"line":159,"column":41}},{"start":{"line":159,"column":46},"end":{"line":159,"column":76}}]},"13":{"line":159,"type":"cond-expr","locations":[{"start":{"line":159,"column":66},"end":{"line":159,"column":71}},{"start":{"line":159,"column":74},"end":{"line":159,"column":76}}]},"14":{"line":192,"type":"binary-expr","locations":[{"start":{"line":192,"column":43},"end":{"line":192,"column":49}},{"start":{"line":192,"column":53},"end":{"line":192,"column":78}}]},"15":{"line":198,"type":"binary-expr","locations":[{"start":{"line":198,"column":21},"end":{"line":198,"column":43}},{"start":{"line":198,"column":47},"end":{"line":198,"column":49}}]},"16":{"line":207,"type":"if","locations":[{"start":{"line":207,"column":8},"end":{"line":207,"column":8}},{"start":{"line":207,"column":8},"end":{"line":207,"column":8}}]},"17":{"line":216,"type":"if","locations":[{"start":{"line":216,"column":4},"end":{"line":216,"column":4}},{"start":{"line":216,"column":4},"end":{"line":216,"column":4}}]},"18":{"line":235,"type":"if","locations":[{"start":{"line":235,"column":4},"end":{"line":235,"column":4}},{"start":{"line":235,"column":4},"end":{"line":235,"column":4}}]},"19":{"line":253,"type":"binary-expr","locations":[{"start":{"line":253,"column":11},"end":{"line":253,"column":17}},{"start":{"line":253,"column":21},"end":{"line":253,"column":46}}]},"20":{"line":257,"type":"if","locations":[{"start":{"line":257,"column":4},"end":{"line":257,"column":4}},{"start":{"line":257,"column":4},"end":{"line":257,"column":4}}]}},"l":{"12":1,"24":1,"25":1,"28":1,"29":1,"31":1,"32":1,"33":1,"36":0,"40":1,"43":1,"44":6,"47":1,"48":3,"52":3,"53":3,"55":0,"56":0,"59":0,"60":0,"63":0,"66":3,"68":3,"69":0,"72":3,"76":1,"77":4,"79":4,"80":3,"81":3,"84":4,"87":4,"88":3,"90":4,"91":3,"94":4,"97":1,"98":4,"102":4,"104":4,"105":1,"108":4,"109":4,"111":4,"112":57,"115":4,"116":1,"117":0,"121":4,"124":1,"125":5,"128":1,"129":3,"132":1,"133":0,"135":0,"137":0,"138":0,"141":1,"142":1,"145":1,"148":1,"149":1,"155":1,"156":1,"158":1,"159":1,"160":1,"163":1,"164":1,"167":1,"168":2,"172":2,"175":1,"176":0,"178":0,"179":0,"180":0,"185":1,"186":0,"189":0,"192":0,"194":0,"198":0,"200":0,"201":0,"204":0,"207":0,"208":0,"213":1,"214":1,"216":1,"217":0,"220":1,"221":1,"222":1,"226":0,"227":0,"230":1,"234":1,"235":1,"236":1,"239":1,"242":1,"243":0,"245":0,"248":1,"249":0,"252":1,"253":0,"256":1,"257":0,"258":0,"261":0,"264":1}},
"/home/travis/build/node-gh/gh/lib/exec.js":{"path":"/home/travis/build/node-gh/gh/lib/exec.js","s":{"1":1,"2":1,"3":1,"4":1,"5":1,"6":1,"7":0,"8":0,"9":1,"10":1,"11":0,"12":0,"13":0,"14":0,"15":0,"16":0,"17":0,"18":0,"19":0,"20":0,"21":0,"22":0,"23":1,"24":0,"25":0,"26":0,"27":0,"28":0,"29":1,"30":0,"31":0,"32":0,"33":0,"34":0},"b":{"1":[0,1],"2":[1,0,0],"3":[0,0],"4":[0,0],"5":[0,0],"6":[0,0]},"f":{"1":1,"2":0,"3":0,"4":0},"fnMap":{"1":{"name":"(anonymous_1)","line":16,"loc":{"start":{"line":16,"column":20},"end":{"line":16,"column":50}}},"2":{"name":"(anonymous_2)","line":35,"loc":{"start":{"line":35,"column":26},"end":{"line":35,"column":56}}},"3":{"name":"(anonymous_3)","line":60,"loc":{"start":{"line":60,"column":19},"end":{"line":60,"column":43}}},"4":{"name":"(anonymous_4)","line":72,"loc":{"start":{"line":72,"column":36},"end":{"line":72,"column":60}}}},"statementMap":{"1":{"start":{"line":13,"column":0},"end":{"line":14,"column":33}},"2":{"start":{"line":16,"column":0},"end":{"line":33,"column":2}},"3":{"start":{"line":17,"column":4},"end":{"line":17,"column":13}},"4":{"start":{"line":19,"column":4},"end":{"line":19,"column":61}},"5":{"start":{"line":21,"column":4},"end":{"line":21,"column":55}},"6":{"start":{"line":23,"column":4},"end":{"line":26,"column":5}},"7":{"start":{"line":24,"column":8},"end":{"line":24,"column":78}},"8":{"start":{"line":25,"column":8},"end":{"line":25,"column":68}},"9":{"start":{"line":28,"column":4},"end":{"line":32,"column":6}},"10":{"start":{"line":35,"column":0},"end":{"line":58,"column":2}},"11":{"start":{"line":36,"column":4},"end":{"line":37,"column":12}},"12":{"start":{"line":39,"column":4},"end":{"line":41,"column":5}},"13":{"start":{"line":40,"column":8},"end":{"line":40,"column":21}},"14":{"start":{"line":43,"column":4},"end":{"line":43,"column":61}},"15":{"start":{"line":45,"column":4},"end":{"line":45,"column":67}},"16":{"start":{"line":47,"column":4},"end":{"line":47,"column":55}},"17":{"start":{"line":49,"column":4},"end":{"line":55,"column":5}},"18":{"start":{"line":50,"column":8},"end":{"line":50,"column":26}},"19":{"start":{"line":51,"column":8},"end":{"line":51,"column":31}},"20":{"start":{"line":52,"column":8},"end":{"line":52,"column":77}},"21":{"start":{"line":54,"column":8},"end":{"line":54,"column":18}},"22":{"start":{"line":57,"column":4},"end":{"line":57,"column":16}},"23":{"start":{"line":60,"column":0},"end":{"line":70,"column":2}},"24":{"start":{"line":61,"column":4},"end":{"line":63,"column":5}},"25":{"start":{"line":62,"column":8},"end":{"line":62,"column":21}},"26":{"start":{"line":65,"column":4},"end":{"line":65,"column":37}},"27":{"start":{"line":67,"column":4},"end":{"line":67,"column":61}},"28":{"start":{"line":69,"column":4},"end":{"line":69,"column":48}},"29":{"start":{"line":72,"column":0},"end":{"line":82,"column":2}},"30":{"start":{"line":73,"column":4},"end":{"line":75,"column":5}},"31":{"start":{"line":74,"column":8},"end":{"line":74,"column":21}},"32":{"start":{"line":77,"column":4},"end":{"line":77,"column":54}},"33":{"start":{"line":79,"column":4},"end":{"line":79,"column":30}},"34":{"start":{"line":81,"column":4},"end":{"line":81,"column":48}}},"branchMap":{"1":{"line":23,"type":"if","locations":[{"start":{"line":23,"column":4},"end":{"line":23,"column":4}},{"start":{"line":23,"column":4},"end":{"line":23,"column":4}}]},"2":{"line":23,"type":"binary-expr","locations":[{"start":{"line":23,"column":8},"end":{"line":23,"column":18}},{"start":{"line":23,"column":22},"end":{"line":23,"column":50}},{"start":{"line":23,"column":54},"end":{"line":23,"column":82}}]},"3":{"line":39,"type":"if","locations":[{"start":{"line":39,"column":4},"end":{"line":39,"column":4}},{"start":{"line":39,"column":4},"end":{"line":39,"column":4}}]},"4":{"line":49,"type":"if","locations":[{"start":{"line":49,"column":4},"end":{"line":49,"column":4}},{"start":{"line":49,"column":4},"end":{"line":49,"column":4}}]},"5":{"line":61,"type":"if","locations":[{"start":{"line":61,"column":4},"end":{"line":61,"column":4}},{"start":{"line":61,"column":4},"end":{"line":61,"column":4}}]},"6":{"line":73,"type":"if","locations":[{"start":{"line":73,"column":4},"end":{"line":73,"column":4}},{"start":{"line":73,"column":4},"end":{"line":73,"column":4}}]}},"l":{"13":1,"16":1,"17":1,"19":1,"21":1,"23":1,"24":0,"25":0,"28":1,"35":1,"36":0,"39":0,"40":0,"43":0,"45":0,"47":0,"49":0,"50":0,"51":0,"52":0,"54":0,"57":0,"60":1,"61":0,"62":0,"65":0,"67":0,"69":0,"72":1,"73":0,"74":0,"77":0,"79":0,"81":0}},
"/home/travis/build/node-gh/gh/lib/git.js":{"path":"/home/travis/build/node-gh/gh/lib/git.js","s":{"1":1,"2":1,"3":0,"4":0,"5":0,"6":0,"7":1,"8":0,"9":0,"10":0,"11":0,"12":1,"13":0,"14":0,"15":0,"16":0,"17":0,"18":0,"19":1,"20":0,"21":1,"22":0,"23":1,"24":0,"25":0,"26":0,"27":0,"28":1,"29":0,"30":0,"31":1,"32":0,"33":0,"34":0,"35":0,"36":0,"37":0,"38":0,"39":0,"40":0,"41":0,"42":1,"43":0,"44":0,"45":0,"46":0,"47":1,"48":0,"49":1,"50":0,"51":0,"52":0,"53":0,"54":0,"55":0,"56":0,"57":0,"58":0,"59":0,"60":0,"61":0,"62":1,"63":0,"64":0,"65":0,"66":0,"67":1,"68":0,"69":0,"70":0,"71":0,"72":0,"73":1,"74":0,"75":1,"76":0,"77":0,"78":0,"79":0,"80":1,"81":0,"82":0,"83":0,"84":0,"85":1,"86":0,"87":0,"88":1,"89":0,"90":0,"91":1,"92":0,"93":1,"94":0,"95":1,"96":4,"97":4,"98":4,"99":4},"b":{"1":[1,1],"2":[0,0],"3":[0,0],"4":[0,0],"5":[0,0],"6":[0,0],"7":[0,0],"8":[0,0],"9":[0,0],"10":[0,0],"11":[0,0],"12":[0,0],"13":[0,0],"14":[0,0],"15":[0,0],"16":[0,0],"17":[4,0]},"f":{"1":0,"2":0,"3":0,"4":0,"5":0,"6":0,"7":0,"8":0,"9":0,"10":0,"11":0,"12":0,"13":0,"14":0,"15":0,"16":0,"17":0,"18":0,"19":0,"20":0,"21":4},"fnMap":{"1":{"name":"(anonymous_1)","line":16,"loc":{"start":{"line":16,"column":19},"end":{"line":16,"column":48}}},"2":{"name":"(anonymous_2)","line":26,"loc":{"start":{"line":26,"column":16},"end":{"line":26,"column":39}}},"3":{"name":"(anonymous_3)","line":36,"loc":{"start":{"line":36,"column":17},"end":{"line":36,"column":41}}},"4":{"name":"(anonymous_4)","line":49,"loc":{"start":{"line":49,"column":16},"end":{"line":49,"column":34}}},"5":{"name":"(anonymous_5)","line":53,"loc":{"start":{"line":53,"column":17},"end":{"line":53,"column":35}}},"6":{"name":"(anonymous_6)","line":57,"loc":{"start":{"line":57,"column":15},"end":{"line":57,"column":41}}},"7":{"name":"(anonymous_7)","line":67,"loc":{"start":{"line":67,"column":16},"end":{"line":67,"column":59}}},"8":{"name":"(anonymous_8)","line":73,"loc":{"start":{"line":73,"column":35},"end":{"line":73,"column":47}}},"9":{"name":"(anonymous_9)","line":98,"loc":{"start":{"line":98,"column":23},"end":{"line":98,"column":41}}},"10":{"name":"(anonymous_10)","line":108,"loc":{"start":{"line":108,"column":19},"end":{"line":108,"column":31}}},"11":{"name":"(anonymous_11)","line":112,"loc":{"start":{"line":112,"column":27},"end":{"line":112,"column":53}}},"12":{"name":"(anonymous_12)","line":138,"loc":{"start":{"line":138,"column":20},"end":{"line":138,"column":35}}},"13":{"name":"(anonymous_13)","line":148,"loc":{"start":{"line":148,"column":27},"end":{"line":148,"column":39}}},"14":{"name":"(anonymous_14)","line":159,"loc":{"start":{"line":159,"column":31},"end":{"line":159,"column":49}}},"15":{"name":"(anonymous_15)","line":163,"loc":{"start":{"line":163,"column":27},"end":{"line":163,"column":39}}},"16":{"name":"(anonymous_16)","line":173,"loc":{"start":{"line":173,"column":23},"end":{"line":173,"column":41}}},"17":{"name":"(anonymous_17)","line":183,"loc":{"start":{"line":183,"column":31},"end":{"line":183,"column":46}}},"18":{"name":"(anonymous_18)","line":189,"loc":{"start":{"line":189,"column":31},"end":{"line":189,"column":46}}},"19":{"name":"(anonymous_19)","line":195,"loc":{"start":{"line":195,"column":18},"end":{"line":195,"column":36}}},"20":{"name":"(anonymous_20)","line":199,"loc":{"start":{"line":199,"column":18},"end":{"line":199,"column":36}}},"21":{"name":"(anonymous_21)","line":203,"loc":{"start":{"line":203,"column":25},"end":{"line":203,"column":40}}}},"statementMap":{"1":{"start":{"line":12,"column":0},"end":{"line":14,"column":54}},"2":{"start":{"line":16,"column":0},"end":{"line":24,"column":2}},"3":{"start":{"line":17,"column":4},"end":{"line":17,"column":36}},"4":{"start":{"line":19,"column":4},"end":{"line":21,"column":5}},"5":{"start":{"line":20,"column":8},"end":{"line":20,"column":35}},"6":{"start":{"line":23,"column":4},"end":{"line":23,"column":51}},"7":{"start":{"line":26,"column":0},"end":{"line":34,"column":2}},"8":{"start":{"line":27,"column":4},"end":{"line":27,"column":30}},"9":{"start":{"line":29,"column":4},"end":{"line":31,"column":5}},"10":{"start":{"line":30,"column":8},"end":{"line":30,"column":26}},"11":{"start":{"line":33,"column":4},"end":{"line":33,"column":51}},"12":{"start":{"line":36,"column":0},"end":{"line":47,"column":2}},"13":{"start":{"line":37,"column":4},"end":{"line":37,"column":12}},"14":{"start":{"line":39,"column":4},"end":{"line":46,"column":5}},"15":{"start":{"line":40,"column":8},"end":{"line":40,"column":64}},"16":{"start":{"line":42,"column":8},"end":{"line":45,"column":9}},"17":{"start":{"line":43,"column":12},"end":{"line":43,"column":65}},"18":{"start":{"line":44,"column":12},"end":{"line":44,"column":22}},"19":{"start":{"line":49,"column":0},"end":{"line":51,"column":2}},"20":{"start":{"line":50,"column":4},"end":{"line":50,"column":40}},"21":{"start":{"line":53,"column":0},"end":{"line":55,"column":2}},"22":{"start":{"line":54,"column":4},"end":{"line":54,"column":41}},"23":{"start":{"line":57,"column":0},"end":{"line":65,"column":2}},"24":{"start":{"line":58,"column":4},"end":{"line":58,"column":32}},"25":{"start":{"line":60,"column":4},"end":{"line":62,"column":5}},"26":{"start":{"line":61,"column":8},"end":{"line":61,"column":26}},"27":{"start":{"line":64,"column":4},"end":{"line":64,"column":51}},"28":{"start":{"line":67,"column":0},"end":{"line":71,"column":2}},"29":{"start":{"line":68,"column":4},"end":{"line":68,"column":78}},"30":{"start":{"line":70,"column":4},"end":{"line":70,"column":51}},"31":{"start":{"line":73,"column":0},"end":{"line":96,"column":2}},"32":{"start":{"line":74,"column":4},"end":{"line":78,"column":15}},"33":{"start":{"line":80,"column":4},"end":{"line":91,"column":30}},"34":{"start":{"line":81,"column":8},"end":{"line":81,"column":68}},"35":{"start":{"line":82,"column":8},"end":{"line":82,"column":50}},"36":{"start":{"line":84,"column":8},"end":{"line":86,"column":9}},"37":{"start":{"line":85,"column":12},"end":{"line":85,"column":37}},"38":{"start":{"line":88,"column":8},"end":{"line":88,"column":28}},"39":{"start":{"line":90,"column":8},"end":{"line":90,"column":21}},"40":{"start":{"line":93,"column":4},"end":{"line":93,"column":17}},"41":{"start":{"line":95,"column":4},"end":{"line":95,"column":19}},"42":{"start":{"line":98,"column":0},"end":{"line":106,"column":2}},"43":{"start":{"line":99,"column":4},"end":{"line":99,"column":68}},"44":{"start":{"line":101,"column":4},"end":{"line":103,"column":5}},"45":{"start":{"line":102,"column":8},"end":{"line":102,"column":33}},"46":{"start":{"line":105,"column":4},"end":{"line":105,"column":22}},"47":{"start":{"line":108,"column":0},"end":{"line":110,"column":2}},"48":{"start":{"line":109,"column":4},"end":{"line":109,"column":80}},"49":{"start":{"line":112,"column":0},"end":{"line":136,"column":2}},"50":{"start":{"line":113,"column":4},"end":{"line":114,"column":25}},"51":{"start":{"line":116,"column":4},"end":{"line":118,"column":5}},"52":{"start":{"line":117,"column":8},"end":{"line":117,"column":19}},"53":{"start":{"line":120,"column":4},"end":{"line":120,"column":78}},"54":{"start":{"line":122,"column":4},"end":{"line":124,"column":5}},"55":{"start":{"line":123,"column":8},"end":{"line":123,"column":28}},"56":{"start":{"line":126,"column":4},"end":{"line":126,"column":22}},"57":{"start":{"line":128,"column":4},"end":{"line":128,"column":46}},"58":{"start":{"line":130,"column":4},"end":{"line":133,"column":5}},"59":{"start":{"line":131,"column":8},"end":{"line":131,"column":51}},"60":{"start":{"line":132,"column":8},"end":{"line":132,"column":15}},"61":{"start":{"line":135,"column":4},"end":{"line":135,"column":22}},"62":{"start":{"line":138,"column":0},"end":{"line":146,"column":2}},"63":{"start":{"line":139,"column":4},"end":{"line":139,"column":68}},"64":{"start":{"line":141,"column":4},"end":{"line":143,"column":5}},"65":{"start":{"line":142,"column":8},"end":{"line":142,"column":65}},"66":{"start":{"line":145,"column":4},"end":{"line":145,"column":22}},"67":{"start":{"line":148,"column":0},"end":{"line":157,"column":2}},"68":{"start":{"line":149,"column":4},"end":{"line":149,"column":79}},"69":{"start":{"line":151,"column":4},"end":{"line":154,"column":5}},"70":{"start":{"line":152,"column":8},"end":{"line":152,"column":51}},"71":{"start":{"line":153,"column":8},"end":{"line":153,"column":15}},"72":{"start":{"line":156,"column":4},"end":{"line":156,"column":22}},"73":{"start":{"line":159,"column":0},"end":{"line":161,"column":2}},"74":{"start":{"line":160,"column":4},"end":{"line":160,"column":47}},"75":{"start":{"line":163,"column":0},"end":{"line":171,"column":2}},"76":{"start":{"line":164,"column":4},"end":{"line":164,"column":76}},"77":{"start":{"line":166,"column":4},"end":{"line":168,"column":5}},"78":{"start":{"line":167,"column":8},"end":{"line":167,"column":56}},"79":{"start":{"line":170,"column":4},"end":{"line":170,"column":22}},"80":{"start":{"line":173,"column":0},"end":{"line":181,"column":2}},"81":{"start":{"line":174,"column":4},"end":{"line":180,"column":5}},"82":{"start":{"line":175,"column":8},"end":{"line":175,"column":62}},"83":{"start":{"line":178,"column":8},"end":{"line":178,"column":47}},"84":{"start":{"line":179,"column":8},"end":{"line":179,"column":15}},"85":{"start":{"line":183,"column":0},"end":{"line":187,"column":2}},"86":{"start":{"line":184,"column":4},"end":{"line":184,"column":45}},"87":{"start":{"line":186,"column":4},"end":{"line":186,"column":31}},"88":{"start":{"line":189,"column":0},"end":{"line":193,"column":2}},"89":{"start":{"line":190,"column":4},"end":{"line":190,"column":45}},"90":{"start":{"line":192,"column":4},"end":{"line":192,"column":31}},"91":{"start":{"line":195,"column":0},"end":{"line":197,"column":2}},"92":{"start":{"line":196,"column":4},"end":{"line":196,"column":70}},"93":{"start":{"line":199,"column":0},"end":{"line":201,"column":2}},"94":{"start":{"line":200,"column":4},"end":{"line":200,"column":70}},"95":{"start":{"line":203,"column":0},"end":{"line":211,"column":2}},"96":{"start":{"line":204,"column":4},"end":{"line":204,"column":61}},"97":{"start":{"line":206,"column":4},"end":{"line":208,"column":5}},"98":{"start":{"line":207,"column":8},"end":{"line":207,"column":23}},"99":{"start":{"line":210,"column":4},"end":{"line":210,"column":18}}},"branchMap":{"1":{"line":14,"type":"binary-expr","locations":[{"start":{"line":14,"column":18},"end":{"line":14,"column":44}},{"start":{"line":14,"column":48},"end":{"line":14,"column":53}}]},"2":{"line":19,"type":"if","locations":[{"start":{"line":19,"column":4},"end":{"line":19,"column":4}},{"start":{"line":19,"column":4},"end":{"line":19,"column":4}}]},"3":{"line":29,"type":"if","locations":[{"start":{"line":29,"column":4},"end":{"line":29,"column":4}},{"start":{"line":29,"column":4},"end":{"line":29,"column":4}}]},"4":{"line":42,"type":"if","locations":[{"start":{"line":42,"column":8},"end":{"line":42,"column":8}},{"start":{"line":42,"column":8},"end":{"line":42,"column":8}}]},"5":{"line":42,"type":"binary-expr","locations":[{"start":{"line":42,"column":12},"end":{"line":42,"column":20}},{"start":{"line":42,"column":24},"end":{"line":42,"column":38}}]},"6":{"line":60,"type":"if","locations":[{"start":{"line":60,"column":4},"end":{"line":60,"column":4}},{"start":{"line":60,"column":4},"end":{"line":60,"column":4}}]},"7":{"line":84,"type":"if","locations":[{"start":{"line":84,"column":8},"end":{"line":84,"column":8}},{"start":{"line":84,"column":8},"end":{"line":84,"column":8}}]},"8":{"line":101,"type":"if","locations":[{"start":{"line":101,"column":4},"end":{"line":101,"column":4}},{"start":{"line":101,"column":4},"end":{"line":101,"column":4}}]},"9":{"line":116,"type":"if","locations":[{"start":{"line":116,"column":4},"end":{"line":116,"column":4}},{"start":{"line":116,"column":4},"end":{"line":116,"column":4}}]},"10":{"line":122,"type":"if","locations":[{"start":{"line":122,"column":4},"end":{"line":122,"column":4}},{"start":{"line":122,"column":4},"end":{"line":122,"column":4}}]},"11":{"line":130,"type":"if","locations":[{"start":{"line":130,"column":4},"end":{"line":130,"column":4}},{"start":{"line":130,"column":4},"end":{"line":130,"column":4}}]},"12":{"line":141,"type":"if","locations":[{"start":{"line":141,"column":4},"end":{"line":141,"column":4}},{"start":{"line":141,"column":4},"end":{"line":141,"column":4}}]},"13":{"line":151,"type":"if","locations":[{"start":{"line":151,"column":4},"end":{"line":151,"column":4}},{"start":{"line":151,"column":4},"end":{"line":151,"column":4}}]},"14":{"line":166,"type":"if","locations":[{"start":{"line":166,"column":4},"end":{"line":166,"column":4}},{"start":{"line":166,"column":4},"end":{"line":166,"column":4}}]},"15":{"line":186,"type":"binary-expr","locations":[{"start":{"line":186,"column":11},"end":{"line":186,"column":17}},{"start":{"line":186,"column":21},"end":{"line":186,"column":30}}]},"16":{"line":192,"type":"binary-expr","locations":[{"start":{"line":192,"column":11},"end":{"line":192,"column":17}},{"start":{"line":192,"column":21},"end":{"line":192,"column":30}}]},"17":{"line":206,"type":"if","locations":[{"start":{"line":206,"column":4},"end":{"line":206,"column":4}},{"start":{"line":206,"column":4},"end":{"line":206,"column":4}}]}},"l":{"12":1,"16":1,"17":0,"19":0,"20":0,"23":0,"26":1,"27":0,"29":0,"30":0,"33":0,"36":1,"37":0,"39":0,"40":0,"42":0,"43":0,"44":0,"49":1,"50":0,"53":1,"54":0,"57":1,"58":0,"60":0,"61":0,"64":0,"67":1,"68":0,"70":0,"73":1,"74":0,"80":0,"81":0,"82":0,"84":0,"85":0,"88":0,"90":0,"93":0,"95":0,"98":1,"99":0,"101":0,"102":0,"105":0,"108":1,"109":0,"112":1,"113":0,"116":0,"117":0,"120":0,"122":0,"123":0,"126":0,"128":0,"130":0,"131":0,"132":0,"135":0,"138":1,"139":0,"141":0,"142":0,"145":0,"148":1,"149":0,"151":0,"152":0,"153":0,"156":0,"159":1,"160":0,"163":1,"164":0,"166":0,"167":0,"170":0,"173":1,"174":0,"175":0,"178":0,"179":0,"183":1,"184":0,"186":0,"189":1,"190":0,"192":0,"195":1,"196":0,"199":1,"200":0,"203":1,"204":4,"206":4,"207":4,"210":4}},
"/home/travis/build/node-gh/gh/lib/hooks.js":{"path":"/home/travis/build/node-gh/gh/lib/hooks.js","s":{"1":1,"2":1,"3":0,"4":1,"5":0,"6":0,"7":0,"8":0,"9":0,"10":0,"11":0,"12":1,"13":0,"14":0,"15":0,"16":0,"17":0,"18":0,"19":0,"20":0,"21":0,"22":0,"23":1,"24":0,"25":0,"26":0,"27":0,"28":0,"29":0,"30":0,"31":0,"32":0,"33":0,"34":0,"35":0,"36":0,"37":0,"38":0,"39":0,"40":0,"41":0,"42":0,"43":0,"44":1,"45":0,"46":0,"47":0,"48":0,"49":0,"50":0,"51":0,"52":0,"53":0,"54":0,"55":1,"56":0,"57":0,"58":0,"59":0,"60":0,"61":0,"62":0,"63":0,"64":0,"65":0,"66":0},"b":{"1":[0,0],"2":[0,0],"3":[0,0],"4":[0,0],"5":[0,0],"6":[0,0],"7":[0,0],"8":[0,0],"9":[0,0],"10":[0,0],"11":[0,0],"12":[0,0],"13":[0,0],"14":[0,0],"15":[0,0],"16":[0,0]},"f":{"1":0,"2":0,"3":0,"4":0,"5":0,"6":0,"7":0,"8":0,"9":0,"10":0,"11":0,"12":0,"13":0,"14":0,"15":0,"16":0,"17":0,"18":0},"fnMap":{"1":{"name":"(anonymous_1)","line":19,"loc":{"start":{"line":19,"column":24},"end":{"line":19,"column":41}}},"2":{"name":"(anonymous_2)","line":26,"loc":{"start":{"line":26,"column":33},"end":{"line":26,"column":61}}},"3":{"name":"(anonymous_3)","line":43,"loc":{"start":{"line":43,"column":27},"end":{"line":43,"column":43}}},"4":{"name":"(anonymous_4)","line":53,"loc":{"start":{"line":53,"column":20},"end":{"line":53,"column":38}}},"5":{"name":"(anonymous_5)","line":71,"loc":{"start":{"line":71,"column":17},"end":{"line":71,"column":54}}},"6":{"name":"(anonymous_6)","line":88,"loc":{"start":{"line":88,"column":8},"end":{"line":88,"column":28}}},"7":{"name":"(anonymous_7)","line":93,"loc":{"start":{"line":93,"column":19},"end":{"line":93,"column":34}}},"8":{"name":"(anonymous_8)","line":99,"loc":{"start":{"line":99,"column":8},"end":{"line":99,"column":28}}},"9":{"name":"(anonymous_9)","line":104,"loc":{"start":{"line":104,"column":18},"end":{"line":104,"column":33}}},"10":{"name":"(anonymous_10)","line":108,"loc":{"start":{"line":108,"column":25},"end":{"line":108,"column":45}}},"11":{"name":"(anonymous_11)","line":115,"loc":{"start":{"line":115,"column":35},"end":{"line":115,"column":47}}},"12":{"name":"(anonymous_12)","line":116,"loc":{"start":{"line":116,"column":37},"end":{"line":116,"column":49}}},"13":{"name":"(anonymous_13)","line":122,"loc":{"start":{"line":122,"column":24},"end":{"line":122,"column":66}}},"14":{"name":"(anonymous_14)","line":126,"loc":{"start":{"line":126,"column":20},"end":{"line":126,"column":38}}},"15":{"name":"(anonymous_15)","line":135,"loc":{"start":{"line":135,"column":28},"end":{"line":135,"column":48}}},"16":{"name":"(anonymous_16)","line":141,"loc":{"start":{"line":141,"column":29},"end":{"line":141,"column":41}}},"17":{"name":"(anonymous_17)","line":146,"loc":{"start":{"line":146,"column":23},"end":{"line":146,"column":53}}},"18":{"name":"(anonymous_18)","line":147,"loc":{"start":{"line":147,"column":11},"end":{"line":147,"column":31}}}},"statementMap":{"1":{"start":{"line":12,"column":0},"end":{"line":17,"column":37}},"2":{"start":{"line":19,"column":0},"end":{"line":24,"column":2}},"3":{"start":{"line":20,"column":4},"end":{"line":23,"column":6}},"4":{"start":{"line":26,"column":0},"end":{"line":41,"column":2}},"5":{"start":{"line":27,"column":4},"end":{"line":29,"column":14}},"6":{"start":{"line":31,"column":4},"end":{"line":31,"column":38}},"7":{"start":{"line":33,"column":4},"end":{"line":33,"column":35}},"8":{"start":{"line":35,"column":4},"end":{"line":38,"column":5}},"9":{"start":{"line":36,"column":8},"end":{"line":36,"column":27}},"10":{"start":{"line":37,"column":8},"end":{"line":37,"column":27}},"11":{"start":{"line":40,"column":4},"end":{"line":40,"column":45}},"12":{"start":{"line":43,"column":0},"end":{"line":69,"column":2}},"13":{"start":{"line":44,"column":4},"end":{"line":46,"column":25}},"14":{"start":{"line":49,"column":4},"end":{"line":49,"column":49}},"15":{"start":{"line":53,"column":4},"end":{"line":66,"column":7}},"16":{"start":{"line":54,"column":8},"end":{"line":54,"column":25}},"17":{"start":{"line":56,"column":8},"end":{"line":56,"column":51}},"18":{"start":{"line":58,"column":8},"end":{"line":65,"column":9}},"19":{"start":{"line":59,"column":12},"end":{"line":59,"column":50}},"20":{"start":{"line":61,"column":12},"end":{"line":64,"column":13}},"21":{"start":{"line":62,"column":16},"end":{"line":63,"column":72}},"22":{"start":{"line":68,"column":4},"end":{"line":68,"column":37}},"23":{"start":{"line":71,"column":0},"end":{"line":120,"column":2}},"24":{"start":{"line":72,"column":4},"end":{"line":77,"column":16}},"25":{"start":{"line":79,"column":4},"end":{"line":82,"column":5}},"26":{"start":{"line":80,"column":8},"end":{"line":80,"column":39}},"27":{"start":{"line":81,"column":8},"end":{"line":81,"column":15}},"28":{"start":{"line":84,"column":4},"end":{"line":84,"column":43}},"29":{"start":{"line":86,"column":4},"end":{"line":91,"column":6}},"30":{"start":{"line":89,"column":12},"end":{"line":89,"column":73}},"31":{"start":{"line":93,"column":4},"end":{"line":95,"column":7}},"32":{"start":{"line":94,"column":8},"end":{"line":94,"column":76}},"33":{"start":{"line":97,"column":4},"end":{"line":102,"column":6}},"34":{"start":{"line":100,"column":12},"end":{"line":100,"column":72}},"35":{"start":{"line":104,"column":4},"end":{"line":106,"column":7}},"36":{"start":{"line":105,"column":8},"end":{"line":105,"column":74}},"37":{"start":{"line":108,"column":4},"end":{"line":111,"column":7}},"38":{"start":{"line":109,"column":8},"end":{"line":109,"column":50}},"39":{"start":{"line":110,"column":8},"end":{"line":110,"column":19}},"40":{"start":{"line":113,"column":4},"end":{"line":113,"column":45}},"41":{"start":{"line":115,"column":4},"end":{"line":119,"column":7}},"42":{"start":{"line":116,"column":8},"end":{"line":118,"column":11}},"43":{"start":{"line":117,"column":12},"end":{"line":117,"column":42}},"44":{"start":{"line":122,"column":0},"end":{"line":144,"column":2}},"45":{"start":{"line":123,"column":4},"end":{"line":124,"column":24}},"46":{"start":{"line":126,"column":4},"end":{"line":139,"column":7}},"47":{"start":{"line":127,"column":8},"end":{"line":132,"column":9}},"48":{"start":{"line":128,"column":12},"end":{"line":128,"column":47}},"49":{"start":{"line":131,"column":12},"end":{"line":131,"column":61}},"50":{"start":{"line":134,"column":8},"end":{"line":138,"column":9}},"51":{"start":{"line":135,"column":12},"end":{"line":137,"column":15}},"52":{"start":{"line":136,"column":16},"end":{"line":136,"column":51}},"53":{"start":{"line":141,"column":4},"end":{"line":143,"column":7}},"54":{"start":{"line":142,"column":8},"end":{"line":142,"column":39}},"55":{"start":{"line":146,"column":0},"end":{"line":167,"column":2}},"56":{"start":{"line":147,"column":4},"end":{"line":166,"column":6}},"57":{"start":{"line":148,"column":8},"end":{"line":148,"column":55}},"58":{"start":{"line":150,"column":8},"end":{"line":153,"column":9}},"59":{"start":{"line":151,"column":12},"end":{"line":151,"column":35}},"60":{"start":{"line":152,"column":12},"end":{"line":152,"column":19}},"61":{"start":{"line":155,"column":8},"end":{"line":155,"column":76}},"62":{"start":{"line":157,"column":8},"end":{"line":163,"column":9}},"63":{"start":{"line":158,"column":12},"end":{"line":158,"column":70}},"64":{"start":{"line":160,"column":12},"end":{"line":160,"column":56}},"65":{"start":{"line":162,"column":12},"end":{"line":162,"column":75}},"66":{"start":{"line":165,"column":8},"end":{"line":165,"column":31}}},"branchMap":{"1":{"line":31,"type":"binary-expr","locations":[{"start":{"line":31,"column":17},"end":{"line":31,"column":27}},{"start":{"line":31,"column":31},"end":{"line":31,"column":37}}]},"2":{"line":33,"type":"binary-expr","locations":[{"start":{"line":33,"column":12},"end":{"line":33,"column":28}},{"start":{"line":33,"column":32},"end":{"line":33,"column":34}}]},"3":{"line":40,"type":"cond-expr","locations":[{"start":{"line":40,"column":34},"end":{"line":40,"column":39}},{"start":{"line":40,"column":42},"end":{"line":40,"column":44}}]},"4":{"line":58,"type":"if","locations":[{"start":{"line":58,"column":8},"end":{"line":58,"column":8}},{"start":{"line":58,"column":8},"end":{"line":58,"column":8}}]},"5":{"line":58,"type":"binary-expr","locations":[{"start":{"line":58,"column":12},"end":{"line":58,"column":26}},{"start":{"line":58,"column":30},"end":{"line":58,"column":62}}]},"6":{"line":61,"type":"if","locations":[{"start":{"line":61,"column":12},"end":{"line":61,"column":12}},{"start":{"line":61,"column":12},"end":{"line":61,"column":12}}]},"7":{"line":79,"type":"if","locations":[{"start":{"line":79,"column":4},"end":{"line":79,"column":4}},{"start":{"line":79,"column":4},"end":{"line":79,"column":4}}]},"8":{"line":79,"type":"binary-expr","locations":[{"start":{"line":79,"column":8},"end":{"line":79,"column":31}},{"start":{"line":79,"column":35},"end":{"line":79,"column":68}}]},"9":{"line":80,"type":"binary-expr","locations":[{"start":{"line":80,"column":8},"end":{"line":80,"column":20}},{"start":{"line":80,"column":24},"end":{"line":80,"column":38}}]},"10":{"line":116,"type":"binary-expr","locations":[{"start":{"line":116,"column":8},"end":{"line":116,"column":20}},{"start":{"line":116,"column":24},"end":{"line":118,"column":10}}]},"11":{"line":134,"type":"if","locations":[{"start":{"line":134,"column":8},"end":{"line":134,"column":8}},{"start":{"line":134,"column":8},"end":{"line":134,"column":8}}]},"12":{"line":134,"type":"binary-expr","locations":[{"start":{"line":134,"column":12},"end":{"line":134,"column":18}},{"start":{"line":134,"column":22},"end":{"line":134,"column":37}}]},"13":{"line":142,"type":"binary-expr","locations":[{"start":{"line":142,"column":8},"end":{"line":142,"column":20}},{"start":{"line":142,"column":24},"end":{"line":142,"column":38}}]},"14":{"line":150,"type":"if","locations":[{"start":{"line":150,"column":8},"end":{"line":150,"column":8}},{"start":{"line":150,"column":8},"end":{"line":150,"column":8}}]},"15":{"line":151,"type":"binary-expr","locations":[{"start":{"line":151,"column":12},"end":{"line":151,"column":20}},{"start":{"line":151,"column":24},"end":{"line":151,"column":34}}]},"16":{"line":165,"type":"binary-expr","locations":[{"start":{"line":165,"column":8},"end":{"line":165,"column":16}},{"start":{"line":165,"column":20},"end":{"line":165,"column":30}}]}},"l":{"12":1,"19":1,"20":0,"26":1,"27":0,"31":0,"33":0,"35":0,"36":0,"37":0,"40":0,"43":1,"44":0,"49":0,"53":0,"54":0,"56":0,"58":0,"59":0,"61":0,"62":0,"68":0,"71":1,"72":0,"79":0,"80":0,"81":0,"84":0,"86":0,"89":0,"93":0,"94":0,"97":0,"100":0,"104":0,"105":0,"108":0,"109":0,"110":0,"113":0,"115":0,"116":0,"117":0,"122":1,"123":0,"126":0,"127":0,"128":0,"131":0,"134":0,"135":0,"136":0,"141":0,"142":0,"146":1,"147":0,"148":0,"150":0,"151":0,"152":0,"155":0,"157":0,"158":0,"160":0,"162":0,"165":0}},
"/home/travis/build/node-gh/gh/lib/logger.js":{"path":"/home/travis/build/node-gh/gh/lib/logger.js","s":{"1":2,"2":1,"3":0,"4":2,"5":7,"6":6,"7":1,"8":1,"9":1,"10":1,"11":0,"12":0,"13":2,"14":0,"15":0,"16":0,"17":2,"18":1,"19":1,"20":1,"21":1,"22":2,"23":1,"24":1,"25":2,"26":1,"27":2,"28":2,"29":2,"30":2,"31":2,"32":0,"33":0,"34":0,"35":0,"36":0,"37":2,"38":0,"39":0,"40":0,"41":0,"42":0,"43":0,"44":0,"45":0,"46":0,"47":0,"48":0,"49":0,"50":0,"51":0,"52":0,"53":0,"54":0,"55":2,"56":0,"57":0,"58":2,"59":0,"60":2,"61":0,"62":0,"63":0,"64":0,"65":0,"66":0,"67":2,"68":0,"69":2,"70":2,"71":0,"72":2,"73":0,"74":2,"75":0,"76":2,"77":0,"78":2,"79":0,"80":2,"81":0,"82":2,"83":0,"84":2,"85":0,"86":2,"87":0,"88":0,"89":0,"90":0,"91":0,"92":0,"93":0,"94":2,"95":2,"96":2},"b":{"1":[6,1],"2":[1,0],"3":[0,0],"4":[1,0],"5":[2,0],"6":[0,0],"7":[0,0],"8":[0,0],"9":[0,0],"10":[0,0],"11":[0,0],"12":[0,0,0],"13":[0,0],"14":[0,0],"15":[0,0],"16":[0,0],"17":[0,0]},"f":{"1":0,"2":7,"3":0,"4":1,"5":1,"6":1,"7":2,"8":0,"9":0,"10":0,"11":0,"12":0,"13":0,"14":2,"15":0,"16":0,"17":0,"18":0,"19":0,"20":0,"21":0,"22":0,"23":0},"fnMap":{"1":{"name":"stripHandlebarsNewLine","line":21,"loc":{"start":{"line":21,"column":0},"end":{"line":21,"column":37}}},"2":{"name":"(anonymous_2)","line":25,"loc":{"start":{"line":25,"column":15},"end":{"line":25,"column":27}}},"3":{"name":"(anonymous_3)","line":40,"loc":{"start":{"line":40,"column":16},"end":{"line":40,"column":28}}},"4":{"name":"(anonymous_4)","line":48,"loc":{"start":{"line":48,"column":15},"end":{"line":48,"column":27}}},"5":{"name":"(anonymous_5)","line":57,"loc":{"start":{"line":57,"column":14},"end":{"line":57,"column":26}}},"6":{"name":"(anonymous_6)","line":62,"loc":{"start":{"line":62,"column":13},"end":{"line":62,"column":25}}},"7":{"name":"(anonymous_7)","line":66,"loc":{"start":{"line":66,"column":21},"end":{"line":66,"column":47}}},"8":{"name":"(anonymous_8)","line":74,"loc":{"start":{"line":74,"column":27},"end":{"line":74,"column":57}}},"9":{"name":"(anonymous_9)","line":87,"loc":{"start":{"line":87,"column":25},"end":{"line":87,"column":40}}},"10":{"name":"(anonymous_10)","line":126,"loc":{"start":{"line":126,"column":25},"end":{"line":126,"column":48}}},"11":{"name":"(anonymous_11)","line":132,"loc":{"start":{"line":132,"column":21},"end":{"line":132,"column":44}}},"12":{"name":"(anonymous_12)","line":136,"loc":{"start":{"line":136,"column":25},"end":{"line":136,"column":46}}},"13":{"name":"(anonymous_13)","line":151,"loc":{"start":{"line":151,"column":24},"end":{"line":151,"column":50}}},"14":{"name":"(anonymous_14)","line":155,"loc":{"start":{"line":155,"column":26},"end":{"line":155,"column":38}}},"15":{"name":"(anonymous_15)","line":156,"loc":{"start":{"line":156,"column":38},"end":{"line":156,"column":54}}},"16":{"name":"(anonymous_16)","line":160,"loc":{"start":{"line":160,"column":45},"end":{"line":160,"column":57}}},"17":{"name":"(anonymous_17)","line":165,"loc":{"start":{"line":165,"column":47},"end":{"line":165,"column":59}}},"18":{"name":"(anonymous_18)","line":170,"loc":{"start":{"line":170,"column":38},"end":{"line":170,"column":50}}},"19":{"name":"(anonymous_19)","line":175,"loc":{"start":{"line":175,"column":47},"end":{"line":175,"column":59}}},"20":{"name":"(anonymous_20)","line":180,"loc":{"start":{"line":180,"column":43},"end":{"line":180,"column":55}}},"21":{"name":"(anonymous_21)","line":185,"loc":{"start":{"line":185,"column":42},"end":{"line":185,"column":54}}},"22":{"name":"(anonymous_22)","line":189,"loc":{"start":{"line":189,"column":42},"end":{"line":189,"column":54}}},"23":{"name":"(anonymous_23)","line":193,"loc":{"start":{"line":193,"column":42},"end":{"line":193,"column":82}}}},"statementMap":{"1":{"start":{"line":13,"column":0},"end":{"line":19,"column":36}},"2":{"start":{"line":21,"column":0},"end":{"line":23,"column":1}},"3":{"start":{"line":22,"column":4},"end":{"line":22,"column":55}},"4":{"start":{"line":25,"column":0},"end":{"line":38,"column":2}},"5":{"start":{"line":26,"column":4},"end":{"line":28,"column":5}},"6":{"start":{"line":27,"column":8},"end":{"line":27,"column":15}},"7":{"start":{"line":30,"column":4},"end":{"line":34,"column":5}},"8":{"start":{"line":31,"column":8},"end":{"line":31,"column":48}},"9":{"start":{"line":32,"column":8},"end":{"line":32,"column":43}},"10":{"start":{"line":33,"column":8},"end":{"line":33,"column":15}},"11":{"start":{"line":36,"column":4},"end":{"line":36,"column":26}},"12":{"start":{"line":37,"column":4},"end":{"line":37,"column":39}},"13":{"start":{"line":40,"column":0},"end":{"line":46,"column":2}},"14":{"start":{"line":41,"column":4},"end":{"line":43,"column":5}},"15":{"start":{"line":42,"column":8},"end":{"line":42,"column":15}},"16":{"start":{"line":45,"column":4},"end":{"line":45,"column":39}},"17":{"start":{"line":48,"column":0},"end":{"line":55,"column":2}},"18":{"start":{"line":49,"column":4},"end":{"line":51,"column":5}},"19":{"start":{"line":50,"column":8},"end":{"line":50,"column":48}},"20":{"start":{"line":53,"column":4},"end":{"line":53,"column":41}},"21":{"start":{"line":54,"column":4},"end":{"line":54,"column":20}},"22":{"start":{"line":57,"column":0},"end":{"line":60,"column":2}},"23":{"start":{"line":58,"column":4},"end":{"line":58,"column":46}},"24":{"start":{"line":59,"column":4},"end":{"line":59,"column":41}},"25":{"start":{"line":62,"column":0},"end":{"line":64,"column":2}},"26":{"start":{"line":63,"column":4},"end":{"line":63,"column":39}},"27":{"start":{"line":66,"column":0},"end":{"line":72,"column":2}},"28":{"start":{"line":67,"column":4},"end":{"line":69,"column":5}},"29":{"start":{"line":68,"column":8},"end":{"line":68,"column":29}},"30":{"start":{"line":71,"column":4},"end":{"line":71,"column":71}},"31":{"start":{"line":74,"column":0},"end":{"line":85,"column":2}},"32":{"start":{"line":75,"column":4},"end":{"line":75,"column":21}},"33":{"start":{"line":77,"column":4},"end":{"line":82,"column":5}},"34":{"start":{"line":78,"column":8},"end":{"line":81,"column":9}},"35":{"start":{"line":79,"column":12},"end":{"line":80,"column":73}},"36":{"start":{"line":84,"column":4},"end":{"line":84,"column":18}},"37":{"start":{"line":87,"column":0},"end":{"line":124,"column":2}},"38":{"start":{"line":88,"column":4},"end":{"line":88,"column":12}},"39":{"start":{"line":91,"column":4},"end":{"line":93,"column":5}},"40":{"start":{"line":92,"column":8},"end":{"line":92,"column":35}},"41":{"start":
[...]
:445,"column":4},"end":{"line":445,"column":4}}]},"50":{"line":445,"type":"binary-expr","locations":[{"start":{"line":445,"column":8},"end":{"line":445,"column":11}},{"start":{"line":445,"column":15},"end":{"line":445,"column":27}}]},"51":{"line":449,"type":"if","locations":[{"start":{"line":449,"column":4},"end":{"line":449,"column":4}},{"start":{"line":449,"column":4},"end":{"line":449,"column":4}}]},"52":{"line":449,"type":"binary-expr","locations":[{"start":{"line":449,"column":8},"end":{"line":449,"column":13}},{"start":{"line":449,"column":17},"end":{"line":449,"column":33}}]},"53":{"line":451,"type":"if","locations":[{"start":{"line":451,"column":12},"end":{"line":451,"column":12}},{"start":{"line":451,"column":12},"end":{"line":451,"column":12}}]},"54":{"line":451,"type":"binary-expr","locations":[{"start":{"line":451,"column":16},"end":{"line":451,"column":41}},{"start":{"line":451,"column":45},"end":{"line":451,"column":65}}]},"55":{"line":455,"type":"if","locations":[{"start":{"line":455,"column":16},"end":{"line":455,"column":16}},{"start":{"line":455,"column":16},"end":{"line":455,"column":16}}]},"56":{"line":458,"type":"if","locations":[{"start":{"line":458,"column":20},"end":{"line":458,"column":20}},{"start":{"line":458,"column":20},"end":{"line":458,"column":20}}]},"57":{"line":462,"type":"if","locations":[{"start":{"line":462,"column":20},"end":{"line":462,"column":20}},{"start":{"line":462,"column":20},"end":{"line":462,"column":20}}]},"58":{"line":469,"type":"if","locations":[{"start":{"line":469,"column":16},"end":{"line":469,"column":16}},{"start":{"line":469,"column":16},"end":{"line":469,"column":16}}]},"59":{"line":476,"type":"binary-expr","locations":[{"start":{"line":476,"column":8},"end":{"line":476,"column":20}},{"start":{"line":476,"column":24},"end":{"line":476,"column":41}}]},"60":{"line":501,"type":"if","locations":[{"start":{"line":501,"column":4},"end":{"line":501,"column":4}},{"start":{"line":501,"column":4},"end":{"line":501,"column":4}}]},"61":{"line":501,"type":"binary-expr","locations":[{"start":{"line":501,"column":8},"end":{"line":501,"column":11}},{"start":{"line":501,"column":15},"end":{"line":501,"column":27}}]},"62":{"line":505,"type":"if","locations":[{"start":{"line":505,"column":4},"end":{"line":505,"column":4}},{"start":{"line":505,"column":4},"end":{"line":505,"column":4}}]},"63":{"line":505,"type":"binary-expr","locations":[{"start":{"line":505,"column":8},"end":{"line":505,"column":14}},{"start":{"line":505,"column":18},"end":{"line":505,"column":35}}]},"64":{"line":510,"type":"binary-expr","locations":[{"start":{"line":510,"column":8},"end":{"line":510,"column":20}},{"start":{"line":510,"column":24},"end":{"line":510,"column":41}}]},"65":{"line":524,"type":"if","locations":[{"start":{"line":524,"column":4},"end":{"line":524,"column":4}},{"start":{"line":524,"column":4},"end":{"line":524,"column":4}}]},"66":{"line":537,"type":"binary-expr","locations":[{"start":{"line":537,"column":26},"end":{"line":537,"column":45}},{"start":{"line":537,"column":49},"end":{"line":537,"column":51}}]},"67":{"line":538,"type":"binary-expr","locations":[{"start":{"line":538,"column":24},"end":{"line":538,"column":41}},{"start":{"line":538,"column":45},"end":{"line":538,"column":47}}]},"68":{"line":539,"type":"binary-expr","locations":[{"start":{"line":539,"column":23},"end":{"line":539,"column":39}},{"start":{"line":539,"column":43},"end":{"line":539,"column":45}}]},"69":{"line":540,"type":"binary-expr","locations":[{"start":{"line":540,"column":19},"end":{"line":540,"column":31}},{"start":{"line":540,"column":35},"end":{"line":540,"column":40}}]},"70":{"line":542,"type":"if","locations":[{"start":{"line":542,"column":4},"end":{"line":542,"column":4}},{"start":{"line":542,"column":4},"end":{"line":542,"column":4}}]},"71":{"line":546,"type":"binary-expr","locations":[{"start":{"line":546,"column":22},"end":{"line":546,"column":37}},{"start":{"line":546,"column":41},"end":{"line":546,"column":46}}]},"72":{"line":548,"type":"if","locations":[{"start":{"line":548,"column":4},"end":{"line":548,"column":4}},{"start":{"line":548,"column":4},"end":{"line":548,"column":4}}]},"73":{"line":561,"type":"if","locations":[{"start":{"line":561,"column":4},"end":{"line":561,"column":4}},{"start":{"line":561,"column":4},"end":{"line":561,"column":4}}]}},"l":{"16":0,"28":1,"29":0,"34":0,"89":0,"90":0,"95":0,"96":0,"97":0,"98":0,"99":0,"100":0,"101":0,"105":0,"106":0,"110":0,"112":0,"113":0,"116":0,"117":0,"118":0,"119":0,"121":0,"122":0,"125":0,"126":0,"128":0,"131":0,"132":0,"133":0,"135":0,"138":0,"140":0,"141":0,"142":0,"143":0,"147":0,"150":0,"151":0,"154":0,"159":0,"160":0,"161":0,"163":0,"171":0,"172":0,"173":0,"174":0,"175":0,"178":0,"182":0,"188":0,"189":0,"190":0,"191":0,"194":0,"196":0,"199":0,"200":0,"201":0,"202":0,"205":0,"207":0,"208":0,"211":0,"216":0,"217":0,"218":0,"220":0,"221":0,"224":0,"225":0,"226":0,"228":0,"231":0,"232":0,"233":0,"234":0,"237":0,"241":0,"242":0,"243":0,"244":0,"248":0,"251":0,"252":0,"253":0,"254":0,"257":0,"261":0,"262":0,"263":0,"265":0,"268":0,"269":0,"270":0,"271":0,"274":0,"278":0,"279":0,"280":0,"282":0,"285":0,"286":0,"287":0,"288":0,"291":0,"297":0,"298":0,"299":0,"300":0,"302":0,"303":0,"306":0,"307":0,"312":0,"313":0,"314":0,"319":0,"320":0,"321":0,"323":0,"324":0,"327":0,"329":0,"330":0,"331":0,"332":0,"335":0,"337":0,"338":0,"341":0,"347":0,"348":0,"351":0,"352":0,"353":0,"356":0,"357":0,"361":0,"368":0,"371":0,"372":0,"374":0,"379":0,"382":0,"383":0,"387":0,"393":0,"396":0,"397":0,"399":0,"404":0,"407":0,"408":0,"413":0,"419":0,"420":0,"421":0,"424":0,"425":0,"426":0,"429":0,"430":0,"434":0,"435":0,"439":0,"440":0,"445":0,"446":0,"449":0,"450":0,"451":0,"452":0,"453":0,"455":0,"456":0,"458":0,"459":0,"462":0,"463":0,"466":0,"469":0,"470":0,"476":0,"480":0,"481":0,"485":0,"492":0,"493":0,"497":0,"498":0,"501":0,"502":0,"505":0,"506":0,"507":0,"510":0,"514":0,"515":0,"519":0,"524":0,"525":0,"528":0,"531":0,"532":0,"537":0,"538":0,"539":0,"540":0,"542":0,"543":0,"546":0,"548":0,"549":0,"552":0,"561":0,"562":0,"563":0,"566":0,"569":0,"570":0,"574":0,"581":0,"584":0}},
"/home/travis/build/node-gh/gh/lib/cmds/track.js":{"path":"/home/travis/build/node-gh/gh/lib/cmds/track.js","s":{"1":0,"2":1,"3":0,"4":0,"5":0,"6":0,"7":0,"8":0,"9":0,"10":0,"11":0,"12":0,"13":0,"14":0,"15":0,"16":0,"17":0,"18":0,"19":0,"20":0,"21":0,"22":0,"23":0},"b":{"1":[0,0],"2":[0,0],"3":[0,0]},"f":{"1":0,"2":0,"3":0,"4":0,"5":0},"fnMap":{"1":{"name":"Track","line":18,"loc":{"start":{"line":18,"column":0},"end":{"line":18,"column":24}}},"2":{"name":"(anonymous_2)","line":43,"loc":{"start":{"line":43,"column":22},"end":{"line":43,"column":34}}},"3":{"name":"(anonymous_3)","line":57,"loc":{"start":{"line":57,"column":29},"end":{"line":57,"column":41}}},"4":{"name":"(anonymous_4)","line":71,"loc":{"start":{"line":71,"column":24},"end":{"line":71,"column":36}}},"5":{"name":"(anonymous_5)","line":75,"loc":{"start":{"line":75,"column":25},"end":{"line":75,"column":37}}}},"statementMap":{"1":{"start":{"line":13,"column":0},"end":{"line":14,"column":36}},"2":{"start":{"line":18,"column":0},"end":{"line":20,"column":1}},"3":{"start":{"line":19,"column":4},"end":{"line":19,"column":27}},"4":{"start":{"line":24,"column":0},"end":{"line":39,"column":2}},"5":{"start":{"line":43,"column":0},"end":{"line":55,"column":2}},"6":{"start":{"line":44,"column":4},"end":{"line":44,"column":31}},"7":{"start":{"line":46,"column":4},"end":{"line":48,"column":5}},"8":{"start":{"line":47,"column":8},"end":{"line":47,"column":21}},"9":{"start":{"line":50,"column":4},"end":{"line":52,"column":5}},"10":{"start":{"line":51,"column":8},"end":{"line":51,"column":22}},"11":{"start":{"line":54,"column":4},"end":{"line":54,"column":22}},"12":{"start":{"line":57,"column":0},"end":{"line":69,"column":2}},"13":{"start":{"line":58,"column":4},"end":{"line":60,"column":43}},"14":{"start":{"line":62,"column":4},"end":{"line":65,"column":5}},"15":{"start":{"line":63,"column":8},"end":{"line":63,"column":27}},"16":{"start":{"line":64,"column":8},"end":{"line":64,"column":24}},"17":{"start":{"line":67,"column":4},"end":{"line":67,"column":98}},"18":{"start":{"line":68,"column":4},"end":{"line":68,"column":90}},"19":{"start":{"line":71,"column":0},"end":{"line":73,"column":2}},"20":{"start":{"line":72,"column":4},"end":{"line":72,"column":27}},"21":{"start":{"line":75,"column":0},"end":{"line":77,"column":2}},"22":{"start":{"line":76,"column":4},"end":{"line":76,"column":26}},"23":{"start":{"line":79,"column":0},"end":{"line":79,"column":21}}},"branchMap":{"1":{"line":46,"type":"if","locations":[{"start":{"line":46,"column":4},"end":{"line":46,"column":4}},{"start":{"line":46,"column":4},"end":{"line":46,"column":4}}]},"2":{"line":50,"type":"if","locations":[{"start":{"line":50,"column":4},"end":{"line":50,"column":4}},{"start":{"line":50,"column":4},"end":{"line":50,"column":4}}]},"3":{"line":62,"type":"if","locations":[{"start":{"line":62,"column":4},"end":{"line":62,"column":4}},{"start":{"line":62,"column":4},"end":{"line":62,"column":4}}]}},"l":{"13":0,"18":1,"19":0,"24":0,"43":0,"44":0,"46":0,"47":0,"50":0,"51":0,"54":0,"57":0,"58":0,"62":0,"63":0,"64":0,"67":0,"68":0,"71":0,"72":0,"75":0,"76":0,"79":0}},
"/home/travis/build/node-gh/gh/lib/cmds/user.js":{"path":"/home/travis/build/node-gh/gh/lib/cmds/user.js","s":{"1":0,"2":1,"3":0,"4":0,"5":0,"6":0,"7":0,"8":0,"9":0,"10":0,"11":0,"12":0,"13":0,"14":0,"15":0,"16":0,"17":0,"18":0,"19":0,"20":0,"21":0,"22":0,"23":0,"24":0,"25":0,"26":0,"27":0,"28":0,"29":0,"30":0,"31":0,"32":0,"33":0,"34":0,"35":0,"36":0,"37":0,"38":0,"39":0,"40":0,"41":0,"42":0,"43":0,"44":0,"45":0,"46":0,"47":0,"48":0,"49":0,"50":0,"51":0,"52":0,"53":0,"54":0,"55":0,"56":0,"57":0,"58":0,"59":0},"b":{"1":[0,0],"2":[0,0],"3":[0,0],"4":[0,0],"5":[0,0],"6":[0,0],"7":[0,0,0],"8":[0,0],"9":[0,0],"10":[0,0],"11":[0,0],"12":[0,0],"13":[0,0],"14":[0,0],"15":[0,0]},"f":{"1":0,"2":0,"3":0,"4":0,"5":0,"6":0,"7":0,"8":0,"9":0,"10":0,"11":0,"12":0,"13":0,"14":0},"fnMap":{"1":{"name":"User","line":25,"loc":{"start":{"line":25,"column":0},"end":{"line":25,"column":23}}},"2":{"name":"(anonymous_2)","line":49,"loc":{"start":{"line":49,"column":13},"end":{"line":49,"column":41}}},"3":{"name":"(anonymous_3)","line":56,"loc":{"start":{"line":56,"column":21},"end":{"line":56,"column":33}}},"4":{"name":"(anonymous_4)","line":81,"loc":{"start":{"line":81,"column":17},"end":{"line":81,"column":29}}},"5":{"name":"(anonymous_5)","line":90,"loc":{"start":{"line":90,"column":30},"end":{"line":90,"column":56}}},"6":{"name":"(anonymous_6)","line":105,"loc":{"start":{"line":105,"column":27},"end":{"line":105,"column":51}}},"7":{"name":"(anonymous_7)","line":120,"loc":{"start":{"line":120,"column":11},"end":{"line":120,"column":30}}},"8":{"name":"(anonymous_8)","line":133,"loc":{"start":{"line":133,"column":54},"end":{"line":133,"column":74}}},"9":{"name":"(anonymous_9)","line":147,"loc":{"start":{"line":147,"column":22},"end":{"line":147,"column":34}}},"10":{"name":"(anonymous_10)","line":155,"loc":{"start":{"line":155,"column":13},"end":{"line":155,"column":37}}},"11":{"name":"(anonymous_11)","line":165,"loc":{"start":{"line":165,"column":14},"end":{"line":165,"column":26}}},"12":{"name":"(anonymous_12)","line":170,"loc":{"start":{"line":170,"column":31},"end":{"line":170,"column":70}}},"13":{"name":"(anonymous_13)","line":178,"loc":{"start":{"line":178,"column":11},"end":{"line":178,"column":29}}},"14":{"name":"(anonymous_14)","line":185,"loc":{"start":{"line":185,"column":54},"end":{"line":185,"column":74}}}},"statementMap":{"1":{"start":{"line":16,"column":0},"end":{"line":21,"column":33}},"2":{"start":{"line":25,"column":0},"end":{"line":27,"column":1}},"3":{"start":{"line":26,"column":4},"end":{"line":26,"column":27}},"4":{"start":{"line":31,"column":0},"end":{"line":52,"column":2}},"5":{"start":{"line":50,"column":8},"end":{"line":50,"column":29}},"6":{"start":{"line":56,"column":0},"end":{"line":77,"column":2}},"7":{"start":{"line":57,"column":4},"end":{"line":58,"column":35}},"8":{"start":{"line":60,"column":4},"end":{"line":60,"column":38}},"9":{"start":{"line":62,"column":4},"end":{"line":66,"column":5}},"10":{"start":{"line":63,"column":8},"end":{"line":65,"column":9}},"11":{"start":{"line":64,"column":12},"end":{"line":64,"column":84}},"12":{"start":{"line":68,"column":4},"end":{"line":72,"column":5}},"13":{"start":{"line":69,"column":8},"end":{"line":69,"column":79}},"14":{"start":{"line":71,"column":8},"end":{"line":71,"column":22}},"15":{"start":{"line":74,"column":4},"end":{"line":76,"column":5}},"16":{"start":{"line":75,"column":8},"end":{"line":75,"column":33}},"17":{"start":{"line":81,"column":0},"end":{"line":88,"column":2}},"18":{"start":{"line":82,"column":4},"end":{"line":82,"column":33}},"19":{"start":{"line":84,"column":4},"end":{"line":87,"column":7}},"20":{"start":{"line":90,"column":0},"end":{"line":103,"column":2}},"21":{"start":{"line":91,"column":4},"end":{"line":94,"column":5}},"22":{"start":{"line":92,"column":8},"end":{"line":92,"column":26}},"23":{"start":{"line":93,"column":8},"end":{"line":93,"column":15}},"24":{"start":{"line":96,"column":4},"end":{"line":100,"column":5}},"25":{"start":{"line":97,"column":8},"end":{"line":97,"column":62}},"26":{"start":{"line":99,"column":8},"end":{"line":99,"column":25}},"27":{"start":{"line":102,"column":4},"end":{"line":102,"column":42}},"28":{"start":{"line":105,"column":0},"end":{"line":145,"column":2}},"29":{"start":{"line":106,"column":4},"end":{"line":106,"column":100}},"30":{"start":{"line":108,"column":4},"end":{"line":144,"column":11}},"31":{"start":{"line":121,"column":12},"end":{"line":125,"column":14}},"32":{"start":{"line":127,"column":12},"end":{"line":131,"column":15}},"33":{"start":{"line":133,"column":12},"end":{"line":143,"column":15}},"34":{"start":{"line":134,"column":16},"end":{"line":134,"column":101}},"35":{"start":{"line":136,"column":16},"end":{"line":142,"column":17}},"36":{"start":{"line":137,"column":20},"end":{"line":137,"column":86}},"37":{"start":{"line":140,"column":20},"end":{"line":140,"column":72}},"38":{"start":{"line":141,"column":20},"end":{"line":141,"column":54}},"39":{"start":{"line":147,"column":0},"end":{"line":153,"column":2}},"40":{"start":{"line":148,"column":4},"end":{"line":150,"column":5}},"41":{"start":{"line":149,"column":8},"end":{"line":149,"column":20}},"42":{"start":{"line":152,"column":4},"end":{"line":152,"column":17}},"43":{"start":{"line":155,"column":0},"end":{"line":163,"column":2}},"44":{"start":{"line":156,"column":4},"end":{"line":162,"column":5}},"45":{"start":{"line":157,"column":8},"end":{"line":157,"column":25}},"46":{"start":{"line":158,"column":8},"end":{"line":158,"column":39}},"47":{"start":{"line":161,"column":8},"end":{"line":161,"column":47}},"48":{"start":{"line":165,"column":0},"end":{"line":168,"column":2}},"49":{"start":{"line":166,"column":4},"end":{"line":166,"column":46}},"50":{"start":{"line":167,"column":4},"end":{"line":167,"column":47}},"51":{"start":{"line":170,"column":0},"end":{"line":190,"column":2}},"52":{"start":{"line":171,"column":4},"end":{"line":189,"column":11}},"53":{"start":{"line":179,"column":12},"end":{"line":181,"column":13}},"54":{"start":{"line":180,"column":16},"end":{"line":180,"column":37}},"55":{"start":{"line":183,"column":12},"end":{"line":183,"column":57}},"56":{"start":{"line":185,"column":12},"end":{"line":188,"column":15}},"57":{"start":{"line":186,"column":16},"end":{"line":186,"column":60}},"58":{"start":{"line":187,"column":16},"end":{"line":187,"column":50}},"59":{"start":{"line":192,"column":0},"end":{"line":192,"column":20}}},"branchMap":{"1":{"line":62,"type":"if","locations":[{"start":{"line":62,"column":4},"end":{"line":62,"column":4}},{"start":{"line":62,"column":4},"end":{"line":62,"column":4}}]},"2":{"line":63,"type":"if","locations":[{"start":{"line":63,"column":8},"end":{"line":63,"column":8}},{"start":{"line":63,"column":8},"end":{"line":63,"column":8}}]},"3":{"line":68,"type":"if","locations":[{"start":{"line":68,"column":4},"end":{"line":68,"column":4}},{"start":{"line":68,"column":4},"end":{"line":68,"column":4}}]},"4":{"line":74,"type":"if","locations":[{"start":{"line":74,"column":4},"end":{"line":74,"column":4}},{"start":{"line":74,"column":4},"end":{"line":74,"column":4}}]},"5":{"line":91,"type":"if","locations":[{"start":{"line":91,"column":4},"end":{"line":91,"column":4}},{"start":{"line":91,"column":4},"end":{"line":91,"column":4}}]},"6":{"line":96,"type":"if","locations":[{"start":{"line":96,"column":4},"end":{"line":96,"column":4}},{"start":{"line":96,"column":4},"end":{"line":96,"column":4}}]},"7":{"line":134,"type":"binary-expr","locations":[{"start":{"line":134,"column":48},"end":{"line":134,"column":51}},{"start":{"line":134,"column":55},"end":{"line":134,"column":66}},{"start":{"line":134,"column":70},"end":{"line":134,"column":100}}]},"8":{"line":136,"type":"if","locations":[{"start":{"line":136,"column":16},"end":{"line":136,"column":16}},{"start":{"line":136,"column":16},"end":{"line":136,"column":16}}]},"9":{"line":141,"type":"binary-expr","locations":[{"start":{"line":141,"column":20},"end":{"line":141,"column":32}},{"start":{"line":141,"column":36},"end":{"line":141,"column":53}}]},"10":{"line":148,"type":"if","locations":[{"start":{"line":148,"column":4},"end":{"line":148,"column":4}},{"start":{"line":148,"column":4},"end":{"line":148,"column":4}}]},"11":{"line":148,"type":"binary-expr","locations":[{"start":{"line":148,"column":8},"end":{"line":148,"column":27}},{"start":{"line":148,"column":31},"end":{"line":148,"column":49}}]},"12":{"line":156,"type":"if","locations":[{"start":{"line":156,"column":4},"end":{"line":156,"column":4}},{"start":{"line":156,"column":4},"end":{"line":156,"column":4}}]},"13":{"line":158,"type":"binary-expr","locations":[{"start":{"line":158,"column":8},"end":{"line":158,"column":20}},{"start":{"line":158,"column":24},"end":{"line":158,"column":38}}]},"14":{"line":179,"type":"if","locations":[{"start":{"line":179,"column":12},"end":{"line":179,"column":12}},{"start":{"line":179,"column":12},"end":{"line":179,"column":12}}]},"15":{"line":187,"type":"binary-expr","locations":[{"start":{"line":187,"column":16},"end":{"line":187,"column":28}},{"start":{"line":187,"column":32},"end":{"line":187,"column":49}}]}},"l":{"16":0,"25":1,"26":0,"31":0,"50":0,"56":0,"57":0,"60":0,"62":0,"63":0,"64":0,"68":0,"69":0,"71":0,"74":0,"75":0,"81":0,"82":0,"84":0,"90":0,"91":0,"92":0,"93":0,"96":0,"97":0,"99":0,"102":0,"105":0,"106":0,"108":0,"121":0,"127":0,"133":0,"134":0,"136":0,"137":0,"140":0,"141":0,"147":0,"148":0,"149":0,"152":0,"155":0,"156":0,"157":0,"158":0,"161":0,"165":0,"166":0,"167":0,"170":0,"171":0,"179":0,"180":0,"183":0,"185":0,"186":0,"187":0,"192":0}},
"/home/travis/build/node-gh/gh/lib/cmds/version.js":{"path":"/home/travis/build/node-gh/gh/lib/cmds/version.js","s":{"1":1,"2":1,"3":1,"4":1,"5":1,"6":1,"7":1,"8":1},"b":{},"f":{"1":2,"2":1,"3":1},"fnMap":{"1":{"name":"Version","line":15,"loc":{"start":{"line":15,"column":0},"end":{"line":15,"column":19}}},"2":{"name":"(anonymous_2)","line":23,"loc":{"start":{"line":23,"column":24},"end":{"line":23,"column":36}}},"3":{"name":"(anonymous_3)","line":27,"loc":{"start":{"line":27,"column":33},"end":{"line":27,"column":48}}}},"statementMap":{"1":{"start":{"line":12,"column":0},"end":{"line":13,"column":34}},"2":{"start":{"line":15,"column":0},"end":{"line":16,"column":1}},"3":{"start":{"line":18,"column":0},"end":{"line":21,"column":2}},"4":{"start":{"line":23,"column":0},"end":{"line":25,"column":2}},"5":{"start":{"line":24,"column":4},"end":{"line":24,"column":46}},"6":{"start":{"line":27,"column":0},"end":{"line":29,"column":2}},"7":{"start":{"line":28,"column":4},"end":{"line":28,"column":45}},"8":{"start":{"line":31,"column":0},"end":{"line":31,"column":23}}},"branchMap":{},"l":{"12":1,"15":1,"18":1,"23":1,"24":1,"27":1,"28":1,"31":1}}}
