{
"/home/travis/build/node-gh/gh/lib/base.js":{"path":"/home/travis/build/node-gh/gh/lib/base.js","s":{"1":1,"2":1,"3":0,"4":1,"5":0,"6":0,"7":1,"8":1,"9":0,"10":0,"11":0,"12":0,"13":0,"14":0,"15":1,"16":0,"17":0,"18":0,"19":1,"20":0,"21":1,"22":0,"23":0,"24":0,"25":0,"26":0,"27":1,"28":0,"29":0,"30":1,"31":0,"32":1,"33":1},"b":{"1":[0,0],"2":[0,0],"3":[0,0],"4":[0,0],"5":[0,0],"6":[0,0],"7":[0,0]},"f":{"1":0,"2":0,"3":0,"4":0,"5":0,"6":0,"7":0,"8":0,"9":0,"10":0,"11":0},"fnMap":{"1":{"name":"(anonymous_1)","line":11,"loc":{"start":{"line":11,"column":16},"end":{"line":11,"column":28}}},"2":{"name":"(anonymous_2)","line":17,"loc":{"start":{"line":17,"column":15},"end":{"line":17,"column":26}}},"3":{"name":"(anonymous_3)","line":29,"loc":{"start":{"line":29,"column":28},"end":{"line":29,"column":47}}},"4":{"name":"async","line":30,"loc":{"start":{"line":30,"column":4},"end":{"line":30,"column":30}}},"5":{"name":"(anonymous_5)","line":40,"loc":{"start":{"line":40,"column":33},"end":{"line":40,"column":50}}},"6":{"name":"(anonymous_6)","line":45,"loc":{"start":{"line":45,"column":24},"end":{"line":45,"column":38}}},"7":{"name":"(anonymous_7)","line":53,"loc":{"start":{"line":53,"column":23},"end":{"line":53,"column":34}}},"8":{"name":"(anonymous_8)","line":57,"loc":{"start":{"line":57,"column":24},"end":{"line":57,"column":42}}},"9":{"name":"(anonymous_9)","line":67,"loc":{"start":{"line":67,"column":15},"end":{"line":67,"column":47}}},"10":{"name":"(anonymous_10)","line":68,"loc":{"start":{"line":68,"column":43},"end":{"line":68,"column":58}}},"11":{"name":"(anonymous_11)","line":73,"loc":{"start":{"line":73,"column":18},"end":{"line":73,"column":29}}}},"statementMap":{"1":{"start":{"line":3,"column":0},"end":{"line":7,"column":47}},"2":{"start":{"line":11,"column":0},"end":{"line":13,"column":1}},"3":{"start":{"line":12,"column":4},"end":{"line":12,"column":40}},"4":{"start":{"line":17,"column":0},"end":{"line":27,"column":1}},"5":{"start":{"line":18,"column":4},"end":{"line":18,"column":36}},"6":{"start":{"line":20,"column":4},"end":{"line":26,"column":6}},"7":{"start":{"line":29,"column":0},"end":{"line":43,"column":1}},"8":{"start":{"line":30,"column":4},"end":{"line":36,"column":5}},"9":{"start":{"line":31,"column":8},"end":{"line":33,"column":9}},"10":{"start":{"line":32,"column":12},"end":{"line":32,"column":21}},"11":{"start":{"line":35,"column":8},"end":{"line":35,"column":34}},"12":{"start":{"line":38,"column":4},"end":{"line":38,"column":66}},"13":{"start":{"line":40,"column":4},"end":{"line":42,"column":6}},"14":{"start":{"line":41,"column":8},"end":{"line":41,"column":97}},"15":{"start":{"line":45,"column":0},"end":{"line":51,"column":1}},"16":{"start":{"line":46,"column":4},"end":{"line":46,"column":47}},"17":{"start":{"line":48,"column":4},"end":{"line":50,"column":5}},"18":{"start":{"line":49,"column":8},"end":{"line":49,"column":25}},"19":{"start":{"line":53,"column":0},"end":{"line":55,"column":1}},"20":{"start":{"line":54,"column":4},"end":{"line":54,"column":52}},"21":{"start":{"line":57,"column":0},"end":{"line":65,"column":1}},"22":{"start":{"line":58,"column":4},"end":{"line":58,"column":36}},"23":{"start":{"line":60,"column":4},"end":{"line":64,"column":5}},"24":{"start":{"line":61,"column":8},"end":{"line":61,"column":62}},"25":{"start":{"line":62,"column":8},"end":{"line":62,"column":71}},"26":{"start":{"line":63,"column":8},"end":{"line":63,"column":65}},"27":{"start":{"line":67,"column":0},"end":{"line":71,"column":1}},"28":{"start":{"line":68,"column":4},"end":{"line":70,"column":6}},"29":{"start":{"line":69,"column":8},"end":{"line":69,"column":47}},"30":{"start":{"line":73,"column":0},"end":{"line":75,"column":1}},"31":{"start":{"line":74,"column":4},"end":{"line":74,"column":42}},"32":{"start":{"line":78,"column":0},"end":{"line":78,"column":37}},"33":{"start":{"line":79,"column":0},"end":{"line":79,"column":53}}},"branchMap":{"1":{"line":31,"type":"if","locations":[{"start":{"line":31,"column":8},"end":{"line":31,"column":8}},{"start":{"line":31,"column":8},"end":{"line":31,"column":8}}]},"2":{"line":48,"type":"if","locations":[{"start":{"line":48,"column":4},"end":{"line":48,"column":4}},{"start":{"line":48,"column":4},"end":{"line":48,"column":4}}]},"3":{"line":60,"type":"if","locations":[{"start":{"line":60,"column":4},"end":{"line":60,"column":4}},{"start":{"line":60,"column":4},"end":{"line":60,"column":4}}]},"4":{"line":61,"type":"binary-expr","locations":[{"start":{"line":61,"column":22},"end":{"line":61,"column":47}},{"start":{"line":61,"column":51},"end":{"line":61,"column":62}}]},"5":{"line":62,"type":"binary-expr","locations":[{"start":{"line":62,"column":25},"end":{"line":62,"column":53}},{"start":{"line":62,"column":57},"end":{"line":62,"column":71}}]},"6":{"line":63,"type":"binary-expr","locations":[{"start":{"line":63,"column":23},"end":{"line":63,"column":49}},{"start":{"line":63,"column":53},"end":{"line":63,"column":65}}]},"7":{"line":69,"type":"binary-expr","locations":[{"start":{"line":69,"column":16},"end":{"line":69,"column":27}},{"start":{"line":69,"column":31},"end":{"line":69,"column":35}}]}},"l":{"3":1,"11":1,"12":0,"17":1,"18":0,"20":0,"29":1,"30":1,"31":0,"32":0,"35":0,"38":0,"40":0,"41":0,"45":1,"46":0,"48":0,"49":0,"53":1,"54":0,"57":1,"58":0,"60":0,"61":0,"62":0,"63":0,"67":1,"68":0,"69":0,"73":1,"74":0,"78":1,"79":1}},
"/home/travis/build/node-gh/gh/lib/cmd-anonymizer.js":{"path":"/home/travis/build/node-gh/gh/lib/cmd-anonymizer.js","s":{"1":1,"2":0,"3":0,"4":0,"5":0,"6":0,"7":0,"8":0,"9":0,"10":0,"11":0,"12":0,"13":0,"14":0,"15":0,"16":0,"17":0,"18":0,"19":0,"20":0,"21":0,"22":0,"23":0,"24":0,"25":0,"26":0,"27":0,"28":0,"29":0,"30":0,"31":0,"32":0,"33":0,"34":0,"35":0,"36":0,"37":0,"38":0,"39":0,"40":0,"41":0,"42":0,"43":0,"44":0,"45":0,"46":0,"47":0},"b":{"1":[0,0,0,0,0,0],"2":[0,0],"3":[0,0],"4":[0,0],"5":[0,0],"6":[0,0],"7":[0,0],"8":[0,0],"9":[0,0],"10":[0,0],"11":[0,0,0]},"f":{"1":0,"2":0,"3":0,"4":0,"5":0,"6":0,"7":0,"8":0},"fnMap":{"1":{"name":"CmdAnonymizer","line":3,"loc":{"start":{"line":3,"column":0},"end":{"line":3,"column":50}}},"2":{"name":"(anonymous_2)","line":11,"loc":{"start":{"line":11,"column":42},"end":{"line":11,"column":57}}},"3":{"name":"(anonymous_3)","line":15,"loc":{"start":{"line":15,"column":40},"end":{"line":15,"column":64}}},"4":{"name":"(anonymous_4)","line":26,"loc":{"start":{"line":26,"column":43},"end":{"line":26,"column":68}}},"5":{"name":"(anonymous_5)","line":31,"loc":{"start":{"line":31,"column":24},"end":{"line":31,"column":39}}},"6":{"name":"(anonymous_6)","line":36,"loc":{"start":{"line":36,"column":35},"end":{"line":36,"column":50}}},"7":{"name":"(anonymous_7)","line":78,"loc":{"start":{"line":78,"column":34},"end":{"line":78,"column":48}}},"8":{"name":"(anonymous_8)","line":88,"loc":{"start":{"line":88,"column":42},"end":{"line":88,"column":56}}}},"statementMap":{"1":{"start":{"line":3,"column":0},"end":{"line":9,"column":1}},"2":{"start":{"line":4,"column":4},"end":{"line":4,"column":20}},"3":{"start":{"line":5,"column":4},"end":{"line":5,"column":21}},"4":{"start":{"line":6,"column":4},"end":{"line":6,"column":30}},"5":{"start":{"line":7,"column":4},"end":{"line":7,"column":41}},"6":{"start":{"line":8,"column":4},"end":{"line":8,"column":47}},"7":{"start":{"line":11,"column":0},"end":{"line":13,"column":1}},"8":{"start":{"line":12,"column":4},"end":{"line":12,"column":37}},"9":{"start":{"line":15,"column":0},"end":{"line":24,"column":1}},"10":{"start":{"line":16,"column":4},"end":{"line":17,"column":36}},"11":{"start":{"line":19,"column":4},"end":{"line":23,"column":5}},"12":{"start":{"line":26,"column":0},"end":{"line":34,"column":1}},"13":{"start":{"line":27,"column":4},"end":{"line":29,"column":5}},"14":{"start":{"line":28,"column":8},"end":{"line":28,"column":49}},"15":{"start":{"line":31,"column":4},"end":{"line":33,"column":12}},"16":{"start":{"line":32,"column":8},"end":{"line":32,"column":68}},"17":{"start":{"line":36,"column":0},"end":{"line":76,"column":1}},"18":{"start":{"line":37,"column":4},"end":{"line":38,"column":43}},"19":{"start":{"line":40,"column":4},"end":{"line":44,"column":5}},"20":{"start":{"line":41,"column":8},"end":{"line":41,"column":31}},"21":{"start":{"line":42,"column":8},"end":{"line":42,"column":23}},"22":{"start":{"line":43,"column":8},"end":{"line":43,"column":14}},"23":{"start":{"line":46,"column":4},"end":{"line":50,"column":5}},"24":{"start":{"line":47,"column":8},"end":{"line":47,"column":31}},"25":{"start":{"line":48,"column":8},"end":{"line":48,"column":40}},"26":{"start":{"line":49,"column":8},"end":{"line":49,"column":14}},"27":{"start":{"line":52,"column":4},"end":{"line":56,"column":5}},"28":{"start":{"line":53,"column":8},"end":{"line":53,"column":31}},"29":{"start":{"line":54,"column":8},"end":{"line":54,"column":23}},"30":{"start":{"line":55,"column":8},"end":{"line":55,"column":14}},"31":{"start":{"line":58,"column":4},"end":{"line":62,"column":5}},"32":{"start":{"line":59,"column":8},"end":{"line":59,"column":31}},"33":{"start":{"line":60,"column":8},"end":{"line":60,"column":29}},"34":{"start":{"line":61,"column":8},"end":{"line":61,"column":14}},"35":{"start":{"line":64,"column":4},"end":{"line":72,"column":5}},"36":{"start":{"line":69,"column":8},"end":{"line":69,"column":31}},"37":{"start":{"line":70,"column":8},"end":{"line":70,"column":29}},"38":{"start":{"line":71,"column":8},"end":{"line":71,"column":14}},"39":{"start":{"line":74,"column":4},"end":{"line":74,"column":37}},"40":{"start":{"line":75,"column":4},"end":{"line":75,"column":25}},"41":{"start":{"line":78,"column":0},"end":{"line":86,"column":1}},"42":{"start":{"line":81,"column":4},"end":{"line":81,"column":34}},"43":{"start":{"line":83,"column":4},"end":{"line":83,"column":36}},"44":{"start":{"line":85,"column":4},"end":{"line":85,"column":23}},"45":{"start":{"line":88,"column":0},"end":{"line":90,"column":1}},"46":{"start":{"line":89,"column":4},"end":{"line":89,"column":38}},"47":{"start":{"line":92,"column":0},"end":{"line":92,"column":30}}},"branchMap":{"1":{"line":20,"type":"binary-expr","locations":[{"start":{"line":20,"column":9},"end":{"line":20,"column":32}},{"start":{"line":20,"column":36},"end":{"line":20,"column":64}},{"start":{"line":21,"column":9},"end":{"line":21,"column":27}},{"start":{"line":21,"column":31},"end":{"line":21,"column":75}},{"start":{"line":22,"column":9},"end":{"line":22,"column":35}},{"start":{"line":22,"column":39},"end":{"line":22,"column":55}}]},"2":{"line":27,"type":"if","locations":[{"start":{"line":27,"column":4},"end":{"line":27,"column":4}},{"start":{"line":27,"column":4},"end":{"line":27,"column":4}}]},"3":{"line":40,"type":"if","locations":[{"start":{"line":40,"column":4},"end":{"line":40,"column":4}},{"start":{"line":40,"column":4},"end":{"line":40,"column":4}}]},"4":{"line":46,"type":"if","locations":[{"start":{"line":46,"column":4},"end":{"line":46,"column":4}},{"start":{"line":46,"column":4},"end":{"line":46,"column":4}}]},"5":{"line":46,"type":"binary-expr","locations":[{"start":{"line":46,"column":8},"end":{"line":46,"column":23}},{"start":{"line":46,"column":27},"end":{"line":46,"column":47}}]},"6":{"line":52,"type":"if","locations":[{"start":{"line":52,"column":4},"end":{"line":52,"column":4}},{"start":{"line":52,"column":4},"end":{"line":52,"column":4}}]},"7":{"line":52,"type":"binary-expr","locations":[{"start":{"line":52,"column":8},"end":{"line":52,"column":20}},{"start":{"line":52,"column":24},"end":{"line":52,"column":41}}]},"8":{"line":58,"type":"if","locations":[{"start":{"line":58,"column":4},"end":{"line":58,"column":4}},{"start":{"line":58,"column":4},"end":{"line":58,"column":4}}]},"9":{"line":58,"type":"binary-expr","locations":[{"start":{"line":58,"column":8},"end":{"line":58,"column":20}},{"start":{"line":58,"column":24},"end":{"line":58,"column":62}}]},"10":{"line":64,"type":"if","locations":[{"start":{"line":64,"column":4},"end":{"line":64,"column":4}},{"start":{"line":64,"column":4},"end":{"line":64,"column":4}}]},"11":{"line":65,"type":"binary-expr","locations":[{"start":{"line":65,"column":8},"end":{"line":65,"column":20}},{"start":{"line":66,"column":8},"end":{"line":66,"column":48}},{"start":{"line":67,"column":8},"end":{"line":67,"column":52}}]}},"l":{"3":1,"4":0,"5":0,"6":0,"7":0,"8":0,"11":0,"12":0,"15":0,"16":0,"19":0,"26":0,"27":0,"28":0,"31":0,"32":0,"36":0,"37":0,"40":0,"41":0,"42":0,"43":0,"46":0,"47":0,"48":0,"49":0,"52":0,"53":0,"54":0,"55":0,"58":0,"59":0,"60":0,"61":0,"64":0,"69":0,"70":0,"71":0,"74":0,"75":0,"78":0,"81":0,"83":0,"85":0,"88":0,"89":0,"92":0}},
"/home/travis/build/node-gh/gh/lib/cmd.js":{"path":"/home/travis/build/node-gh/gh/lib/cmd.js","s":{"1":0,"2":0,"3":1,"4":0,"5":0,"6":0,"7":0,"8":1,"9":0,"10":0,"11":0,"12":0,"13":0,"14":1,"15":0,"16":0,"17":0,"18":0,"19":0,"20":0,"21":0,"22":0,"23":0,"24":0,"25":0,"26":0,"27":0,"28":0,"29":1,"30":0,"31":0,"32":0,"33":0,"34":0,"35":0,"36":0,"37":0,"38":0,"39":0,"40":0,"41":0,"42":0,"43":0,"44":0,"45":0,"46":0,"47":0,"48":0,"49":0,"50":0,"51":0,"52":0,"53":0,"54":0,"55":0,"56":0,"57":0,"58":0,"59":0,"60":0,"61":0,"62":0,"63":0,"64":0,"65":0,"66":0,"67":0,"68":0,"69":0,"70":0,"71":0,"72":0,"73":0,"74":0,"75":0,"76":0,"77":0,"78":0,"79":0,"80":0,"81":0,"82":0,"83":0,"84":0,"85":0,"86":0,"87":0,"88":0,"89":0,"90":0,"91":0,"92":0,"93":0,"94":0},"b":{"1":[0,0],"2":[0,0],"3":[0,0],"4":[0,0],"5":[0,0],"6":[0,0],"7":[0,0],"8":[0,0],"9":[0,0],"10":[0,0,0],"11":[0,0],"12":[0,0],"13":[0,0],"14":[0,0],"15":[0,0],"16":[0,0],"17":[0,0],"18":[0,0],"19":[0,0],"20":[0,0],"21":[0,0],"22":[0,0],"23":[0,0],"24":[0,0]},"f":{"1":0,"2":0,"3":0,"4":0,"5":0,"6":0,"7":0,"8":0,"9":0,"10":0,"11":0,"12":0},"fnMap":{"1":{"name":"hasCommandInOptions","line":20,"loc":{"start":{"line":20,"column":0},"end":{"line":20,"column":48}}},"2":{"name":"(anonymous_2)","line":22,"loc":{"start":{"line":22,"column":29},"end":{"line":22,"column":41}}},"3":{"name":"invokePayload","line":30,"loc":{"start":{"line":30,"column":0},"end":{"line":30,"column":57}}},"4":{"name":"findCommand","line":40,"loc":{"start":{"line":40,"column":0},"end":{"line":40,"column":27}}},"5":{"name":"(anonymous_5)","line":50,"loc":{"start":{"line":50,"column":27},"end":{"line":50,"column":42}}},"6":{"name":"loadCommand","line":66,"loc":{"start":{"line":66,"column":0},"end":{"line":66,"column":27}}},"7":{"name":"(anonymous_7)","line":88,"loc":{"start":{"line":88,"column":16},"end":{"line":88,"column":27}}},"8":{"name":"(anonymous_8)","line":97,"loc":{"start":{"line":97,"column":20},"end":{"line":97,"column":39}}},"9":{"name":"(anonymous_9)","line":103,"loc":{"start":{"line":103,"column":20},"end":{"line":103,"column":39}}},"10":{"name":"(anonymous_10)","line":136,"loc":{"start":{"line":136,"column":29},"end":{"line":136,"column":40}}},"11":{"name":"(anonymous_11)","line":166,"loc":{"start":{"line":166,"column":32},"end":{"line":166,"column":48}}},"12":{"name":"(anonymous_12)","line":180,"loc":{"start":{"line":180,"column":14},"end":{"line":180,"column":25}}}},"statementMap":{"1":{"start":{"line":5,"column":0},"end":{"line":5,"column":25}},"2":{"start":{"line":7,"column":0},"end":{"line":16,"column":32}},"3":{"start":{"line":20,"column":0},"end":{"line":28,"column":1}},"4":{"start":{"line":21,"column":4},"end":{"line":25,"column":5}},"5":{"start":{"line":22,"column":8},"end":{"line":24,"column":10}},"6":{"start":{"line":23,"column":12},"end":{"line":23,"column":43}},"7":{"start":{"line":27,"column":4},"end":{"line":27,"column":16}},"8":{"start":{"line":30,"column":0},"end":{"line":38,"column":1}},"9":{"start":{"line":31,"column":4},"end":{"line":31,"column":15}},"10":{"start":{"line":33,"column":4},"end":{"line":37,"column":5}},"11":{"start":{"line":34,"column":8},"end":{"line":34,"column":33}},"12":{"start":{"line":35,"column":8},"end":{"line":35,"column":23}},"13":{"start":{"line":36,"column":8},"end":{"line":36,"column":49}},"14":{"start":{"line":40,"column":0},"end":{"line":64,"column":1}},"15":{"start":{"line":41,"column":4},"end":{"line":41,"column":54}},"16":{"start":{"line":43,"column":4},"end":{"line":43,"column":45}},"17":{"start":{"line":44,"column":4},"end":{"line":44,"column":53}},"18":{"start":{"line":46,"column":4},"end":{"line":61,"column":5}},"19":{"start":{"line":47,"column":8},"end":{"line":47,"column":43}},"20":{"start":{"line":49,"column":8},"end":{"line":49,"column":54}},"21":{"start":{"line":50,"column":8},"end":{"line":60,"column":10}},"22":{"start":{"line":51,"column":12},"end":{"line":51,"column":53}},"23":{"start":{"line":52,"column":12},"end":{"line":52,"column":47}},"24":{"start":{"line":54,"column":12},"end":{"line":56,"column":13}},"25":{"start":{"line":55,"column":16},"end":{"line":55,"column":28}},"26":{"start":{"line":58,"column":12},"end":{"line":58,"column":26}},"27":{"start":{"line":59,"column":12},"end":{"line":59,"column":23}},"28":{"start":{"line":63,"column":4},"end":{"line":63,"column":18}},"29":{"start":{"line":66,"column":0},"end":{"line":86,"column":1}},"30":{"start":{"line":67,"column":4},"end":{"line":68,"column":14}},"31":{"start":{"line":71,"column":4},"end":{"line":83,"column":5}},"32":{"start":{"line":72,"column":8},"end":{"line":76,"column":9}},"33":{"start":{"line":73,"column":12},"end":{"line":73,"column":44}},"34":{"start":{"line":75,"column":12},"end":{"line":75,"column":23}},"35":{"start":{"line":78,"column":8},"end":{"line":78,"column":29}},"36":{"start":{"line":82,"column":8},"end":{"line":82,"column":40}},"37":{"start":{"line":85,"column":4},"end":{"line":85,"column":18}},"38":{"start":{"line":88,"column":0},"end":{"line":178,"column":1}},"39":{"start":{"line":89,"column":4},"end":{"line":95,"column":35}},"40":{"start":{"line":97,"column":4},"end":{"line":101,"column":6}},"41":{"start":{"line":98,"column":8},"end":{"line":98,"column":27}},"42":{"start":{"line":100,"column":8},"end":{"line":100,"column":18}},"43":{"start":{"line":103,"column":4},"end":{"line":134,"column":6}},"44":{"start":{"line":104,"column":8},"end":{"line":104,"column":30}},"45":{"start":{"line":106,"column":8},"end":{"line":110,"column":9}},"46":{"start":{"line":107,"column":12},"end":{"line":107,"column":30}},"47":{"start":{"line":108,"column":15},"end":{"line":110,"column":9}},"48":{"start":{"line":109,"column":12},"end":{"line":109,"column":27}},"49":{"start":{"line":112,"column":8},"end":{"line":112,"column":37}},"50":{"start":{"line":114,"column":8},"end":{"line":117,"column":9}},"51":{"start":{"line":115,"column":12},"end":{"line":115,"column":45}},"52":{"start":{"line":116,"column":12},"end":{"line":116,"column":18}},"53":{"start":{"line":119,"column":8},"end":{"line":119,"column":92}},"54":{"start":{"line":121,"column":8},"end":{"line":121,"column":45}},"55":{"start":{"line":123,"column":8},"end":{"line":123,"column":36}},"56":{"start":{"line":124,"column":8},"end":{"line":124,"column":36}},"57":{"start":{"line":126,"column":8},"end":{"line":126,"column":54}},"58":{"start":{"line":127,"column":8},"end":{"line":127,"column":64}},"59":{"start":{"line":129,"column":8},"end":{"line":133,"column":9}},"60":{"start":{"line":130,"column":12},"end":{"line":130,"column":22}},"61":{"start":{"line":132,"column":12},"end":{"line":132,"column":32}},"62":{"start":{"line":136,"column":4},"end":{"line":177,"column":6}},"63":{"start":{"line":137,"column":8},"end":{"line":138,"column":56}},"64":{"start":{"line":140,"column":8},"end":{"line":140,"column":26}},"65":{"start":{"line":141,"column":8},"end":{"line":141,"column":55}},"66":{"start":{"line":142,"column":8},"end":{"line":142,"column":57}},"67":{"start":{"line":143,"column":8},"end":{"line":143,"column":43}},"68":{"start":{"line":144,"column":8},"end":{"line":144,"column":64}},"69":{"start":{"line":146,"column":8},"end":{"line":152,"column":9}},"70":{"start":{"line":147,"column":12},"end":{"line":151,"column":13}},"71":{"start":{"line":148,"column":16},"end":{"line":148,"column":49}},"72":{"start":{"line":150,"column":16},"end":{"line":150,"column":71}},"73":{"start":{"line":154,"column":8},"end":{"line":154,"column":74}},"74":{"start":{"line":155,"column":8},"end":{"line":155,"column":79}},"75":{"start":{"line":157,"column":8},"end":{"line":157,"column":35}},"76":{"start":{"line":158,"column":8},"end":{"line":158,"column":48}},"77":{"start":{"line":159,"column":8},"end":{"line":159,"column":58}},"78":{"start":{"line":164,"column":8},"end":{"line":164,"column":59}},"79":{"start":{"line":166,"column":8},"end":{"line":176,"column":10}},"80":{"start":{"line":167,"column":12},"end":{"line":167,"column":41}},"81":{"start":{"line":171,"column":12},"end":{"line":171,"column":38}},"82":{"start":{"line":173,"column":12},"end":{"line":173,"column":59}},"83":{"start":{"line":175,"column":12},"end":{"line":175,"column":38}},"84":{"start":{"line":180,"column":0},"end":{"line":200,"column":1}},"85":{"start":{"line":181,"column":4},"end":{"line":183,"column":5}},"86":{"start":{"line":182,"column":8},"end":{"line":182,"column":36}},"87":{"start":{"line":185,"column":4},"end":{"line":185,"column":15}},"88":{"start":{"line":186,"column":4},"end":{"line":186,"column":23}},"89":{"start":{"line":189,"column":4},"end":{"line":191,"column":5}},"90":{"start":{"line":190,"column":8},"end":{"line":190,"column":42}},"91":{"start":{"line":193,"column":4},"end":{"line":199,"column":5}},"92":{"start":{"line":194,"column":8},"end":{"line":194,"column":57}},"93":{"start":{"line":196,"column":8},"end":{"line":196,"column":20}},"94":{"start":{"line":198,"column":8},"end":{"line":198,"column":35}}},"branchMap":{"1":{"line":21,"type":"if","locations":[{"start":{"line":21,"column":4},"end":{"line":21,"column":4}},{"start":{"line":21,"column":4},"end":{"line":21,"column":4}}]},"2":{"line":33,"type":"if","locations":[{"start":{"line":33,"column":4},"end":{"line":33,"column":4}},{"start":{"line":33,"column":4},"end":{"line":33,"column":4}}]},"3":{"line":33,"type":"binary-expr","locations":[{"start":{"line":33,"column":8},"end":{"line":33,"column":31}},{"start":{"line":33,"column":35},"end":{"line":33,"column":90}}]},"4":{"line":46,"type":"if","locations":[{"start":{"line":46,"column":4},"end":{"line":46,"column":4}},{"start":{"line":46,"column":4},"end":{"line":46,"column":4}}]},"5":{"line":54,"type":"if","locations":[{"start":{"line":54,"column":12},"end":{"line":54,"column":12}},{"start":{"line":54,"column":12},"end":{"line":54,"column":12}}]},"6":{"line":71,"type":"if","locations":[{"start":{"line":71,"column":4},"end":{"line":71,"column":4}},{"start":{"line":71,"column":4},"end":{"line":71,"column":4}}]},"7":{"line":106,"type":"if","locations":[{"start":{"line":106,"column":8},"end":{"line":106,"column":8}},{"start":{"line":106,"column":8},"end":{"line":106,"column":8}}]},"8":{"line":106,"type":"binary-expr","locations":[{"start":{"line":106,"column":12},"end":{"line":106,"column":37}},{"start":{"line":106,"column":41},"end":{"line":106,"column":59}}]},"9":{"line":108,"type":"if","locations":[{"start":{"line":108,"column":15},"end":{"line":108,"column":15}},{"start":{"line":108,"column":15},"end":{"line":108,"column":15}}]},"10":{"line":108,"type":"binary-expr","locations":[{"start":{"line":108,"column":19},"end":{"line":108,"column":33}},{"start":{"line":108,"column":37},"end":{"line":108,"column":62}},{"start":{"line":108,"column":66},"end":{"line":108,"column":95}}]},"11":{"line":114,"type":"if","locations":[{"start":{"line":114,"column":8},"end":{"line":114,"column":8}},{"start":{"line":114,"column":8},"end":{"line":114,"column":8}}]},"12":{"line":126,"type":"binary-expr","locations":[{"start":{"line":126,"column":25},"end":{"line":126,"column":39}},{"start":{"line":126,"column":43},"end":{"line":126,"column":54}}]},"13":{"line":127,"type":"binary-expr","locations":[{"start":{"line":127,"column":25},"end":{"line":127,"column":39}},{"start":{"line":127,"column":43},"end":{"line":127,"column":64}}]},"14":{"line":129,"type":"if","locations":[{"start":{"line":129,"column":8},"end":{"line":129,"column":8}},{"start":{"line":129,"column":8},"end":{"line":129,"column":8}}]},"15":{"line":146,"type":"if","locations":[{"start":{"line":146,"column":8},"end":{"line":146,"column":8}},{"start":{"line":146,"column":8},"end":{"line":146,"column":8}}]},"16":{"line":147,"type":"if","locations":[{"start":{"line":147,"column":12},"end":{"line":147,"column":12}},{"start":{"line":147,"column":12},"end":{"line":147,"column":12}}]},"17":{"line":147,"type":"binary-expr","locations":[{"start":{"line":147,"column":16},"end":{"line":147,"column":28}},{"start":{"line":147,"column":32},"end":{"line":147,"column":43}}]},"18":{"line":150,"type":"binary-expr","locations":[{"start":{"line":150,"column":31},"end":{"line":150,"column":49}},{"start":{"line":150,"column":53},"end":{"line":150,"column":71}}]},"19":{"line":154,"type":"binary-expr","locations":[{"start":{"line":154,"column":23},"end":{"line":154,"column":35}},{"start":{"line":154,"column":39},"end":{"line":154,"column":74}}]},"20":{"line":155,"type":"binary-expr","locations":[{"start":{"line":155,"column":32},"end":{"line":155,"column":53}},{"start":{"line":155,"column":57},"end":{"line":155,"column":79}}]},"21":{"line":164,"type":"binary-expr","locations":[{"start":{"line":164,"column":26},"end":{"line":164,"column":44}},{"start":{"line":164,"column":48},"end":{"line":164,"column":59}}]},"22":{"line":181,"type":"if","locations":[{"start":{"line":181,"column":4},"end":{"line":181,"column":4}},{"start":{"line":181,"column":4},"end":{"line":181,"column":4}}]},"23":{"line":189,"type":"if","locations":[{"start":{"line":189,"column":4},"end":{"line":189,"column":4}},{"start":{"line":189,"column":4},"end":{"line":189,"column":4}}]},"24":{"line":198,"type":"binary-expr","locations":[{"start":{"line":198,"column":22},"end":{"line":198,"column":29}},{"start":{"line":198,"column":33},"end":{"line":198,"column":34}}]}},"l":{"5":0,"7":0,"20":1,"21":0,"22":0,"23":0,"27":0,"30":1,"31":0,"33":0,"34":0,"35":0,"36":0,"40":1,"41":0,"43":0,"44":0,"46":0,"47":0,"49":0,"50":0,"51":0,"52":0,"54":0,"55":0,"58":0,"59":0,"63":0,"66":1,"67":0,"71":0,"72":0,"73":0,"75":0,"78":0,"82":0,"85":0,"88":0,"89":0,"97":0,"98":0,"100":0,"103":0,"104":0,"106":0,"107":0,"108":0,"109":0,"112":0,"114":0,"115":0,"116":0,"119":0,"121":0,"123":0,"124":0,"126":0,"127":0,"129":0,"130":0,"132":0,"136":0,"137":0,"140":0,"141":0,"142":0,"143":0,"144":0,"146":0,"147":0,"148":0,"150":0,"154":0,"155":0,"157":0,"158":0,"159":0,"164":0,"166":0,"167":0,"171":0,"173":0,"175":0,"180":0,"181":0,"182":0,"185":0,"186":0,"189":0,"190":0,"193":0,"194":0,"196":0,"198":0}},
"/home/travis/build/node-gh/gh/lib/configs.js":{"path":"/home/travis/build/node-gh/gh/lib/configs.js","s":{"1":1,"2":1,"3":1,"4":1,"5":1,"6":1,"7":1,"8":1,"9":0,"10":1,"11":1,"12":6,"13":1,"14":3,"15":3,"16":3,"17":0,"18":0,"19":0,"20":0,"21":0,"22":3,"23":3,"24":0,"25":3,"26":1,"27":4,"28":4,"29":3,"30":3,"31":4,"32":4,"33":3,"34":4,"35":3,"36":4,"37":1,"38":4,"39":4,"40":4,"41":1,"42":4,"43":4,"44":4,"45":57,"46":4,"47":1,"48":0,"49":4,"50":1,"51":5,"52":1,"53":3,"54":1,"55":0,"56":0,"57":0,"58":0,"59":1,"60":1,"61":1,"62":1,"63":1,"64":1,"65":1,"66":1,"67":1,"68":1,"69":1,"70":1,"71":1,"72":2,"73":2,"74":1,"75":0,"76":0,"77":0,"78":0,"79":1,"80":0,"81":0,"82":0,"83":0,"84":0,"85":0,"86":0,"87":0,"88":0,"89":0,"90":1,"91":1,"92":1,"93":0,"94":1,"95":1,"96":1,"97":0,"98":0,"99":1,"100":1,"101":1,"102":1,"103":1,"104":1,"105":0,"106":0,"107":1,"108":0,"109":1,"110":0,"111":1,"112":0,"113":0,"114":0,"115":1},"b":{"1":[1,0],"2":[1,0],"3":[0,3],"4":[3,3],"5":[3,1],"6":[3,1],"7":[0,3],"8":[3,1],"9":[0,3],"10":[1,3],"11":[1,3],"12":[1,1],"13":[1,0],"14":[0,0],"15":[0,0],"16":[0,0],"17":[0,1],"18":[1,0],"19":[0,0],"20":[0,0]},"f":{"1":1,"2":6,"3":3,"4":0,"5":0,"6":4,"7":4,"8":57,"9":0,"10":5,"11":3,"12":0,"13":1,"14":1,"15":2,"16":0,"17":0,"18":0,"19":1,"20":1,"21":1,"22":0,"23":0,"24":0,"25":0},"fnMap":{"1":{"name":"(anonymous_1)","line":15,"loc":{"start":{"line":15,"column":35},"end":{"line":15,"column":46}}},"2":{"name":"(anonymous_2)","line":33,"loc":{"start":{"line":33,"column":26},"end":{"line":33,"column":37}}},"3":{"name":"getConfig","line":37,"loc":{"start":{"line":37,"column":0},"end":{"line":37,"column":31}}},"4":{"name":"(anonymous_4)","line":45,"loc":{"start":{"line":45,"column":42},"end":{"line":45,"column":56}}},"5":{"name":"(anonymous_5)","line":49,"loc":{"start":{"line":49,"column":43},"end":{"line":49,"column":57}}},"6":{"name":"(anonymous_6)","line":65,"loc":{"start":{"line":65,"column":20},"end":{"line":65,"column":41}}},"7":{"name":"(anonymous_7)","line":87,"loc":{"start":{"line":87,"column":26},"end":{"line":87,"column":47}}},"8":{"name":"(anonymous_8)","line":99,"loc":{"start":{"line":99,"column":36},"end":{"line":99,"column":50}}},"9":{"name":"(anonymous_9)","line":104,"loc":{"start":{"line":104,"column":37},"end":{"line":104,"column":54}}},"10":{"name":"(anonymous_10)","line":112,"loc":{"start":{"line":112,"column":30},"end":{"line":112,"column":41}}},"11":{"name":"(anonymous_11)","line":116,"loc":{"start":{"line":116,"column":31},"end":{"line":116,"column":42}}},"12":{"name":"(anonymous_12)","line":120,"loc":{"start":{"line":120,"column":29},"end":{"line":120,"column":43}}},"13":{"name":"(anonymous_13)","line":129,"loc":{"start":{"line":129,"column":29},"end":{"line":129,"column":40}}},"14":{"name":"(anonymous_14)","line":137,"loc":{"start":{"line":137,"column":28},"end":{"line":137,"column":54}}},"15":{"name":"(anonymous_15)","line":156,"loc":{"start":{"line":156,"column":25},"end":{"line":156,"column":48}}},"16":{"name":"(anonymous_16)","line":164,"loc":{"start":{"line":164,"column":39},"end":{"line":164,"column":61}}},"17":{"name":"(anonymous_17)","line":174,"loc":{"start":{"line":174,"column":26},"end":{"line":174,"column":51}}},"18":{"name":"(anonymous_18)","line":191,"loc":{"start":{"line":191,"column":40},"end":{"line":191,"column":54}}},"19":{"name":"getPlugins","line":203,"loc":{"start":{"line":203,"column":0},"end":{"line":203,"column":22}}},"20":{"name":"(anonymous_20)","line":211,"loc":{"start":{"line":211,"column":53},"end":{"line":211,"column":70}}},"21":{"name":"(anonymous_21)","line":222,"loc":{"start":{"line":222,"column":21},"end":{"line":222,"column":32}}},"22":{"name":"(anonymous_22)","line":230,"loc":{"start":{"line":230,"column":20},"end":{"line":230,"column":37}}},"23":{"name":"(anonymous_23)","line":236,"loc":{"start":{"line":236,"column":24},"end":{"line":236,"column":41}}},"24":{"name":"(anonymous_24)","line":240,"loc":{"start":{"line":240,"column":28},"end":{"line":240,"column":45}}},"25":{"name":"(anonymous_25)","line":244,"loc":{"start":{"line":244,"column":26},"end":{"line":244,"column":43}}}},"statementMap":{"1":{"start":{"line":3,"column":0},"end":{"line":11,"column":37}},"2":{"start":{"line":15,"column":0},"end":{"line":31,"column":1}},"3":{"start":{"line":16,"column":4},"end":{"line":17,"column":52}},"4":{"start":{"line":19,"column":4},"end":{"line":28,"column":5}},"5":{"start":{"line":20,"column":8},"end":{"line":20,"column":54}},"6":{"start":{"line":22,"column":8},"end":{"line":27,"column":9}},"7":{"start":{"line":23,"column":12},"end":{"line":23,"column":32}},"8":{"start":{"line":24,"column":12},"end":{"line":24,"column":61}},"9":{"start":{"line":26,"column":12},"end":{"line":26,"column":64}},"10":{"start":{"line":30,"column":4},"end":{"line":30,"column":15}},"11":{"start":{"line":33,"column":0},"end":{"line":35,"column":1}},"12":{"start":{"line":34,"column":4},"end":{"line":34,"column":31}},"13":{"start":{"line":37,"column":0},"end":{"line":63,"column":1}},"14":{"start":{"line":38,"column":4},"end":{"line":40,"column":19}},"15":{"start":{"line":42,"column":4},"end":{"line":62,"column":5}},"16":{"start":{"line":43,"column":8},"end":{"line":43,"column":83}},"17":{"start":{"line":45,"column":8},"end":{"line":47,"column":10}},"18":{"start":{"line":46,"column":12},"end":{"line":46,"column":43}},"19":{"start":{"line":49,"column":8},"end":{"line":51,"column":10}},"20":{"start":{"line":50,"column":12},"end":{"line":50,"column":44}},"21":{"start":{"line":53,"column":8},"end":{"line":53,"column":21}},"22":{"start":{"line":55,"column":8},"end":{"line":55,"column":31}},"23":{"start":{"line":57,"column":8},"end":{"line":59,"column":9}},"24":{"start":{"line":58,"column":12},"end":{"line":58,"column":19}},"25":{"start":{"line":61,"column":8},"end":{"line":61,"column":27}},"26":{"start":{"line":65,"column":0},"end":{"line":85,"column":1}},"27":{"start":{"line":66,"column":4},"end":{"line":66,"column":34}},"28":{"start":{"line":68,"column":4},"end":{"line":71,"column":5}},"29":{"start":{"line":69,"column":8},"end":{"line":69,"column":38}},"30":{"start":{"line":70,"column":8},"end":{"line":70,"column":34}},"31":{"start":{"line":73,"column":4},"end":{"line":74,"column":60}},"32":{"start":{"line":76,"column":4},"end":{"line":78,"column":5}},"33":{"start":{"line":77,"column":8},"end":{"line":77,"column":94}},"34":{"start":{"line":79,"column":4},"end":{"line":82,"column":5}},"35":{"start":{"line":80,"column":8},"end":{"line":81,"column":92}},"36":{"start":{"line":84,"column":4},"end":{"line":84,"column":17}},"37":{"start":{"line":87,"column":0},"end":{"line":110,"column":1}},"38":{"start":{"line":88,"column":4},"end":{"line":88,"column":38}},"39":{"start":{"line":90,"column":4},"end":{"line":90,"column":42}},"40":{"start":{"line":92,"column":4},"end":{"line":94,"column":5}},"41":{"start":{"line":93,"column":8},"end":{"line":93,"column":36}},"42":{"start":{"line":96,"column":4},"end":{"line":96,"column":71}},"43":{"start":{"line":97,"column":4},"end":{"line":97,"column":56}},"44":{"start":{"line":99,"column":4},"end":{"line":101,"column":6}},"45":{"start":{"line":100,"column":8},"end":{"line":100,"column":37}},"46":{"start":{"line":103,"column":4},"end":{"line":107,"column":5}},"47":{"start":{"line":104,"column":8},"end":{"line":106,"column":10}},"48":{"start":{"line":105,"column":12},"end":{"line":105,"column":51}},"49":{"start":{"line":109,"column":4},"end":{"line":109,"column":17}},"50":{"start":{"line":112,"column":0},"end":{"line":114,"column":1}},"51":{"start":{"line":113,"column":4},"end":{"line":113,"column":57}},"52":{"start":{"line":116,"column":0},"end":{"line":118,"column":1}},"53":{"start":{"line":117,"column":4},"end":{"line":117,"column":47}},"54":{"start":{"line":120,"column":0},"end":{"line":127,"column":1}},"55":{"start":{"line":121,"column":4},"end":{"line":121,"column":42}},"56":{"start":{"line":123,"column":4},"end":{"line":123,"column":22}},"57":{"start":{"line":125,"column":4},"end":{"line":125,"column":61}},"58":{"start":{"line":126,"column":4},"end":{"line":126,"column":14}},"59":{"start":{"line":129,"column":0},"end":{"line":135,"column":1}},"60":{"start":{"line":130,"column":4},"end":{"line":133,"column":5}},"61":{"start":{"line":134,"column":4},"end":{"line":134,"column":14}},"62":{"start":{"line":137,"column":0},"end":{"line":154,"column":1}},"63":{"start":{"line":138,"column":4},"end":{"line":142,"column":15}},"64":{"start":{"line":144,"column":4},"end":{"line":144,"column":30}},"65":{"start":{"line":145,"column":4},"end":{"line":145,"column":19}},"66":{"start":{"line":147,"column":4},"end":{"line":150,"column":5}},"67":{"start":{"line":148,"column":8},"end":{"line":148,"column":77}},"68":{"start":{"line":149,"column":8},"end":{"line":149,"column":32}},"69":{"start":{"line":152,"column":4},"end":{"line":152,"column":61}},"70":{"start":{"line":153,"column":4},"end":{"line":153,"column":14}},"71":{"start":{"line":156,"column":0},"end":{"line":162,"column":1}},"72":{"start":{"line":157,"column":4},"end":{"line":159,"column":5}},"73":{"start":{"line":161,"column":4},"end":{"line":161,"column":68}},"74":{"start":{"line":164,"column":0},"end":{"line":170,"column":1}},"75":{"start":{"line":165,"column":4},"end":{"line":165,"column":46}},"76":{"start":{"line":167,"column":4},"end":{"line":167,"column":50}},"77":{"start":{"line":168,"column":4},"end":{"line":168,"column":52}},"78":{"start":{"line":169,"column":4},"end":{"line":169,"column":55}},"79":{"start":{"line":174,"column":0},"end":{"line":201,"column":1}},"80":{"start":{"line":175,"column":4},"end":{"line":175,"column":32}},"81":{"start":{"line":177,"column":4},"end":{"line":200,"column":5}},"82":{"start":{"line":180,"column":8},"end":{"line":180,"column":79}},"83":{"start":{"line":182,"column":8},"end":{"line":186,"column":10}},"84":{"start":{"line":189,"column":8},"end":{"line":189,"column":49}},"85":{"start":{"line":191,"column":8},"end":{"line":193,"column":10}},"86":{"start":{"line":192,"column":12},"end":{"line":192,"column":47}},"87":{"start":{"line":195,"column":8},"end":{"line":195,"column":45}},"88":{"start":{"line":197,"column":8},"end":{"line":199,"column":9}},"89":{"start":{"line":198,"column":12},"end":{"line":198,"column":19}},"90":{"start":{"line":203,"column":0},"end":{"line":220,"column":1}},"91":{"start":{"line":204,"column":4},"end":{"line":204,"column":56}},"92":{"start":{"line":206,"column":4},"end":{"line":208,"column":5}},"93":{"start":{"line":207,"column":8},"end":{"line":207,"column":17}},"94":{"start":{"line":210,"column":4},"end":{"line":219,"column":5}},"95":{"start":{"line":211,"column":8},"end":{"line":213,"column":10}},"96":{"start":{"line":212,"column":12},"end":{"line":212,"column":51}},"97":{"start":{"line":215,"column":8},"end":{"line":215,"column":20}},"98":{"start":{"line":216,"column":8},"end":{"line":216,"column":52}},"99":{"start":{"line":218,"column":8},"end":{"line":218,"column":22}},"100":{"start":{"line":222,"column":0},"end":{"line":228,"column":1}},"101":{"start":{"line":223,"column":4},"end":{"line":225,"column":5}},"102":{"start":{"line":224,"column":8},"end":{"line":224,"column":30}},"103":{"start":{"line":227,"column":4},"end":{"line":227,"column":18}},"104":{"start":{"line":230,"column":0},"end":{"line":234,"column":1}},"105":{"start":{"line":231,"column":4},"end":{"line":231,"column":46}},"106":{"start":{"line":233,"column":4},"end":{"line":233,"column":57}},"107":{"start":{"line":236,"column":0},"end":{"line":238,"column":1}},"108":{"start":{"line":237,"column":4},"end":{"line":237,"column":46}},"109":{"start":{"line":240,"column":0},"end":{"line":242,"column":1}},"110":{"start":{"line":241,"column":4},"end":{"line":241,"column":46}},"111":{"start":{"line":244,"column":0},"end":{"line":250,"column":1}},"112":{"start":{"line":245,"column":4},"end":{"line":247,"column":5}},"113":{"start":{"line":246,"column":8},"end":{"line":246,"column":19}},"114":{"start":{"line":249,"column":4},"end":{"line":249,"column":16}},"115":{"start":{"line":252,"column":0},"end":{"line":252,"column":43}}},"branchMap":{"1":{"line":19,"type":"if","locations":[{"start":{"line":19,"column":4},"end":{"line":19,"column":4}},{"start":{"line":19,"column":4},"end":{"line":19,"column":4}}]},"2":{"line":22,"type":"if","locations":[{"start":{"line":22,"column":8},"end":{"line":22,"column":8}},{"start":{"line":22,"column":8},"end":{"line":22,"column":8}}]},"3":{"line":57,"type":"if","locations":[{"start":{"line":57,"column":8},"end":{"line":57,"column":8}},{"start":{"line":57,"column":8},"end":{"line":57,"column":8}}]},"4":{"line":57,"type":"binary-expr","locations":[{"start":{"line":57,"column":12},"end":{"line":57,"column":41}},{"start":{"line":57,"column":45},"end":{"line":57,"column":64}}]},"5":{"line":68,"type":"if","locations":[{"start":{"line":68,"column":4},"end":{"line":68,"column":4}},{"start":{"line":68,"column":4},"end":{"line":68,"column":4}}]},"6":{"line":76,"type":"if","locations":[{"start":{"line":76,"column":4},"end":{"line":76,"column":4}},{"start":{"line":76,"column":4},"end":{"line":76,"column":4}}]},"7":{"line":77,"type":"cond-expr","locations":[{"start":{"line":77,"column":57},"end":{"line":77,"column":72}},{"start":{"line":77,"column":75},"end":{"line":77,"column":87}}]},"8":{"line":79,"type":"if","locations":[{"start":{"line":79,"column":4},"end":{"line":79,"column":4}},{"start":{"line":79,"column":4},"end":{"line":79,"column":4}}]},"9":{"line":81,"type":"cond-expr","locations":[{"start":{"line":81,"column":40},"end":{"line":81,"column":65}},{"start":{"line":81,"column":68},"end":{"line":81,"column":85}}]},"10":{"line":92,"type":"if","locations":[{"start":{"line":92,"column":4},"end":{"line":92,"column":4}},{"start":{"line":92,"column":4},"end":{"line":92,"column":4}}]},"11":{"line":103,"type":"if","locations":[{"start":{"line":103,"column":4},"end":{"line":103,"column":4}},{"start":{"line":103,"column":4},"end":{"line":103,"column":4}}]},"12":{"line":148,"type":"binary-expr","locations":[{"start":{"line":148,"column":26},"end":{"line":148,"column":41}},{"start":{"line":148,"column":46},"end":{"line":148,"column":76}}]},"13":{"line":148,"type":"cond-expr","locations":[{"start":{"line":148,"column":66},"end":{"line":148,"column":71}},{"start":{"line":148,"column":74},"end":{"line":148,"column":76}}]},"14":{"line":180,"type":"binary-expr","locations":[{"start":{"line":180,"column":43},"end":{"line":180,"column":49}},{"start":{"line":180,"column":53},"end":{"line":180,"column":78}}]},"15":{"line":189,"type":"binary-expr","locations":[{"start":{"line":189,"column":21},"end":{"line":189,"column":43}},{"start":{"line":189,"column":47},"end":{"line":189,"column":49}}]},"16":{"line":197,"type":"if","locations":[{"start":{"line":197,"column":8},"end":{"line":197,"column":8}},{"start":{"line":197,"column":8},"end":{"line":197,"column":8}}]},"17":{"line":206,"type":"if","locations":[{"start":{"line":206,"column":4},"end":{"line":206,"column":4}},{"start":{"line":206,"column":4},"end":{"line":206,"column":4}}]},"18":{"line":223,"type":"if","locations":[{"start":{"line":223,"column":4},"end":{"line":223,"column":4}},{"start":{"line":223,"column":4},"end":{"line":223,"column":4}}]},"19":{"line":241,"type":"binary-expr","locations":[{"start":{"line":241,"column":11},"end":{"line":241,"column":17}},{"start":{"line":241,"column":21},"end":{"line":241,"column":46}}]},"20":{"line":245,"type":"if","locations":[{"start":{"line":245,"column":4},"end":{"line":245,"column":4}},{"start":{"line":245,"column":4},"end":{"line":245,"column":4}}]}},"l":{"3":1,"15":1,"16":1,"19":1,"20":1,"22":1,"23":1,"24":1,"26":0,"30":1,"33":1,"34":6,"37":1,"38":3,"42":3,"43":3,"45":0,"46":0,"49":0,"50":0,"53":0,"55":3,"57":3,"58":0,"61":3,"65":1,"66":4,"68":4,"69":3,"70":3,"73":4,"76":4,"77":3,"79":4,"80":3,"84":4,"87":1,"88":4,"90":4,"92":4,"93":1,"96":4,"97":4,"99":4,"100":57,"103":4,"104":1,"105":0,"109":4,"112":1,"113":5,"116":1,"117":3,"120":1,"121":0,"123":0,"125":0,"126":0,"129":1,"130":1,"134":1,"137":1,"138":1,"144":1,"145":1,"147":1,"148":1,"149":1,"152":1,"153":1,"156":1,"157":2,"161":2,"164":1,"165":0,"167":0,"168":0,"169":0,"174":1,"175":0,"177":0,"180":0,"182":0,"189":0,"191":0,"192":0,"195":0,"197":0,"198":0,"203":1,"204":1,"206":1,"207":0,"210":1,"211":1,"212":1,"215":0,"216":0,"218":1,"222":1,"223":1,"224":1,"227":1,"230":1,"231":0,"233":0,"236":1,"237":0,"240":1,"241":0,"244":1,"245":0,"246":0,"249":0,"252":1}},
"/home/travis/build/node-gh/gh/lib/exec.js":{"path":"/home/travis/build/node-gh/gh/lib/exec.js","s":{"1":1,"2":1,"3":1,"4":1,"5":1,"6":1,"7":0,"8":0,"9":1,"10":1,"11":0,"12":0,"13":0,"14":0,"15":0,"16":0,"17":0,"18":0,"19":0,"20":0,"21":0,"22":0,"23":1,"24":0,"25":0,"26":0,"27":0,"28":0,"29":1,"30":0,"31":0,"32":0,"33":0,"34":0},"b":{"1":[0,1],"2":[1,0,0],"3":[0,0],"4":[0,0],"5":[0,0],"6":[0,0]},"f":{"1":1,"2":0,"3":0,"4":0},"fnMap":{"1":{"name":"(anonymous_1)","line":6,"loc":{"start":{"line":6,"column":20},"end":{"line":6,"column":49}}},"2":{"name":"(anonymous_2)","line":25,"loc":{"start":{"line":25,"column":26},"end":{"line":25,"column":55}}},"3":{"name":"(anonymous_3)","line":49,"loc":{"start":{"line":49,"column":19},"end":{"line":49,"column":42}}},"4":{"name":"(anonymous_4)","line":61,"loc":{"start":{"line":61,"column":36},"end":{"line":61,"column":59}}}},"statementMap":{"1":{"start":{"line":3,"column":0},"end":{"line":4,"column":32}},"2":{"start":{"line":6,"column":0},"end":{"line":23,"column":1}},"3":{"start":{"line":7,"column":4},"end":{"line":7,"column":12}},"4":{"start":{"line":9,"column":4},"end":{"line":9,"column":60}},"5":{"start":{"line":11,"column":4},"end":{"line":11,"column":54}},"6":{"start":{"line":13,"column":4},"end":{"line":16,"column":5}},"7":{"start":{"line":14,"column":8},"end":{"line":14,"column":76}},"8":{"start":{"line":15,"column":8},"end":{"line":15,"column":67}},"9":{"start":{"line":18,"column":4},"end":{"line":22,"column":5}},"10":{"start":{"line":25,"column":0},"end":{"line":47,"column":1}},"11":{"start":{"line":26,"column":4},"end":{"line":26,"column":17}},"12":{"start":{"line":28,"column":4},"end":{"line":30,"column":5}},"13":{"start":{"line":29,"column":8},"end":{"line":29,"column":20}},"14":{"start":{"line":32,"column":4},"end":{"line":32,"column":60}},"15":{"start":{"line":34,"column":4},"end":{"line":34,"column":66}},"16":{"start":{"line":36,"column":4},"end":{"line":36,"column":54}},"17":{"start":{"line":38,"column":4},"end":{"line":44,"column":5}},"18":{"start":{"line":39,"column":8},"end":{"line":39,"column":25}},"19":{"start":{"line":40,"column":8},"end":{"line":40,"column":30}},"20":{"start":{"line":41,"column":8},"end":{"line":41,"column":76}},"21":{"start":{"line":43,"column":8},"end":{"line":43,"column":17}},"22":{"start":{"line":46,"column":4},"end":{"line":46,"column":15}},"23":{"start":{"line":49,"column":0},"end":{"line":59,"column":1}},"24":{"start":{"line":50,"column":4},"end":{"line":52,"column":5}},"25":{"start":{"line":51,"column":8},"end":{"line":51,"column":20}},"26":{"start":{"line":54,"column":4},"end":{"line":54,"column":36}},"27":{"start":{"line":56,"column":4},"end":{"line":56,"column":60}},"28":{"start":{"line":58,"column":4},"end":{"line":58,"column":47}},"29":{"start":{"line":61,"column":0},"end":{"line":71,"column":1}},"30":{"start":{"line":62,"column":4},"end":{"line":64,"column":5}},"31":{"start":{"line":63,"column":8},"end":{"line":63,"column":20}},"32":{"start":{"line":66,"column":4},"end":{"line":66,"column":53}},"33":{"start":{"line":68,"column":4},"end":{"line":68,"column":29}},"34":{"start":{"line":70,"column":4},"end":{"line":70,"column":47}}},"branchMap":{"1":{"line":13,"type":"if","locations":[{"start":{"line":13,"column":4},"end":{"line":13,"column":4}},{"start":{"line":13,"column":4},"end":{"line":13,"column":4}}]},"2":{"line":13,"type":"binary-expr","locations":[{"start":{"line":13,"column":8},"end":{"line":13,"column":18}},{"start":{"line":13,"column":22},"end":{"line":13,"column":50}},{"start":{"line":13,"column":54},"end":{"line":13,"column":82}}]},"3":{"line":28,"type":"if","locations":[{"start":{"line":28,"column":4},"end":{"line":28,"column":4}},{"start":{"line":28,"column":4},"end":{"line":28,"column":4}}]},"4":{"line":38,"type":"if","locations":[{"start":{"line":38,"column":4},"end":{"line":38,"column":4}},{"start":{"line":38,"column":4},"end":{"line":38,"column":4}}]},"5":{"line":50,"type":"if","locations":[{"start":{"line":50,"column":4},"end":{"line":50,"column":4}},{"start":{"line":50,"column":4},"end":{"line":50,"column":4}}]},"6":{"line":62,"type":"if","locations":[{"start":{"line":62,"column":4},"end":{"line":62,"column":4}},{"start":{"line":62,"column":4},"end":{"line":62,"column":4}}]}},"l":{"3":1,"6":1,"7":1,"9":1,"11":1,"13":1,"14":0,"15":0,"18":1,"25":1,"26":0,"28":0,"29":0,"32":0,"34":0,"36":0,"38":0,"39":0,"40":0,"41":0,"43":0,"46":0,"49":1,"50":0,"51":0,"54":0,"56":0,"58":0,"61":1,"62":0,"63":0,"66":0,"68":0,"70":0}},
"/home/travis/build/node-gh/gh/lib/git.js":{"path":"/home/travis/build/node-gh/gh/lib/git.js","s":{"1":1,"2":1,"3":0,"4":0,"5":0,"6":0,"7":1,"8":0,"9":0,"10":0,"11":0,"12":1,"13":0,"14":0,"15":0,"16":0,"17":0,"18":1,"19":0,"20":1,"21":0,"22":1,"23":0,"24":0,"25":0,"26":0,"27":1,"28":0,"29":0,"30":1,"31":0,"32":0,"33":0,"34":0,"35":0,"36":0,"37":0,"38":0,"39":0,"40":0,"41":1,"42":0,"43":0,"44":0,"45":0,"46":1,"47":0,"48":1,"49":0,"50":0,"51":0,"52":0,"53":0,"54":0,"55":0,"56":0,"57":0,"58":0,"59":0,"60":0,"61":1,"62":0,"63":0,"64":0,"65":0,"66":1,"67":0,"68":0,"69":0,"70":0,"71":0,"72":1,"73":0,"74":1,"75":0,"76":0,"77":0,"78":0,"79":1,"80":0,"81":0,"82":0,"83":0,"84":1,"85":0,"86":0,"87":1,"88":0,"89":0,"90":1,"91":0,"92":1,"93":0,"94":1,"95":4,"96":4,"97":4,"98":4},"b":{"1":[1,1],"2":[0,0],"3":[0,0],"4":[0,0],"5":[0,0],"6":[0,0],"7":[0,0],"8":[0,0],"9":[0,0],"10":[0,0],"11":[0,0],"12":[0,0],"13":[0,0],"14":[0,0],"15":[0,0],"16":[0,0],"17":[4,0]},"f":{"1":0,"2":0,"3":0,"4":0,"5":0,"6":0,"7":0,"8":0,"9":0,"10":0,"11":0,"12":0,"13":0,"14":0,"15":0,"16":0,"17":0,"18":0,"19":0,"20":0,"21":4},"fnMap":{"1":{"name":"(anonymous_1)","line":7,"loc":{"start":{"line":7,"column":19},"end":{"line":7,"column":47}}},"2":{"name":"(anonymous_2)","line":17,"loc":{"start":{"line":17,"column":16},"end":{"line":17,"column":38}}},"3":{"name":"(anonymous_3)","line":27,"loc":{"start":{"line":27,"column":17},"end":{"line":27,"column":40}}},"4":{"name":"(anonymous_4)","line":38,"loc":{"start":{"line":38,"column":16},"end":{"line":38,"column":33}}},"5":{"name":"(anonymous_5)","line":42,"loc":{"start":{"line":42,"column":17},"end":{"line":42,"column":34}}},"6":{"name":"(anonymous_6)","line":46,"loc":{"start":{"line":46,"column":15},"end":{"line":46,"column":40}}},"7":{"name":"(anonymous_7)","line":56,"loc":{"start":{"line":56,"column":16},"end":{"line":56,"column":58}}},"8":{"name":"(anonymous_8)","line":62,"loc":{"start":{"line":62,"column":35},"end":{"line":62,"column":46}}},"9":{"name":"(anonymous_9)","line":87,"loc":{"start":{"line":87,"column":23},"end":{"line":87,"column":40}}},"10":{"name":"(anonymous_10)","line":97,"loc":{"start":{"line":97,"column":19},"end":{"line":97,"column":30}}},"11":{"name":"(anonymous_11)","line":101,"loc":{"start":{"line":101,"column":27},"end":{"line":101,"column":52}}},"12":{"name":"(anonymous_12)","line":127,"loc":{"start":{"line":127,"column":20},"end":{"line":127,"column":34}}},"13":{"name":"(anonymous_13)","line":137,"loc":{"start":{"line":137,"column":27},"end":{"line":137,"column":38}}},"14":{"name":"(anonymous_14)","line":148,"loc":{"start":{"line":148,"column":31},"end":{"line":148,"column":48}}},"15":{"name":"(anonymous_15)","line":152,"loc":{"start":{"line":152,"column":27},"end":{"line":152,"column":38}}},"16":{"name":"(anonymous_16)","line":162,"loc":{"start":{"line":162,"column":23},"end":{"line":162,"column":40}}},"17":{"name":"(anonymous_17)","line":171,"loc":{"start":{"line":171,"column":31},"end":{"line":171,"column":45}}},"18":{"name":"(anonymous_18)","line":177,"loc":{"start":{"line":177,"column":31},"end":{"line":177,"column":45}}},"19":{"name":"(anonymous_19)","line":183,"loc":{"start":{"line":183,"column":18},"end":{"line":183,"column":35}}},"20":{"name":"(anonymous_20)","line":187,"loc":{"start":{"line":187,"column":18},"end":{"line":187,"column":35}}},"21":{"name":"(anonymous_21)","line":191,"loc":{"start":{"line":191,"column":25},"end":{"line":191,"column":39}}}},"statementMap":{"1":{"start":{"line":3,"column":0},"end":{"line":5,"column":53}},"2":{"start":{"line":7,"column":0},"end":{"line":15,"column":1}},"3":{"start":{"line":8,"column":4},"end":{"line":8,"column":35}},"4":{"start":{"line":10,"column":4},"end":{"line":12,"column":5}},"5":{"start":{"line":11,"column":8},"end":{"line":11,"column":34}},"6":{"start":{"line":14,"column":4},"end":{"line":14,"column":50}},"7":{"start":{"line":17,"column":0},"end":{"line":25,"column":1}},"8":{"start":{"line":18,"column":4},"end":{"line":18,"column":29}},"9":{"start":{"line":20,"column":4},"end":{"line":22,"column":5}},"10":{"start":{"line":21,"column":8},"end":{"line":21,"column":25}},"11":{"start":{"line":24,"column":4},"end":{"line":24,"column":50}},"12":{"start":{"line":27,"column":0},"end":{"line":36,"column":1}},"13":{"start":{"line":28,"column":4},"end":{"line":35,"column":5}},"14":{"start":{"line":29,"column":8},"end":{"line":29,"column":57}},"15":{"start":{"line":31,"column":8},"end":{"line":34,"column":9}},"16":{"start":{"line":32,"column":12},"end":{"line":32,"column":64}},"17":{"start":{"line":33,"column":12},"end":{"line":33,"column":21}},"18":{"start":{"line":38,"column":0},"end":{"line":40,"column":1}},"19":{"start":{"line":39,"column":4},"end":{"line":39,"column":39}},"20":{"start":{"line":42,"column":0},"end":{"line":44,"column":1}},"21":{"start":{"line":43,"column":4},"end":{"line":43,"column":40}},"22":{"start":{"line":46,"column":0},"end":{"line":54,"column":1}},"23":{"start":{"line":47,"column":4},"end":{"line":47,"column":31}},"24":{"start":{"line":49,"column":4},"end":{"line":51,"column":5}},"25":{"start":{"line":50,"column":8},"end":{"line":50,"column":25}},"26":{"start":{"line":53,"column":4},"end":{"line":53,"column":50}},"27":{"start":{"line":56,"column":0},"end":{"line":60,"column":1}},"28":{"start":{"line":57,"column":4},"end":{"line":57,"column":77}},"29":{"start":{"line":59,"column":4},"end":{"line":59,"column":50}},"30":{"start":{"line":62,"column":0},"end":{"line":85,"column":1}},"31":{"start":{"line":63,"column":4},"end":{"line":67,"column":14}},"32":{"start":{"line":69,"column":4},"end":{"line":80,"column":29}},"33":{"start":{"line":70,"column":8},"end":{"line":70,"column":67}},"34":{"start":{"line":71,"column":8},"end":{"line":71,"column":49}},"35":{"start":{"line":73,"column":8},"end":{"line":75,"column":9}},"36":{"start":{"line":74,"column":12},"end":{"line":74,"column":36}},"37":{"start":{"line":77,"column":8},"end":{"line":77,"column":27}},"38":{"start":{"line":79,"column":8},"end":{"line":79,"column":20}},"39":{"start":{"line":82,"column":4},"end":{"line":82,"column":16}},"40":{"start":{"line":84,"column":4},"end":{"line":84,"column":18}},"41":{"start":{"line":87,"column":0},"end":{"line":95,"column":1}},"42":{"start":{"line":88,"column":4},"end":{"line":88,"column":67}},"43":{"start":{"line":90,"column":4},"end":{"line":92,"column":5}},"44":{"start":{"line":91,"column":8},"end":{"line":91,"column":32}},"45":{"start":{"line":94,"column":4},"end":{"line":94,"column":21}},"46":{"start":{"line":97,"column":0},"end":{"line":99,"column":1}},"47":{"start":{"line":98,"column":4},"end":{"line":98,"column":79}},"48":{"start":{"line":101,"column":0},"end":{"line":125,"column":1}},"49":{"start":{"line":102,"column":4},"end":{"line":103,"column":24}},"50":{"start":{"line":105,"column":4},"end":{"line":107,"column":5}},"51":{"start":{"line":106,"column":8},"end":{"line":106,"column":18}},"52":{"start":{"line":109,"column":4},"end":{"line":109,"column":77}},"53":{"start":{"line":111,"column":4},"end":{"line":113,"column":5}},"54":{"start":{"line":112,"column":8},"end":{"line":112,"column":27}},"55":{"start":{"line":115,"column":4},"end":{"line":115,"column":21}},"56":{"start":{"line":117,"column":4},"end":{"line":117,"column":45}},"57":{"start":{"line":119,"column":4},"end":{"line":122,"column":5}},"58":{"start":{"line":120,"column":8},"end":{"line":120,"column":49}},"59":{"start":{"line":121,"column":8},"end":{"line":121,"column":14}},"60":{"start":{"line":124,"column":4},"end":{"line":124,"column":21}},"61":{"start":{"line":127,"column":0},"end":{"line":135,"column":1}},"62":{"start":{"line":128,"column":4},"end":{"line":128,"column":67}},"63":{"start":{"line":130,"column":4},"end":{"line":132,"column":5}},"64":{"start":{"line":131,"column":8},"end":{"line":131,"column":64}},"65":{"start":{"line":134,"column":4},"end":{"line":134,"column":21}},"66":{"start":{"line":137,"column":0},"end":{"line":146,"column":1}},"67":{"start":{"line":138,"column":4},"end":{"line":138,"column":78}},"68":{"start":{"line":140,"column":4},"end":{"line":143,"column":5}},"69":{"start":{"line":141,"column":8},"end":{"line":141,"column":49}},"70":{"start":{"line":142,"column":8},"end":{"line":142,"column":14}},"71":{"start":{"line":145,"column":4},"end":{"line":145,"column":21}},"72":{"start":{"line":148,"column":0},"end":{"line":150,"column":1}},"73":{"start":{"line":149,"column":4},"end":{"line":149,"column":46}},"74":{"start":{"line":152,"column":0},"end":{"line":160,"column":1}},"75":{"start":{"line":153,"column":4},"end":{"line":153,"column":75}},"76":{"start":{"line":155,"column":4},"end":{"line":157,"column":5}},"77":{"start":{"line":156,"column":8},"end":{"line":156,"column":54}},"78":{"start":{"line":159,"column":4},"end":{"line":159,"column":21}},"79":{"start":{"line":162,"column":0},"end":{"line":169,"column":1}},"80":{"start":{"line":163,"column":4},"end":{"line":168,"column":5}},"81":{"start":{"line":164,"column":8},"end":{"line":164,"column":61}},"82":{"start":{"line":166,"column":8},"end":{"line":166,"column":45}},"83":{"start":{"line":167,"column":8},"end":{"line":167,"column":14}},"84":{"start":{"line":171,"column":0},"end":{"line":175,"column":1}},"85":{"start":{"line":172,"column":4},"end":{"line":172,"column":44}},"86":{"start":{"line":174,"column":4},"end":{"line":174,"column":30}},"87":{"start":{"line":177,"column":0},"end":{"line":181,"column":1}},"88":{"start":{"line":178,"column":4},"end":{"line":178,"column":44}},"89":{"start":{"line":180,"column":4},"end":{"line":180,"column":30}},"90":{"start":{"line":183,"column":0},"end":{"line":185,"column":1}},"91":{"start":{"line":184,"column":4},"end":{"line":184,"column":69}},"92":{"start":{"line":187,"column":0},"end":{"line":189,"column":1}},"93":{"start":{"line":188,"column":4},"end":{"line":188,"column":69}},"94":{"start":{"line":191,"column":0},"end":{"line":199,"column":1}},"95":{"start":{"line":192,"column":4},"end":{"line":192,"column":60}},"96":{"start":{"line":194,"column":4},"end":{"line":196,"column":5}},"97":{"start":{"line":195,"column":8},"end":{"line":195,"column":22}},"98":{"start":{"line":198,"column":4},"end":{"line":198,"column":17}}},"branchMap":{"1":{"line":5,"type":"binary-expr","locations":[{"start":{"line":5,"column":18},"end":{"line":5,"column":44}},{"start":{"line":5,"column":48},"end":{"line":5,"column":53}}]},"2":{"line":10,"type":"if","locations":[{"start":{"line":10,"column":4},"end":{"line":10,"column":4}},{"start":{"line":10,"column":4},"end":{"line":10,"column":4}}]},"3":{"line":20,"type":"if","locations":[{"start":{"line":20,"column":4},"end":{"line":20,"column":4}},{"start":{"line":20,"column":4},"end":{"line":20,"column":4}}]},"4":{"line":31,"type":"if","locations":[{"start":{"line":31,"column":8},"end":{"line":31,"column":8}},{"start":{"line":31,"column":8},"end":{"line":31,"column":8}}]},"5":{"line":31,"type":"binary-expr","locations":[{"start":{"line":31,"column":12},"end":{"line":31,"column":20}},{"start":{"line":31,"column":24},"end":{"line":31,"column":38}}]},"6":{"line":49,"type":"if","locations":[{"start":{"line":49,"column":4},"end":{"line":49,"column":4}},{"start":{"line":49,"column":4},"end":{"line":49,"column":4}}]},"7":{"line":73,"type":"if","locations":[{"start":{"line":73,"column":8},"end":{"line":73,"column":8}},{"start":{"line":73,"column":8},"end":{"line":73,"column":8}}]},"8":{"line":90,"type":"if","locations":[{"start":{"line":90,"column":4},"end":{"line":90,"column":4}},{"start":{"line":90,"column":4},"end":{"line":90,"column":4}}]},"9":{"line":105,"type":"if","locations":[{"start":{"line":105,"column":4},"end":{"line":105,"column":4}},{"start":{"line":105,"column":4},"end":{"line":105,"column":4}}]},"10":{"line":111,"type":"if","locations":[{"start":{"line":111,"column":4},"end":{"line":111,"column":4}},{"start":{"line":111,"column":4},"end":{"line":111,"column":4}}]},"11":{"line":119,"type":"if","locations":[{"start":{"line":119,"column":4},"end":{"line":119,"column":4}},{"start":{"line":119,"column":4},"end":{"line":119,"column":4}}]},"12":{"line":130,"type":"if","locations":[{"start":{"line":130,"column":4},"end":{"line":130,"column":4}},{"start":{"line":130,"column":4},"end":{"line":130,"column":4}}]},"13":{"line":140,"type":"if","locations":[{"start":{"line":140,"column":4},"end":{"line":140,"column":4}},{"start":{"line":140,"column":4},"end":{"line":140,"column":4}}]},"14":{"line":155,"type":"if","locations":[{"start":{"line":155,"column":4},"end":{"line":155,"column":4}},{"start":{"line":155,"column":4},"end":{"line":155,"column":4}}]},"15":{"line":174,"type":"binary-expr","locations":[{"start":{"line":174,"column":11},"end":{"line":174,"column":17}},{"start":{"line":174,"column":21},"end":{"line":174,"column":30}}]},"16":{"line":180,"type":"binary-expr","locations":[{"start":{"line":180,"column":11},"end":{"line":180,"column":17}},{"start":{"line":180,"column":21},"end":{"line":180,"column":30}}]},"17":{"line":194,"type":"if","locations":[{"start":{"line":194,"column":4},"end":{"line":194,"column":4}},{"start":{"line":194,"column":4},"end":{"line":194,"column":4}}]}},"l":{"3":1,"7":1,"8":0,"10":0,"11":0,"14":0,"17":1,"18":0,"20":0,"21":0,"24":0,"27":1,"28":0,"29":0,"31":0,"32":0,"33":0,"38":1,"39":0,"42":1,"43":0,"46":1,"47":0,"49":0,"50":0,"53":0,"56":1,"57":0,"59":0,"62":1,"63":0,"69":0,"70":0,"71":0,"73":0,"74":0,"77":0,"79":0,"82":0,"84":0,"87":1,"88":0,"90":0,"91":0,"94":0,"97":1,"98":0,"101":1,"102":0,"105":0,"106":0,"109":0,"111":0,"112":0,"115":0,"117":0,"119":0,"120":0,"121":0,"124":0,"127":1,"128":0,"130":0,"131":0,"134":0,"137":1,"138":0,"140":0,"141":0,"142":0,"145":0,"148":1,"149":0,"152":1,"153":0,"155":0,"156":0,"159":0,"162":1,"163":0,"164":0,"166":0,"167":0,"171":1,"172":0,"174":0,"177":1,"178":0,"180":0,"183":1,"184":0,"187":1,"188":0,"191":1,"192":4,"194":4,"195":4,"198":4}},
"/home/travis/build/node-gh/gh/lib/hooks.js":{"path":"/home/travis/build/node-gh/gh/lib/hooks.js","s":{"1":1,"2":1,"3":0,"4":1,"5":0,"6":0,"7":0,"8":0,"9":0,"10":0,"11":0,"12":1,"13":0,"14":0,"15":0,"16":0,"17":0,"18":0,"19":0,"20":0,"21":0,"22":0,"23":1,"24":0,"25":0,"26":0,"27":0,"28":0,"29":0,"30":0,"31":0,"32":0,"33":0,"34":0,"35":0,"36":0,"37":0,"38":0,"39":0,"40":0,"41":0,"42":0,"43":0,"44":1,"45":0,"46":0,"47":0,"48":0,"49":0,"50":0,"51":0,"52":0,"53":0,"54":0,"55":1,"56":0,"57":0,"58":0,"59":0,"60":0,"61":0,"62":0,"63":0,"64":0,"65":0,"66":0},"b":{"1":[0,0],"2":[0,0],"3":[0,0],"4":[0,0],"5":[0,0],"6":[0,0],"7":[0,0],"8":[0,0],"9":[0,0],"10":[0,0],"11":[0,0],"12":[0,0],"13":[0,0],"14":[0,0],"15":[0,0],"16":[0,0]},"f":{"1":0,"2":0,"3":0,"4":0,"5":0,"6":0,"7":0,"8":0,"9":0,"10":0,"11":0,"12":0,"13":0,"14":0,"15":0,"16":0,"17":0,"18":0},"fnMap":{"1":{"name":"(anonymous_1)","line":10,"loc":{"start":{"line":10,"column":24},"end":{"line":10,"column":40}}},"2":{"name":"(anonymous_2)","line":17,"loc":{"start":{"line":17,"column":33},"end":{"line":17,"column":60}}},"3":{"name":"(anonymous_3)","line":34,"loc":{"start":{"line":34,"column":27},"end":{"line":34,"column":42}}},"4":{"name":"(anonymous_4)","line":44,"loc":{"start":{"line":44,"column":20},"end":{"line":44,"column":37}}},"5":{"name":"(anonymous_5)","line":61,"loc":{"start":{"line":61,"column":17},"end":{"line":61,"column":53}}},"6":{"name":"(anonymous_6)","line":77,"loc":{"start":{"line":77,"column":8},"end":{"line":77,"column":27}}},"7":{"name":"(anonymous_7)","line":82,"loc":{"start":{"line":82,"column":19},"end":{"line":82,"column":33}}},"8":{"name":"(anonymous_8)","line":87,"loc":{"start":{"line":87,"column":8},"end":{"line":87,"column":27}}},"9":{"name":"(anonymous_9)","line":92,"loc":{"start":{"line":92,"column":18},"end":{"line":92,"column":32}}},"10":{"name":"(anonymous_10)","line":96,"loc":{"start":{"line":96,"column":25},"end":{"line":96,"column":44}}},"11":{"name":"(anonymous_11)","line":103,"loc":{"start":{"line":103,"column":35},"end":{"line":103,"column":46}}},"12":{"name":"(anonymous_12)","line":105,"loc":{"start":{"line":105,"column":25},"end":{"line":105,"column":36}}},"13":{"name":"(anonymous_13)","line":111,"loc":{"start":{"line":111,"column":24},"end":{"line":111,"column":65}}},"14":{"name":"(anonymous_14)","line":115,"loc":{"start":{"line":115,"column":20},"end":{"line":115,"column":37}}},"15":{"name":"(anonymous_15)","line":123,"loc":{"start":{"line":123,"column":28},"end":{"line":123,"column":47}}},"16":{"name":"(anonymous_16)","line":129,"loc":{"start":{"line":129,"column":29},"end":{"line":129,"column":40}}},"17":{"name":"(anonymous_17)","line":134,"loc":{"start":{"line":134,"column":23},"end":{"line":134,"column":52}}},"18":{"name":"(anonymous_18)","line":135,"loc":{"start":{"line":135,"column":11},"end":{"line":135,"column":30}}}},"statementMap":{"1":{"start":{"line":3,"column":0},"end":{"line":8,"column":36}},"2":{"start":{"line":10,"column":0},"end":{"line":15,"column":1}},"3":{"start":{"line":11,"column":4},"end":{"line":14,"column":5}},"4":{"start":{"line":17,"column":0},"end":{"line":32,"column":1}},"5":{"start":{"line":18,"column":4},"end":{"line":20,"column":13}},"6":{"start":{"line":22,"column":4},"end":{"line":22,"column":37}},"7":{"start":{"line":24,"column":4},"end":{"line":24,"column":34}},"8":{"start":{"line":26,"column":4},"end":{"line":29,"column":5}},"9":{"start":{"line":27,"column":8},"end":{"line":27,"column":26}},"10":{"start":{"line":28,"column":8},"end":{"line":28,"column":26}},"11":{"start":{"line":31,"column":4},"end":{"line":31,"column":44}},"12":{"start":{"line":34,"column":0},"end":{"line":59,"column":1}},"13":{"start":{"line":35,"column":4},"end":{"line":37,"column":24}},"14":{"start":{"line":40,"column":4},"end":{"line":40,"column":48}},"15":{"start":{"line":44,"column":4},"end":{"line":56,"column":6}},"16":{"start":{"line":45,"column":8},"end":{"line":45,"column":24}},"17":{"start":{"line":47,"column":8},"end":{"line":47,"column":50}},"18":{"start":{"line":49,"column":8},"end":{"line":55,"column":9}},"19":{"start":{"line":50,"column":12},"end":{"line":50,"column":49}},"20":{"start":{"line":52,"column":12},"end":{"line":54,"column":13}},"21":{"start":{"line":53,"column":16},"end":{"line":53,"column":100}},"22":{"start":{"line":58,"column":4},"end":{"line":58,"column":36}},"23":{"start":{"line":61,"column":0},"end":{"line":109,"column":1}},"24":{"start":{"line":62,"column":4},"end":{"line":67,"column":15}},"25":{"start":{"line":69,"column":4},"end":{"line":72,"column":5}},"26":{"start":{"line":70,"column":8},"end":{"line":70,"column":38}},"27":{"start":{"line":71,"column":8},"end":{"line":71,"column":14}},"28":{"start":{"line":74,"column":4},"end":{"line":74,"column":42}},"29":{"start":{"line":76,"column":4},"end":{"line":80,"column":5}},"30":{"start":{"line":78,"column":12},"end":{"line":78,"column":72}},"31":{"start":{"line":82,"column":4},"end":{"line":84,"column":6}},"32":{"start":{"line":83,"column":8},"end":{"line":83,"column":75}},"33":{"start":{"line":86,"column":4},"end":{"line":90,"column":5}},"34":{"start":{"line":88,"column":12},"end":{"line":88,"column":71}},"35":{"start":{"line":92,"column":4},"end":{"line":94,"column":6}},"36":{"start":{"line":93,"column":8},"end":{"line":93,"column":73}},"37":{"start":{"line":96,"column":4},"end":{"line":99,"column":6}},"38":{"start":{"line":97,"column":8},"end":{"line":97,"column":49}},"39":{"start":{"line":98,"column":8},"end":{"line":98,"column":18}},"40":{"start":{"line":101,"column":4},"end":{"line":101,"column":44}},"41":{"start":{"line":103,"column":4},"end":{"line":108,"column":6}},"42":{"start":{"line":104,"column":8},"end":{"line":107,"column":14}},"43":{"start":{"line":106,"column":16},"end":{"line":106,"column":45}},"44":{"start":{"line":111,"column":0},"end":{"line":132,"column":1}},"45":{"start":{"line":112,"column":4},"end":{"line":113,"column":23}},"46":{"start":{"line":115,"column":4},"end":{"line":127,"column":6}},"47":{"start":{"line":116,"column":8},"end":{"line":120,"column":9}},"48":{"start":{"line":117,"column":12},"end":{"line":117,"column":46}},"49":{"start":{"line":119,"column":12},"end":{"line":119,"column":59}},"50":{"start":{"line":122,"column":8},"end":{"line":126,"column":9}},"51":{"start":{"line":123,"column":12},"end":{"line":125,"column":14}},"52":{"start":{"line":124,"column":16},"end":{"line":124,"column":50}},"53":{"start":{"line":129,"column":4},"end":{"line":131,"column":6}},"54":{"start":{"line":130,"column":8},"end":{"line":130,"column":38}},"55":{"start":{"line":134,"column":0},"end":{"line":155,"column":1}},"56":{"start":{"line":135,"column":4},"end":{"line":154,"column":5}},"57":{"start":{"line":136,"column":8},"end":{"line":136,"column":54}},"58":{"start":{"line":138,"column":8},"end":{"line":141,"column":9}},"59":{"start":{"line":139,"column":12},"end":{"line":139,"column":34}},"60":{"start":{"line":140,"column":12},"end":{"line":140,"column":18}},"61":{"start":{"line":143,"column":8},"end":{"line":143,"column":75}},"62":{"start":{"line":145,"column":8},"end":{"line":151,"column":9}},"63":{"start":{"line":146,"column":12},"end":{"line":146,"column":71}},"64":{"start":{"line":148,"column":12},"end":{"line":148,"column":55}},"65":{"start":{"line":150,"column":12},"end":{"line":150,"column":74}},"66":{"start":{"line":153,"column":8},"end":{"line":153,"column":30}}},"branchMap":{"1":{"line":22,"type":"binary-expr","locations":[{"start":{"line":22,"column":17},"end":{"line":22,"column":27}},{"start":{"line":22,"column":31},"end":{"line":22,"column":37}}]},"2":{"line":24,"type":"binary-expr","locations":[{"start":{"line":24,"column":12},"end":{"line":24,"column":28}},{"start":{"line":24,"column":32},"end":{"line":24,"column":34}}]},"3":{"line":31,"type":"cond-expr","locations":[{"start":{"line":31,"column":34},"end":{"line":31,"column":39}},{"start":{"line":31,"column":42},"end":{"line":31,"column":44}}]},"4":{"line":49,"type":"if","locations":[{"start":{"line":49,"column":8},"end":{"line":49,"column":8}},{"start":{"line":49,"column":8},"end":{"line":49,"column":8}}]},"5":{"line":49,"type":"binary-expr","locations":[{"start":{"line":49,"column":12},"end":{"line":49,"column":26}},{"start":{"line":49,"column":30},"end":{"line":49,"column":62}}]},"6":{"line":52,"type":"if","locations":[{"start":{"line":52,"column":12},"end":{"line":52,"column":12}},{"start":{"line":52,"column":12},"end":{"line":52,"column":12}}]},"7":{"line":69,"type":"if","locations":[{"start":{"line":69,"column":4},"end":{"line":69,"column":4}},{"start":{"line":69,"column":4},"end":{"line":69,"column":4}}]},"8":{"line":69,"type":"binary-expr","locations":[{"start":{"line":69,"column":8},"end":{"line":69,"column":31}},{"start":{"line":69,"column":35},"end":{"line":69,"column":68}}]},"9":{"line":70,"type":"binary-expr","locations":[{"start":{"line":70,"column":8},"end":{"line":70,"column":20}},{"start":{"line":70,"column":24},"end":{"line":70,"column":38}}]},"10":{"line":104,"type":"binary-expr","locations":[{"start":{"line":104,"column":8},"end":{"line":104,"column":20}},{"start":{"line":105,"column":12},"end":{"line":107,"column":14}}]},"11":{"line":122,"type":"if","locations":[{"start":{"line":122,"column":8},"end":{"line":122,"column":8}},{"start":{"line":122,"column":8},"end":{"line":122,"column":8}}]},"12":{"line":122,"type":"binary-expr","locations":[{"start":{"line":122,"column":12},"end":{"line":122,"column":18}},{"start":{"line":122,"column":22},"end":{"line":122,"column":37}}]},"13":{"line":130,"type":"binary-expr","locations":[{"start":{"line":130,"column":8},"end":{"line":130,"column":20}},{"start":{"line":130,"column":24},"end":{"line":130,"column":38}}]},"14":{"line":138,"type":"if","locations":[{"start":{"line":138,"column":8},"end":{"line":138,"column":8}},{"start":{"line":138,"column":8},"end":{"line":138,"column":8}}]},"15":{"line":139,"type":"binary-expr","locations":[{"start":{"line":139,"column":12},"end":{"line":139,"column":20}},{"start":{"line":139,"column":24},"end":{"line":139,"column":34}}]},"16":{"line":153,"type":"binary-expr","locations":[{"start":{"line":153,"column":8},"end":{"line":153,"column":16}},{"start":{"line":153,"column":20},"end":{"line":153,"column":30}}]}},"l":{"3":1,"10":1,"11":0,"17":1,"18":0,"22":0,"24":0,"26":0,"27":0,"28":0,"31":0,"34":1,"35":0,"40":0,"44":0,"45":0,"47":0,"49":0,"50":0,"52":0,"53":0,"58":0,"61":1,"62":0,"69":0,"70":0,"71":0,"74":0,"76":0,"78":0,"82":0,"83":0,"86":0,"88":0,"92":0,"93":0,"96":0,"97":0,"98":0,"101":0,"103":0,"104":0,"106":0,"111":1,"112":0,"115":0,"116":0,"117":0,"119":0,"122":0,"123":0,"124":0,"129":0,"130":0,"134":1,"135":0,"136":0,"138":0,"139":0,"140":0,"143":0,"145":0,"146":0,"148":0,"150":0,"153":0}},
"/home/travis/build/node-gh/gh/lib/logger.js":{"path":"/home/travis/build/node-gh/gh/lib/logger.js","s":{"1":2,"2":1,"3":0,"4":2,"5":7,"6":6,"7":1,"8":1,"9":1,"10":1,"11":0,"12":0,"13":2,"14":0,"15":0,"16":0,"17":2,"18":1,"19":1,"20":1,"21":1,"22":2,"23":1,"24":1,"25":2,"26":1,"27":2,"28":2,"29":2,"30":2,"31":2,"32":0,"33":0,"34":0,"35":0,"36":0,"37":2,"38":0,"39":0,"40":0,"41":0,"42":0,"43":0,"44":0,"45":0,"46":0,"47":0,"48":0,"49":0,"50":0,"51":0,"52":0,"53":0,"54":0,"55":2,"56":0,"57":0,"58":2,"59":0,"60":2,"61":0,"62":0,"63":0,"64":0,"65":0,"66":0,"67":2,"68":0,"69":2,"70":2,"71":0,"72":2,"73":0,"74":2,"75":0,"76":2,"77":0,"78":2,"79":0,"80":2,"81":0,"82":2,"83":0,"84":2,"85":0,"86":2,"87":0,"88":0,"89":0,"90":0,"91":0,"92":0,"93":0,"94":2,"95":2,"96":2},"b":{"1":[6,1],"2":[1,0],"3":[0,0],"4":[1,0],"5":[2,0],"6":[0,0],"7":[0,0],"8":[0,0],"9":[0,0],"10":[0,0],"11":[0,0],"12":[0,0,0],"13":[0,0],"14":[0,0],"15":[0,0],"16":[0,0],"17":[0,0]},"f":{"1":0,"2":7,"3":0,"4":1,"5":1,"6":1,"7":2,"8":0,"9":0,"10":0,"11":0,"12":0,"13":0,"14":2,"15":0,"16":0,"17":0,"18":0,"19":0,"20":0,"21":0,"22":0,"23":0},"fnMap":{"1":{"name":"stripHandlebarsNewLine","line":11,"loc":{"start":{"line":11,"column":0},"end":{"line":11,"column":37}}},"2":{"name":"(anonymous_2)","line":15,"loc":{"start":{"line":15,"column":15},"end":{"line":15,"column":26}}},"3":{"name":"(anonymous_3)","line":30,"loc":{"start":{"line":30,"column":16},"end":{"line":30,"column":27}}},"4":{"name":"(anonymous_4)","line":38,"loc":{"start":{"line":38,"column":15},"end":{"line":38,"column":26}}},"5":{"name":"(anonymous_5)","line":47,"loc":{"start":{"line":47,"column":14},"end":{"line":47,"column":25}}},"6":{"name":"(anonymous_6)","line":52,"loc":{"start":{"line":52,"column":13},"end":{"line":52,"column":24}}},"7":{"name":"(anonymous_7)","line":56,"loc":{"start":{"line":56,"column":21},"end":{"line":56,"column":46}}},"8":{"name":"(anonymous_8)","line":64,"loc":{"start":{"line":64,"column":27},"end":{"line":64,"column":56}}},"9":{"name":"(anonymous_9)","line":76,"loc":{"start":{"line":76,"column":25},"end":{"line":76,"column":39}}},"10":{"name":"(anonymous_10)","line":115,"loc":{"start":{"line":115,"column":25},"end":{"line":115,"column":47}}},"11":{"name":"(anonymous_11)","line":121,"loc":{"start":{"line":121,"column":21},"end":{"line":121,"column":43}}},"12":{"name":"(anonymous_12)","line":125,"loc":{"start":{"line":125,"column":25},"end":{"line":125,"column":45}}},"13":{"name":"(anonymous_13)","line":139,"loc":{"start":{"line":139,"column":24},"end":{"line":139,"column":49}}},"14":{"name":"(anonymous_14)","line":143,"loc":{"start":{"line":143,"column":26},"end":{"line":143,"column":37}}},"15":{"name":"(anonymous_15)","line":144,"loc":{"start":{"line":144,"column":38},"end":{"line":144,"column":53}}},"16":{"name":"(anonymous_16)","line":148,"loc":{"start":{"line":148,"column":45},"end":{"line":148,"column":56}}},"17":{"name":"(anonymous_17)","line":161,"loc":{"start":{"line":161,"column":47},"end":{"line":161,"column":58}}},"18":{"name":"(anonymous_18)","line":172,"loc":{"start":{"line":172,"column":38},"end":{"line":172,"column":49}}},"19":{"name":"(anonymous_19)","line":183,"loc":{"start":{"line":183,"column":47},"end":{"line":183,"column":58}}},"20":{"name":"(anonymous_20)","line":194,"loc":{"start":{"line":194,"column":43},"end":{"line":194,"column":54}}},"21":{"name":"(anonymous_21)","line":205,"loc":{"start":{"line":205,"column":42},"end":{"line":205,"column":53}}},"22":{"name":"(anonymous_22)","line":209,"loc":{"start":{"line":209,"column":42},"end":{"line":209,"column":53}}},"23":{"name":"(anonymous_23)","line":213,"loc":{"start":{"line":213,"column":42},"end":{"line":213,"column":81}}}},"statementMap":{"1":{"start":{"line":3,"column":0},"end":{"line":9,"column":35}},"2":{"start":{"line":11,"column":0},"end":{"line":13,"column":1}},"3":{"start":{"line":12,"column":4},"end":{"line":12,"column":54}},"4":{"start":{"line":15,"column":0},"end":{"line":28,"column":1}},"5":{"start":{"line":16,"column":4},"end":{"line":18,"column":5}},"6":{"start":{"line":17,"column":8},"end":{"line":17,"column":14}},"7":{"start":{"line":20,"column":4},"end":{"line":24,"column":5}},"8":{"start":{"line":21,"column":8},"end":{"line":21,"column":47}},"9":{"start":{"line":22,"column":8},"end":{"line":22,"column":42}},"10":{"start":{"line":23,"column":8},"end":{"line":23,"column":14}},"11":{"start":{"line":26,"column":4},"end":{"line":26,"column":25}},"12":{"start":{"line":27,"column":4},"end":{"line":27,"column":38}},"13":{"start":{"line":30,"column":0},"end":{"line":36,"column":1}},"14":{"start":{"line":31,"column":4},"end":{"line":33,"column":5}},"15":{"start":{"line":32,"column":8},"end":{"line":32,"column":14}},"16":{"start":{"line":35,"column":4},"end":{"line":35,"column":38}},"17":{"start":{"line":38,"column":0},"end":{"line":45,"column":1}},"18":{"start":{"line":39,"column":4},"end":{"line":41,"column":5}},"19":{"start":{"line":40,"column":8},"end":{"line":40,"column":47}},"20":{"start":{"line":43,"column":4},"end":{"line":43,"column":40}},"21":{"start":{"line":44,"column":4},"end":{"line":44,"column":19}},"22":{"start":{"line":47,"column":0},"end":{"line":50,"column":1}},"23":{"start":{"line":48,"column":4},"end":{"line":48,"column":45}},"24":{"start":{"line":49,"column":4},"end":{"line":49,"column":40}},"25":{"start":{"line":52,"column":0},"end":{"line":54,"column":1}},"26":{"start":{"line":53,"column":4},"end":{"line":53,"column":38}},"27":{"start":{"line":56,"column":0},"end":{"line":62,"column":1}},"28":{"start":{"line":57,"column":4},"end":{"line":59,"column":5}},"29":{"start":{"line":58,"column":8},"end":{"line":58,"column":28}},"30":{"start":{"line":61,"column":4},"end":{"line":61,"column":70}},"31":{"start":{"line":64,"column":0},"end":{"line":74,"column":1}},"32":{"start":{"line":65,"column":4},"end":{"line":65,"column":20}},"33":{"start":{"line":67,"column":4},"end":{"line":71,"column":5}},"34":{"start":{"line":68,"column":8},"end":{"line":70,"column":9}},"35":{"start":{"line":69,"column":12},"end":{"line":69,"column":92}},"36":{"start":{"line":73,"column":4},"end":{"line":73,"column":17}},"37":{"start":{"line":76,"column":0},"end":{"line":113,"column":1}},"38":{"start":{"line":77,"column":4},"end":{"line":77,"column":11}},"39":{"start":{"line":80,"column":4},"end":{"line":82,"column":5}},"40":{"start":{"line":81,"column":8},"end":{"line":81,"column":34}},"41":{"start":{"line":84,"column":4},"end":{"line":86,"column":5}},"42":{"start":{"line":85,"column":8},"end":{"line":85,"column":25}},"43":{"start":{"line":89,"column":4},"end":{"line":91,"column":5}},"44":{"start":{"line":90,"column":8},"end":{"line":90,"column":18}},"45":{"start":{"line":93,"column":4},"end":{"line":97,"column":5}},"46":{"start":{"line":94,"column":8},"end":{"line":94,"column":37}},"47":{"start":{"line":96,"column":8},"end":{"line":96,"column":26}},"48":{"start":{"line":99,"column":4},"end":{"line":101,"column":5}},"49":{"start":{"line":100,"column":8},"end":{"line":100,"column":18}},"50":{"start":{"line":103,"column":4},"end":{"line":105,"column":5}},"51":{"start":{"line":104,"column":8},"end":{"line":104,"column":36}},"52":{"start":{"line":107,"column":4},"end":{"line":109,"column":5}},"53":{"start":{"line":108,"column":8},"end":{"line":108,"column":26}},"54":{"start":{"line":112,"column":4},"end":{"line":112,"column":68}},"55":{"start":{"line":115,"column":0},"end":{"line":119,"column":1}},"56":{"start":{"line":116,"column":4},"end":{"line":116,"column":45}},"57":{"start":{"line":118,"column":4},"end":{"line":118,"column":50}},"58":{"start":{"line":121,"column":0},"end":{"line":123,"column":1}},"59":{"start":{"line":122,"column":4},"end":{"line":122,"column":58}},"60":{"start":{"line":125,"column":0},"end":{"line":137,"column":1}},"61":{"start":{"line":126,"column":4},
[...]
"end":{"line":292,"column":20}}]},"32":{"line":303,"type":"if","locations":[{"start":{"line":303,"column":4},"end":{"line":303,"column":4}},{"start":{"line":303,"column":4},"end":{"line":303,"column":4}}]},"33":{"line":303,"type":"binary-expr","locations":[{"start":{"line":303,"column":8},"end":{"line":303,"column":20}},{"start":{"line":303,"column":24},"end":{"line":303,"column":38}}]},"34":{"line":304,"type":"if","locations":[{"start":{"line":304,"column":8},"end":{"line":304,"column":8}},{"start":{"line":304,"column":8},"end":{"line":304,"column":8}}]},"35":{"line":306,"type":"binary-expr","locations":[{"start":{"line":306,"column":27},"end":{"line":306,"column":39}},{"start":{"line":306,"column":43},"end":{"line":306,"column":56}}]},"36":{"line":309,"type":"binary-expr","locations":[{"start":{"line":309,"column":27},"end":{"line":309,"column":39}},{"start":{"line":309,"column":43},"end":{"line":309,"column":58}}]},"37":{"line":312,"type":"if","locations":[{"start":{"line":312,"column":8},"end":{"line":312,"column":8}},{"start":{"line":312,"column":8},"end":{"line":312,"column":8}}]},"38":{"line":322,"type":"if","locations":[{"start":{"line":322,"column":12},"end":{"line":322,"column":12}},{"start":{"line":322,"column":12},"end":{"line":322,"column":12}}]},"39":{"line":328,"type":"if","locations":[{"start":{"line":328,"column":4},"end":{"line":328,"column":4}},{"start":{"line":328,"column":4},"end":{"line":328,"column":4}}]},"40":{"line":328,"type":"binary-expr","locations":[{"start":{"line":328,"column":8},"end":{"line":328,"column":19}},{"start":{"line":328,"column":23},"end":{"line":328,"column":37}}]},"41":{"line":332,"type":"if","locations":[{"start":{"line":332,"column":12},"end":{"line":332,"column":12}},{"start":{"line":332,"column":12},"end":{"line":332,"column":12}}]},"42":{"line":341,"type":"if","locations":[{"start":{"line":341,"column":16},"end":{"line":341,"column":16}},{"start":{"line":341,"column":16},"end":{"line":341,"column":16}}]},"43":{"line":348,"type":"if","locations":[{"start":{"line":348,"column":16},"end":{"line":348,"column":16}},{"start":{"line":348,"column":16},"end":{"line":348,"column":16}}]},"44":{"line":348,"type":"binary-expr","locations":[{"start":{"line":348,"column":20},"end":{"line":348,"column":24}},{"start":{"line":348,"column":28},"end":{"line":348,"column":41}}]},"45":{"line":430,"type":"if","locations":[{"start":{"line":430,"column":4},"end":{"line":430,"column":4}},{"start":{"line":430,"column":4},"end":{"line":430,"column":4}}]},"46":{"line":435,"type":"if","locations":[{"start":{"line":435,"column":4},"end":{"line":435,"column":4}},{"start":{"line":435,"column":4},"end":{"line":435,"column":4}}]},"47":{"line":435,"type":"binary-expr","locations":[{"start":{"line":435,"column":8},"end":{"line":435,"column":33}},{"start":{"line":435,"column":37},"end":{"line":435,"column":63}}]},"48":{"line":436,"type":"if","locations":[{"start":{"line":436,"column":8},"end":{"line":436,"column":8}},{"start":{"line":436,"column":8},"end":{"line":436,"column":8}}]},"49":{"line":455,"type":"if","locations":[{"start":{"line":455,"column":4},"end":{"line":455,"column":4}},{"start":{"line":455,"column":4},"end":{"line":455,"column":4}}]},"50":{"line":455,"type":"binary-expr","locations":[{"start":{"line":455,"column":8},"end":{"line":455,"column":11}},{"start":{"line":455,"column":15},"end":{"line":455,"column":27}}]},"51":{"line":459,"type":"if","locations":[{"start":{"line":459,"column":4},"end":{"line":459,"column":4}},{"start":{"line":459,"column":4},"end":{"line":459,"column":4}}]},"52":{"line":459,"type":"binary-expr","locations":[{"start":{"line":459,"column":8},"end":{"line":459,"column":13}},{"start":{"line":459,"column":17},"end":{"line":459,"column":33}}]},"53":{"line":461,"type":"if","locations":[{"start":{"line":461,"column":12},"end":{"line":461,"column":12}},{"start":{"line":461,"column":12},"end":{"line":461,"column":12}}]},"54":{"line":461,"type":"binary-expr","locations":[{"start":{"line":461,"column":16},"end":{"line":461,"column":41}},{"start":{"line":461,"column":45},"end":{"line":461,"column":65}}]},"55":{"line":465,"type":"if","locations":[{"start":{"line":465,"column":16},"end":{"line":465,"column":16}},{"start":{"line":465,"column":16},"end":{"line":465,"column":16}}]},"56":{"line":468,"type":"if","locations":[{"start":{"line":468,"column":20},"end":{"line":468,"column":20}},{"start":{"line":468,"column":20},"end":{"line":468,"column":20}}]},"57":{"line":472,"type":"if","locations":[{"start":{"line":472,"column":20},"end":{"line":472,"column":20}},{"start":{"line":472,"column":20},"end":{"line":472,"column":20}}]},"58":{"line":479,"type":"if","locations":[{"start":{"line":479,"column":16},"end":{"line":479,"column":16}},{"start":{"line":479,"column":16},"end":{"line":479,"column":16}}]},"59":{"line":494,"type":"binary-expr","locations":[{"start":{"line":494,"column":8},"end":{"line":494,"column":20}},{"start":{"line":494,"column":24},"end":{"line":494,"column":41}}]},"60":{"line":519,"type":"if","locations":[{"start":{"line":519,"column":4},"end":{"line":519,"column":4}},{"start":{"line":519,"column":4},"end":{"line":519,"column":4}}]},"61":{"line":519,"type":"binary-expr","locations":[{"start":{"line":519,"column":8},"end":{"line":519,"column":11}},{"start":{"line":519,"column":15},"end":{"line":519,"column":27}}]},"62":{"line":523,"type":"if","locations":[{"start":{"line":523,"column":4},"end":{"line":523,"column":4}},{"start":{"line":523,"column":4},"end":{"line":523,"column":4}}]},"63":{"line":523,"type":"binary-expr","locations":[{"start":{"line":523,"column":8},"end":{"line":523,"column":14}},{"start":{"line":523,"column":18},"end":{"line":523,"column":35}}]},"64":{"line":528,"type":"binary-expr","locations":[{"start":{"line":528,"column":8},"end":{"line":528,"column":20}},{"start":{"line":528,"column":24},"end":{"line":528,"column":41}}]},"65":{"line":542,"type":"if","locations":[{"start":{"line":542,"column":4},"end":{"line":542,"column":4}},{"start":{"line":542,"column":4},"end":{"line":542,"column":4}}]},"66":{"line":555,"type":"binary-expr","locations":[{"start":{"line":555,"column":26},"end":{"line":555,"column":45}},{"start":{"line":555,"column":49},"end":{"line":555,"column":51}}]},"67":{"line":556,"type":"binary-expr","locations":[{"start":{"line":556,"column":24},"end":{"line":556,"column":41}},{"start":{"line":556,"column":45},"end":{"line":556,"column":47}}]},"68":{"line":557,"type":"binary-expr","locations":[{"start":{"line":557,"column":23},"end":{"line":557,"column":39}},{"start":{"line":557,"column":43},"end":{"line":557,"column":45}}]},"69":{"line":558,"type":"binary-expr","locations":[{"start":{"line":558,"column":19},"end":{"line":558,"column":31}},{"start":{"line":558,"column":35},"end":{"line":558,"column":40}}]},"70":{"line":560,"type":"if","locations":[{"start":{"line":560,"column":4},"end":{"line":560,"column":4}},{"start":{"line":560,"column":4},"end":{"line":560,"column":4}}]},"71":{"line":564,"type":"binary-expr","locations":[{"start":{"line":564,"column":22},"end":{"line":564,"column":37}},{"start":{"line":564,"column":41},"end":{"line":564,"column":46}}]},"72":{"line":566,"type":"if","locations":[{"start":{"line":566,"column":4},"end":{"line":566,"column":4}},{"start":{"line":566,"column":4},"end":{"line":566,"column":4}}]},"73":{"line":579,"type":"if","locations":[{"start":{"line":579,"column":4},"end":{"line":579,"column":4}},{"start":{"line":579,"column":4},"end":{"line":579,"column":4}}]}},"l":{"5":0,"17":1,"18":0,"23":0,"70":0,"71":0,"76":0,"77":0,"78":0,"79":0,"80":0,"81":0,"82":0,"86":0,"87":0,"91":0,"93":0,"94":0,"97":0,"98":0,"99":0,"100":0,"101":0,"102":0,"105":0,"106":0,"113":0,"116":0,"117":0,"118":0,"124":0,"127":0,"129":0,"130":0,"131":0,"132":0,"135":0,"138":0,"139":0,"142":0,"147":0,"148":0,"149":0,"151":0,"160":0,"161":0,"162":0,"163":0,"164":0,"167":0,"170":0,"177":0,"178":0,"179":0,"180":0,"183":0,"185":0,"192":0,"193":0,"194":0,"195":0,"198":0,"200":0,"201":0,"204":0,"209":0,"210":0,"211":0,"212":0,"213":0,"216":0,"217":0,"218":0,"220":0,"227":0,"228":0,"229":0,"230":0,"233":0,"236":0,"237":0,"238":0,"239":0,"246":0,"251":0,"252":0,"253":0,"254":0,"257":0,"260":0,"261":0,"262":0,"264":0,"271":0,"272":0,"273":0,"274":0,"277":0,"280":0,"281":0,"282":0,"284":0,"291":0,"292":0,"293":0,"294":0,"297":0,"303":0,"304":0,"305":0,"306":0,"308":0,"309":0,"312":0,"313":0,"321":0,"322":0,"323":0,"328":0,"329":0,"330":0,"332":0,"333":0,"336":0,"340":0,"341":0,"342":0,"343":0,"346":0,"348":0,"349":0,"352":0,"358":0,"359":0,"362":0,"363":0,"364":0,"367":0,"368":0,"372":0,"379":0,"382":0,"383":0,"385":0,"390":0,"393":0,"394":0,"398":0,"404":0,"407":0,"408":0,"410":0,"415":0,"418":0,"419":0,"424":0,"430":0,"431":0,"432":0,"435":0,"436":0,"437":0,"439":0,"440":0,"444":0,"445":0,"449":0,"450":0,"455":0,"456":0,"459":0,"460":0,"461":0,"462":0,"463":0,"465":0,"466":0,"468":0,"469":0,"472":0,"473":0,"476":0,"479":0,"480":0,"494":0,"498":0,"499":0,"503":0,"510":0,"511":0,"515":0,"516":0,"519":0,"520":0,"523":0,"524":0,"525":0,"528":0,"532":0,"533":0,"537":0,"542":0,"543":0,"546":0,"549":0,"550":0,"555":0,"556":0,"557":0,"558":0,"560":0,"561":0,"564":0,"566":0,"567":0,"570":0,"579":0,"580":0,"581":0,"584":0,"587":0,"588":0,"592":0,"599":0,"602":0}},
"/home/travis/build/node-gh/gh/lib/cmds/user.js":{"path":"/home/travis/build/node-gh/gh/lib/cmds/user.js","s":{"1":0,"2":1,"3":0,"4":0,"5":0,"6":0,"7":0,"8":0,"9":0,"10":0,"11":0,"12":0,"13":0,"14":0,"15":0,"16":0,"17":0,"18":0,"19":0,"20":0,"21":0,"22":0,"23":0,"24":0,"25":0,"26":0,"27":0,"28":0,"29":0,"30":0,"31":0,"32":0,"33":0,"34":0,"35":0,"36":0,"37":0,"38":0,"39":0,"40":0,"41":0,"42":0,"43":0,"44":0,"45":0,"46":0,"47":0,"48":0,"49":0,"50":0,"51":0,"52":0,"53":0,"54":0,"55":0,"56":0,"57":0,"58":0,"59":0},"b":{"1":[0,0],"2":[0,0],"3":[0,0],"4":[0,0],"5":[0,0],"6":[0,0],"7":[0,0,0],"8":[0,0],"9":[0,0],"10":[0,0],"11":[0,0],"12":[0,0],"13":[0,0],"14":[0,0],"15":[0,0]},"f":{"1":0,"2":0,"3":0,"4":0,"5":0,"6":0,"7":0,"8":0,"9":0,"10":0,"11":0,"12":0,"13":0,"14":0},"fnMap":{"1":{"name":"User","line":14,"loc":{"start":{"line":14,"column":0},"end":{"line":14,"column":23}}},"2":{"name":"(anonymous_2)","line":34,"loc":{"start":{"line":34,"column":13},"end":{"line":34,"column":40}}},"3":{"name":"(anonymous_3)","line":41,"loc":{"start":{"line":41,"column":21},"end":{"line":41,"column":32}}},"4":{"name":"(anonymous_4)","line":66,"loc":{"start":{"line":66,"column":17},"end":{"line":66,"column":28}}},"5":{"name":"(anonymous_5)","line":75,"loc":{"start":{"line":75,"column":30},"end":{"line":75,"column":55}}},"6":{"name":"(anonymous_6)","line":90,"loc":{"start":{"line":90,"column":27},"end":{"line":90,"column":50}}},"7":{"name":"(anonymous_7)","line":106,"loc":{"start":{"line":106,"column":8},"end":{"line":106,"column":26}}},"8":{"name":"(anonymous_8)","line":119,"loc":{"start":{"line":119,"column":54},"end":{"line":119,"column":73}}},"9":{"name":"(anonymous_9)","line":133,"loc":{"start":{"line":133,"column":22},"end":{"line":133,"column":33}}},"10":{"name":"(anonymous_10)","line":141,"loc":{"start":{"line":141,"column":13},"end":{"line":141,"column":36}}},"11":{"name":"(anonymous_11)","line":150,"loc":{"start":{"line":150,"column":14},"end":{"line":150,"column":25}}},"12":{"name":"(anonymous_12)","line":155,"loc":{"start":{"line":155,"column":31},"end":{"line":155,"column":69}}},"13":{"name":"(anonymous_13)","line":164,"loc":{"start":{"line":164,"column":8},"end":{"line":164,"column":25}}},"14":{"name":"(anonymous_14)","line":171,"loc":{"start":{"line":171,"column":54},"end":{"line":171,"column":73}}}},"statementMap":{"1":{"start":{"line":5,"column":0},"end":{"line":10,"column":32}},"2":{"start":{"line":14,"column":0},"end":{"line":16,"column":1}},"3":{"start":{"line":15,"column":4},"end":{"line":15,"column":26}},"4":{"start":{"line":20,"column":0},"end":{"line":37,"column":1}},"5":{"start":{"line":35,"column":8},"end":{"line":35,"column":28}},"6":{"start":{"line":41,"column":0},"end":{"line":62,"column":1}},"7":{"start":{"line":42,"column":4},"end":{"line":43,"column":34}},"8":{"start":{"line":45,"column":4},"end":{"line":45,"column":37}},"9":{"start":{"line":47,"column":4},"end":{"line":51,"column":5}},"10":{"start":{"line":48,"column":8},"end":{"line":50,"column":9}},"11":{"start":{"line":49,"column":12},"end":{"line":49,"column":82}},"12":{"start":{"line":53,"column":4},"end":{"line":57,"column":5}},"13":{"start":{"line":54,"column":8},"end":{"line":54,"column":78}},"14":{"start":{"line":56,"column":8},"end":{"line":56,"column":21}},"15":{"start":{"line":59,"column":4},"end":{"line":61,"column":5}},"16":{"start":{"line":60,"column":8},"end":{"line":60,"column":32}},"17":{"start":{"line":66,"column":0},"end":{"line":73,"column":1}},"18":{"start":{"line":67,"column":4},"end":{"line":67,"column":32}},"19":{"start":{"line":69,"column":4},"end":{"line":72,"column":6}},"20":{"start":{"line":75,"column":0},"end":{"line":88,"column":1}},"21":{"start":{"line":76,"column":4},"end":{"line":79,"column":5}},"22":{"start":{"line":77,"column":8},"end":{"line":77,"column":25}},"23":{"start":{"line":78,"column":8},"end":{"line":78,"column":14}},"24":{"start":{"line":81,"column":4},"end":{"line":85,"column":5}},"25":{"start":{"line":82,"column":8},"end":{"line":82,"column":61}},"26":{"start":{"line":84,"column":8},"end":{"line":84,"column":24}},"27":{"start":{"line":87,"column":4},"end":{"line":87,"column":41}},"28":{"start":{"line":90,"column":0},"end":{"line":131,"column":1}},"29":{"start":{"line":91,"column":4},"end":{"line":91,"column":98}},"30":{"start":{"line":93,"column":4},"end":{"line":130,"column":5}},"31":{"start":{"line":107,"column":12},"end":{"line":111,"column":13}},"32":{"start":{"line":113,"column":12},"end":{"line":117,"column":14}},"33":{"start":{"line":119,"column":12},"end":{"line":128,"column":14}},"34":{"start":{"line":120,"column":16},"end":{"line":120,"column":100}},"35":{"start":{"line":122,"column":16},"end":{"line":127,"column":17}},"36":{"start":{"line":123,"column":20},"end":{"line":123,"column":85}},"37":{"start":{"line":125,"column":20},"end":{"line":125,"column":71}},"38":{"start":{"line":126,"column":20},"end":{"line":126,"column":53}},"39":{"start":{"line":133,"column":0},"end":{"line":139,"column":1}},"40":{"start":{"line":134,"column":4},"end":{"line":136,"column":5}},"41":{"start":{"line":135,"column":8},"end":{"line":135,"column":19}},"42":{"start":{"line":138,"column":4},"end":{"line":138,"column":16}},"43":{"start":{"line":141,"column":0},"end":{"line":148,"column":1}},"44":{"start":{"line":142,"column":4},"end":{"line":147,"column":5}},"45":{"start":{"line":143,"column":8},"end":{"line":143,"column":24}},"46":{"start":{"line":144,"column":8},"end":{"line":144,"column":38}},"47":{"start":{"line":146,"column":8},"end":{"line":146,"column":46}},"48":{"start":{"line":150,"column":0},"end":{"line":153,"column":1}},"49":{"start":{"line":151,"column":4},"end":{"line":151,"column":45}},"50":{"start":{"line":152,"column":4},"end":{"line":152,"column":46}},"51":{"start":{"line":155,"column":0},"end":{"line":177,"column":1}},"52":{"start":{"line":156,"column":4},"end":{"line":176,"column":5}},"53":{"start":{"line":165,"column":12},"end":{"line":167,"column":13}},"54":{"start":{"line":166,"column":16},"end":{"line":166,"column":36}},"55":{"start":{"line":169,"column":12},"end":{"line":169,"column":56}},"56":{"start":{"line":171,"column":12},"end":{"line":174,"column":14}},"57":{"start":{"line":172,"column":16},"end":{"line":172,"column":59}},"58":{"start":{"line":173,"column":16},"end":{"line":173,"column":49}},"59":{"start":{"line":179,"column":0},"end":{"line":179,"column":19}}},"branchMap":{"1":{"line":47,"type":"if","locations":[{"start":{"line":47,"column":4},"end":{"line":47,"column":4}},{"start":{"line":47,"column":4},"end":{"line":47,"column":4}}]},"2":{"line":48,"type":"if","locations":[{"start":{"line":48,"column":8},"end":{"line":48,"column":8}},{"start":{"line":48,"column":8},"end":{"line":48,"column":8}}]},"3":{"line":53,"type":"if","locations":[{"start":{"line":53,"column":4},"end":{"line":53,"column":4}},{"start":{"line":53,"column":4},"end":{"line":53,"column":4}}]},"4":{"line":59,"type":"if","locations":[{"start":{"line":59,"column":4},"end":{"line":59,"column":4}},{"start":{"line":59,"column":4},"end":{"line":59,"column":4}}]},"5":{"line":76,"type":"if","locations":[{"start":{"line":76,"column":4},"end":{"line":76,"column":4}},{"start":{"line":76,"column":4},"end":{"line":76,"column":4}}]},"6":{"line":81,"type":"if","locations":[{"start":{"line":81,"column":4},"end":{"line":81,"column":4}},{"start":{"line":81,"column":4},"end":{"line":81,"column":4}}]},"7":{"line":120,"type":"binary-expr","locations":[{"start":{"line":120,"column":48},"end":{"line":120,"column":51}},{"start":{"line":120,"column":55},"end":{"line":120,"column":66}},{"start":{"line":120,"column":70},"end":{"line":120,"column":100}}]},"8":{"line":122,"type":"if","locations":[{"start":{"line":122,"column":16},"end":{"line":122,"column":16}},{"start":{"line":122,"column":16},"end":{"line":122,"column":16}}]},"9":{"line":126,"type":"binary-expr","locations":[{"start":{"line":126,"column":20},"end":{"line":126,"column":32}},{"start":{"line":126,"column":36},"end":{"line":126,"column":53}}]},"10":{"line":134,"type":"if","locations":[{"start":{"line":134,"column":4},"end":{"line":134,"column":4}},{"start":{"line":134,"column":4},"end":{"line":134,"column":4}}]},"11":{"line":134,"type":"binary-expr","locations":[{"start":{"line":134,"column":8},"end":{"line":134,"column":27}},{"start":{"line":134,"column":31},"end":{"line":134,"column":49}}]},"12":{"line":142,"type":"if","locations":[{"start":{"line":142,"column":4},"end":{"line":142,"column":4}},{"start":{"line":142,"column":4},"end":{"line":142,"column":4}}]},"13":{"line":144,"type":"binary-expr","locations":[{"start":{"line":144,"column":8},"end":{"line":144,"column":20}},{"start":{"line":144,"column":24},"end":{"line":144,"column":38}}]},"14":{"line":165,"type":"if","locations":[{"start":{"line":165,"column":12},"end":{"line":165,"column":12}},{"start":{"line":165,"column":12},"end":{"line":165,"column":12}}]},"15":{"line":173,"type":"binary-expr","locations":[{"start":{"line":173,"column":16},"end":{"line":173,"column":28}},{"start":{"line":173,"column":32},"end":{"line":173,"column":49}}]}},"l":{"5":0,"14":1,"15":0,"20":0,"35":0,"41":0,"42":0,"45":0,"47":0,"48":0,"49":0,"53":0,"54":0,"56":0,"59":0,"60":0,"66":0,"67":0,"69":0,"75":0,"76":0,"77":0,"78":0,"81":0,"82":0,"84":0,"87":0,"90":0,"91":0,"93":0,"107":0,"113":0,"119":0,"120":0,"122":0,"123":0,"125":0,"126":0,"133":0,"134":0,"135":0,"138":0,"141":0,"142":0,"143":0,"144":0,"146":0,"150":0,"151":0,"152":0,"155":0,"156":0,"165":0,"166":0,"169":0,"171":0,"172":0,"173":0,"179":0}},
"/home/travis/build/node-gh/gh/lib/cmds/version.js":{"path":"/home/travis/build/node-gh/gh/lib/cmds/version.js","s":{"1":1,"2":1,"3":1,"4":1,"5":1,"6":1,"7":1,"8":1},"b":{},"f":{"1":2,"2":1,"3":1},"fnMap":{"1":{"name":"Version","line":6,"loc":{"start":{"line":6,"column":0},"end":{"line":6,"column":19}}},"2":{"name":"(anonymous_2)","line":13,"loc":{"start":{"line":13,"column":24},"end":{"line":13,"column":35}}},"3":{"name":"(anonymous_3)","line":17,"loc":{"start":{"line":17,"column":33},"end":{"line":17,"column":47}}}},"statementMap":{"1":{"start":{"line":3,"column":0},"end":{"line":4,"column":33}},"2":{"start":{"line":6,"column":0},"end":{"line":6,"column":21}},"3":{"start":{"line":8,"column":0},"end":{"line":11,"column":1}},"4":{"start":{"line":13,"column":0},"end":{"line":15,"column":1}},"5":{"start":{"line":14,"column":4},"end":{"line":14,"column":45}},"6":{"start":{"line":17,"column":0},"end":{"line":19,"column":1}},"7":{"start":{"line":18,"column":4},"end":{"line":18,"column":44}},"8":{"start":{"line":21,"column":0},"end":{"line":21,"column":22}}},"branchMap":{},"l":{"3":1,"6":1,"8":1,"13":1,"14":1,"17":1,"18":1,"21":1}}}
