TN:
SF:/home/travis/build/node-gh/gh/lib/base.js
FN:22,(anonymous_1)
FN:38,(anonymous_2)
FN:39,async
FN:49,(anonymous_4)
FN:55,(anonymous_5)
FN:71,(anonymous_6)
FN:75,(anonymous_7)
FN:85,(anonymous_8)
FN:86,(anonymous_9)
FN:91,(anonymous_10)
FNF:10
FNH:0
FNDA:0,(anonymous_1)
FNDA:0,(anonymous_2)
FNDA:0,async
FNDA:0,(anonymous_4)
FNDA:0,(anonymous_5)
FNDA:0,(anonymous_6)
FNDA:0,(anonymous_7)
FNDA:0,(anonymous_8)
FNDA:0,(anonymous_9)
FNDA:0,(anonymous_10)
DA:12,0
DA:22,0
DA:23,0
DA:28,0
DA:30,0
DA:38,0
DA:39,1
DA:40,0
DA:41,0
DA:44,0
DA:47,0
DA:49,0
DA:50,0
DA:55,0
DA:56,0
DA:60,0
DA:61,0
DA:63,0
DA:65,0
DA:67,0
DA:71,0
DA:72,0
DA:75,0
DA:76,0
DA:78,0
DA:79,0
DA:80,0
DA:81,0
DA:85,0
DA:86,0
DA:87,0
DA:91,0
DA:92,0
DA:96,0
DA:97,0
LF:35
LH:1
BRDA:40,1,0,0
BRDA:40,1,1,0
BRDA:60,2,0,0
BRDA:60,2,1,0
BRDA:78,3,0,0
BRDA:78,3,1,0
BRDA:79,4,0,0
BRDA:79,4,1,0
BRDA:80,5,0,0
BRDA:80,5,1,0
BRDA:81,6,0,0
BRDA:81,6,1,0
BRDA:87,7,0,0
BRDA:87,7,1,0
BRF:14
BRH:0
end_of_record
TN:
SF:/home/travis/build/node-gh/gh/lib/cmd-anonymizer.js
FN:12,CmdAnonymizer
FN:20,(anonymous_2)
FN:24,(anonymous_3)
FN:33,(anonymous_4)
FN:38,(anonymous_5)
FN:43,(anonymous_6)
FN:81,(anonymous_7)
FN:91,(anonymous_8)
FNF:8
FNH:0
FNDA:0,CmdAnonymizer
FNDA:0,(anonymous_2)
FNDA:0,(anonymous_3)
FNDA:0,(anonymous_4)
FNDA:0,(anonymous_5)
FNDA:0,(anonymous_6)
FNDA:0,(anonymous_7)
FNDA:0,(anonymous_8)
DA:12,1
DA:13,0
DA:14,0
DA:15,0
DA:16,0
DA:17,0
DA:20,0
DA:21,0
DA:24,0
DA:25,0
DA:28,0
DA:33,0
DA:34,0
DA:35,0
DA:38,0
DA:39,0
DA:43,0
DA:44,0
DA:46,0
DA:47,0
DA:48,0
DA:49,0
DA:52,0
DA:53,0
DA:54,0
DA:55,0
DA:58,0
DA:59,0
DA:60,0
DA:61,0
DA:64,0
DA:65,0
DA:66,0
DA:67,0
DA:70,0
DA:72,0
DA:73,0
DA:74,0
DA:77,0
DA:78,0
DA:81,0
DA:84,0
DA:86,0
DA:88,0
DA:91,0
DA:92,0
DA:95,0
LF:47
LH:1
BRDA:28,1,0,0
BRDA:28,1,1,0
BRDA:28,1,2,0
BRDA:28,1,3,0
BRDA:28,1,4,0
BRDA:28,1,5,0
BRDA:34,2,0,0
BRDA:34,2,1,0
BRDA:46,3,0,0
BRDA:46,3,1,0
BRDA:52,4,0,0
BRDA:52,4,1,0
BRDA:52,5,0,0
BRDA:52,5,1,0
BRDA:58,6,0,0
BRDA:58,6,1,0
BRDA:58,7,0,0
BRDA:58,7,1,0
BRDA:64,8,0,0
BRDA:64,8,1,0
BRDA:64,9,0,0
BRDA:64,9,1,0
BRDA:70,10,0,0
BRDA:70,10,1,0
BRDA:70,11,0,0
BRDA:70,11,1,0
BRDA:70,11,2,0
BRF:27
BRH:0
end_of_record
TN:
SF:/home/travis/build/node-gh/gh/lib/cmd.js
FN:30,isCompatibleNodeVersion
FN:34,hasCommandInOptions
FN:36,(anonymous_3)
FN:45,invokePayload
FN:55,findCommand
FN:69,(anonymous_6)
FN:85,loadCommand
FN:108,(anonymous_8)
FN:117,(anonymous_9)
FN:125,(anonymous_10)
FN:130,(anonymous_11)
FN:170,(anonymous_12)
FN:196,(anonymous_13)
FN:212,(anonymous_14)
FNF:14
FNH:0
FNDA:0,isCompatibleNodeVersion
FNDA:0,hasCommandInOptions
FNDA:0,(anonymous_3)
FNDA:0,invokePayload
FNDA:0,findCommand
FNDA:0,(anonymous_6)
FNDA:0,loadCommand
FNDA:0,(anonymous_8)
FNDA:0,(anonymous_9)
FNDA:0,(anonymous_10)
FNDA:0,(anonymous_11)
FNDA:0,(anonymous_12)
FNDA:0,(anonymous_13)
FNDA:0,(anonymous_14)
DA:14,0
DA:30,1
DA:31,0
DA:34,1
DA:35,0
DA:36,0
DA:37,0
DA:41,0
DA:45,1
DA:46,0
DA:48,0
DA:49,0
DA:50,0
DA:51,0
DA:55,1
DA:56,0
DA:61,0
DA:62,0
DA:64,0
DA:65,0
DA:68,0
DA:69,0
DA:70,0
DA:71,0
DA:73,0
DA:74,0
DA:77,0
DA:78,0
DA:82,0
DA:85,1
DA:86,0
DA:90,0
DA:91,0
DA:92,0
DA:95,0
DA:98,0
DA:102,0
DA:105,0
DA:108,0
DA:109,0
DA:117,0
DA:118,0
DA:120,0
DA:121,0
DA:122,0
DA:125,0
DA:126,0
DA:130,0
DA:131,0
DA:133,0
DA:134,0
DA:136,0
DA:139,0
DA:142,0
DA:144,0
DA:145,0
DA:146,0
DA:147,0
DA:150,0
DA:154,0
DA:156,0
DA:157,0
DA:159,0
DA:160,0
DA:162,0
DA:163,0
DA:166,0
DA:170,0
DA:171,0
DA:174,0
DA:175,0
DA:177,0
DA:178,0
DA:179,0
DA:182,0
DA:186,0
DA:187,0
DA:189,0
DA:194,0
DA:196,0
DA:197,0
DA:201,0
DA:203,0
DA:205,0
DA:207,0
DA:212,0
DA:213,0
DA:214,0
DA:217,0
DA:218,0
DA:222,0
DA:223,0
DA:226,0
DA:227,0
DA:229,0
DA:231,0
DA:232,0
LF:97
LH:5
BRDA:35,1,0,0
BRDA:35,1,1,0
BRDA:48,2,0,0
BRDA:48,2,1,0
BRDA:48,3,0,0
BRDA:48,3,1,0
BRDA:64,4,0,0
BRDA:64,4,1,0
BRDA:73,5,0,0
BRDA:73,5,1,0
BRDA:90,6,0,0
BRDA:90,6,1,0
BRDA:120,7,0,0
BRDA:120,7,1,0
BRDA:133,8,0,0
BRDA:133,8,1,0
BRDA:133,9,0,0
BRDA:133,9,1,0
BRDA:136,10,0,0
BRDA:136,10,1,0
BRDA:136,11,0,0
BRDA:136,11,1,0
BRDA:136,11,2,0
BRDA:144,12,0,0
BRDA:144,12,1,0
BRDA:159,13,0,0
BRDA:159,13,1,0
BRDA:160,14,0,0
BRDA:160,14,1,0
BRDA:162,15,0,0
BRDA:162,15,1,0
BRDA:177,16,0,0
BRDA:177,16,1,0
BRDA:178,17,0,0
BRDA:178,17,1,0
BRDA:178,18,0,0
BRDA:178,18,1,0
BRDA:182,19,0,0
BRDA:182,19,1,0
BRDA:186,20,0,0
BRDA:186,20,1,0
BRDA:187,21,0,0
BRDA:187,21,1,0
BRDA:194,22,0,0
BRDA:194,22,1,0
BRDA:213,23,0,0
BRDA:213,23,1,0
BRDA:217,24,0,0
BRDA:217,24,1,0
BRDA:222,25,0,0
BRDA:222,25,1,0
BRDA:232,26,0,0
BRDA:232,26,1,0
BRF:53
BRH:0
end_of_record
TN:
SF:/home/travis/build/node-gh/gh/lib/configs.js
FN:24,(anonymous_1)
FN:43,(anonymous_2)
FN:47,getConfig
FN:55,(anonymous_4)
FN:59,(anonymous_5)
FN:74,(anonymous_6)
FN:82,(anonymous_7)
FN:96,(anonymous_8)
FN:101,(anonymous_9)
FN:109,(anonymous_10)
FN:113,(anonymous_11)
FN:117,(anonymous_12)
FN:129,(anonymous_13)
FN:137,(anonymous_14)
FN:159,(anonymous_15)
FN:169,(anonymous_16)
FN:184,(anonymous_17)
FN:197,getPlugins
FN:205,(anonymous_19)
FN:218,(anonymous_20)
FN:226,(anonymous_21)
FN:232,(anonymous_22)
FN:236,(anonymous_23)
FN:240,(anonymous_24)
FNF:24
FNH:0
FNDA:0,(anonymous_1)
FNDA:0,(anonymous_2)
FNDA:0,getConfig
FNDA:0,(anonymous_4)
FNDA:0,(anonymous_5)
FNDA:0,(anonymous_6)
FNDA:0,(anonymous_7)
FNDA:0,(anonymous_8)
FNDA:0,(anonymous_9)
FNDA:0,(anonymous_10)
FNDA:0,(anonymous_11)
FNDA:0,(anonymous_12)
FNDA:0,(anonymous_13)
FNDA:0,(anonymous_14)
FNDA:0,(anonymous_15)
FNDA:0,(anonymous_16)
FNDA:0,(anonymous_17)
FNDA:0,getPlugins
FNDA:0,(anonymous_19)
FNDA:0,(anonymous_20)
FNDA:0,(anonymous_21)
FNDA:0,(anonymous_22)
FNDA:0,(anonymous_23)
FNDA:0,(anonymous_24)
DA:12,0
DA:24,0
DA:25,0
DA:28,0
DA:29,0
DA:31,0
DA:32,0
DA:33,0
DA:36,0
DA:40,0
DA:43,0
DA:44,0
DA:47,1
DA:48,0
DA:52,0
DA:53,0
DA:55,0
DA:56,0
DA:59,0
DA:60,0
DA:63,0
DA:66,0
DA:67,0
DA:70,0
DA:74,0
DA:75,0
DA:76,0
DA:79,0
DA:82,0
DA:83,0
DA:87,0
DA:89,0
DA:90,0
DA:93,0
DA:94,0
DA:96,0
DA:97,0
DA:100,0
DA:101,0
DA:102,0
DA:106,0
DA:109,0
DA:110,0
DA:113,0
DA:114,0
DA:117,0
DA:118,0
DA:120,0
DA:122,0
DA:126,0
DA:129,0
DA:130,0
DA:134,0
DA:137,0
DA:138,0
DA:144,0
DA:145,0
DA:147,0
DA:148,0
DA:149,0
DA:152,0
DA:156,0
DA:159,0
DA:160,0
DA:162,0
DA:163,0
DA:164,0
DA:169,0
DA:170,0
DA:173,0
DA:176,0
DA:178,0
DA:182,0
DA:184,0
DA:185,0
DA:188,0
DA:191,0
DA:192,0
DA:197,1
DA:198,0
DA:200,0
DA:201,0
DA:204,0
DA:205,0
DA:206,0
DA:210,0
DA:211,0
DA:214,0
DA:218,0
DA:219,0
DA:220,0
DA:223,0
DA:226,0
DA:227,0
DA:229,0
DA:232,0
DA:233,0
DA:236,0
DA:237,0
DA:240,0
DA:241,0
DA:242,0
DA:245,0
DA:248,0
LF:104
LH:2
BRDA:28,1,0,0
BRDA:28,1,1,0
BRDA:31,2,0,0
BRDA:31,2,1,0
BRDA:66,3,0,0
BRDA:66,3,1,0
BRDA:66,4,0,0
BRDA:66,4,1,0
BRDA:75,5,0,0
BRDA:75,5,1,0
BRDA:89,6,0,0
BRDA:89,6,1,0
BRDA:100,7,0,0
BRDA:100,7,1,0
BRDA:148,8,0,0
BRDA:148,8,1,0
BRDA:148,9,0,0
BRDA:148,9,1,0
BRDA:176,10,0,0
BRDA:176,10,1,0
BRDA:182,11,0,0
BRDA:182,11,1,0
BRDA:191,12,0,0
BRDA:191,12,1,0
BRDA:200,13,0,0
BRDA:200,13,1,0
BRDA:219,14,0,0
BRDA:219,14,1,0
BRDA:237,15,0,0
BRDA:237,15,1,0
BRDA:241,16,0,0
BRDA:241,16,1,0
BRF:32
BRH:0
end_of_record
TN:
SF:/home/travis/build/node-gh/gh/lib/exec.js
FN:16,(anonymous_1)
FN:30,(anonymous_2)
FN:55,(anonymous_3)
FNF:3
FNH:0
FNDA:0,(anonymous_1)
FNDA:0,(anonymous_2)
FNDA:0,(anonymous_3)
DA:13,1
DA:16,1
DA:17,0
DA:19,0
DA:21,0
DA:23,0
DA:30,1
DA:31,0
DA:34,0
DA:35,0
DA:38,0
DA:40,0
DA:42,0
DA:44,0
DA:45,0
DA:46,0
DA:47,0
DA:49,0
DA:52,0
DA:55,1
DA:56,0
DA:57,0
DA:60,0
DA:62,0
DA:64,0
LF:25
LH:4
BRDA:34,1,0,0
BRDA:34,1,1,0
BRDA:44,2,0,0
BRDA:44,2,1,0
BRDA:56,3,0,0
BRDA:56,3,1,0
BRF:6
BRH:0
end_of_record
TN:
SF:/home/travis/build/node-gh/gh/lib/git.js
FN:16,(anonymous_1)
FN:26,(anonymous_2)
FN:36,(anonymous_3)
FN:51,(anonymous_4)
FN:61,(anonymous_5)
FN:67,(anonymous_6)
FN:92,(anonymous_7)
FN:102,(anonymous_8)
FN:106,(anonymous_9)
FN:132,(anonymous_10)
FN:142,(anonymous_11)
FN:153,(anonymous_12)
FN:157,(anonymous_13)
FN:167,(anonymous_14)
FN:177,(anonymous_15)
FN:183,(anonymous_16)
FN:189,(anonymous_17)
FN:193,(anonymous_18)
FN:197,(anonymous_19)
FNF:19
FNH:1
FNDA:0,(anonymous_1)
FNDA:0,(anonymous_2)
FNDA:0,(anonymous_3)
FNDA:0,(anonymous_4)
FNDA:0,(anonymous_5)
FNDA:0,(anonymous_6)
FNDA:0,(anonymous_7)
FNDA:0,(anonymous_8)
FNDA:0,(anonymous_9)
FNDA:0,(anonymous_10)
FNDA:0,(anonymous_11)
FNDA:0,(anonymous_12)
FNDA:0,(anonymous_13)
FNDA:0,(anonymous_14)
FNDA:0,(anonymous_15)
FNDA:0,(anonymous_16)
FNDA:0,(anonymous_17)
FNDA:0,(anonymous_18)
FNDA:4,(anonymous_19)
DA:12,1
DA:16,1
DA:17,0
DA:19,0
DA:20,0
DA:23,0
DA:26,1
DA:27,0
DA:29,0
DA:30,0
DA:33,0
DA:36,1
DA:37,0
DA:40,0
DA:41,0
DA:43,0
DA:44,0
DA:47,0
DA:51,1
DA:52,0
DA:54,0
DA:55,0
DA:58,0
DA:61,1
DA:62,0
DA:64,0
DA:67,1
DA:68,0
DA:74,0
DA:75,0
DA:76,0
DA:78,0
DA:79,0
DA:82,0
DA:84,0
DA:87,0
DA:89,0
DA:92,1
DA:93,0
DA:95,0
DA:96,0
DA:99,0
DA:102,1
DA:103,0
DA:106,1
DA:107,0
DA:110,0
DA:111,0
DA:114,0
DA:116,0
DA:117,0
DA:120,0
DA:122,0
DA:124,0
DA:125,0
DA:126,0
DA:129,0
DA:132,1
DA:133,0
DA:135,0
DA:136,0
DA:139,0
DA:142,1
DA:143,0
DA:145,0
DA:146,0
DA:147,0
DA:150,0
DA:153,1
DA:154,0
DA:157,1
DA:158,0
DA:160,0
DA:161,0
DA:164,0
DA:167,1
DA:168,0
DA:169,0
DA:172,0
DA:173,0
DA:177,1
DA:178,0
DA:180,0
DA:183,1
DA:184,0
DA:186,0
DA:189,1
DA:190,0
DA:193,1
DA:194,0
DA:197,1
DA:198,4
DA:200,4
DA:201,4
DA:204,4
LF:95
LH:24
BRDA:14,1,0,1
BRDA:14,1,1,1
BRDA:19,2,0,0
BRDA:19,2,1,0
BRDA:29,3,0,0
BRDA:29,3,1,0
BRDA:37,4,0,0
BRDA:37,4,1,0
BRDA:43,5,0,0
BRDA:43,5,1,0
BRDA:43,6,0,0
BRDA:43,6,1,0
BRDA:43,6,2,0
BRDA:54,7,0,0
BRDA:54,7,1,0
BRDA:78,8,0,0
BRDA:78,8,1,0
BRDA:95,9,0,0
BRDA:95,9,1,0
BRDA:110,10,0,0
BRDA:110,10,1,0
BRDA:116,11,0,0
BRDA:116,11,1,0
BRDA:124,12,0,0
BRDA:124,12,1,0
BRDA:135,13,0,0
BRDA:135,13,1,0
BRDA:145,14,0,0
BRDA:145,14,1,0
BRDA:160,15,0,0
BRDA:160,15,1,0
BRDA:180,16,0,0
BRDA:180,16,1,0
BRDA:186,17,0,0
BRDA:186,17,1,0
BRDA:200,18,0,4
BRDA:200,18,1,0
BRF:37
BRH:3
end_of_record
TN:
SF:/home/travis/build/node-gh/gh/lib/hooks.js
FN:19,(anonymous_1)
FN:26,(anonymous_2)
FN:43,(anonymous_3)
FN:53,(anonymous_4)
FN:71,(anonymous_5)
FN:87,(anonymous_6)
FN:92,(anonymous_7)
FN:98,(anonymous_8)
FN:103,(anonymous_9)
FN:107,(anonymous_10)
FN:114,(anonymous_11)
FN:115,(anonymous_12)
FN:121,(anonymous_13)
FN:125,(anonymous_14)
FN:134,(anonymous_15)
FN:140,(anonymous_16)
FN:145,(anonymous_17)
FN:146,(anonymous_18)
FNF:18
FNH:0
FNDA:0,(anonymous_1)
FNDA:0,(anonymous_2)
FNDA:0,(anonymous_3)
FNDA:0,(anonymous_4)
FNDA:0,(anonymous_5)
FNDA:0,(anonymous_6)
FNDA:0,(anonymous_7)
FNDA:0,(anonymous_8)
FNDA:0,(anonymous_9)
FNDA:0,(anonymous_10)
FNDA:0,(anonymous_11)
FNDA:0,(anonymous_12)
FNDA:0,(anonymous_13)
FNDA:0,(anonymous_14)
FNDA:0,(anonymous_15)
FNDA:0,(anonymous_16)
FNDA:0,(anonymous_17)
FNDA:0,(anonymous_18)
DA:12,0
DA:19,0
DA:20,0
DA:26,0
DA:27,0
DA:31,0
DA:33,0
DA:35,0
DA:36,0
DA:37,0
DA:40,0
DA:43,0
DA:44,0
DA:49,0
DA:53,0
DA:54,0
DA:56,0
DA:58,0
DA:59,0
DA:61,0
DA:62,0
DA:68,0
DA:71,0
DA:72,0
DA:78,0
DA:79,0
DA:80,0
DA:83,0
DA:85,0
DA:88,0
DA:92,0
DA:93,0
DA:96,0
DA:99,0
DA:103,0
DA:104,0
DA:107,0
DA:108,0
DA:109,0
DA:112,0
DA:114,0
DA:115,0
DA:116,0
DA:121,0
DA:122,0
DA:125,0
DA:126,0
DA:127,0
DA:130,0
DA:133,0
DA:134,0
DA:135,0
DA:140,0
DA:141,0
DA:145,0
DA:146,0
DA:147,0
DA:149,0
DA:150,0
DA:151,0
DA:154,0
DA:156,0
DA:157,0
DA:159,0
DA:161,0
DA:164,0
LF:66
LH:0
BRDA:31,1,0,0
BRDA:31,1,1,0
BRDA:33,2,0,0
BRDA:33,2,1,0
BRDA:40,3,0,0
BRDA:40,3,1,0
BRDA:58,4,0,0
BRDA:58,4,1,0
BRDA:58,5,0,0
BRDA:58,5,1,0
BRDA:61,6,0,0
BRDA:61,6,1,0
BRDA:78,7,0,0
BRDA:78,7,1,0
BRDA:79,8,0,0
BRDA:79,8,1,0
BRDA:115,9,0,0
BRDA:115,9,1,0
BRDA:133,10,0,0
BRDA:133,10,1,0
BRDA:133,11,0,0
BRDA:133,11,1,0
BRDA:141,12,0,0
BRDA:141,12,1,0
BRDA:149,13,0,0
BRDA:149,13,1,0
BRDA:150,14,0,0
BRDA:150,14,1,0
BRDA:164,15,0,0
BRDA:164,15,1,0
BRF:30
BRH:0
end_of_record
TN:
SF:/home/travis/build/node-gh/gh/lib/logger.js
FN:21,stripHandlebarsNewLine
FN:25,(anonymous_2)
FN:32,(anonymous_3)
FN:38,(anonymous_4)
FN:43,(anonymous_5)
FN:47,(anonymous_6)
FN:55,(anonymous_7)
FN:68,(anonymous_8)
FN:107,(anonymous_9)
FN:113,(anonymous_10)
FN:117,(anonymous_11)
FN:132,(anonymous_12)
FN:136,(anonymous_13)
FN:137,(anonymous_14)
FN:141,(anonymous_15)
FN:146,(anonymous_16)
FN:151,(anonymous_17)
FN:156,(anonymous_18)
FN:161,(anonymous_19)
FN:166,(anonymous_20)
FN:170,(anonymous_21)
FN:174,(anonymous_22)
FN:193,(anonymous_23)
FN:206,(anonymous_24)
FN:207,(anonymous_25)
FNF:25
FNH:7
FNDA:0,stripHandlebarsNewLine
FNDA:3,(anonymous_2)
FNDA:1,(anonymous_3)
FNDA:1,(anonymous_4)
FNDA:1,(anonymous_5)
FNDA:0,(anonymous_6)
FNDA:0,(anonymous_7)
FNDA:0,(anonymous_8)
FNDA:0,(anonymous_9)
FNDA:0,(anonymous_10)
FNDA:0,(anonymous_11)
FNDA:0,(anonymous_12)
FNDA:2,(anonymous_13)
FNDA:0,(anonymous_14)
FNDA:0,(anonymous_15)
FNDA:0,(anonymous_16)
FNDA:0,(anonymous_17)
FNDA:0,(anonymous_18)
FNDA:0,(anonymous_19)
FNDA:0,(anonymous_20)
FNDA:0,(anonymous_21)
FNDA:0,(anonymous_22)
FNDA:2,(anonymous_23)
FNDA:42,(anonymous_24)
FNDA:0,(anonymous_25)
DA:13,2
DA:21,1
DA:22,0
DA:25,2
DA:26,3
DA:27,1
DA:28,1
DA:32,2
DA:33,1
DA:34,1
DA:35,1
DA:38,2
DA:39,1
DA:40,1
DA:43,2
DA:44,1
DA:47,2
DA:48,0
DA:49,0
DA:52,0
DA:55,2
DA:56,0
DA:58,0
DA:59,0
DA:60,0
DA:65,0
DA:68,2
DA:69,0
DA:72,0
DA:73,0
DA:76,0
DA:77,0
DA:81,0
DA:82,0
DA:85,0
DA:86,0
DA:88,0
DA:91,0
DA:92,0
DA:95,0
DA:96,0
DA:99,0
DA:100,0
DA:104,0
DA:107,2
DA:108,0
DA:110,0
DA:113,2
DA:114,0
DA:117,2
DA:118,0
DA:121,0
DA:123,0
DA:124,0
DA:127,0
DA:129,0
DA:132,2
DA:133,0
DA:136,2
DA:137,2
DA:138,0
DA:141,2
DA:142,0
DA:146,2
DA:147,0
DA:151,2
DA:152,0
DA:156,2
DA:157,0
DA:161,2
DA:162,0
DA:166,2
DA:167,0
DA:170,2
DA:171,0
DA:174,2
DA:175,0
DA:177,0
DA:178,0
DA:181,0
DA:183,0
DA:184,0
DA:187,0
DA:190,2
DA:193,2
DA:194,2
DA:206,2
DA:207,42
DA:208,0
DA:210,0
DA:212,0
DA:217,2
DA:219,2
DA:220,2
LF:94
LH:40
BRDA:26,1,0,1
BRDA:26,1,1,2
BRDA:48,2,0,0
BRDA:48,2,1,0
BRDA:59,3,0,0
BRDA:59,3,1,0
BRDA:72,4,0,0
BRDA:72,4,1,0
BRDA:76,5,0,0
BRDA:76,5,1,0
BRDA:81,6,0,0
BRDA:81,6,1,0
BRDA:91,7,0,0
BRDA:91,7,1,0
BRDA:95,8,0,0
BRDA:95,8,1,0
BRDA:95,9,0,0
BRDA:95,9,1,0
BRDA:95,9,2,0
BRDA:99,10,0,0
BRDA:99,10,1,0
BRDA:114,11,0,0
BRDA:114,11,1,0
BRDA:123,12,0,0
BRDA:123,12,1,0
BRDA:177,13,0,0
BRDA:177,13,1,0
BRDA:183,14,0,0
BRDA:183,14,1,0
BRF:29
BRH:2
end_of_record
TN:
SF:/home/travis/build/node-gh/gh/lib/tracker.js
FN:23,(anonymous_1)
FN:35,(anonymous_2)
FNF:2
FNH:0
FNDA:0,(anonymous_1)
FNDA:0,(anonymous_2)
DA:12,0
DA:18,0
DA:23,0
DA:24,0
DA:26,0
DA:27,0
DA:30,0
DA:32,0
DA:35,0
DA:36,0
DA:38,0
DA:41,0
LF:12
LH:0
BRDA:26,1,0,0
BRDA:26,1,1,0
BRF:2
BRH:0
end_of_record
TN:
SF:/home/travis/build/node-gh/gh/lib/cmds/alias.js
FN:22,Alias
FN:48,(anonymous_2)
FN:61,(anonymous_3)
FN:79,(anonymous_4)
FN:95,(anonymous_5)
FN:102,(anonymous_6)
FN:106,(anonymous_7)
FNF:7
FNH:0
FNDA:0,Alias
FNDA:0,(anonymous_2)
FNDA:0,(anonymous_3)
FNDA:0,(anonymous_4)
FNDA:0,(anonymous_5)
FNDA:0,(anonymous_6)
FNDA:0,(anonymous_7)
DA:15,0
DA:22,1
DA:23,0
DA:28,0
DA:49,0
DA:50,0
DA:51,0
DA:54,0
DA:61,0
DA:62,0
DA:65,0
DA:66,0
DA:67,0
DA:70,0
DA:75,0
DA:78,0
DA:79,0
DA:80,0
DA:86,0
DA:87,0
DA:91,0
DA:95,0
DA:96,0
DA:99,0
DA:102,0
DA:103,0
DA:106,0
DA:107,0
DA:110,0
DA:112,0
DA:115,0
LF:31
LH:1
BRDA:49,1,0,0
BRDA:49,1,1,0
BRDA:65,2,0,0
BRDA:65,2,1,0
BRDA:66,3,0,0
BRDA:66,3,1,0
BRDA:78,4,0,0
BRDA:78,4,1,0
BRDA:86,5,0,0
BRDA:86,5,1,0
BRDA:103,6,0,0
BRDA:103,6,1,0
BRF:12
BRH:0
end_of_record
TN:
SF:/home/travis/build/node-gh/gh/lib/cmds/gists.js
FN:24,Gists
FN:65,(anonymous_2)
FN:72,(anonymous_3)
FN:87,(anonymous_4)
FN:100,(anonymous_5)
FN:102,(anonymous_6)
FN:119,(anonymous_7)
FN:125,(anonymous_8)
FN:147,(anonymous_9)
FN:156,(anonymous_10)
FN:165,(anonymous_11)
FN:185,(anonymous_12)
FN:189,(anonymous_13)
FN:197,(anonymous_14)
FN:205,(anonymous_15)
FN:213,(anonymous_16)
FN:218,(anonymous_17)
FN:236,(anonymous_18)
FNF:18
FNH:0
FNDA:0,Gists
FNDA:0,(anonymous_2)
FNDA:0,(anonymous_3)
FNDA:0,(anonymous_4)
FNDA:0,(anonymous_5)
FNDA:0,(anonymous_6)
FNDA:0,(anonymous_7)
FNDA:0,(anonymous_8)
FNDA:0,(anonymous_9)
FNDA:0,(anonymous_10)
FNDA:0,(anonymous_11)
FNDA:0,(anonymous_12)
FNDA:0,(anonymous_13)
FNDA:0,(anonymous_14)
FNDA:0,(anonymous_15)
FNDA:0,(anonymous_16)
FNDA:0,(anonymous_17)
FNDA:0,(anonymous_18)
DA:16,0
DA:24,1
DA:25,0
DA:30,0
DA:66,0
DA:72,0
DA:73,0
DA:77,0
DA:78,0
DA:79,0
DA:82,0
DA:83,0
DA:86,0
DA:87,0
DA:88,0
DA:93,0
DA:101,0
DA:102,0
DA:103,0
DA:104,0
DA:105,0
DA:109,0
DA:112,0
DA:118,0
DA:119,0
DA:120,0
DA:125,0
DA:126,0
DA:127,0
DA:128,0
DA:131,0
DA:136,0
DA:141,0
DA:142,0
DA:147,0
DA:148,0
DA:149,0
DA:150,0
DA:155,0
DA:156,0
DA:157,0
DA:158,0
DA:160,0
DA:165,0
DA:166,0
DA:167,0
DA:170,0
DA:171,0
DA:172,0
DA:175,0
DA:179,0
DA:185,0
DA:186,0
DA:189,0
DA:190,0
DA:194,0
DA:197,0
DA:198,0
DA:202,0
DA:205,0
DA:206,0
DA:209,0
DA:213,0
DA:214,0
DA:218,0
DA:219,0
DA:222,0
DA:223,0
DA:226,0
DA:227,0
DA:232,0
DA:236,0
DA:237,0
DA:242,0
DA:244,0
DA:248,0
DA:254,0
DA:257,0
LF:78
LH:1
BRDA:77,1,0,0
BRDA:77,1,1,0
BRDA:82,2,0,0
BRDA:82,2,1,0
BRDA:83,3,0,0
BRDA:83,3,1,0
BRDA:86,4,0,0
BRDA:86,4,1,0
BRDA:101,5,0,0
BRDA:101,5,1,0
BRDA:103,6,0,0
BRDA:103,6,1,0
BRDA:118,7,0,0
BRDA:118,7,1,0
BRDA:126,8,0,0
BRDA:126,8,1,0
BRDA:141,9,0,0
BRDA:141,9,1,0
BRDA:148,10,0,0
BRDA:148,10,1,0
BRDA:155,11,0,0
BRDA:155,11,1,0
BRDA:162,12,0,0
BRDA:162,12,1,0
BRDA:166,13,0,0
BRDA:166,13,1,0
BRDA:170,14,0,0
BRDA:170,14,1,0
BRDA:222,15,0,0
BRDA:222,15,1,0
BRDA:222,16,0,0
BRDA:222,16,1,0
BRDA:226,17,0,0
BRDA:226,17,1,0
BRDA:226,18,0,0
BRDA:226,18,1,0
BRDA:232,19,0,0
BRDA:232,19,1,0
BRDA:242,20,0,0
BRDA:242,20,1,0
BRF:40
BRH:0
end_of_record
TN:
SF:/home/travis/build/node-gh/gh/lib/cmds/hello.js
FN:18,Hello
FN:36,(anonymous_2)
FN:43,(anonymous_3)
FN:52,(anonymous_4)
FNF:4
FNH:0
FNDA:0,Hello
FNDA:0,(anonymous_2)
FNDA:0,(anonymous_3)
FNDA:0,(anonymous_4)
DA:14,0
DA:18,1
DA:19,0
DA:24,0
DA:37,0
DA:43,0
DA:44,0
DA:47,0
DA:48,0
DA:52,0
DA:53,0
DA:56,0
LF:12
LH:1
BRDA:47,1,0,0
BRDA:47,1,1,0
BRF:2
BRH:0
end_of_record
TN:
SF:/home/travis/build/node-gh/gh/lib/cmds/help.js
FN:25,Help
FN:47,(anonymous_2)
FN:63,(anonymous_3)
FN:78,(anonymous_4)
FN:121,(anonymous_5)
FN:131,(anonymous_6)
FN:135,(anonymous_7)
FN:157,(anonymous_8)
FN:172,(anonymous_9)
FN:208,(anonymous_10)
FNF:10
FNH:0
FNDA:0,Help
FNDA:0,(anonymous_2)
FNDA:0,(anonymous_3)
FNDA:0,(anonymous_4)
FNDA:0,(anonymous_5)
FNDA:0,(anonymous_6)
FNDA:0,(anonymous_7)
FNDA:0,(anonymous_8)
FNDA:0,(anonymous_9)
FNDA:0,(anonymous_10)
DA:15,0
DA:25,1
DA:26,0
DA:33,0
DA:47,0
DA:48,0
DA:57,0
DA:58,0
DA:61,0
DA:63,0
DA:64,0
DA:65,0
DA:68,0
DA:72,0
DA:74,0
DA:75,0
DA:78,0
DA:79,0
DA:85,0
DA:86,0
DA:89,0
DA:90,0
DA:93,0
DA:94,0
DA:97,0
DA:98,0
DA:99,0
DA:102,0
DA:111,0
DA:112,0
DA:113,0
DA:116,0
DA:121,0
DA:122,0
DA:128,0
DA:129,0
DA:131,0
DA:132,0
DA:135,0
DA:136,0
DA:138,0
DA:139,0
DA:143,0
DA:144,0
DA:146,0
DA:154,0
DA:157,0
DA:158,0
DA:161,0
DA:162,0
DA:166,0
DA:167,0
DA:170,0
DA:172,0
DA:173,0
DA:176,0
DA:178,0
DA:181,0
DA:183,0
DA:184,0
DA:186,0
DA:187,0
DA:189,0
DA:190,0
DA:192,0
DA:193,0
DA:195,0
DA:196,0
DA:198,0
DA:199,0
DA:201,0
DA:202,0
DA:205,0
DA:208,0
DA:209,0
DA:210,0
DA:213,0
DA:216,0
LF:78
LH:1
BRDA:74,1,0,0
BRDA:74,1,1,0
BRDA:80,2,0,0
BRDA:80,2,1,0
BRDA:85,3,0,0
BRDA:85,3,1,0
BRDA:89,4,0,0
BRDA:89,4,1,0
BRDA:89,5,0,0
BRDA:89,5,1,0
BRDA:93,6,0,0
BRDA:93,6,1,0
BRDA:93,7,0,0
BRDA:93,7,1,0
BRDA:93,7,2,0
BRDA:97,8,0,0
BRDA:97,8,1,0
BRDA:97,9,0,0
BRDA:97,9,1,0
BRDA:111,10,0,0
BRDA:111,10,1,0
BRDA:111,11,0,0
BRDA:111,11,1,0
BRDA:138,12,0,0
BRDA:138,12,1,0
BRDA:161,13,0,0
BRDA:161,13,1,0
BRDA:166,14,0,0
BRDA:166,14,1,0
BRDA:181,15,0,0
BRDA:181,15,1,0
BRDA:181,15,2,0
BRDA:181,15,3,0
BRDA:181,15,4,0
BRDA:181,15,5,0
BRDA:181,15,6,0
BRDA:209,16,0,0
BRDA:209,16,1,0
BRDA:209,17,0,0
BRDA:209,17,1,0
BRF:40
BRH:0
end_of_record
TN:
SF:/home/travis/build/node-gh/gh/lib/cmds/issue.js
FN:24,Issue
FN:86,(anonymous_2)
FN:109,(anonymous_3)
FN:120,(anonymous_4)
FN:128,(anonymous_5)
FN:149,(anonymous_6)
FN:168,(anonymous_7)
FN:181,(anonymous_8)
FN:191,(anonymous_9)
FN:197,(anonymous_10)
FN:217,(anonymous_11)
FN:223,(anonymous_12)
FN:240,(anonymous_13)
FN:248,(anonymous_14)
FN:251,(anonymous_15)
FN:261,(anonymous_16)
FN:278,(anonymous_17)
FN:299,(anonymous_18)
FN:313,(anonymous_19)
FN:335,(anonymous_20)
FN:339,(anonymous_21)
FN:344,(anonymous_22)
FN:361,(anonymous_23)
FN:365,(anonymous_24)
FN:372,(anonymous_25)
FN:378,(anonymous_26)
FN:395,(anonymous_27)
FN:405,(anonymous_28)
FN:410,(anonymous_29)
FN:417,(anonymous_30)
FN:445,(anonymous_31)
FN:448,(anonymous_32)
FNF:32
FNH:0
FNDA:0,Issue
FNDA:0,(anonymous_2)
FNDA:0,(anonymous_3)
FNDA:0,(anonymous_4)
FNDA:0,(anonymous_5)
FNDA:0,(anonymous_6)
FNDA:0,(anonymous_7)
FNDA:0,(anonymous_8)
FNDA:0,(anonymous_9)
FNDA:0,(anonymous_10)
FNDA:0,(anonymous_11)
FNDA:0,(anonymous_12)
FNDA:0,(anonymous_13)
FNDA:0,(anonymous_14)
FNDA:0,(anonymous_15)
FNDA:0,(anonymous_16)
FNDA:0,(anonymous_17)
FNDA:0,(anonymous_18)
FNDA:0,(anonymous_19)
FNDA:0,(anonymous_20)
FNDA:0,(anonymous_21)
FNDA:0,(anonymous_22)
FNDA:0,(anonymous_23)
FNDA:0,(anonymous_24)
FNDA:0,(anonymous_25)
FNDA:0,(anonymous_26)
FNDA:0,(anonymous_27)
FNDA:0,(anonymous_28)
FNDA:0,(anonymous_29)
FNDA:0,(anonymous_30)
FNDA:0,(anonymous_31)
FNDA:0,(anonymous_32)
DA:15,0
DA:24,1
DA:25,0
DA:27,0
DA:28,0
DA:34,0
DA:87,0
DA:88,0
DA:89,0
DA:90,0
DA:91,0
DA:94,0
DA:95,0
DA:96,0
DA:99,0
DA:104,0
DA:105,0
DA:109,0
DA:110,0
DA:113,0
DA:115,0
DA:116,0
DA:119,0
DA:120,0
DA:121,0
DA:123,0
DA:128,0
DA:129,0
DA:130,0
DA:131,0
DA:134,0
DA:138,0
DA:143,0
DA:144,0
DA:149,0
DA:150,0
DA:151,0
DA:152,0
DA:155,0
DA:161,0
DA:162,0
DA:163,0
DA:168,0
DA:169,0
DA:170,0
DA:171,0
DA:176,0
DA:181,0
DA:182,0
DA:183,0
DA:184,0
DA:190,0
DA:191,0
DA:192,0
DA:197,0
DA:198,0
DA:199,0
DA:200,0
DA:203,0
DA:204,0
DA:207,0
DA:211,0
DA:216,0
DA:217,0
DA:218,0
DA:223,0
DA:224,0
DA:225,0
DA:226,0
DA:229,0
DA:233,0
DA:240,0
DA:241,0
DA:242,0
DA:245,0
DA:248,0
DA:249,0
DA:251,0
DA:252,0
DA:253,0
DA:256,0
DA:261,0
DA:262,0
DA:266,0
DA:268,0
DA:275,0
DA:278,0
DA:279,0
DA:283,0
DA:285,0
DA:296,0
DA:299,0
DA:300,0
DA:304,0
DA:310,0
DA:313,0
DA:314,0
DA:319,0
DA:321,0
DA:328,0
DA:329,0
DA:330,0
DA:331,0
DA:334,0
DA:335,0
DA:336,0
DA:340,0
DA:341,0
DA:344,0
DA:345,0
DA:346,0
DA:347,0
DA:348,0
DA:352,0
DA:357,0
DA:358,0
DA:361,0
DA:362,0
DA:365,0
DA:366,0
DA:367,0
DA:370,0
DA:372,0
DA:373,0
DA:374,0
DA:378,0
DA:379,0
DA:382,0
DA:383,0
DA:390,0
DA:395,0
DA:396,0
DA:400,0
DA:405,0
DA:406,0
DA:407,0
DA:410,0
DA:411,0
DA:417,0
DA:418,0
DA:422,0
DA:423,0
DA:426,0
DA:427,0
DA:430,0
DA:433,0
DA:442,0
DA:445,0
DA:446,0
DA:448,0
DA:449,0
DA:450,0
DA:453,0
DA:458,0
LF:154
LH:1
BRDA:27,1,0,0
BRDA:27,1,1,0
BRDA:27,2,0,0
BRDA:27,2,1,0
BRDA:87,3,0,0
BRDA:87,3,1,0
BRDA:88,4,0,0
BRDA:88,4,1,0
BRDA:95,5,0,0
BRDA:95,5,1,0
BRDA:96,6,0,0
BRDA:96,6,1,0
BRDA:113,7,0,0
BRDA:113,7,1,0
BRDA:115,8,0,0
BRDA:115,8,1,0
BRDA:119,9,0,0
BRDA:119,9,1,0
BRDA:129,10,0,0
BRDA:129,10,1,0
BRDA:143,11,0,0
BRDA:143,11,1,0
BRDA:150,12,0,0
BRDA:150,12,1,0
BRDA:161,13,0,0
BRDA:161,13,1,0
BRDA:162,14,0,0
BRDA:162,14,1,0
BRDA:169,15,0,0
BRDA:169,15,1,0
BRDA:182,16,0,0
BRDA:182,16,1,0
BRDA:190,17,0,0
BRDA:190,17,1,0
BRDA:198,18,0,0
BRDA:198,18,1,0
BRDA:203,19,0,0
BRDA:203,19,1,0
BRDA:216,20,0,0
BRDA:216,20,1,0
BRDA:224,21,0,0
BRDA:224,21,1,0
BRDA:241,22,0,0
BRDA:241,22,1,0
BRDA:252,23,0,0
BRDA:252,23,1,0
BRDA:253,24,0,0
BRDA:253,24,1,0
BRDA:283,25,0,0
BRDA:283,25,1,0
BRDA:319,26,0,0
BRDA:319,26,1,0
BRDA:328,27,0,0
BRDA:328,27,1,0
BRDA:330,28,0,0
BRDA:330,28,1,0
BRDA:334,29,0,0
BRDA:334,29,1,0
BRDA:340,30,0,0
BRDA:340,30,1,0
BRDA:345,31,0,0
BRDA:345,31,1,0
BRDA:357,32,0,0
BRDA:357,32,1,0
BRDA:366,33,0,0
BRDA:366,33,1,0
BRDA:366,34,0,0
BRDA:366,34,1,0
BRDA:373,35,0,0
BRDA:373,35,1,0
BRDA:379,36,0,0
BRDA:379,36,1,0
BRDA:382,37,0,0
BRDA:382,37,1,0
BRDA:382,38,0,0
BRDA:382,38,1,0
BRDA:390,39,0,0
BRDA:390,39,1,0
BRDA:406,40,0,0
BRDA:406,40,1,0
BRDA:407,41,0,0
BRDA:407,41,1,0
BRDA:422,42,0,0
BRDA:422,42,1,0
BRDA:426,43,0,0
BRDA:426,43,1,0
BRDA:449,44,0,0
BRDA:449,44,1,0
BRDA:450,45,0,0
BRDA:450,45,1,0
BRF:90
BRH:0
end_of_record
TN:
SF:/home/travis/build/node-gh/gh/lib/cmds/notification.js
FN:23,Notifications
FN:53,(anonymous_2)
FN:60,(anonymous_3)
FN:83,(anonymous_4)
FN:93,(anonymous_5)
FN:99,(anonymous_6)
FN:106,(anonymous_7)
FN:107,(anonymous_8)
FN:125,(anonymous_9)
FN:143,(anonymous_10)
FN:149,(anonymous_11)
FN:154,(anonymous_12)
FNF:12
FNH:0
FNDA:0,Notifications
FNDA:0,(anonymous_2)
FNDA:0,(anonymous_3)
FNDA:0,(anonymous_4)
FNDA:0,(anonymous_5)
FNDA:0,(anonymous_6)
FNDA:0,(anonymous_7)
FNDA:0,(anonymous_8)
FNDA:0,(anonymous_9)
FNDA:0,(anonymous_10)
FNDA:0,(anonymous_11)
FNDA:0,(anonymous_12)
DA:15,0
DA:23,1
DA:24,0
DA:26,0
DA:27,0
DA:33,0
DA:54,0
DA:60,0
DA:61,0
DA:64,0
DA:65,0
DA:70,0
DA:73,0
DA:74,0
DA:79,0
DA:83,0
DA:84,0
DA:91,0
DA:94,0
DA:99,0
DA:100,0
DA:101,0
DA:103,0
DA:107,0
DA:108,0
DA:110,0
DA:111,0
DA:112,0
DA:116,0
DA:119,0
DA:121,0
DA:125,0
DA:126,0
DA:127,0
DA:128,0
DA:131,0
DA:132,0
DA:143,0
DA:144,0
DA:147,0
DA:149,0
DA:150,0
DA:154,0
DA:155,0
DA:159,0
DA:161,0
DA:162,0
DA:164,0
DA:165,0
DA:167,0
DA:168,0
DA:170,0
DA:171,0
DA:173,0
DA:174,0
DA:176,0
DA:177,0
DA:179,0
DA:180,0
DA:182,0
DA:183,0
DA:185,0
DA:186,0
DA:188,0
DA:189,0
DA:191,0
DA:192,0
DA:194,0
DA:195,0
DA:197,0
DA:198,0
DA:200,0
DA:201,0
DA:203,0
DA:204,0
DA:206,0
DA:207,0
DA:209,0
DA:210,0
DA:213,0
DA:216,0
LF:81
LH:1
BRDA:26,1,0,0
BRDA:26,1,1,0
BRDA:64,2,0,0
BRDA:64,2,1,0
BRDA:73,3,0,0
BRDA:73,3,1,0
BRDA:100,4,0,0
BRDA:100,4,1,0
BRDA:110,5,0,0
BRDA:110,5,1,0
BRDA:111,6,0,0
BRDA:111,6,1,0
BRDA:126,7,0,0
BRDA:126,7,1,0
BRDA:131,8,0,0
BRDA:131,8,1,0
BRDA:159,9,0,0
BRDA:159,9,1,0
BRDA:159,9,2,0
BRDA:159,9,3,0
BRDA:159,9,4,0
BRDA:159,9,5,0
BRDA:159,9,6,0
BRDA:159,9,7,0
BRDA:159,9,8,0
BRDA:159,9,9,0
BRDA:159,9,10,0
BRDA:159,9,11,0
BRDA:159,9,12,0
BRDA:159,9,13,0
BRDA:159,9,14,0
BRDA:159,9,15,0
BRDA:159,9,16,0
BRF:33
BRH:0
end_of_record
TN:
SF:/home/travis/build/node-gh/gh/lib/cmds/pull-request.js
FN:26,PullRequest
FN:104,(anonymous_2)
FN:131,(anonymous_3)
FN:149,(anonymous_4)
FN:155,(anonymous_5)
FN:176,(anonymous_6)
FN:198,(anonymous_7)
FN:204,(anonymous_8)
FN:215,(anonymous_9)
FN:220,(anonymous_10)
FN:231,(anonymous_11)
FN:237,(anonymous_12)
FN:266,(anonymous_13)
FN:286,(anonymous_14)
FN:296,(anonymous_15)
FN:302,(anonymous_16)
FN:322,(anonymous_17)
FN:328,(anonymous_18)
FN:348,(anonymous_19)
FN:354,(anonymous_20)
FN:355,(anonymous_21)
FN:357,(anonymous_22)
FN:373,(anonymous_23)
FN:378,(anonymous_24)
FN:382,(anonymous_25)
FN:399,(anonymous_26)
FN:407,(anonymous_27)
FN:408,(anonymous_28)
FN:415,(anonymous_29)
FN:419,(anonymous_30)
FN:432,(anonymous_31)
FN:437,(anonymous_32)
FN:449,(anonymous_33)
FN:451,(anonymous_34)
FN:469,(anonymous_35)
FN:475,(anonymous_36)
FN:500,(anonymous_37)
FN:504,(anonymous_38)
FN:513,(anonymous_39)
FN:522,(anonymous_40)
FN:523,(anonymous_41)
FN:528,(anonymous_42)
FN:533,(anonymous_43)
FN:547,(anonymous_44)
FN:552,(anonymous_45)
FN:566,(anonymous_46)
FN:572,(anonymous_47)
FN:584,(anonymous_48)
FN:596,(anonymous_49)
FN:605,(anonymous_50)
FN:616,(anonymous_51)
FN:641,(anonymous_52)
FN:642,(anonymous_53)
FN:666,(anonymous_54)
FN:668,(anonymous_55)
FN:681,(anonymous_56)
FN:682,(anonymous_57)
FN:691,(anonymous_58)
FN:703,(anonymous_59)
FN:721,(anonymous_60)
FN:726,(anonymous_61)
FN:733,(anonymous_62)
FN:744,(anonymous_63)
FN:749,(anonymous_64)
FN:756,(anonymous_65)
FN:764,(anonymous_66)
FN:773,(anonymous_67)
FN:778,(anonymous_68)
FN:781,(anonymous_69)
FN:792,(anonymous_70)
FN:808,(anonymous_71)
FN:812,(anonymous_72)
FN:831,(anonymous_73)
FN:841,(anonymous_74)
FN:845,(anonymous_75)
FN:852,(anonymous_76)
FN:872,(anonymous_77)
FN:882,(anonymous_78)
FNF:78
FNH:0
FNDA:0,PullRequest
FNDA:0,(anonymous_2)
FNDA:0,(anonymous_3)
FNDA:0,(anonymous_4)
FNDA:0,(anonymous_5)
FNDA:0,(anonymous_6)
FNDA:0,(anonymous_7)
FNDA:0,(anonymous_8)
FNDA:0,(anonymous_9)
FNDA:0,(anonymous_10)
FNDA:0,(anonymous_11)
FNDA:0,(anonymous_12)
FNDA:0,(anonymous_13)
FNDA:0,(anonymous_14)
FNDA:0,(anonymous_15)
FNDA:0,(anonymous_16)
FNDA:0,(anonymous_17)
FNDA:0,(anonymous_18)
FNDA:0,(anonymous_19)
FNDA:0,(anonymous_20)
FNDA:0,(anonymous_21)
FNDA:0,(anonymous_22)
FNDA:0,(anonymous_23)
FNDA:0,(anonymous_24)
FNDA:0,(anonymous_25)
FNDA:0,(anonymous_26)
FNDA:0,(anonymous_27)
FNDA:0,(anonymous_28)
FNDA:0,(anonymous_29)
FNDA:0,(anonymous_30)
FNDA:0,(anonymous_31)
FNDA:0,(anonymous_32)
FNDA:0,(anonymous_33)
FNDA:0,(anonymous_34)
FNDA:0,(anonymous_35)
FNDA:0,(anonymous_36)
FNDA:0,(anonymous_37)
FNDA:0,(anonymous_38)
FNDA:0,(anonymous_39)
FNDA:0,(anonymous_40)
FNDA:0,(anonymous_41)
FNDA:0,(anonymous_42)
FNDA:0,(anonymous_43)
FNDA:0,(anonymous_44)
FNDA:0,(anonymous_45)
FNDA:0,(anonymous_46)
FNDA:0,(anonymous_47)
FNDA:0,(anonymous_48)
FNDA:0,(anonymous_49)
FNDA:0,(anonymous_50)
FNDA:0,(anonymous_51)
FNDA:0,(anonymous_52)
FNDA:0,(anonymous_53)
FNDA:0,(anonymous_54)
FNDA:0,(anonymous_55)
FNDA:0,(anonymous_56)
FNDA:0,(anonymous_57)
FNDA:0,(anonymous_58)
FNDA:0,(anonymous_59)
FNDA:0,(anonymous_60)
FNDA:0,(anonymous_61)
FNDA:0,(anonymous_62)
FNDA:0,(anonymous_63)
FNDA:0,(anonymous_64)
FNDA:0,(anonymous_65)
FNDA:0,(anonymous_66)
FNDA:0,(anonymous_67)
FNDA:0,(anonymous_68)
FNDA:0,(anonymous_69)
FNDA:0,(anonymous_70)
FNDA:0,(anonymous_71)
FNDA:0,(anonymous_72)
FNDA:0,(anonymous_73)
FNDA:0,(anonymous_74)
FNDA:0,(anonymous_75)
FNDA:0,(anonymous_76)
FNDA:0,(anonymous_77)
FNDA:0,(anonymous_78)
DA:15,0
DA:26,1
DA:27,0
DA:29,0
DA:30,0
DA:33,0
DA:38,0
DA:105,0
DA:106,0
DA:109,0
DA:114,0
DA:115,0
DA:116,0
DA:117,0
DA:118,0
DA:119,0
DA:120,0
DA:121,0
DA:122,0
DA:123,0
DA:127,0
DA:129,0
DA:131,0
DA:132,0
DA:136,0
DA:137,0
DA:138,0
DA:140,0
DA:141,0
DA:144,0
DA:145,0
DA:148,0
DA:149,0
DA:150,0
DA:155,0
DA:156,0
DA:157,0
DA:158,0
DA:161,0
DA:165,0
DA:170,0
DA:171,0
DA:176,0
DA:177,0
DA:178,0
DA:179,0
DA:182,0
DA:188,0
DA:189,0
DA:191,0
DA:192,0
DA:194,0
DA:195,0
DA:198,0
DA:199,0
DA:204,0
DA:205,0
DA:206,0
DA:207,0
DA:210,0
DA:214,0
DA:215,0
DA:216,0
DA:220,0
DA:221,0
DA:226,0
DA:227,0
DA:230,0
DA:231,0
DA:232,0
DA:237,0
DA:238,0
DA:239,0
DA:240,0
DA:243,0
DA:244,0
DA:247,0
DA:251,0
DA:256,0
DA:257,0
DA:258,0
DA:260,0
DA:261,0
DA:266,0
DA:267,0
DA:268,0
DA:269,0
DA:274,0
DA:275,0
DA:281,0
DA:286,0
DA:287,0
DA:288,0
DA:289,0
DA:295,0
DA:296,0
DA:297,0
DA:302,0
DA:303,0
DA:304,0
DA:305,0
DA:308,0
DA:312,0
DA:317,0
DA:318,0
DA:321,0
DA:322,0
DA:323,0
DA:328,0
DA:329,0
DA:330,0
DA:331,0
DA:334,0
DA:335,0
DA:338,0
DA:342,0
DA:348,0
DA:349,0
DA:354,0
DA:355,0
DA:356,0
DA:357,0
DA:358,0
DA:359,0
DA:366,0
DA:368,0
DA:373,0
DA:374,0
DA:378,0
DA:379,0
DA:382,0
DA:383,0
DA:390,0
DA:396,0
DA:399,0
DA:400,0
DA:405,0
DA:408,0
DA:409,0
DA:410,0
DA:412,0
DA:416,0
DA:420,0
DA:421,0
DA:424,0
DA:425,0
DA:428,0
DA:432,0
DA:433,0
DA:437,0
DA:438,0
DA:443,0
DA:449,0
DA:450,0
DA:451,0
DA:452,0
DA:458,0
DA:459,0
DA:460,0
DA:465,0
DA:469,0
DA:470,0
DA:475,0
DA:476,0
DA:477,0
DA:478,0
DA:481,0
DA:482,0
DA:484,0
DA:486,0
DA:487,0
DA:489,0
DA:490,0
DA:492,0
DA:493,0
DA:496,0
DA:500,0
DA:501,0
DA:504,0
DA:505,0
DA:506,0
DA:510,0
DA:513,0
DA:514,0
DA:520,0
DA:523,0
DA:524,0
DA:525,0
DA:529,0
DA:530,0
DA:531,0
DA:533,0
DA:534,0
DA:535,0
DA:536,0
DA:539,0
DA:541,0
DA:542,0
DA:547,0
DA:548,0
DA:552,0
DA:553,0
DA:557,0
DA:563,0
DA:566,0
DA:567,0
DA:568,0
DA:572,0
DA:573,0
DA:577,0
DA:579,0
DA:580,0
DA:584,0
DA:585,0
DA:591,0
DA:592,0
DA:596,0
DA:597,0
DA:599,0
DA:600,0
DA:601,0
DA:605,0
DA:606,0
DA:613,0
DA:616,0
DA:617,0
DA:625,0
DA:627,0
DA:628,0
DA:631,0
DA:639,0
DA:642,0
DA:643,0
DA:645,0
DA:646,0
DA:647,0
DA:650,0
DA:654,0
DA:657,0
DA:658,0
DA:661,0
DA:667,0
DA:668,0
DA:669,0
DA:670,0
DA:673,0
DA:677,0
DA:682,0
DA:683,0
DA:684,0
DA:686,0
DA:691,0
DA:692,0
DA:693,0
DA:694,0
DA:695,0
DA:696,0
DA:699,0
DA:703,0
DA:704,0
DA:709,0
DA:714,0
DA:715,0
DA:716,0
DA:718,0
DA:721,0
DA:722,0
DA:723,0
DA:726,0
DA:727,0
DA:733,0
DA:734,0
DA:738,0
DA:744,0
DA:745,0
DA:746,0
DA:749,0
DA:750,0
DA:756,0
DA:757,0
DA:762,0
DA:765,0
DA:766,0
DA:767,0
DA:768,0
DA:769,0
DA:773,0
DA:774,0
DA:778,0
DA:779,0
DA:781,0
DA:782,0
DA:783,0
DA:786,0
DA:792,0
DA:793,0
DA:797,0
DA:799,0
DA:800,0
DA:803,0
DA:805,0
DA:808,0
DA:809,0
DA:812,0
DA:813,0
DA:814,0
DA:816,0
DA:817,0
DA:820,0
DA:824,0
DA:825,0
DA:828,0
DA:831,0
DA:832,0
DA:837,0
DA:839,0
DA:842,0
DA:843,0
DA:846,0
DA:847,0
DA:850,0
DA:853,0
DA:860,0
DA:861,0
DA:862,0
DA:865,0
DA:866,0
DA:867,0
DA:872,0
DA:873,0
DA:874,0
DA:877,0
DA:882,0
DA:883,0
DA:887,0
DA:888,0
DA:891,0
DA:900,0
DA:903,0
LF:339
LH:1
BRDA:29,1,0,0
BRDA:29,1,1,0
BRDA:29,2,0,0
BRDA:29,2,1,0
BRDA:105,3,0,0
BRDA:105,3,1,0
BRDA:136,4,0,0
BRDA:136,4,1,0
BRDA:138,5,0,0
BRDA:138,5,1,0
BRDA:140,6,0,0
BRDA:140,6,1,0
BRDA:144,7,0,0
BRDA:144,7,1,0
BRDA:145,8,0,0
BRDA:145,8,1,0
BRDA:148,9,0,0
BRDA:148,9,1,0
BRDA:156,10,0,0
BRDA:156,10,1,0
BRDA:170,11,0,0
BRDA:170,11,1,0
BRDA:177,12,0,0
BRDA:177,12,1,0
BRDA:188,13,0,0
BRDA:188,13,1,0
BRDA:191,14,0,0
BRDA:191,14,1,0
BRDA:194,15,0,0
BRDA:194,15,1,0
BRDA:205,16,0,0
BRDA:205,16,1,0
BRDA:214,17,0,0
BRDA:214,17,1,0
BRDA:214,18,0,0
BRDA:214,18,1,0
BRDA:226,19,0,0
BRDA:226,19,1,0
BRDA:230,20,0,0
BRDA:230,20,1,0
BRDA:238,21,0,0
BRDA:238,21,1,0
BRDA:243,22,0,0
BRDA:243,22,1,0
BRDA:256,23,0,0
BRDA:256,23,1,0
BRDA:257,24,0,0
BRDA:257,24,1,0
BRDA:258,25,0,0
BRDA:258,25,1,0
BRDA:260,26,0,0
BRDA:260,26,1,0
BRDA:267,27,0,0
BRDA:267,27,1,0
BRDA:274,28,0,0
BRDA:274,28,1,0
BRDA:287,29,0,0
BRDA:287,29,1,0
BRDA:295,30,0,0
BRDA:295,30,1,0
BRDA:303,31,0,0
BRDA:303,31,1,0
BRDA:317,32,0,0
BRDA:317,32,1,0
BRDA:321,33,0,0
BRDA:321,33,1,0
BRDA:329,34,0,0
BRDA:329,34,1,0
BRDA:334,35,0,0
BRDA:334,35,1,0
BRDA:358,36,0,0
BRDA:358,36,1,0
BRDA:409,37,0,0
BRDA:409,37,1,0
BRDA:420,38,0,0
BRDA:420,38,1,0
BRDA:424,39,0,0
BRDA:424,39,1,0
BRDA:433,40,0,0
BRDA:433,40,1,0
BRDA:450,41,0,0
BRDA:450,41,1,0
BRDA:452,42,0,0
BRDA:452,42,1,0
BRDA:452,43,0,0
BRDA:452,43,1,0
BRDA:452,43,2,0
BRDA:452,43,3,0
BRDA:452,43,4,0
BRDA:465,44,0,0
BRDA:465,44,1,0
BRDA:476,45,0,0
BRDA:476,45,1,0
BRDA:477,46,0,0
BRDA:477,46,1,0
BRDA:486,47,0,0
BRDA:486,47,1,0
BRDA:489,48,0,0
BRDA:489,48,1,0
BRDA:492,49,0,0
BRDA:492,49,1,0
BRDA:505,50,0,0
BRDA:505,50,1,0
BRDA:534,51,0,0
BRDA:534,51,1,0
BRDA:548,52,0,0
BRDA:548,52,1,0
BRDA:567,53,0,0
BRDA:567,53,1,0
BRDA:579,54,0,0
BRDA:579,54,1,0
BRDA:579,55,0,0
BRDA:579,55,1,0
BRDA:599,56,0,0
BRDA:599,56,1,0
BRDA:599,57,0,0
BRDA:599,57,1,0
BRDA:600,58,0,0
BRDA:600,58,1,0
BRDA:613,59,0,0
BRDA:613,59,1,0
BRDA:627,60,0,0
BRDA:627,60,1,0
BRDA:645,61,0,0
BRDA:645,61,1,0
BRDA:646,62,0,0
BRDA:646,62,1,0
BRDA:654,63,0,0
BRDA:654,63,1,0
BRDA:654,64,0,0
BRDA:654,64,1,0
BRDA:667,65,0,0
BRDA:667,65,1,0
BRDA:667,66,0,0
BRDA:667,66,1,0
BRDA:669,67,0,0
BRDA:669,67,1,0
BRDA:683,68,0,0
BRDA:683,68,1,0
BRDA:692,69,0,0
BRDA:692,69,1,0
BRDA:692,70,0,0
BRDA:692,70,1,0
BRDA:699,71,0,0
BRDA:699,71,1,0
BRDA:714,72,0,0
BRDA:714,72,1,0
BRDA:722,73,0,0
BRDA:722,73,1,0
BRDA:723,74,0,0
BRDA:723,74,1,0
BRDA:745,75,0,0
BRDA:745,75,1,0
BRDA:746,76,0,0
BRDA:746,76,1,0
BRDA:774,77,0,0
BRDA:774,77,1,0
BRDA:782,78,0,0
BRDA:782,78,1,0
BRDA:783,79,0,0
BRDA:783,79,1,0
BRDA:799,80,0,0
BRDA:799,80,1,0
BRDA:805,81,0,0
BRDA:805,81,1,0
BRDA:813,82,0,0
BRDA:813,82,1,0
BRDA:816,83,0,0
BRDA:816,83,1,0
BRDA:824,84,0,0
BRDA:824,84,1,0
BRDA:837,85,0,0
BRDA:837,85,1,0
BRDA:846,86,0,0
BRDA:846,86,1,0
BRDA:860,87,0,0
BRDA:860,87,1,0
BRDA:873,88,0,0
BRDA:873,88,1,0
BRDA:877,89,0,0
BRDA:877,89,1,0
BRDA:887,90,0,0
BRDA:887,90,1,0
BRF:183
BRH:0
end_of_record
TN:
SF:/home/travis/build/node-gh/gh/lib/cmds/repo.js
FN:26,Repo
FN:75,(anonymous_2)
FN:88,(anonymous_3)
FN:99,(anonymous_4)
FN:112,(anonymous_5)
FN:114,(anonymous_6)
FN:131,(anonymous_7)
FN:146,(anonymous_8)
FN:170,(anonymous_9)
FN:178,(anonymous_10)
FN:186,(anonymous_11)
FN:206,(anonymous_12)
FN:210,(anonymous_13)
FN:220,(anonymous_14)
FN:231,(anonymous_15)
FN:246,(anonymous_16)
FN:252,(anonymous_17)
FN:258,(anonymous_18)
FN:277,(anonymous_19)
FN:294,(anonymous_20)
FNF:20
FNH:0
FNDA:0,Repo
FNDA:0,(anonymous_2)
FNDA:0,(anonymous_3)
FNDA:0,(anonymous_4)
FNDA:0,(anonymous_5)
FNDA:0,(anonymous_6)
FNDA:0,(anonymous_7)
FNDA:0,(anonymous_8)
FNDA:0,(anonymous_9)
FNDA:0,(anonymous_10)
FNDA:0,(anonymous_11)
FNDA:0,(anonymous_12)
FNDA:0,(anonymous_13)
FNDA:0,(anonymous_14)
FNDA:0,(anonymous_15)
FNDA:0,(anonymous_16)
FNDA:0,(anonymous_17)
FNDA:0,(anonymous_18)
FNDA:0,(anonymous_19)
FNDA:0,(anonymous_20)
DA:16,0
DA:26,1
DA:27,0
DA:32,0
DA:76,0
DA:80,0
DA:81,0
DA:82,0
DA:83,0
DA:84,0
DA:88,0
DA:89,0
DA:92,0
DA:94,0
DA:95,0
DA:98,0
DA:99,0
DA:100,0
DA:105,0
DA:113,0
DA:114,0
DA:115,0
DA:116,0
DA:117,0
DA:120,0
DA:124,0
DA:130,0
DA:131,0
DA:132,0
DA:134,0
DA:135,0
DA:138,0
DA:140,0
DA:146,0
DA:147,0
DA:148,0
DA:149,0
DA:152,0
DA:155,0
DA:156,0
DA:159,0
DA:164,0
DA:165,0
DA:170,0
DA:171,0
DA:172,0
DA:177,0
DA:178,0
DA:179,0
DA:181,0
DA:186,0
DA:187,0
DA:188,0
DA:189,0
DA:192,0
DA:196,0
DA:197,0
DA:200,0
DA:206,0
DA:207,0
DA:210,0
DA:211,0
DA:217,0
DA:220,0
DA:221,0
DA:223,0
DA:228,0
DA:231,0
DA:232,0
DA:236,0
DA:241,0
DA:242,0
DA:243,0
DA:246,0
DA:247,0
DA:252,0
DA:253,0
DA:258,0
DA:259,0
DA:262,0
DA:263,0
DA:266,0
DA:267,0
DA:273,0
DA:277,0
DA:278,0
DA:282,0
DA:287,0
DA:288,0
DA:291,0
DA:294,0
DA:295,0
DA:299,0
DA:300,0
DA:301,0
DA:302,0
DA:304,0
DA:305,0
DA:308,0
DA:310,0
DA:311,0
DA:314,0
DA:323,0
DA:326,0
LF:104
LH:1
BRDA:92,1,0,0
BRDA:92,1,1,0
BRDA:94,2,0,0
BRDA:94,2,1,0
BRDA:98,3,0,0
BRDA:98,3,1,0
BRDA:113,4,0,0
BRDA:113,4,1,0
BRDA:115,5,0,0
BRDA:115,5,1,0
BRDA:130,6,0,0
BRDA:130,6,1,0
BRDA:134,7,0,0
BRDA:134,7,1,0
BRDA:147,8,0,0
BRDA:147,8,1,0
BRDA:155,9,0,0
BRDA:155,9,1,0
BRDA:155,10,0,0
BRDA:155,10,1,0
BRDA:164,11,0,0
BRDA:164,11,1,0
BRDA:171,12,0,0
BRDA:171,12,1,0
BRDA:177,13,0,0
BRDA:177,13,1,0
BRDA:187,14,0,0
BRDA:187,14,1,0
BRDA:196,15,0,0
BRDA:196,15,1,0
BRDA:196,16,0,0
BRDA:196,16,1,0
BRDA:241,17,0,0
BRDA:241,17,1,0
BRDA:241,18,0,0
BRDA:241,18,1,0
BRDA:242,19,0,0
BRDA:242,19,1,0
BRDA:262,20,0,0
BRDA:262,20,1,0
BRDA:262,21,0,0
BRDA:262,21,1,0
BRDA:266,22,0,0
BRDA:266,22,1,0
BRDA:266,23,0,0
BRDA:266,23,1,0
BRDA:273,24,0,0
BRDA:273,24,1,0
BRDA:287,25,0,0
BRDA:287,25,1,0
BRDA:299,26,0,0
BRDA:299,26,1,0
BRDA:300,27,0,0
BRDA:300,27,1,0
BRDA:301,28,0,0
BRDA:301,28,1,0
BRDA:302,29,0,0
BRDA:302,29,1,0
BRDA:304,30,0,0
BRDA:304,30,1,0
BRDA:308,31,0,0
BRDA:308,31,1,0
BRDA:310,32,0,0
BRDA:310,32,1,0
BRF:64
BRH:0
end_of_record
TN:
SF:/home/travis/build/node-gh/gh/lib/cmds/track.js
FN:19,Track
FN:44,(anonymous_2)
FN:58,(anonymous_3)
FN:72,(anonymous_4)
FN:76,(anonymous_5)
FNF:5
FNH:0
FNDA:0,Track
FNDA:0,(anonymous_2)
FNDA:0,(anonymous_3)
FNDA:0,(anonymous_4)
FNDA:0,(anonymous_5)
DA:13,0
DA:19,1
DA:20,0
DA:25,0
DA:44,0
DA:45,0
DA:47,0
DA:48,0
DA:51,0
DA:52,0
DA:55,0
DA:58,0
DA:59,0
DA:63,0
DA:64,0
DA:65,0
DA:68,0
DA:69,0
DA:72,0
DA:73,0
DA:76,0
DA:77,0
DA:80,0
LF:23
LH:1
BRDA:47,1,0,0
BRDA:47,1,1,0
BRDA:51,2,0,0
BRDA:51,2,1,0
BRDA:63,3,0,0
BRDA:63,3,1,0
BRF:6
BRH:0
end_of_record
TN:
SF:/home/travis/build/node-gh/gh/lib/cmds/user.js
FN:25,User
FN:49,(anonymous_2)
FN:56,(anonymous_3)
FN:86,(anonymous_4)
FN:95,(anonymous_5)
FN:110,(anonymous_6)
FN:125,(anonymous_7)
FN:138,(anonymous_8)
FN:152,(anonymous_9)
FN:160,(anonymous_10)
FN:170,(anonymous_11)
FN:175,(anonymous_12)
FN:183,(anonymous_13)
FN:190,(anonymous_14)
FNF:14
FNH:0
FNDA:0,User
FNDA:0,(anonymous_2)
FNDA:0,(anonymous_3)
FNDA:0,(anonymous_4)
FNDA:0,(anonymous_5)
FNDA:0,(anonymous_6)
FNDA:0,(anonymous_7)
FNDA:0,(anonymous_8)
FNDA:0,(anonymous_9)
FNDA:0,(anonymous_10)
FNDA:0,(anonymous_11)
FNDA:0,(anonymous_12)
FNDA:0,(anonymous_13)
FNDA:0,(anonymous_14)
DA:16,0
DA:25,1
DA:26,0
DA:31,0
DA:50,0
DA:56,0
DA:57,0
DA:60,0
DA:62,0
DA:63,0
DA:64,0
DA:71,0
DA:72,0
DA:76,0
DA:79,0
DA:80,0
DA:86,0
DA:87,0
DA:89,0
DA:95,0
DA:96,0
DA:97,0
DA:98,0
DA:101,0
DA:102,0
DA:104,0
DA:107,0
DA:110,0
DA:111,0
DA:113,0
DA:126,0
DA:132,0
DA:138,0
DA:139,0
DA:141,0
DA:142,0
DA:145,0
DA:146,0
DA:152,0
DA:153,0
DA:154,0
DA:157,0
DA:160,0
DA:161,0
DA:162,0
DA:163,0
DA:166,0
DA:170,0
DA:171,0
DA:172,0
DA:175,0
DA:176,0
DA:184,0
DA:185,0
DA:188,0
DA:190,0
DA:191,0
DA:192,0
DA:197,0
LF:59
LH:1
BRDA:62,1,0,0
BRDA:62,1,1,0
BRDA:63,2,0,0
BRDA:63,2,1,0
BRDA:71,3,0,0
BRDA:71,3,1,0
BRDA:79,4,0,0
BRDA:79,4,1,0
BRDA:96,5,0,0
BRDA:96,5,1,0
BRDA:101,6,0,0
BRDA:101,6,1,0
BRDA:139,7,0,0
BRDA:139,7,1,0
BRDA:139,7,2,0
BRDA:141,8,0,0
BRDA:141,8,1,0
BRDA:146,9,0,0
BRDA:146,9,1,0
BRDA:153,10,0,0
BRDA:153,10,1,0
BRDA:153,11,0,0
BRDA:153,11,1,0
BRDA:161,12,0,0
BRDA:161,12,1,0
BRDA:163,13,0,0
BRDA:163,13,1,0
BRDA:184,14,0,0
BRDA:184,14,1,0
BRDA:192,15,0,0
BRDA:192,15,1,0
BRF:31
BRH:0
end_of_record
TN:
SF:/home/travis/build/node-gh/gh/lib/cmds/version.js
FN:19,Version
FN:32,(anonymous_2)
FN:36,(anonymous_3)
FNF:3
FNH:0
FNDA:0,Version
FNDA:0,(anonymous_2)
FNDA:0,(anonymous_3)
DA:14,0
DA:19,1
DA:20,0
DA:25,0
DA:32,0
DA:33,0
DA:36,0
DA:37,0
DA:40,0
LF:9
LH:1
BRF:0
BRH:0
end_of_record
