TN:
SF:/home/travis/build/node-gh/gh/lib/base.js
FN:21,(anonymous_1)
FN:27,(anonymous_2)
FN:39,(anonymous_3)
FN:40,async
FN:50,(anonymous_5)
FN:56,(anonymous_6)
FN:72,(anonymous_7)
FN:76,(anonymous_8)
FN:86,(anonymous_9)
FN:87,(anonymous_10)
FN:92,(anonymous_11)
FNF:11
FNH:0
FNDA:0,(anonymous_1)
FNDA:0,(anonymous_2)
FNDA:0,(anonymous_3)
FNDA:0,async
FNDA:0,(anonymous_5)
FNDA:0,(anonymous_6)
FNDA:0,(anonymous_7)
FNDA:0,(anonymous_8)
FNDA:0,(anonymous_9)
FNDA:0,(anonymous_10)
FNDA:0,(anonymous_11)
DA:12,1
DA:21,1
DA:22,0
DA:27,1
DA:28,0
DA:30,0
DA:39,1
DA:40,1
DA:41,0
DA:42,0
DA:45,0
DA:48,0
DA:50,0
DA:51,0
DA:56,1
DA:57,0
DA:61,0
DA:62,0
DA:64,0
DA:66,0
DA:68,0
DA:72,1
DA:73,0
DA:76,1
DA:77,0
DA:79,0
DA:80,0
DA:81,0
DA:82,0
DA:86,1
DA:87,0
DA:88,0
DA:92,1
DA:93,0
DA:97,1
DA:98,1
LF:36
LH:12
BRDA:41,1,0,0
BRDA:41,1,1,0
BRDA:61,2,0,0
BRDA:61,2,1,0
BRDA:79,3,0,0
BRDA:79,3,1,0
BRDA:80,4,0,0
BRDA:80,4,1,0
BRDA:81,5,0,0
BRDA:81,5,1,0
BRDA:82,6,0,0
BRDA:82,6,1,0
BRDA:88,7,0,0
BRDA:88,7,1,0
BRF:14
BRH:0
end_of_record
TN:
SF:/home/travis/build/node-gh/gh/lib/cmd-anonymizer.js
FN:12,CmdAnonymizer
FN:20,(anonymous_2)
FN:24,(anonymous_3)
FN:33,(anonymous_4)
FN:38,(anonymous_5)
FN:43,(anonymous_6)
FN:82,(anonymous_7)
FN:92,(anonymous_8)
FNF:8
FNH:0
FNDA:0,CmdAnonymizer
FNDA:0,(anonymous_2)
FNDA:0,(anonymous_3)
FNDA:0,(anonymous_4)
FNDA:0,(anonymous_5)
FNDA:0,(anonymous_6)
FNDA:0,(anonymous_7)
FNDA:0,(anonymous_8)
DA:12,1
DA:13,0
DA:14,0
DA:15,0
DA:16,0
DA:17,0
DA:20,1
DA:21,0
DA:24,1
DA:25,0
DA:28,0
DA:33,1
DA:34,0
DA:35,0
DA:38,0
DA:39,0
DA:43,1
DA:44,0
DA:47,0
DA:48,0
DA:49,0
DA:50,0
DA:53,0
DA:54,0
DA:55,0
DA:56,0
DA:59,0
DA:60,0
DA:61,0
DA:62,0
DA:65,0
DA:66,0
DA:67,0
DA:68,0
DA:71,0
DA:73,0
DA:74,0
DA:75,0
DA:78,0
DA:79,0
DA:82,1
DA:85,0
DA:87,0
DA:89,0
DA:92,1
DA:93,0
DA:96,1
LF:47
LH:8
BRDA:28,1,0,0
BRDA:28,1,1,0
BRDA:28,1,2,0
BRDA:28,1,3,0
BRDA:28,1,4,0
BRDA:28,1,5,0
BRDA:34,2,0,0
BRDA:34,2,1,0
BRDA:47,3,0,0
BRDA:47,3,1,0
BRDA:53,4,0,0
BRDA:53,4,1,0
BRDA:53,5,0,0
BRDA:53,5,1,0
BRDA:59,6,0,0
BRDA:59,6,1,0
BRDA:59,7,0,0
BRDA:59,7,1,0
BRDA:65,8,0,0
BRDA:65,8,1,0
BRDA:65,9,0,0
BRDA:65,9,1,0
BRDA:71,10,0,0
BRDA:71,10,1,0
BRDA:71,11,0,0
BRDA:71,11,1,0
BRDA:71,11,2,0
BRF:27
BRH:0
end_of_record
TN:
SF:/home/travis/build/node-gh/gh/lib/cmd.js
FN:30,hasCommandInOptions
FN:32,(anonymous_2)
FN:41,invokePayload
FN:51,findCommand
FN:65,(anonymous_5)
FN:81,loadCommand
FN:104,(anonymous_7)
FN:113,(anonymous_8)
FN:121,(anonymous_9)
FN:126,(anonymous_10)
FN:166,(anonymous_11)
FN:197,(anonymous_12)
FN:213,(anonymous_13)
FNF:13
FNH:0
FNDA:0,hasCommandInOptions
FNDA:0,(anonymous_2)
FNDA:0,invokePayload
FNDA:0,findCommand
FNDA:0,(anonymous_5)
FNDA:0,loadCommand
FNDA:0,(anonymous_7)
FNDA:0,(anonymous_8)
FNDA:0,(anonymous_9)
FNDA:0,(anonymous_10)
FNDA:0,(anonymous_11)
FNDA:0,(anonymous_12)
FNDA:0,(anonymous_13)
DA:14,0
DA:16,0
DA:30,1
DA:31,0
DA:32,0
DA:33,0
DA:37,0
DA:41,1
DA:42,0
DA:44,0
DA:45,0
DA:46,0
DA:47,0
DA:51,1
DA:52,0
DA:57,0
DA:58,0
DA:60,0
DA:61,0
DA:64,0
DA:65,0
DA:66,0
DA:67,0
DA:69,0
DA:70,0
DA:73,0
DA:74,0
DA:78,0
DA:81,1
DA:82,0
DA:86,0
DA:87,0
DA:88,0
DA:91,0
DA:94,0
DA:98,0
DA:101,0
DA:104,0
DA:105,0
DA:113,0
DA:114,0
DA:116,0
DA:117,0
DA:118,0
DA:121,0
DA:122,0
DA:126,0
DA:127,0
DA:129,0
DA:130,0
DA:132,0
DA:135,0
DA:138,0
DA:140,0
DA:141,0
DA:142,0
DA:143,0
DA:146,0
DA:150,0
DA:152,0
DA:153,0
DA:155,0
DA:156,0
DA:158,0
DA:159,0
DA:162,0
DA:166,0
DA:167,0
DA:170,0
DA:171,0
DA:172,0
DA:173,0
DA:174,0
DA:176,0
DA:177,0
DA:178,0
DA:181,0
DA:185,0
DA:186,0
DA:188,0
DA:189,0
DA:190,0
DA:195,0
DA:197,0
DA:198,0
DA:202,0
DA:204,0
DA:206,0
DA:208,0
DA:213,0
DA:214,0
DA:215,0
DA:218,0
DA:219,0
DA:222,0
DA:223,0
DA:226,0
DA:227,0
DA:229,0
DA:231,0
DA:232,0
LF:101
LH:4
BRDA:31,1,0,0
BRDA:31,1,1,0
BRDA:44,2,0,0
BRDA:44,2,1,0
BRDA:44,3,0,0
BRDA:44,3,1,0
BRDA:60,4,0,0
BRDA:60,4,1,0
BRDA:69,5,0,0
BRDA:69,5,1,0
BRDA:86,6,0,0
BRDA:86,6,1,0
BRDA:116,7,0,0
BRDA:116,7,1,0
BRDA:129,8,0,0
BRDA:129,8,1,0
BRDA:129,9,0,0
BRDA:129,9,1,0
BRDA:132,10,0,0
BRDA:132,10,1,0
BRDA:132,11,0,0
BRDA:132,11,1,0
BRDA:132,11,2,0
BRDA:140,12,0,0
BRDA:140,12,1,0
BRDA:155,13,0,0
BRDA:155,13,1,0
BRDA:156,14,0,0
BRDA:156,14,1,0
BRDA:158,15,0,0
BRDA:158,15,1,0
BRDA:176,16,0,0
BRDA:176,16,1,0
BRDA:177,17,0,0
BRDA:177,17,1,0
BRDA:177,18,0,0
BRDA:177,18,1,0
BRDA:181,19,0,0
BRDA:181,19,1,0
BRDA:185,20,0,0
BRDA:185,20,1,0
BRDA:186,21,0,0
BRDA:186,21,1,0
BRDA:195,22,0,0
BRDA:195,22,1,0
BRDA:214,23,0,0
BRDA:214,23,1,0
BRDA:222,24,0,0
BRDA:222,24,1,0
BRDA:232,25,0,0
BRDA:232,25,1,0
BRF:51
BRH:0
end_of_record
TN:
SF:/home/travis/build/node-gh/gh/lib/configs.js
FN:24,(anonymous_1)
FN:43,(anonymous_2)
FN:47,getConfig
FN:55,(anonymous_4)
FN:59,(anonymous_5)
FN:76,(anonymous_6)
FN:97,(anonymous_7)
FN:111,(anonymous_8)
FN:116,(anonymous_9)
FN:124,(anonymous_10)
FN:128,(anonymous_11)
FN:132,(anonymous_12)
FN:141,(anonymous_13)
FN:148,(anonymous_14)
FN:167,(anonymous_15)
FN:175,(anonymous_16)
FN:185,(anonymous_17)
FN:200,(anonymous_18)
FN:213,getPlugins
FN:221,(anonymous_20)
FN:234,(anonymous_21)
FN:242,(anonymous_22)
FN:248,(anonymous_23)
FN:252,(anonymous_24)
FN:256,(anonymous_25)
FNF:25
FNH:14
FNDA:1,(anonymous_1)
FNDA:6,(anonymous_2)
FNDA:3,getConfig
FNDA:0,(anonymous_4)
FNDA:0,(anonymous_5)
FNDA:4,(anonymous_6)
FNDA:4,(anonymous_7)
FNDA:57,(anonymous_8)
FNDA:0,(anonymous_9)
FNDA:5,(anonymous_10)
FNDA:3,(anonymous_11)
FNDA:0,(anonymous_12)
FNDA:1,(anonymous_13)
FNDA:1,(anonymous_14)
FNDA:2,(anonymous_15)
FNDA:0,(anonymous_16)
FNDA:0,(anonymous_17)
FNDA:0,(anonymous_18)
FNDA:1,getPlugins
FNDA:1,(anonymous_20)
FNDA:1,(anonymous_21)
FNDA:0,(anonymous_22)
FNDA:0,(anonymous_23)
FNDA:0,(anonymous_24)
FNDA:0,(anonymous_25)
DA:12,1
DA:24,1
DA:25,1
DA:28,1
DA:29,1
DA:31,1
DA:32,1
DA:33,1
DA:36,0
DA:40,1
DA:43,1
DA:44,6
DA:47,1
DA:48,3
DA:52,3
DA:53,3
DA:55,0
DA:56,0
DA:59,0
DA:60,0
DA:63,0
DA:66,3
DA:68,3
DA:69,0
DA:72,3
DA:76,1
DA:77,4
DA:79,4
DA:80,3
DA:81,3
DA:84,4
DA:87,4
DA:88,3
DA:90,4
DA:91,3
DA:94,4
DA:97,1
DA:98,4
DA:102,4
DA:104,4
DA:105,1
DA:108,4
DA:109,4
DA:111,4
DA:112,57
DA:115,4
DA:116,1
DA:117,0
DA:121,4
DA:124,1
DA:125,5
DA:128,1
DA:129,3
DA:132,1
DA:133,0
DA:135,0
DA:137,0
DA:138,0
DA:141,1
DA:142,1
DA:145,1
DA:148,1
DA:149,1
DA:155,1
DA:156,1
DA:158,1
DA:159,1
DA:160,1
DA:163,1
DA:164,1
DA:167,1
DA:168,2
DA:172,2
DA:175,1
DA:176,0
DA:178,0
DA:179,0
DA:180,0
DA:185,1
DA:186,0
DA:189,0
DA:192,0
DA:194,0
DA:198,0
DA:200,0
DA:201,0
DA:204,0
DA:207,0
DA:208,0
DA:213,1
DA:214,1
DA:216,1
DA:217,0
DA:220,1
DA:221,1
DA:222,1
DA:226,0
DA:227,0
DA:230,1
DA:234,1
DA:235,1
DA:236,1
DA:239,1
DA:242,1
DA:243,0
DA:245,0
DA:248,1
DA:249,0
DA:252,1
DA:253,0
DA:256,1
DA:257,0
DA:258,0
DA:261,0
DA:264,1
LF:115
LH:79
BRDA:28,1,0,1
BRDA:28,1,1,0
BRDA:31,2,0,1
BRDA:31,2,1,0
BRDA:68,3,0,0
BRDA:68,3,1,3
BRDA:68,4,0,3
BRDA:68,4,1,3
BRDA:79,5,0,3
BRDA:79,5,1,1
BRDA:87,6,0,3
BRDA:87,6,1,1
BRDA:88,7,0,0
BRDA:88,7,1,3
BRDA:90,8,0,3
BRDA:90,8,1,1
BRDA:91,9,0,0
BRDA:91,9,1,3
BRDA:104,10,0,1
BRDA:104,10,1,3
BRDA:115,11,0,1
BRDA:115,11,1,3
BRDA:159,12,0,1
BRDA:159,12,1,1
BRDA:159,13,0,1
BRDA:159,13,1,0
BRDA:192,14,0,0
BRDA:192,14,1,0
BRDA:198,15,0,0
BRDA:198,15,1,0
BRDA:207,16,0,0
BRDA:207,16,1,0
BRDA:216,17,0,0
BRDA:216,17,1,1
BRDA:235,18,0,1
BRDA:235,18,1,0
BRDA:253,19,0,0
BRDA:253,19,1,0
BRDA:257,20,0,0
BRDA:257,20,1,0
BRF:40
BRH:22
end_of_record
TN:
SF:/home/travis/build/node-gh/gh/lib/exec.js
FN:16,(anonymous_1)
FN:35,(anonymous_2)
FN:60,(anonymous_3)
FN:72,(anonymous_4)
FNF:4
FNH:1
FNDA:1,(anonymous_1)
FNDA:0,(anonymous_2)
FNDA:0,(anonymous_3)
FNDA:0,(anonymous_4)
DA:13,1
DA:16,1
DA:17,1
DA:19,1
DA:21,1
DA:23,1
DA:24,0
DA:25,0
DA:28,1
DA:35,1
DA:36,0
DA:39,0
DA:40,0
DA:43,0
DA:45,0
DA:47,0
DA:49,0
DA:50,0
DA:51,0
DA:52,0
DA:54,0
DA:57,0
DA:60,1
DA:61,0
DA:62,0
DA:65,0
DA:67,0
DA:69,0
DA:72,1
DA:73,0
DA:74,0
DA:77,0
DA:79,0
DA:81,0
LF:34
LH:10
BRDA:23,1,0,0
BRDA:23,1,1,1
BRDA:23,2,0,1
BRDA:23,2,1,0
BRDA:23,2,2,0
BRDA:39,3,0,0
BRDA:39,3,1,0
BRDA:49,4,0,0
BRDA:49,4,1,0
BRDA:61,5,0,0
BRDA:61,5,1,0
BRDA:73,6,0,0
BRDA:73,6,1,0
BRF:13
BRH:2
end_of_record
TN:
SF:/home/travis/build/node-gh/gh/lib/git.js
FN:16,(anonymous_1)
FN:26,(anonymous_2)
FN:36,(anonymous_3)
FN:49,(anonymous_4)
FN:53,(anonymous_5)
FN:57,(anonymous_6)
FN:67,(anonymous_7)
FN:73,(anonymous_8)
FN:98,(anonymous_9)
FN:108,(anonymous_10)
FN:112,(anonymous_11)
FN:138,(anonymous_12)
FN:148,(anonymous_13)
FN:159,(anonymous_14)
FN:163,(anonymous_15)
FN:173,(anonymous_16)
FN:183,(anonymous_17)
FN:189,(anonymous_18)
FN:195,(anonymous_19)
FN:199,(anonymous_20)
FN:203,(anonymous_21)
FNF:21
FNH:1
FNDA:0,(anonymous_1)
FNDA:0,(anonymous_2)
FNDA:0,(anonymous_3)
FNDA:0,(anonymous_4)
FNDA:0,(anonymous_5)
FNDA:0,(anonymous_6)
FNDA:0,(anonymous_7)
FNDA:0,(anonymous_8)
FNDA:0,(anonymous_9)
FNDA:0,(anonymous_10)
FNDA:0,(anonymous_11)
FNDA:0,(anonymous_12)
FNDA:0,(anonymous_13)
FNDA:0,(anonymous_14)
FNDA:0,(anonymous_15)
FNDA:0,(anonymous_16)
FNDA:0,(anonymous_17)
FNDA:0,(anonymous_18)
FNDA:0,(anonymous_19)
FNDA:0,(anonymous_20)
FNDA:4,(anonymous_21)
DA:12,1
DA:16,1
DA:17,0
DA:19,0
DA:20,0
DA:23,0
DA:26,1
DA:27,0
DA:29,0
DA:30,0
DA:33,0
DA:36,1
DA:37,0
DA:39,0
DA:40,0
DA:42,0
DA:43,0
DA:44,0
DA:49,1
DA:50,0
DA:53,1
DA:54,0
DA:57,1
DA:58,0
DA:60,0
DA:61,0
DA:64,0
DA:67,1
DA:68,0
DA:70,0
DA:73,1
DA:74,0
DA:80,0
DA:81,0
DA:82,0
DA:84,0
DA:85,0
DA:88,0
DA:90,0
DA:93,0
DA:95,0
DA:98,1
DA:99,0
DA:101,0
DA:102,0
DA:105,0
DA:108,1
DA:109,0
DA:112,1
DA:113,0
DA:116,0
DA:117,0
DA:120,0
DA:122,0
DA:123,0
DA:126,0
DA:128,0
DA:130,0
DA:131,0
DA:132,0
DA:135,0
DA:138,1
DA:139,0
DA:141,0
DA:142,0
DA:145,0
DA:148,1
DA:149,0
DA:151,0
DA:152,0
DA:153,0
DA:156,0
DA:159,1
DA:160,0
DA:163,1
DA:164,0
DA:166,0
DA:167,0
DA:170,0
DA:173,1
DA:174,0
DA:175,0
DA:178,0
DA:179,0
DA:183,1
DA:184,0
DA:186,0
DA:189,1
DA:190,0
DA:192,0
DA:195,1
DA:196,0
DA:199,1
DA:200,0
DA:203,1
DA:204,4
DA:206,4
DA:207,4
DA:210,4
LF:99
LH:26
BRDA:14,1,0,1
BRDA:14,1,1,1
BRDA:19,2,0,0
BRDA:19,2,1,0
BRDA:29,3,0,0
BRDA:29,3,1,0
BRDA:42,4,0,0
BRDA:42,4,1,0
BRDA:42,5,0,0
BRDA:42,5,1,0
BRDA:60,6,0,0
BRDA:60,6,1,0
BRDA:84,7,0,0
BRDA:84,7,1,0
BRDA:101,8,0,0
BRDA:101,8,1,0
BRDA:116,9,0,0
BRDA:116,9,1,0
BRDA:122,10,0,0
BRDA:122,10,1,0
BRDA:130,11,0,0
BRDA:130,11,1,0
BRDA:141,12,0,0
BRDA:141,12,1,0
BRDA:151,13,0,0
BRDA:151,13,1,0
BRDA:166,14,0,0
BRDA:166,14,1,0
BRDA:186,15,0,0
BRDA:186,15,1,0
BRDA:192,16,0,0
BRDA:192,16,1,0
BRDA:206,17,0,4
BRDA:206,17,1,0
BRF:34
BRH:3
end_of_record
TN:
SF:/home/travis/build/node-gh/gh/lib/hooks.js
FN:19,(anonymous_1)
FN:26,(anonymous_2)
FN:43,(anonymous_3)
FN:53,(anonymous_4)
FN:71,(anonymous_5)
FN:88,(anonymous_6)
FN:93,(anonymous_7)
FN:99,(anonymous_8)
FN:104,(anonymous_9)
FN:108,(anonymous_10)
FN:115,(anonymous_11)
FN:116,(anonymous_12)
FN:122,(anonymous_13)
FN:126,(anonymous_14)
FN:135,(anonymous_15)
FN:141,(anonymous_16)
FN:146,(anonymous_17)
FN:147,(anonymous_18)
FNF:18
FNH:0
FNDA:0,(anonymous_1)
FNDA:0,(anonymous_2)
FNDA:0,(anonymous_3)
FNDA:0,(anonymous_4)
FNDA:0,(anonymous_5)
FNDA:0,(anonymous_6)
FNDA:0,(anonymous_7)
FNDA:0,(anonymous_8)
FNDA:0,(anonymous_9)
FNDA:0,(anonymous_10)
FNDA:0,(anonymous_11)
FNDA:0,(anonymous_12)
FNDA:0,(anonymous_13)
FNDA:0,(anonymous_14)
FNDA:0,(anonymous_15)
FNDA:0,(anonymous_16)
FNDA:0,(anonymous_17)
FNDA:0,(anonymous_18)
DA:12,1
DA:19,1
DA:20,0
DA:26,1
DA:27,0
DA:31,0
DA:33,0
DA:35,0
DA:36,0
DA:37,0
DA:40,0
DA:43,1
DA:44,0
DA:49,0
DA:53,0
DA:54,0
DA:56,0
DA:58,0
DA:59,0
DA:61,0
DA:62,0
DA:68,0
DA:71,1
DA:72,0
DA:79,0
DA:80,0
DA:81,0
DA:84,0
DA:86,0
DA:89,0
DA:93,0
DA:94,0
DA:97,0
DA:100,0
DA:104,0
DA:105,0
DA:108,0
DA:109,0
DA:110,0
DA:113,0
DA:115,0
DA:116,0
DA:117,0
DA:122,1
DA:123,0
DA:126,0
DA:127,0
DA:128,0
DA:131,0
DA:134,0
DA:135,0
DA:136,0
DA:141,0
DA:142,0
DA:146,1
DA:147,0
DA:148,0
DA:150,0
DA:151,0
DA:152,0
DA:155,0
DA:157,0
DA:158,0
DA:160,0
DA:162,0
DA:165,0
LF:66
LH:7
BRDA:31,1,0,0
BRDA:31,1,1,0
BRDA:33,2,0,0
BRDA:33,2,1,0
BRDA:40,3,0,0
BRDA:40,3,1,0
BRDA:58,4,0,0
BRDA:58,4,1,0
BRDA:58,5,0,0
BRDA:58,5,1,0
BRDA:61,6,0,0
BRDA:61,6,1,0
BRDA:79,7,0,0
BRDA:79,7,1,0
BRDA:79,8,0,0
BRDA:79,8,1,0
BRDA:80,9,0,0
BRDA:80,9,1,0
BRDA:116,10,0,0
BRDA:116,10,1,0
BRDA:134,11,0,0
BRDA:134,11,1,0
BRDA:134,12,0,0
BRDA:134,12,1,0
BRDA:142,13,0,0
BRDA:142,13,1,0
BRDA:150,14,0,0
BRDA:150,14,1,0
BRDA:151,15,0,0
BRDA:151,15,1,0
BRDA:165,16,0,0
BRDA:165,16,1,0
BRF:32
BRH:0
end_of_record
TN:
SF:/home/travis/build/node-gh/gh/lib/logger.js
FN:21,stripHandlebarsNewLine
FN:25,(anonymous_2)
FN:40,(anonymous_3)
FN:48,(anonymous_4)
FN:57,(anonymous_5)
FN:62,(anonymous_6)
FN:66,(anonymous_7)
FN:74,(anonymous_8)
FN:87,(anonymous_9)
FN:126,(anonymous_10)
FN:132,(anonymous_11)
FN:136,(anonymous_12)
FN:151,(anonymous_13)
FN:155,(anonymous_14)
FN:156,(anonymous_15)
FN:160,(anonymous_16)
FN:165,(anonymous_17)
FN:170,(anonymous_18)
FN:175,(anonymous_19)
FN:180,(anonymous_20)
FN:185,(anonymous_21)
FN:189,(anonymous_22)
FN:193,(anonymous_23)
FNF:23
FNH:6
FNDA:0,stripHandlebarsNewLine
FNDA:7,(anonymous_2)
FNDA:0,(anonymous_3)
FNDA:1,(anonymous_4)
FNDA:1,(anonymous_5)
FNDA:1,(anonymous_6)
FNDA:2,(anonymous_7)
FNDA:0,(anonymous_8)
FNDA:0,(anonymous_9)
FNDA:0,(anonymous_10)
FNDA:0,(anonymous_11)
FNDA:0,(anonymous_12)
FNDA:0,(anonymous_13)
FNDA:2,(anonymous_14)
FNDA:0,(anonymous_15)
FNDA:0,(anonymous_16)
FNDA:0,(anonymous_17)
FNDA:0,(anonymous_18)
FNDA:0,(anonymous_19)
FNDA:0,(anonymous_20)
FNDA:0,(anonymous_21)
FNDA:0,(anonymous_22)
FNDA:0,(anonymous_23)
DA:13,2
DA:21,1
DA:22,0
DA:25,2
DA:26,7
DA:27,6
DA:30,1
DA:31,1
DA:32,1
DA:33,1
DA:36,0
DA:37,0
DA:40,2
DA:41,0
DA:42,0
DA:45,0
DA:48,2
DA:49,1
DA:50,1
DA:53,1
DA:54,1
DA:57,2
DA:58,1
DA:59,1
DA:62,2
DA:63,1
DA:66,2
DA:67,2
DA:68,2
DA:71,2
DA:74,2
DA:75,0
DA:77,0
DA:78,0
DA:79,0
DA:84,0
DA:87,2
DA:88,0
DA:91,0
DA:92,0
DA:95,0
DA:96,0
DA:100,0
DA:101,0
DA:104,0
DA:105,0
DA:107,0
DA:110,0
DA:111,0
DA:114,0
DA:115,0
DA:118,0
DA:119,0
DA:123,0
DA:126,2
DA:127,0
DA:129,0
DA:132,2
DA:133,0
DA:136,2
DA:137,0
DA:140,0
DA:142,0
DA:143,0
DA:146,0
DA:148,0
DA:151,2
DA:152,0
DA:155,2
DA:156,2
DA:157,0
DA:160,2
DA:161,0
DA:165,2
DA:166,0
DA:170,2
DA:171,0
DA:175,2
DA:176,0
DA:180,2
DA:181,0
DA:185,2
DA:186,0
DA:189,2
DA:190,0
DA:193,2
DA:194,0
DA:196,0
DA:197,0
DA:200,0
DA:202,0
DA:203,0
DA:206,0
DA:210,2
DA:212,2
DA:213,2
LF:96
LH:43
BRDA:26,1,0,6
BRDA:26,1,1,1
BRDA:30,2,0,1
BRDA:30,2,1,0
BRDA:41,3,0,0
BRDA:41,3,1,0
BRDA:49,4,0,1
BRDA:49,4,1,0
BRDA:67,5,0,2
BRDA:67,5,1,0
BRDA:78,6,0,0
BRDA:78,6,1,0
BRDA:91,7,0,0
BRDA:91,7,1,0
BRDA:95,8,0,0
BRDA:95,8,1,0
BRDA:100,9,0,0
BRDA:100,9,1,0
BRDA:110,10,0,0
BRDA:110,10,1,0
BRDA:114,11,0,0
BRDA:114,11,1,0
BRDA:114,12,0,0
BRDA:114,12,1,0
BRDA:114,12,2,0
BRDA:118,13,0,0
BRDA:118,13,1,0
BRDA:133,14,0,0
BRDA:133,14,1,0
BRDA:142,15,0,0
BRDA:142,15,1,0
BRDA:196,16,0,0
BRDA:196,16,1,0
BRDA:202,17,0,0
BRDA:202,17,1,0
BRF:35
BRH:5
end_of_record
TN:
SF:/home/travis/build/node-gh/gh/lib/rest-api-client.js
FN:3,_classCallCheck
FN:11,(anonymous_2)
FN:12,RestApiClient
FN:19,encode
FN:23,url
FN:36,authorize
FN:52,request
FN:78,(anonymous_8)
FN:81,(anonymous_9)
FN:112,get
FN:116,post
FN:120,put
FN:124,_delete
FNF:13
FNH:0
FNDA:0,_classCallCheck
FNDA:0,(anonymous_2)
FNDA:0,RestApiClient
FNDA:0,encode
FNDA:0,url
FNDA:0,authorize
FNDA:0,request
FNDA:0,(anonymous_8)
FNDA:0,(anonymous_9)
FNDA:0,get
FNDA:0,post
FNDA:0,put
FNDA:0,_delete
DA:3,1
DA:5,0
DA:6,0
DA:7,0
DA:8,0
DA:9,0
DA:11,0
DA:12,1
DA:13,0
DA:15,0
DA:16,0
DA:19,0
DA:20,0
DA:23,0
DA:24,0
DA:25,0
DA:33,0
DA:36,0
DA:37,0
DA:39,0
DA:40,0
DA:41,0
DA:44,0
DA:45,0
DA:52,0
DA:53,0
DA:54,0
DA:55,0
DA:56,0
DA:59,0
DA:61,0
DA:69,0
DA:70,0
DA:73,0
DA:75,0
DA:76,0
DA:78,0
DA:79,0
DA:80,0
DA:81,0
DA:82,0
DA:83,0
DA:85,0
DA:86,0
DA:87,0
DA:88,0
DA:89,0
DA:92,0
DA:93,0
DA:94,0
DA:97,0
DA:98,0
DA:104,0
DA:107,0
DA:112,0
DA:113,0
DA:116,0
DA:117,0
DA:120,0
DA:121,0
DA:124,0
DA:125,0
DA:128,0
DA:131,0
DA:142,0
LF:65
LH:2
BRDA:3,1,0,0
BRDA:3,1,1,0
BRDA:39,2,0,0
BRDA:39,2,1,0
BRDA:44,3,0,0
BRDA:44,3,1,0
BRDA:53,4,0,0
BRDA:53,4,1,0
BRDA:69,5,0,0
BRDA:69,5,1,0
BRDA:83,6,0,0
BRDA:83,6,1,0
BRDA:85,7,0,0
BRDA:85,7,1,0
BRDA:92,8,0,0
BRDA:92,8,1,0
BRDA:97,9,0,0
BRDA:97,9,1,0
BRDA:97,10,0,0
BRDA:97,10,1,0
BRF:20
BRH:0
end_of_record
TN:
SF:/home/travis/build/node-gh/gh/lib/tracker.js
FN:23,(anonymous_1)
FN:35,(anonymous_2)
FNF:2
FNH:0
FNDA:0,(anonymous_1)
FNDA:0,(anonymous_2)
DA:12,1
DA:18,1
DA:23,1
DA:24,0
DA:26,0
DA:27,0
DA:30,0
DA:32,0
DA:35,1
DA:36,0
DA:38,0
DA:41,1
LF:12
LH:5
BRDA:26,1,0,0
BRDA:26,1,1,0
BRF:2
BRH:0
end_of_record
TN:
SF:/home/travis/build/node-gh/gh/lib/cmds/alias.js
FN:22,Alias
FN:48,(anonymous_2)
FN:61,(anonymous_3)
FN:75,(anonymous_4)
FN:92,(anonymous_5)
FN:99,(anonymous_6)
FN:103,(anonymous_7)
FNF:7
FNH:0
FNDA:0,Alias
FNDA:0,(anonymous_2)
FNDA:0,(anonymous_3)
FNDA:0,(anonymous_4)
FNDA:0,(anonymous_5)
FNDA:0,(anonymous_6)
FNDA:0,(anonymous_7)
DA:15,0
DA:22,1
DA:23,0
DA:28,0
DA:49,0
DA:50,0
DA:51,0
DA:54,0
DA:61,0
DA:62,0
DA:65,0
DA:66,0
DA:67,0
DA:70,0
DA:71,0
DA:74,0
DA:75,0
DA:76,0
DA:78,0
DA:79,0
DA:80,0
DA:86,0
DA:87,0
DA:88,0
DA:92,0
DA:93,0
DA:96,0
DA:99,0
DA:100,0
DA:103,0
DA:104,0
DA:107,0
DA:109,0
DA:112,0
LF:34
LH:1
BRDA:49,1,0,0
BRDA:49,1,1,0
BRDA:65,2,0,0
BRDA:65,2,1,0
BRDA:66,3,0,0
BRDA:66,3,1,0
BRDA:74,4,0,0
BRDA:74,4,1,0
BRDA:79,5,0,0
BRDA:79,5,1,0
BRDA:86,6,0,0
BRDA:86,6,1,0
BRDA:100,7,0,0
BRDA:100,7,1,0
BRF:14
BRH:0
end_of_record
TN:
SF:/home/travis/build/node-gh/gh/lib/cmds/gists.js
FN:25,Gists
FN:66,(anonymous_2)
FN:73,(anonymous_3)
FN:90,(anonymous_4)
FN:100,(anonymous_5)
FN:102,(anonymous_6)
FN:119,(anonymous_7)
FN:122,(anonymous_8)
FN:137,(anonymous_9)
FN:146,(anonymous_10)
FN:155,(anonymous_11)
FN:173,(anonymous_12)
FN:177,(anonymous_13)
FN:185,(anonymous_14)
FN:193,(anonymous_15)
FN:201,(anonymous_16)
FN:206,(anonymous_17)
FN:215,(anonymous_18)
FN:230,(anonymous_19)
FNF:19
FNH:0
FNDA:0,Gists
FNDA:0,(anonymous_2)
FNDA:0,(anonymous_3)
FNDA:0,(anonymous_4)
FNDA:0,(anonymous_5)
FNDA:0,(anonymous_6)
FNDA:0,(anonymous_7)
FNDA:0,(anonymous_8)
FNDA:0,(anonymous_9)
FNDA:0,(anonymous_10)
FNDA:0,(anonymous_11)
FNDA:0,(anonymous_12)
FNDA:0,(anonymous_13)
FNDA:0,(anonymous_14)
FNDA:0,(anonymous_15)
FNDA:0,(anonymous_16)
FNDA:0,(anonymous_17)
FNDA:0,(anonymous_18)
FNDA:0,(anonymous_19)
DA:16,0
DA:25,1
DA:26,0
DA:31,0
DA:67,0
DA:73,0
DA:74,0
DA:78,0
DA:80,0
DA:81,0
DA:82,0
DA:85,0
DA:86,0
DA:89,0
DA:90,0
DA:91,0
DA:93,0
DA:101,0
DA:102,0
DA:103,0
DA:104,0
DA:105,0
DA:109,0
DA:112,0
DA:118,0
DA:119,0
DA:120,0
DA:122,0
DA:123,0
DA:124,0
DA:125,0
DA:128,0
DA:129,0
DA:134,0
DA:135,0
DA:137,0
DA:138,0
DA:139,0
DA:140,0
DA:145,0
DA:146,0
DA:147,0
DA:149,0
DA:150,0
DA:152,0
DA:155,0
DA:156,0
DA:157,0
DA:160,0
DA:161,0
DA:162,0
DA:165,0
DA:167,0
DA:173,0
DA:174,0
DA:177,0
DA:178,0
DA:182,0
DA:185,0
DA:186,0
DA:190,0
DA:193,0
DA:194,0
DA:197,0
DA:201,0
DA:202,0
DA:206,0
DA:207,0
DA:210,0
DA:211,0
DA:214,0
DA:215,0
DA:216,0
DA:219,0
DA:220,0
DA:223,0
DA:226,0
DA:230,0
DA:231,0
DA:236,0
DA:238,0
DA:242,0
DA:248,0
DA:251,0
LF:84
LH:1
BRDA:80,1,0,0
BRDA:80,1,1,0
BRDA:85,2,0,0
BRDA:85,2,1,0
BRDA:86,3,0,0
BRDA:86,3,1,0
BRDA:89,4,0,0
BRDA:89,4,1,0
BRDA:101,5,0,0
BRDA:101,5,1,0
BRDA:103,6,0,0
BRDA:103,6,1,0
BRDA:118,7,0,0
BRDA:118,7,1,0
BRDA:123,8,0,0
BRDA:123,8,1,0
BRDA:134,9,0,0
BRDA:134,9,1,0
BRDA:138,10,0,0
BRDA:138,10,1,0
BRDA:145,11,0,0
BRDA:145,11,1,0
BRDA:147,12,0,0
BRDA:147,12,1,0
BRDA:156,13,0,0
BRDA:156,13,1,0
BRDA:160,14,0,0
BRDA:160,14,1,0
BRDA:210,15,0,0
BRDA:210,15,1,0
BRDA:210,16,0,0
BRDA:210,16,1,0
BRDA:214,17,0,0
BRDA:214,17,1,0
BRDA:214,18,0,0
BRDA:214,18,1,0
BRDA:219,19,0,0
BRDA:219,19,1,0
BRDA:226,20,0,0
BRDA:226,20,1,0
BRDA:236,21,0,0
BRDA:236,21,1,0
BRF:42
BRH:0
end_of_record
TN:
SF:/home/travis/build/node-gh/gh/lib/cmds/hello.js
FN:18,Hello
FN:36,(anonymous_2)
FN:43,(anonymous_3)
FN:52,(anonymous_4)
FNF:4
FNH:0
FNDA:0,Hello
FNDA:0,(anonymous_2)
FNDA:0,(anonymous_3)
FNDA:0,(anonymous_4)
DA:14,0
DA:18,1
DA:19,0
DA:24,0
DA:37,0
DA:43,0
DA:44,0
DA:47,0
DA:48,0
DA:52,0
DA:53,0
DA:56,0
LF:12
LH:1
BRDA:47,1,0,0
BRDA:47,1,1,0
BRF:2
BRH:0
end_of_record
TN:
SF:/home/travis/build/node-gh/gh/lib/cmds/help.js
FN:25,Help
FN:47,(anonymous_2)
FN:63,(anonymous_3)
FN:78,(anonymous_4)
FN:119,(anonymous_5)
FN:123,(anonymous_6)
FN:150,(anonymous_7)
FN:179,(anonymous_8)
FN:189,(anonymous_9)
FN:193,(anonymous_10)
FN:215,(anonymous_11)
FN:230,(anonymous_12)
FN:266,(anonymous_13)
FNF:13
FNH:0
FNDA:0,Help
FNDA:0,(anonymous_2)
FNDA:0,(anonymous_3)
FNDA:0,(anonymous_4)
FNDA:0,(anonymous_5)
FNDA:0,(anonymous_6)
FNDA:0,(anonymous_7)
FNDA:0,(anonymous_8)
FNDA:0,(anonymous_9)
FNDA:0,(anonymous_10)
FNDA:0,(anonymous_11)
FNDA:0,(anonymous_12)
FNDA:0,(anonymous_13)
DA:15,0
DA:25,1
DA:26,0
DA:33,0
DA:47,0
DA:48,0
DA:57,0
DA:58,0
DA:61,0
DA:63,0
DA:64,0
DA:65,0
DA:68,0
DA:72,0
DA:74,0
DA:75,0
DA:78,0
DA:79,0
DA:85,0
DA:86,0
DA:89,0
DA:90,0
DA:93,0
DA:94,0
DA:97,0
DA:98,0
DA:99,0
DA:102,0
DA:111,0
DA:112,0
DA:113,0
DA:116,0
DA:119,0
DA:120,0
DA:123,0
DA:124,0
DA:126,0
DA:127,0
DA:130,0
DA:132,0
DA:133,0
DA:136,0
DA:137,0
DA:140,0
DA:143,0
DA:144,0
DA:147,0
DA:150,0
DA:151,0
DA:155,0
DA:157,0
DA:158,0
DA:159,0
DA:160,0
DA:162,0
DA:163,0
DA:166,0
DA:168,0
DA:172,0
DA:176,0
DA:179,0
DA:180,0
DA:186,0
DA:187,0
DA:189,0
DA:190,0
DA:193,0
DA:194,0
DA:196,0
DA:197,0
DA:201,0
DA:202,0
DA:204,0
DA:212,0
DA:215,0
DA:216,0
DA:219,0
DA:220,0
DA:224,0
DA:225,0
DA:228,0
DA:230,0
DA:231,0
DA:234,0
DA:236,0
DA:239,0
DA:241,0
DA:242,0
DA:244,0
DA:245,0
DA:247,0
DA:248,0
DA:250,0
DA:251,0
DA:253,0
DA:254,0
DA:256,0
DA:257,0
DA:259,0
DA:260,0
DA:263,0
DA:266,0
DA:267,0
DA:268,0
DA:271,0
DA:274,0
LF:106
LH:1
BRDA:74,1,0,0
BRDA:74,1,1,0
BRDA:80,2,0,0
BRDA:80,2,1,0
BRDA:85,3,0,0
BRDA:85,3,1,0
BRDA:89,4,0,0
BRDA:89,4,1,0
BRDA:89,5,0,0
BRDA:89,5,1,0
BRDA:93,6,0,0
BRDA:93,6,1,0
BRDA:93,7,0,0
BRDA:93,7,1,0
BRDA:93,7,2,0
BRDA:97,8,0,0
BRDA:97,8,1,0
BRDA:97,9,0,0
BRDA:97,9,1,0
BRDA:111,10,0,0
BRDA:111,10,1,0
BRDA:111,11,0,0
BRDA:111,11,1,0
BRDA:126,12,0,0
BRDA:126,12,1,0
BRDA:132,13,0,0
BRDA:132,13,1,0
BRDA:136,14,0,0
BRDA:136,14,1,0
BRDA:143,15,0,0
BRDA:143,15,1,0
BRDA:158,16,0,0
BRDA:158,16,1,0
BRDA:162,17,0,0
BRDA:162,17,1,0
BRDA:196,18,0,0
BRDA:196,18,1,0
BRDA:219,19,0,0
BRDA:219,19,1,0
BRDA:224,20,0,0
BRDA:224,20,1,0
BRDA:239,21,0,0
BRDA:239,21,1,0
BRDA:239,21,2,0
BRDA:239,21,3,0
BRDA:239,21,4,0
BRDA:239,21,5,0
BRDA:239,21,6,0
BRDA:267,22,0,0
BRDA:267,22,1,0
BRDA:267,23,0,0
BRDA:267,23,1,0
BRF:52
BRH:0
end_of_record
TN:
SF:/home/travis/build/node-gh/gh/lib/cmds/issue.js
FN:24,Issue
FN:93,(anonymous_2)
FN:116,(anonymous_3)
FN:125,(anonymous_4)
FN:138,(anonymous_5)
FN:155,(anonymous_6)
FN:161,(anonymous_7)
FN:176,(anonymous_8)
FN:191,(anonymous_9)
FN:202,(anonymous_10)
FN:212,(anonymous_11)
FN:215,(anonymous_12)
FN:232,(anonymous_13)
FN:236,(anonymous_14)
FN:259,(anonymous_15)
FN:274,(anonymous_16)
FN:277,(anonymous_17)
FN:287,(anonymous_18)
FN:295,(anonymous_19)
FN:298,(anonymous_20)
FN:308,(anonymous_21)
FN:326,(anonymous_22)
FN:347,(anonymous_23)
FN:361,(anonymous_24)
FN:383,(anonymous_25)
FN:387,(anonymous_26)
FN:392,(anonymous_27)
FN:409,(anonymous_28)
FN:413,(anonymous_29)
FN:421,(anonymous_30)
FN:427,(anonymous_31)
FN:432,(anonymous_32)
FN:447,(anonymous_33)
FN:469,(anonymous_34)
FN:479,(anonymous_35)
FN:484,(anonymous_36)
FN:491,(anonymous_37)
FN:520,(anonymous_38)
FN:523,(anonymous_39)
FN:533,(anonymous_40)
FN:555,(anonymous_41)
FN:559,(anonymous_42)
FN:566,(anonymous_43)
FN:572,(anonymous_44)
FN:577,(anonymous_45)
FN:588,(anonymous_46)
FNF:46
FNH:1
FNDA:3,Issue
FNDA:0,(anonymous_2)
FNDA:0,(anonymous_3)
FNDA:0,(anonymous_4)
FNDA:0,(anonymous_5)
FNDA:0,(anonymous_6)
FNDA:0,(anonymous_7)
FNDA:0,(anonymous_8)
FNDA:0,(anonymous_9)
FNDA:0,(anonymous_10)
FNDA:0,(anonymous_11)
FNDA:0,(anonymous_12)
FNDA:0,(anonymous_13)
FNDA:0,(anonymous_14)
FNDA:0,(anonymous_15)
FNDA:0,(anonymous_16)
FNDA:0,(anonymous_17)
FNDA:0,(anonymous_18)
FNDA:0,(anonymous_19)
FNDA:0,(anonymous_20)
FNDA:0,(anonymous_21)
FNDA:0,(anonymous_22)
FNDA:0,(anonymous_23)
FNDA:0,(anonymous_24)
FNDA:0,(anonymous_25)
FNDA:0,(anonymous_26)
FNDA:0,(anonymous_27)
FNDA:0,(anonymous_28)
FNDA:0,(anonymous_29)
FNDA:0,(anonymous_30)
FNDA:0,(anonymous_31)
FNDA:0,(anonymous_32)
FNDA:0,(anonymous_33)
FNDA:0,(anonymous_34)
FNDA:0,(anonymous_35)
FNDA:0,(anonymous_36)
FNDA:0,(anonymous_37)
FNDA:0,(anonymous_38)
FNDA:0,(anonymous_39)
FNDA:0,(anonymous_40)
FNDA:0,(anonymous_41)
FNDA:0,(anonymous_42)
FNDA:0,(anonymous_43)
FNDA:0,(anonymous_44)
FNDA:0,(anonymous_45)
FNDA:0,(anonymous_46)
DA:15,1
DA:24,1
DA:25,3
DA:27,3
DA:28,0
DA:34,1
DA:94,0
DA:95,0
DA:96,0
DA:97,0
DA:98,0
DA:101,0
DA:102,0
DA:103,0
DA:106,0
DA:111,1
DA:112,1
DA:116,1
DA:117,0
DA:120,0
DA:122,0
DA:124,0
DA:125,0
DA:126,0
DA:127,0
DA:128,0
DA:131,0
DA:134,0
DA:138,0
DA:139,0
DA:140,0
DA:141,0
DA:144,0
DA:145,0
DA:150,0
DA:151,0
DA:154,0
DA:155,0
DA:156,0
DA:158,0
DA:161,0
DA:162,0
DA:163,0
DA:164,0
DA:167,0
DA:168,0
DA:173,0
DA:174,0
DA:176,0
DA:177,0
DA:178,0
DA:179,0
DA:182,0
DA:186,0
DA:187,0
DA:188,0
DA:191,0
DA:192,0
DA:193,0
DA:194,0
DA:199,0
DA:202,0
DA:203,0
DA:204,0
DA:205,0
DA:211,0
DA:212,0
DA:213,0
DA:215,0
DA:216,0
DA:217,0
DA:218,0
DA:221,0
DA:222,0
DA:225,0
DA:226,0
DA:231,0
DA:232,0
DA:233,0
DA:236,0
DA:237,0
DA:238,0
DA:239,0
DA:242,0
DA:243,0
DA:248,0
DA:249,0
DA:250,0
DA:251,0
DA:252,0
DA:255,0
DA:259,0
DA:260,0
DA:261,0
DA:262,0
DA:263,0
DA:265,0
DA:266,0
DA:274,1
DA:275,0
DA:277,0
DA:278,0
DA:279,0
DA:282,0
DA:287,1
DA:288,0
DA:289,0
DA:292,0
DA:295,1
DA:296,0
DA:298,0
DA:299,0
DA:300,0
DA:303,0
DA:308,1
DA:309,0
DA:314,0
DA:316,0
DA:323,0
DA:326,1
DA:327,0
DA:331,0
DA:333,0
DA:344,0
DA:347,1
DA:348,0
DA:352,0
DA:358,0
DA:361,1
DA:362,0
DA:367,0
DA:369,0
DA:376,0
DA:377,0
DA:378,0
DA:379,0
DA:382,0
DA:383,0
DA:384,0
DA:388,0
DA:389,0
DA:392,0
DA:393,0
DA:394,0
DA:395,0
DA:396,0
DA:400,0
DA:405,0
DA:406,0
DA:409,0
DA:410,0
DA:413,0
DA:414,0
DA:416,0
DA:417,0
DA:421,0
DA:422,0
DA:423,0
DA:427,0
DA:428,0
DA:431,0
DA:432,0
DA:433,0
DA:435,0
DA:437,0
DA:438,0
DA:440,0
DA:442,0
DA:443,0
DA:444,0
DA:447,0
DA:448,0
DA:451,0
DA:452,0
DA:455,0
DA:456,0
DA:460,0
DA:464,0
DA:469,1
DA:470,0
DA:474,0
DA:479,0
DA:480,0
DA:481,0
DA:484,0
DA:485,0
DA:491,1
DA:492,0
DA:497,0
DA:498,0
DA:501,0
DA:502,0
DA:505,0
DA:508,0
DA:517,0
DA:520,1
DA:521,0
DA:523,0
DA:524,0
DA:525,0
DA:528,0
DA:533,1
DA:534,0
DA:540,0
DA:542,0
DA:543,0
DA:546,0
DA:547,0
DA:548,0
DA:550,0
DA:555,0
DA:556,0
DA:559,0
DA:560,0
DA:562,0
DA:563,0
DA:566,0
DA:567,0
DA:568,0
DA:572,0
DA:573,0
DA:576,0
DA:577,0
DA:578,0
DA:580,0
DA:583,0
DA:584,0
DA:585,0
DA:588,0
DA:589,0
DA:592,0
DA:593,0
DA:596,0
DA:597,0
DA:601,0
DA:604,0
DA:609,1
LF:237
LH:20
BRDA:27,1,0,0
BRDA:27,1,1,3
BRDA:27,2,0,3
BRDA:27,2,1,0
BRDA:94,3,0,0
BRDA:94,3,1,0
BRDA:95,4,0,0
BRDA:95,4,1,0
BRDA:102,5,0,0
BRDA:102,5,1,0
BRDA:103,6,0,0
BRDA:103,6,1,0
BRDA:122,7,0,0
BRDA:122,7,1,0
BRDA:124,8,0,0
BRDA:124,8,1,0
BRDA:127,9,0,0
BRDA:127,9,1,0
BRDA:139,10,0,0
BRDA:139,10,1,0
BRDA:150,11,0,0
BRDA:150,11,1,0
BRDA:154,12,0,0
BRDA:154,12,1,0
BRDA:162,13,0,0
BRDA:162,13,1,0
BRDA:173,14,0,0
BRDA:173,14,1,0
BRDA:177,15,0,0
BRDA:177,15,1,0
BRDA:186,16,0,0
BRDA:186,16,1,0
BRDA:187,17,0,0
BRDA:187,17,1,0
BRDA:192,18,0,0
BRDA:192,18,1,0
BRDA:203,19,0,0
BRDA:203,19,1,0
BRDA:211,20,0,0
BRDA:211,20,1,0
BRDA:216,21,0,0
BRDA:216,21,1,0
BRDA:221,22,0,0
BRDA:221,22,1,0
BRDA:231,23,0,0
BRDA:231,23,1,0
BRDA:237,24,0,0
BRDA:237,24,1,0
BRDA:248,25,0,0
BRDA:248,25,1,0
BRDA:250,26,0,0
BRDA:250,26,1,0
BRDA:260,27,0,0
BRDA:260,27,1,0
BRDA:261,28,0,0
BRDA:261,28,1,0
BRDA:278,29,0,0
BRDA:278,29,1,0
BRDA:279,30,0,0
BRDA:279,30,1,0
BRDA:288,31,0,0
BRDA:288,31,1,0
BRDA:299,32,0,0
BRDA:299,32,1,0
BRDA:300,33,0,0
BRDA:300,33,1,0
BRDA:331,34,0,0
BRDA:331,34,1,0
BRDA:367,35,0,0
BRDA:367,35,1,0
BRDA:376,36,0,0
BRDA:376,36,1,0
BRDA:378,37,0,0
BRDA:378,37,1,0
BRDA:382,38,0,0
BRDA:382,38,1,0
BRDA:388,39,0,0
BRDA:388,39,1,0
BRDA:393,40,0,0
BRDA:393,40,1,0
BRDA:405,41,0,0
BRDA:405,41,1,0
BRDA:416,42,0,0
BRDA:416,42,1,0
BRDA:416,43,0,0
BRDA:416,43,1,0
BRDA:422,44,0,0
BRDA:422,44,1,0
BRDA:428,45,0,0
BRDA:428,45,1,0
BRDA:431,46,0,0
BRDA:431,46,1,0
BRDA:431,47,0,0
BRDA:431,47,1,0
BRDA:433,48,0,0
BRDA:433,48,1,0
BRDA:437,49,0,0
BRDA:437,49,1,0
BRDA:442,50,0,0
BRDA:442,50,1,0
BRDA:443,51,0,0
BRDA:443,51,1,0
BRDA:451,52,0,0
BRDA:451,52,1,0
BRDA:455,53,0,0
BRDA:455,53,1,0
BRDA:464,54,0,0
BRDA:464,54,1,0
BRDA:480,55,0,0
BRDA:480,55,1,0
BRDA:481,56,0,0
BRDA:481,56,1,0
BRDA:497,57,0,0
BRDA:497,57,1,0
BRDA:501,58,0,0
BRDA:501,58,1,0
BRDA:524,59,0,0
BRDA:524,59,1,0
BRDA:525,60,0,0
BRDA:525,60,1,0
BRDA:540,61,0,0
BRDA:540,61,1,0
BRDA:542,62,0,0
BRDA:542,62,1,0
BRDA:562,63,0,0
BRDA:562,63,1,0
BRDA:562,64,0,0
BRDA:562,64,1,0
BRDA:567,65,0,0
BRDA:567,65,1,0
BRDA:573,66,0,0
BRDA:573,66,1,0
BRDA:576,67,0,0
BRDA:576,67,1,0
BRDA:576,68,0,0
BRDA:576,68,1,0
BRDA:578,69,0,0
BRDA:578,69,1,0
BRDA:583,70,0,0
BRDA:583,70,1,0
BRDA:584,71,0,0
BRDA:584,71,1,0
BRDA:592,72,0,0
BRDA:592,72,1,0
BRDA:596,73,0,0
BRDA:596,73,1,0
BRDA:604,74,0,0
BRDA:604,74,1,0
BRF:148
BRH:2
end_of_record
TN:
SF:/home/travis/build/node-gh/gh/lib/cmds/milestone.js
FN:21,Milestone
FN:52,(anonymous_2)
FN:59,(anonymous_3)
FN:68,(anonymous_4)
FN:78,(anonymous_5)
FN:88,(anonymous_6)
FN:98,(anonymous_7)
FN:103,(anonymous_8)
FN:108,(anonymous_9)
FN:127,(anonymous_10)
FN:144,(anonymous_11)
FN:149,(anonymous_12)
FN:150,(anonymous_13)
FNF:13
FNH:0
FNDA:0,Milestone
FNDA:0,(anonymous_2)
FNDA:0,(anonymous_3)
FNDA:0,(anonymous_4)
FNDA:0,(anonymous_5)
FNDA:0,(anonymous_6)
FNDA:0,(anonymous_7)
FNDA:0,(anonymous_8)
FNDA:0,(anonymous_9)
FNDA:0,(anonymous_10)
FNDA:0,(anonymous_11)
FNDA:0,(anonymous_12)
FNDA:0,(anonymous_13)
DA:15,0
DA:21,1
DA:22,0
DA:24,0
DA:25,0
DA:28,0
DA:29,0
DA:35,0
DA:53,0
DA:59,0
DA:60,0
DA:63,0
DA:64,0
DA:65,0
DA:68,0
DA:69,0
DA:70,0
DA:71,0
DA:76,0
DA:78,0
DA:79,0
DA:80,0
DA:81,0
DA:88,0
DA:89,0
DA:93,0
DA:98,0
DA:99,0
DA:100,0
DA:103,0
DA:104,0
DA:107,0
DA:108,0
DA:109,0
DA:110,0
DA:111,0
DA:113,0
DA:114,0
DA:117,0
DA:123,0
DA:127,0
DA:128,0
DA:134,0
DA:139,0
DA:140,0
DA:141,0
DA:144,0
DA:145,0
DA:146,0
DA:149,0
DA:150,0
DA:151,0
DA:156,0
DA:160,0
LF:54
LH:1
BRDA:24,1,0,0
BRDA:24,1,1,0
BRDA:28,2,0,0
BRDA:28,2,1,0
BRDA:28,3,0,0
BRDA:28,3,1,0
BRDA:63,4,0,0
BRDA:63,4,1,0
BRDA:64,5,0,0
BRDA:64,5,1,0
BRDA:66,6,0,0
BRDA:66,6,1,0
BRDA:69,7,0,0
BRDA:69,7,1,0
BRDA:79,8,0,0
BRDA:79,8,1,0
BRDA:99,9,0,0
BRDA:99,9,1,0
BRDA:99,10,0,0
BRDA:99,10,1,0
BRDA:104,11,0,0
BRDA:104,11,1,0
BRDA:107,12,0,0
BRDA:107,12,1,0
BRDA:107,13,0,0
BRDA:107,13,1,0
BRDA:109,14,0,0
BRDA:109,14,1,0
BRDA:110,15,0,0
BRDA:110,15,1,0
BRDA:113,16,0,0
BRDA:113,16,1,0
BRDA:123,17,0,0
BRDA:123,17,1,0
BRDA:139,18,0,0
BRDA:139,18,1,0
BRDA:145,19,0,0
BRDA:145,19,1,0
BRDA:146,20,0,0
BRDA:146,20,1,0
BRF:40
BRH:0
end_of_record
TN:
SF:/home/travis/build/node-gh/gh/lib/cmds/notification.js
FN:22,Notifications
FN:52,(anonymous_2)
FN:59,(anonymous_3)
FN:74,(anonymous_4)
FN:84,(anonymous_5)
FN:90,(anonymous_6)
FN:97,(anonymous_7)
FN:98,(anonymous_8)
FN:116,(anonymous_9)
FN:127,(anonymous_10)
FN:136,(anonymous_11)
FN:142,(anonymous_12)
FN:147,(anonymous_13)
FNF:13
FNH:0
FNDA:0,Notifications
FNDA:0,(anonymous_2)
FNDA:0,(anonymous_3)
FNDA:0,(anonymous_4)
FNDA:0,(anonymous_5)
FNDA:0,(anonymous_6)
FNDA:0,(anonymous_7)
FNDA:0,(anonymous_8)
FNDA:0,(anonymous_9)
FNDA:0,(anonymous_10)
FNDA:0,(anonymous_11)
FNDA:0,(anonymous_12)
FNDA:0,(anonymous_13)
DA:15,0
DA:22,1
DA:23,0
DA:25,0
DA:26,0
DA:32,0
DA:53,0
DA:59,0
DA:60,0
DA:63,0
DA:64,0
DA:65,0
DA:68,0
DA:69,0
DA:70,0
DA:74,0
DA:75,0
DA:82,0
DA:85,0
DA:90,0
DA:91,0
DA:92,0
DA:94,0
DA:98,0
DA:99,0
DA:101,0
DA:102,0
DA:103,0
DA:107,0
DA:110,0
DA:112,0
DA:116,0
DA:117,0
DA:118,0
DA:119,0
DA:122,0
DA:123,0
DA:124,0
DA:127,0
DA:128,0
DA:136,0
DA:137,0
DA:140,0
DA:142,0
DA:143,0
DA:147,0
DA:148,0
DA:152,0
DA:154,0
DA:155,0
DA:157,0
DA:158,0
DA:160,0
DA:161,0
DA:163,0
DA:164,0
DA:166,0
DA:167,0
DA:169,0
DA:170,0
DA:172,0
DA:173,0
DA:175,0
DA:176,0
DA:178,0
DA:179,0
DA:181,0
DA:182,0
DA:184,0
DA:185,0
DA:187,0
DA:188,0
DA:190,0
DA:191,0
DA:193,0
DA:194,0
DA:196,0
DA:197,0
DA:199,0
DA:200,0
DA:202,0
DA:203,0
DA:206,0
DA:209,0
LF:84
LH:1
BRDA:25,1,0,0
BRDA:25,1,1,0
BRDA:63,2,0,0
BRDA:63,2,1,0
BRDA:68,3,0,0
BRDA:68,3,1,0
BRDA:91,4,0,0
BRDA:91,4,1,0
BRDA:101,5,0,0
BRDA:101,5,1,0
BRDA:102,6,0,0
BRDA:102,6,1,0
BRDA:117,7,0,0
BRDA:117,7,1,0
BRDA:122,8,0,0
BRDA:122,8,1,0
BRDA:123,9,0,0
BRDA:123,9,1,0
BRDA:152,10,0,0
BRDA:152,10,1,0
BRDA:152,10,2,0
BRDA:152,10,3,0
BRDA:152,10,4,0
BRDA:152,10,5,0
BRDA:152,10,6,0
BRDA:152,10,7,0
BRDA:152,10,8,0
BRDA:152,10,9,0
BRDA:152,10,10,0
BRDA:152,10,11,0
BRDA:152,10,12,0
BRDA:152,10,13,0
BRDA:152,10,14,0
BRDA:152,10,15,0
BRDA:152,10,16,0
BRF:35
BRH:0
end_of_record
TN:
SF:/home/travis/build/node-gh/gh/lib/cmds/pull-request.js
FN:26,PullRequest
FN:109,(anonymous_2)
FN:136,(anonymous_3)
FN:202,(anonymous_4)
FN:208,(anonymous_5)
FN:209,(anonymous_6)
FN:211,(anonymous_7)
FN:227,(anonymous_8)
FN:232,(anonymous_9)
FN:236,(anonymous_10)
FN:253,(anonymous_11)
FN:261,(anonymous_12)
FN:262,(anonymous_13)
FN:269,(anonymous_14)
FN:273,(anonymous_15)
FN:286,(anonymous_16)
FN:291,(anonymous_17)
FN:303,(anonymous_18)
FN:305,(anonymous_19)
FN:323,(anonymous_20)
FN:329,(anonymous_21)
FN:348,(anonymous_22)
FN:352,(anonymous_23)
FN:361,(anonymous_24)
FN:370,(anonymous_25)
FN:371,(anonymous_26)
FN:376,(anonymous_27)
FN:381,(anonymous_28)
FN:395,(anonymous_29)
FN:400,(anonymous_30)
FN:414,(anonymous_31)
FN:420,(anonymous_32)
FN:432,(anonymous_33)
FN:444,(anonymous_34)
FN:453,(anonymous_35)
FN:464,(anonymous_36)
FN:493,(anonymous_37)
FN:503,(anonymous_38)
FN:513,(anonymous_39)
FN:538,(anonymous_40)
FN:539,(anonymous_41)
FN:563,(anonymous_42)
FN:565,(anonymous_43)
FN:578,(anonymous_44)
FN:579,(anonymous_45)
FN:588,(anonymous_46)
FN:592,(anonymous_47)
FN:603,(anonymous_48)
FN:622,(anonymous_49)
FN:627,(anonymous_50)
FN:634,(anonymous_51)
FN:646,(anonymous_52)
FN:651,(anonymous_53)
FN:658,(anonymous_54)
FN:674,(anonymous_55)
FN:677,(anonymous_56)
FN:688,(anonymous_57)
FN:704,(anonymous_58)
FN:708,(anonymous_59)
FN:727,(anonymous_60)
FN:737,(anonymous_61)
FN:741,(anonymous_62)
FN:748,(anonymous_63)
FN:768,(anonymous_64)
FN:778,(anonymous_65)
FN:799,(anonymous_66)
FN:811,(anonymous_67)
FN:829,(anonymous_68)
FN:840,(anonymous_69)
FN:845,(anonymous_70)
FN:858,(anonymous_71)
FN:862,(anonymous_72)
FN:866,(anonymous_73)
FN:882,(anonymous_74)
FN:886,(anonymous_75)
FN:889,(anonymous_76)
FN:902,(anonymous_77)
FN:907,(anonymous_78)
FN:917,(anonymous_79)
FN:921,(anonymous_80)
FN:929,(anonymous_81)
FN:946,(anonymous_82)
FN:963,(anonymous_83)
FN:972,(anonymous_84)
FN:976,(anonymous_85)
FN:979,(anonymous_86)
FN:991,(anonymous_87)
FN:995,(anonymous_88)
FN:998,(anonymous_89)
FNF:89
FNH:4
FNDA:3,PullRequest
FNDA:0,(anonymous_2)
FNDA:0,(anonymous_3)
FNDA:0,(anonymous_4)
FNDA:0,(anonymous_5)
FNDA:0,(anonymous_6)
FNDA:0,(anonymous_7)
FNDA:0,(anonymous_8)
FNDA:0,(anonymous_9)
FNDA:0,(anonymous_10)
FNDA:0,(anonymous_11)
FNDA:0,(anonymous_12)
FNDA:0,(anonymous_13)
FNDA:0,(anonymous_14)
FNDA:0,(anonymous_15)
FNDA:0,(anonymous_16)
FNDA:0,(anonymous_17)
FNDA:0,(anonymous_18)
FNDA:0,(anonymous_19)
FNDA:0,(anonymous_20)
FNDA:0,(anonymous_21)
FNDA:0,(anonymous_22)
FNDA:0,(anonymous_23)
FNDA:0,(anonymous_24)
FNDA:0,(anonymous_25)
FNDA:0,(anonymous_26)
FNDA:0,(anonymous_27)
FNDA:0,(anonymous_28)
FNDA:0,(anonymous_29)
FNDA:0,(anonymous_30)
FNDA:0,(anonymous_31)
FNDA:0,(anonymous_32)
FNDA:0,(anonymous_33)
FNDA:0,(anonymous_34)
FNDA:0,(anonymous_35)
FNDA:2,(anonymous_36)
FNDA:3,(anonymous_37)
FNDA:3,(anonymous_38)
FNDA:0,(anonymous_39)
FNDA:0,(anonymous_40)
FNDA:0,(anonymous_41)
FNDA:0,(anonymous_42)
FNDA:0,(anonymous_43)
FNDA:0,(anonymous_44)
FNDA:0,(anonymous_45)
FNDA:0,(anonymous_46)
FNDA:0,(anonymous_47)
FNDA:0,(anonymous_48)
FNDA:0,(anonymous_49)
FNDA:0,(anonymous_50)
FNDA:0,(anonymous_51)
FNDA:0,(anonymous_52)
FNDA:0,(anonymous_53)
FNDA:0,(anonymous_54)
FNDA:0,(anonymous_55)
FNDA:0,(anonymous_56)
FNDA:0,(anonymous_57)
FNDA:0,(anonymous_58)
FNDA:0,(anonymous_59)
FNDA:0,(anonymous_60)
FNDA:0,(anonymous_61)
FNDA:0,(anonymous_62)
FNDA:0,(anonymous_63)
FNDA:0,(anonymous_64)
FNDA:0,(anonymous_65)
FNDA:0,(anonymous_66)
FNDA:0,(anonymous_67)
FNDA:0,(anonymous_68)
FNDA:0,(anonymous_69)
FNDA:0,(anonymous_70)
FNDA:0,(anonymous_71)
FNDA:0,(anonymous_72)
FNDA:0,(anonymous_73)
FNDA:0,(anonymous_74)
FNDA:0,(anonymous_75)
FNDA:0,(anonymous_76)
FNDA:0,(anonymous_77)
FNDA:0,(anonymous_78)
FNDA:0,(anonymous_79)
FNDA:0,(anonymous_80)
FNDA:0,(anonymous_81)
FNDA:0,(anonymous_82)
FNDA:0,(anonymous_83)
FNDA:0,(anonymous_84)
FNDA:0,(anonymous_85)
FNDA:0,(anonymous_86)
FNDA:0,(anonymous_87)
FNDA:0,(anonymous_88)
FNDA:0,(anonymous_89)
DA:15,1
DA:26,1
DA:27,3
DA:29,3
DA:30,0
DA:33,3
DA:38,1
DA:110,0
DA:111,0
DA:114,0
DA:119,1
DA:120,1
DA:121,1
DA:122,1
DA:123,1
DA:124,1
DA:125,1
DA:126,1
DA:127,1
DA:128,1
DA:132,1
DA:134,1
DA:136,1
DA:137,0
DA:140,0
DA:142,0
DA:143,0
DA:144,0
DA:146,0
DA:147,0
DA:150,0
DA:151,0
DA:154,0
DA:155,0
DA:158,0
DA:159,0
DA:162,0
DA:163,0
DA:166,0
DA:167,0
DA:169,0
DA:170,0
DA:173,0
DA:174,0
DA:177,0
DA:178,0
DA:181,0
DA:182,0
DA:185,0
DA:186,0
DA:189,0
DA:190,0
DA:193,0
DA:194,0
DA:197,0
DA:198,0
DA:202,1
DA:203,0
DA:208,0
DA:209,0
DA:210,0
DA:211,0
DA:212,0
DA:213,0
DA:220,0
DA:222,0
DA:227,0
DA:228,0
DA:232,1
DA:233,0
DA:236,1
DA:237,0
DA:244,0
DA:250,0
DA:253,1
DA:254,0
DA:259,0
DA:262,0
DA:263,0
DA:264,0
DA:266,0
DA:270,0
DA:274,0
DA:275,0
DA:278,0
DA:279,0
DA:282,0
DA:286,0
DA:287,0
DA:291,1
DA:292,0
DA:297,0
DA:303,0
DA:304,0
DA:305,0
DA:306,0
DA:312,0
DA:313,0
DA:314,0
DA:319,0
DA:323,1
DA:324,0
DA:329,0
DA:330,0
DA:331,0
DA:332,0
DA:335,0
DA:336,0
DA:338,0
DA:340,0
DA:341,0
DA:344,0
DA:348,1
DA:349,0
DA:352,0
DA:353,0
DA:354,0
DA:358,0
DA:361,1
DA:362,0
DA:368,0
DA:371,0
DA:372,0
DA:373,0
DA:377,0
DA:378,0
DA:379,0
DA:381,0
DA:382,0
DA:383,0
DA:384,0
DA:387,0
DA:389,0
DA:390,0
DA:395,0
DA:396,0
DA:400,1
DA:401,0
DA:405,0
DA:411,0
DA:414,1
DA:415,0
DA:416,0
DA:420,1
DA:421,0
DA:425,0
DA:427,0
DA:428,0
DA:432,1
DA:433,0
DA:439,0
DA:440,0
DA:444,0
DA:445,0
DA:447,0
DA:448,0
DA:449,0
DA:453,0
DA:454,0
DA:461,0
DA:464,1
DA:465,2
DA:467,2
DA:471,2
DA:472,0
DA:475,2
DA:477,2
DA:478,0
DA:481,2
DA:482,1
DA:484,1
DA:485,1
DA:488,2
DA:489,0
DA:493,1
DA:494,3
DA:497,3
DA:503,3
DA:504,3
DA:505,1
DA:506,1
DA:509,2
DA:513,1
DA:514,0
DA:522,0
DA:524,0
DA:525,0
DA:528,0
DA:536,0
DA:539,0
DA:540,0
DA:542,0
DA:543,0
DA:544,0
DA:547,0
DA:551,0
DA:554,0
DA:555,0
DA:558,0
DA:564,0
DA:565,0
DA:566,0
DA:567,0
DA:570,0
DA:574,0
DA:579,0
DA:580,0
DA:581,0
DA:583,0
DA:588,0
DA:589,0
DA:590,0
DA:592,0
DA:593,0
DA:595,0
DA:599,0
DA:603,1
DA:604,0
DA:609,0
DA:615,0
DA:616,0
DA:617,0
DA:619,0
DA:622,0
DA:623,0
DA:624,0
DA:627,0
DA:628,0
DA:634,1
DA:635,0
DA:639,0
DA:646,0
DA:647,0
DA:648,0
DA:651,0
DA:652,0
DA:658,1
DA:659,0
DA:663,0
DA:664,0
DA:667,0
DA:668,0
DA:669,0
DA:670,0
DA:671,0
DA:674,1
DA:675,0
DA:677,0
DA:678,0
DA:679,0
DA:682,0
DA:688,1
DA:689,0
DA:693,0
DA:695,0
DA:696,0
DA:699,0
DA:701,0
DA:704,1
DA:705,0
DA:708,0
DA:709,0
DA:710,0
DA:712,0
DA:713,0
DA:716,0
DA:720,0
DA:721,0
DA:724,0
DA:727,1
DA:728,0
DA:733,0
DA:735,0
DA:738,0
DA:739,0
DA:742,0
DA:743,0
DA:746,0
DA:749,0
DA:756,0
DA:757,0
DA:758,0
DA:761,0
DA:762,0
DA:763,0
DA:768,0
DA:769,0
DA:770,0
DA:773,0
DA:778,1
DA:779,0
DA:783,0
DA:784,0
DA:787,0
DA:796,0
DA:799,1
DA:800,0
DA:804,0
DA:805,0
DA:807,0
DA:808,0
DA:811,0
DA:812,0
DA:815,0
DA:816,0
DA:817,0
DA:820,0
DA:821,0
DA:822,0
DA:825,0
DA:829,0
DA:830,0
DA:831,0
DA:832,0
DA:835,0
DA:840,1
DA:841,0
DA:845,0
DA:846,0
DA:847,0
DA:850,0
DA:853,0
DA:854,0
DA:858,1
DA:859,0
DA:862,0
DA:863,0
DA:866,0
DA:867,0
DA:868,0
DA:869,0
DA:872,0
DA:873,0
DA:876,0
DA:877,0
DA:882,1
DA:883,0
DA:886,0
DA:887,0
DA:889,0
DA:890,0
DA:891,0
DA:892,0
DA:895,0
DA:897,0
DA:902,1
DA:903,0
DA:905,0
DA:907,0
DA:908,0
DA:909,0
DA:910,0
DA:913,0
DA:917,1
DA:918,0
DA:921,0
DA:922,0
DA:923,0
DA:924,0
DA:929,1
DA:930,0
DA:934,0
DA:935,0
DA:937,0
DA:938,0
DA:940,0
DA:941,0
DA:944,0
DA:946,0
DA:947,0
DA:948,0
DA:949,0
DA:954,0
DA:955,0
DA:960,0
DA:963,0
DA:964,0
DA:965,0
DA:966,0
DA:972,1
DA:973,0
DA:976,0
DA:977,0
DA:979,0
DA:980,0
DA:981,0
DA:982,0
DA:985,0
DA:986,0
DA:991,1
DA:992,0
DA:995,0
DA:996,0
DA:998,0
DA:999,0
DA:1000,0
DA:1001,0
DA:1003,0
DA:1005,0
DA:1008,0
DA:1009,0
DA:1012,0
DA:1013,0
DA:1018,1
LF:404
LH:69
BRDA:29,1,0,0
BRDA:29,1,1,3
BRDA:29,2,0,3
BRDA:29,2,1,0
BRDA:110,3,0,0
BRDA:110,3,1,0
BRDA:142,4,0,0
BRDA:142,4,1,0
BRDA:144,5,0,0
BRDA:144,5,1,0
BRDA:146,6,0,0
BRDA:146,6,1,0
BRDA:146,7,0,0
BRDA:146,7,1,0
BRDA:146,7,2,0
BRDA:146,7,3,0
BRDA:150,8,0,0
BRDA:150,8,1,0
BRDA:154,9,0,0
BRDA:154,9,1,0
BRDA:155,10,0,0
BRDA:155,10,1,0
BRDA:158,11,0,0
BRDA:158,11,1,0
BRDA:162,12,0,0
BRDA:162,12,1,0
BRDA:166,13,0,0
BRDA:166,13,1,0
BRDA:169,14,0,0
BRDA:169,14,1,0
BRDA:169,15,0,0
BRDA:169,15,1,0
BRDA:173,16,0,0
BRDA:173,16,1,0
BRDA:177,17,0,0
BRDA:177,17,1,0
BRDA:181,18,0,0
BRDA:181,18,1,0
BRDA:185,19,0,0
BRDA:185,19,1,0
BRDA:189,20,0,0
BRDA:189,20,1,0
BRDA:193,21,0,0
BRDA:193,21,1,0
BRDA:197,22,0,0
BRDA:197,22,1,0
BRDA:212,23,0,0
BRDA:212,23,1,0
BRDA:263,24,0,0
BRDA:263,24,1,0
BRDA:274,25,0,0
BRDA:274,25,1,0
BRDA:278,26,0,0
BRDA:278,26,1,0
BRDA:287,27,0,0
BRDA:287,27,1,0
BRDA:304,28,0,0
BRDA:304,28,1,0
BRDA:306,29,0,0
BRDA:306,29,1,0
BRDA:306,30,0,0
BRDA:306,30,1,0
BRDA:306,30,2,0
BRDA:306,30,3,0
BRDA:306,30,4,0
BRDA:319,31,0,0
BRDA:319,31,1,0
BRDA:330,32,0,0
BRDA:330,32,1,0
BRDA:331,33,0,0
BRDA:331,33,1,0
BRDA:340,34,0,0
BRDA:340,34,1,0
BRDA:353,35,0,0
BRDA:353,35,1,0
BRDA:382,36,0,0
BRDA:382,36,1,0
BRDA:396,37,0,0
BRDA:396,37,1,0
BRDA:415,38,0,0
BRDA:415,38,1,0
BRDA:427,39,0,0
BRDA:427,39,1,0
BRDA:427,40,0,0
BRDA:427,40,1,0
BRDA:447,41,0,0
BRDA:447,41,1,0
BRDA:447,42,0,0
BRDA:447,42,1,0
BRDA:448,43,0,0
BRDA:448,43,1,0
BRDA:461,44,0,0
BRDA:461,44,1,0
BRDA:471,45,0,0
BRDA:471,45,1,2
BRDA:477,46,0,0
BRDA:477,46,1,2
BRDA:477,47,0,2
BRDA:477,47,1,0
BRDA:481,48,0,1
BRDA:481,48,1,1
BRDA:484,49,0,1
BRDA:484,49,1,0
BRDA:488,50,0,0
BRDA:488,50,1,2
BRDA:488,51,0,2
BRDA:488,51,1,0
BRDA:488,51,2,2
BRDA:504,52,0,1
BRDA:504,52,1,2
BRDA:524,53,0,0
BRDA:524,53,1,0
BRDA:542,54,0,0
BRDA:542,54,1,0
BRDA:543,55,0,0
BRDA:543,55,1,0
BRDA:551,56,0,0
BRDA:551,56,1,0
BRDA:551,57,0,0
BRDA:551,57,1,0
BRDA:564,58,0,0
BRDA:564,58,1,0
BRDA:564,59,0,0
BRDA:564,59,1,0
BRDA:566,60,0,0
BRDA:566,60,1,0
BRDA:580,61,0,0
BRDA:580,61,1,0
BRDA:589,62,0,0
BRDA:589,62,1,0
BRDA:589,63,0,0
BRDA:589,63,1,0
BRDA:599,64,0,0
BRDA:599,64,1,0
BRDA:615,65,0,0
BRDA:615,65,1,0
BRDA:623,66,0,0
BRDA:623,66,1,0
BRDA:624,67,0,0
BRDA:624,67,1,0
BRDA:647,68,0,0
BRDA:647,68,1,0
BRDA:648,69,0,0
BRDA:648,69,1,0
BRDA:663,70,0,0
BRDA:663,70,1,0
BRDA:671,71,0,0
BRDA:671,71,1,0
BRDA:678,72,0,0
BRDA:678,72,1,0
BRDA:679,73,0,0
BRDA:679,73,1,0
BRDA:695,74,0,0
BRDA:695,74,1,0
BRDA:701,75,0,0
BRDA:701,75,1,0
BRDA:709,76,0,0
BRDA:709,76,1,0
BRDA:712,77,0,0
BRDA:712,77,1,0
BRDA:720,78,0,0
BRDA:720,78,1,0
BRDA:733,79,0,0
BRDA:733,79,1,0
BRDA:742,80,0,0
BRDA:742,80,1,0
BRDA:756,81,0,0
BRDA:756,81,1,0
BRDA:769,82,0,0
BRDA:769,82,1,0
BRDA:773,83,0,0
BRDA:773,83,1,0
BRDA:783,84,0,0
BRDA:783,84,1,0
BRDA:804,85,0,0
BRDA:804,85,1,0
BRDA:807,86,0,0
BRDA:807,86,1,0
BRDA:815,87,0,0
BRDA:815,87,1,0
BRDA:820,88,0,0
BRDA:820,88,1,0
BRDA:830,89,0,0
BRDA:830,89,1,0
BRDA:846,90,0,0
BRDA:846,90,1,0
BRDA:867,91,0,0
BRDA:867,91,1,0
BRDA:872,92,0,0
BRDA:872,92,1,0
BRDA:890,93,0,0
BRDA:890,93,1,0
BRDA:908,94,0,0
BRDA:908,94,1,0
BRDA:922,95,0,0
BRDA:922,95,1,0
BRDA:934,96,0,0
BRDA:934,96,1,0
BRDA:935,97,0,0
BRDA:935,97,1,0
BRDA:937,98,0,0
BRDA:937,98,1,0
BRDA:940,99,0,0
BRDA:940,99,1,0
BRDA:947,100,0,0
BRDA:947,100,1,0
BRDA:954,101,0,0
BRDA:954,101,1,0
BRDA:964,102,0,0
BRDA:964,102,1,0
BRDA:980,103,0,0
BRDA:980,103,1,0
BRDA:999,104,0,0
BRDA:999,104,1,0
BRDA:1008,105,0,0
BRDA:1008,105,1,0
BRF:216
BRH:13
end_of_record
TN:
SF:/home/travis/build/node-gh/gh/lib/cmds/repo.js
FN:28,Repo
FN:88,(anonymous_2)
FN:105,(anonymous_3)
FN:117,(anonymous_4)
FN:131,(anonymous_5)
FN:160,(anonymous_6)
FN:170,(anonymous_7)
FN:172,(anonymous_8)
FN:189,(anonymous_9)
FN:199,(anonymous_10)
FN:225,(anonymous_11)
FN:231,(anonymous_12)
FN:242,(anonymous_13)
FN:251,(anonymous_14)
FN:262,(anonymous_15)
FN:268,(anonymous_16)
FN:279,(anonymous_17)
FN:285,(anonymous_18)
FN:312,(anonymous_19)
FN:320,(anonymous_20)
FN:329,(anonymous_21)
FN:347,(anonymous_22)
FN:351,(anonymous_23)
FN:356,(anonymous_24)
FN:371,(anonymous_25)
FN:382,(anonymous_26)
FN:396,(anonymous_27)
FN:407,(anonymous_28)
FN:434,(anonymous_29)
FN:439,(anonymous_30)
FN:480,(anonymous_31)
FN:492,(anonymous_32)
FN:497,(anonymous_33)
FN:506,(anonymous_34)
FN:514,(anonymous_35)
FN:531,(anonymous_36)
FN:569,(anonymous_37)
FNF:37
FNH:0
FNDA:0,Repo
FNDA:0,(anonymous_2)
FNDA:0,(anonymous_3)
FNDA:0,(anonymous_4)
FNDA:0,(anonymous_5)
FNDA:0,(anonymous_6)
FNDA:0,(anonymous_7)
FNDA:0,(anonymous_8)
FNDA:0,(anonymous_9)
FNDA:0,(anonymous_10)
FNDA:0,(anonymous_11)
FNDA:0,(anonymous_12)
FNDA:0,(anonymous_13)
FNDA:0,(anonymous_14)
FNDA:0,(anonymous_15)
FNDA:0,(anonymous_16)
FNDA:0,(anonymous_17)
FNDA:0,(anonymous_18)
FNDA:0,(anonymous_19)
FNDA:0,(anonymous_20)
FNDA:0,(anonymous_21)
FNDA:0,(anonymous_22)
FNDA:0,(anonymous_23)
FNDA:0,(anonymous_24)
FNDA:0,(anonymous_25)
FNDA:0,(anonymous_26)
FNDA:0,(anonymous_27)
FNDA:0,(anonymous_28)
FNDA:0,(anonymous_29)
FNDA:0,(anonymous_30)
FNDA:0,(anonymous_31)
FNDA:0,(anonymous_32)
FNDA:0,(anonymous_33)
FNDA:0,(anonymous_34)
FNDA:0,(anonymous_35)
FNDA:0,(anonymous_36)
FNDA:0,(anonymous_37)
DA:16,0
DA:28,1
DA:29,0
DA:34,0
DA:89,0
DA:90,0
DA:95,0
DA:96,0
DA:97,0
DA:98,0
DA:99,0
DA:100,0
DA:101,0
DA:105,0
DA:106,0
DA:110,0
DA:112,0
DA:113,0
DA:116,0
DA:117,0
DA:118,0
DA:119,0
DA:121,0
DA:122,0
DA:125,0
DA:126,0
DA:128,0
DA:131,0
DA:132,0
DA:133,0
DA:135,0
DA:138,0
DA:140,0
DA:141,0
DA:142,0
DA:143,0
DA:147,0
DA:150,0
DA:151,0
DA:154,0
DA:159,0
DA:160,0
DA:161,0
DA:163,0
DA:171,0
DA:172,0
DA:173,0
DA:174,0
DA:175,0
DA:178,0
DA:182,0
DA:188,0
DA:189,0
DA:190,0
DA:191,0
DA:194,0
DA:196,0
DA:199,0
DA:200,0
DA:201,0
DA:202,0
DA:205,0
DA:207,0
DA:208,0
DA:211,0
DA:216,0
DA:217,0
DA:218,0
DA:220,0
DA:221,0
DA:224,0
DA:225,0
DA:226,0
DA:228,0
DA:231,0
DA:232,0
DA:233,0
DA:234,0
DA:237,0
DA:241,0
DA:242,0
DA:243,0
DA:244,0
DA:248,0
DA:251,0
DA:252,0
DA:253,0
DA:254,0
DA:257,0
DA:261,0
DA:262,0
DA:263,0
DA:265,0
DA:268,0
DA:269,0
DA:270,0
DA:271,0
DA:274,0
DA:278,0
DA:279,0
DA:280,0
DA:282,0
DA:285,0
DA:286,0
DA:287,0
DA:288,0
DA:291,0
DA:297,0
DA:298,0
DA:299,0
DA:300,0
DA:302,0
DA:303,0
DA:306,0
DA:307,0
DA:312,0
DA:313,0
DA:314,0
DA:319,0
DA:320,0
DA:321,0
DA:323,0
DA:324,0
DA:327,0
DA:329,0
DA:330,0
DA:331,0
DA:332,0
DA:335,0
DA:337,0
DA:338,0
DA:341,0
DA:347,0
DA:348,0
DA:351,0
DA:352,0
DA:353,0
DA:356,0
DA:357,0
DA:361,0
DA:368,0
DA:371,0
DA:372,0
DA:374,0
DA:379,0
DA:382,0
DA:383,0
DA:387,0
DA:393,0
DA:396,0
DA:397,0
DA:399,0
DA:404,0
DA:407,0
DA:408,0
DA:413,0
DA:419,0
DA:420,0
DA:421,0
DA:424,0
DA:425,0
DA:426,0
DA:429,0
DA:430,0
DA:434,0
DA:435,0
DA:439,0
DA:440,0
DA:445,0
DA:446,0
DA:449,0
DA:450,0
DA:451,0
DA:452,0
DA:453,0
DA:455,0
DA:456,0
DA:458,0
DA:459,0
DA:462,0
DA:463,0
DA:466,0
DA:469,0
DA:470,0
DA:476,0
DA:480,0
DA:481,0
DA:485,0
DA:492,0
DA:493,0
DA:497,0
DA:498,0
DA:501,0
DA:502,0
DA:505,0
DA:506,0
DA:507,0
DA:510,0
DA:514,0
DA:515,0
DA:519,0
DA:524,0
DA:525,0
DA:528,0
DA:531,0
DA:532,0
DA:537,0
DA:538,0
DA:539,0
DA:540,0
DA:542,0
DA:543,0
DA:546,0
DA:548,0
DA:549,0
DA:552,0
DA:561,0
DA:562,0
DA:563,0
DA:566,0
DA:569,0
DA:570,0
DA:574,0
DA:581,0
DA:584,0
LF:225
LH:1
BRDA:89,1,0,0
BRDA:89,1,1,0
BRDA:112,2,0,0
BRDA:112,2,1,0
BRDA:116,3,0,0
BRDA:116,3,1,0
BRDA:118,4,0,0
BRDA:118,4,1,0
BRDA:121,5,0,0
BRDA:121,5,1,0
BRDA:125,6,0,0
BRDA:125,6,1,0
BRDA:132,7,0,0
BRDA:132,7,1,0
BRDA:141,8,0,0
BRDA:141,8,1,0
BRDA:142,9,0,0
BRDA:142,9,1,0
BRDA:150,10,0,0
BRDA:150,10,1,0
BRDA:159,11,0,0
BRDA:159,11,1,0
BRDA:159,12,0,0
BRDA:159,12,1,0
BRDA:171,13,0,0
BRDA:171,13,1,0
BRDA:173,14,0,0
BRDA:173,14,1,0
BRDA:188,15,0,0
BRDA:188,15,1,0
BRDA:190,16,0,0
BRDA:190,16,1,0
BRDA:200,17,0,0
BRDA:200,17,1,0
BRDA:207,18,0,0
BRDA:207,18,1,0
BRDA:207,19,0,0
BRDA:207,19,1,0
BRDA:216,20,0,0
BRDA:216,20,1,0
BRDA:217,21,0,0
BRDA:217,21,1,0
BRDA:220,22,0,0
BRDA:220,22,1,0
BRDA:224,23,0,0
BRDA:224,23,1,0
BRDA:232,24,0,0
BRDA:232,24,1,0
BRDA:241,25,0,0
BRDA:241,25,1,0
BRDA:243,26,0,0
BRDA:243,26,1,0
BRDA:252,27,0,0
BRDA:252,27,1,0
BRDA:261,28,0,0
BRDA:261,28,1,0
BRDA:269,29,0,0
BRDA:269,29,1,0
BRDA:278,30,0,0
BRDA:278,30,1,0
BRDA:286,31,0,0
BRDA:286,31,1,0
BRDA:297,32,0,0
BRDA:297,32,1,0
BRDA:297,33,0,0
BRDA:297,33,1,0
BRDA:298,34,0,0
BRDA:298,34,1,0
BRDA:300,35,0,0
BRDA:300,35,1,0
BRDA:303,36,0,0
BRDA:303,36,1,0
BRDA:306,37,0,0
BRDA:306,37,1,0
BRDA:313,38,0,0
BRDA:313,38,1,0
BRDA:319,39,0,0
BRDA:319,39,1,0
BRDA:319,40,0,0
BRDA:319,40,1,0
BRDA:323,41,0,0
BRDA:323,41,1,0
BRDA:330,42,0,0
BRDA:330,42,1,0
BRDA:337,43,0,0
BRDA:337,43,1,0
BRDA:337,44,0,0
BRDA:337,44,1,0
BRDA:419,45,0,0
BRDA:419,45,1,0
BRDA:424,46,0,0
BRDA:424,46,1,0
BRDA:424,47,0,0
BRDA:424,47,1,0
BRDA:425,48,0,0
BRDA:425,48,1,0
BRDA:445,49,0,0
BRDA:445,49,1,0
BRDA:445,50,0,0
BRDA:445,50,1,0
BRDA:449,51,0,0
BRDA:449,51,1,0
BRDA:449,52,0,0
BRDA:449,52,1,0
BRDA:451,53,0,0
BRDA:451,53,1,0
BRDA:451,54,0,0
BRDA:451,54,1,0
BRDA:455,55,0,0
BRDA:455,55,1,0
BRDA:458,56,0,0
BRDA:458,56,1,0
BRDA:462,57,0,0
BRDA:462,57,1,0
BRDA:469,58,0,0
BRDA:469,58,1,0
BRDA:476,59,0,0
BRDA:476,59,1,0
BRDA:501,60,0,0
BRDA:501,60,1,0
BRDA:501,61,0,0
BRDA:501,61,1,0
BRDA:505,62,0,0
BRDA:505,62,1,0
BRDA:505,63,0,0
BRDA:505,63,1,0
BRDA:510,64,0,0
BRDA:510,64,1,0
BRDA:524,65,0,0
BRDA:524,65,1,0
BRDA:537,66,0,0
BRDA:537,66,1,0
BRDA:538,67,0,0
BRDA:538,67,1,0
BRDA:539,68,0,0
BRDA:539,68,1,0
BRDA:540,69,0,0
BRDA:540,69,1,0
BRDA:542,70,0,0
BRDA:542,70,1,0
BRDA:546,71,0,0
BRDA:546,71,1,0
BRDA:548,72,0,0
BRDA:548,72,1,0
BRDA:561,73,0,0
BRDA:561,73,1,0
BRF:146
BRH:0
end_of_record
TN:
SF:/home/travis/build/node-gh/gh/lib/cmds/track.js
FN:18,Track
FN:43,(anonymous_2)
FN:57,(anonymous_3)
FN:71,(anonymous_4)
FN:75,(anonymous_5)
FNF:5
FNH:0
FNDA:0,Track
FNDA:0,(anonymous_2)
FNDA:0,(anonymous_3)
FNDA:0,(anonymous_4)
FNDA:0,(anonymous_5)
DA:13,0
DA:18,1
DA:19,0
DA:24,0
DA:43,0
DA:44,0
DA:46,0
DA:47,0
DA:50,0
DA:51,0
DA:54,0
DA:57,0
DA:58,0
DA:62,0
DA:63,0
DA:64,0
DA:67,0
DA:68,0
DA:71,0
DA:72,0
DA:75,0
DA:76,0
DA:79,0
LF:23
LH:1
BRDA:46,1,0,0
BRDA:46,1,1,0
BRDA:50,2,0,0
BRDA:50,2,1,0
BRDA:62,3,0,0
BRDA:62,3,1,0
BRF:6
BRH:0
end_of_record
TN:
SF:/home/travis/build/node-gh/gh/lib/cmds/user.js
FN:25,User
FN:49,(anonymous_2)
FN:56,(anonymous_3)
FN:81,(anonymous_4)
FN:90,(anonymous_5)
FN:105,(anonymous_6)
FN:120,(anonymous_7)
FN:133,(anonymous_8)
FN:147,(anonymous_9)
FN:155,(anonymous_10)
FN:165,(anonymous_11)
FN:170,(anonymous_12)
FN:178,(anonymous_13)
FN:185,(anonymous_14)
FNF:14
FNH:0
FNDA:0,User
FNDA:0,(anonymous_2)
FNDA:0,(anonymous_3)
FNDA:0,(anonymous_4)
FNDA:0,(anonymous_5)
FNDA:0,(anonymous_6)
FNDA:0,(anonymous_7)
FNDA:0,(anonymous_8)
FNDA:0,(anonymous_9)
FNDA:0,(anonymous_10)
FNDA:0,(anonymous_11)
FNDA:0,(anonymous_12)
FNDA:0,(anonymous_13)
FNDA:0,(anonymous_14)
DA:16,0
DA:25,1
DA:26,0
DA:31,0
DA:50,0
DA:56,0
DA:57,0
DA:60,0
DA:62,0
DA:63,0
DA:64,0
DA:68,0
DA:69,0
DA:71,0
DA:74,0
DA:75,0
DA:81,0
DA:82,0
DA:84,0
DA:90,0
DA:91,0
DA:92,0
DA:93,0
DA:96,0
DA:97,0
DA:99,0
DA:102,0
DA:105,0
DA:106,0
DA:108,0
DA:121,0
DA:127,0
DA:133,0
DA:134,0
DA:136,0
DA:137,0
DA:140,0
DA:141,0
DA:147,0
DA:148,0
DA:149,0
DA:152,0
DA:155,0
DA:156,0
DA:157,0
DA:158,0
DA:161,0
DA:165,0
DA:166,0
DA:167,0
DA:170,0
DA:171,0
DA:179,0
DA:180,0
DA:183,0
DA:185,0
DA:186,0
DA:187,0
DA:192,0
LF:59
LH:1
BRDA:62,1,0,0
BRDA:62,1,1,0
BRDA:63,2,0,0
BRDA:63,2,1,0
BRDA:68,3,0,0
BRDA:68,3,1,0
BRDA:74,4,0,0
BRDA:74,4,1,0
BRDA:91,5,0,0
BRDA:91,5,1,0
BRDA:96,6,0,0
BRDA:96,6,1,0
BRDA:134,7,0,0
BRDA:134,7,1,0
BRDA:134,7,2,0
BRDA:136,8,0,0
BRDA:136,8,1,0
BRDA:141,9,0,0
BRDA:141,9,1,0
BRDA:148,10,0,0
BRDA:148,10,1,0
BRDA:148,11,0,0
BRDA:148,11,1,0
BRDA:156,12,0,0
BRDA:156,12,1,0
BRDA:158,13,0,0
BRDA:158,13,1,0
BRDA:179,14,0,0
BRDA:179,14,1,0
BRDA:187,15,0,0
BRDA:187,15,1,0
BRF:31
BRH:0
end_of_record
TN:
SF:/home/travis/build/node-gh/gh/lib/cmds/version.js
FN:15,Version
FN:23,(anonymous_2)
FN:27,(anonymous_3)
FNF:3
FNH:3
FNDA:2,Version
FNDA:1,(anonymous_2)
FNDA:1,(anonymous_3)
DA:12,1
DA:15,1
DA:18,1
DA:23,1
DA:24,1
DA:27,1
DA:28,1
DA:31,1
LF:8
LH:8
BRF:0
BRH:0
end_of_record
